This is pdfTeX, Version 3.14159265-2.6-1.40.20 (TeX Live 2019/Debian) (preloaded format=latex 2021.4.15)  22 MAR 2024 15:43
entering extended mode
 restricted \write18 enabled.
 %&-line parsing enabled.
**tmp.tex
(./tmp.tex
LaTeX2e <2020-02-02> patch level 2
L3 programming layer <2020-02-14> (./llncs.cls
Document Class: llncs 2022/09/05 v2.22 
 LaTeX document class for Lecture Notes in Computer Science
(/usr/share/texlive/texmf-dist/tex/latex/base/article.cls
Document Class: article 2019/12/20 v1.4l Standard LaTeX document class
(/usr/share/texlive/texmf-dist/tex/latex/base/size10.clo
File: size10.clo 2019/12/20 v1.4l Standard LaTeX file (size option)
)
\c@part=\count167
\c@section=\count168
\c@subsection=\count169
\c@subsubsection=\count170
\c@paragraph=\count171
\c@subparagraph=\count172
\c@figure=\count173
\c@table=\count174
\abovecaptionskip=\skip47
\belowcaptionskip=\skip48
\bibindent=\dimen134
)
(/usr/share/texlive/texmf-dist/tex/latex/tools/multicol.sty
Package: multicol 2019/12/09 v1.8y multicolumn formatting (FMi)
\c@tracingmulticols=\count175
\mult@box=\box45
\multicol@leftmargin=\dimen135
\c@unbalance=\count176
\c@collectmore=\count177
\doublecol@number=\count178
\multicoltolerance=\count179
\multicolpretolerance=\count180
\full@width=\dimen136
\page@free=\dimen137
\premulticols=\dimen138
\postmulticols=\dimen139
\multicolsep=\skip49
\multicolbaselineskip=\skip50
\partial@page=\box46
\last@line=\box47
\maxbalancingoverflow=\dimen140
\mult@rightbox=\box48
\mult@grightbox=\box49
\mult@gfirstbox=\box50
\mult@firstbox=\box51
\@tempa=\box52
\@tempa=\box53
\@tempa=\box54
\@tempa=\box55
\@tempa=\box56
\@tempa=\box57
\@tempa=\box58
\@tempa=\box59
\@tempa=\box60
\@tempa=\box61
\@tempa=\box62
\@tempa=\box63
\@tempa=\box64
\@tempa=\box65
\@tempa=\box66
\@tempa=\box67
\@tempa=\box68
\@tempa=\box69
\@tempa=\box70
\@tempa=\box71
\@tempa=\box72
\@tempa=\box73
\@tempa=\box74
\@tempa=\box75
\@tempa=\box76
\@tempa=\box77
\@tempa=\box78
\@tempa=\box79
\@tempa=\box80
\@tempa=\box81
\@tempa=\box82
\@tempa=\box83
\@tempa=\box84
\@tempa=\box85
\@tempa=\box86
\@tempa=\box87
\@tempa=\box88
\c@minrows=\count181
\c@columnbadness=\count182
\c@finalcolumnbadness=\count183
\last@try=\dimen141
\multicolovershoot=\dimen142
\multicolundershoot=\dimen143
\mult@nat@firstbox=\box89
\colbreak@box=\box90
\mc@col@check@num=\count184
)
(/usr/share/texlive/texmf-dist/tex/latex/oberdiek/aliascnt.sty
Package: aliascnt 2018/09/07 v1.5 Alias counters (HO)
)
\c@chapter=\count185
LaTeX Font Info:    Redeclaring math symbol \Gamma on input line 362.
LaTeX Font Info:    Redeclaring math symbol \Delta on input line 363.
LaTeX Font Info:    Redeclaring math symbol \Theta on input line 364.
LaTeX Font Info:    Redeclaring math symbol \Lambda on input line 365.
LaTeX Font Info:    Redeclaring math symbol \Xi on input line 366.
LaTeX Font Info:    Redeclaring math symbol \Pi on input line 367.
LaTeX Font Info:    Redeclaring math symbol \Sigma on input line 368.
LaTeX Font Info:    Redeclaring math symbol \Upsilon on input line 369.
LaTeX Font Info:    Redeclaring math symbol \Phi on input line 370.
LaTeX Font Info:    Redeclaring math symbol \Psi on input line 371.
LaTeX Font Info:    Redeclaring math symbol \Omega on input line 372.
LaTeX Info: Redefining \vec on input line 377.
\tocchpnum=\dimen144
\tocsecnum=\dimen145
\tocsectotal=\dimen146
\tocsubsecnum=\dimen147
\tocsubsectotal=\dimen148
\tocsubsubsecnum=\dimen149
\tocsubsubsectotal=\dimen150
\tocparanum=\dimen151
\tocparatotal=\dimen152
\tocsubparanum=\dimen153
\@tempcntc=\count186
\fnindent=\dimen154
\c@@inst=\count187
\c@@auth=\count188
\c@auco=\count189
\instindent=\dimen155
\authrun=\box91
\authorrunning=\toks14
\tocauthor=\toks15
\titrun=\box92
\titlerunning=\toks16
\toctitle=\toks17
\c@theorem=\count190
\c@case=\count191
\c@conjecture=\count192
\c@corollary=\count193
\c@definition=\count194
\c@example=\count195
\c@exercise=\count196
\c@lemma=\count197
\c@note=\count198
\c@problem=\count199
\c@property=\count266
\c@proposition=\count267
\c@question=\count268
\c@solution=\count269
\c@remark=\count270
\headlineindent=\dimen156
)
(/usr/share/texlive/texmf-dist/tex/generic/babel/babel.sty
Package: babel 2020/02/14 3.40 The Babel package

(/usr/share/texlive/texmf-dist/tex/generic/babel/switch.def
File: switch.def 2020/02/14 3.40 Babel switching mechanism
)
(/usr/share/texlive/texmf-dist/tex/generic/babel-english/english.ldf
Language: english 2017/06/06 v3.3r English support from the babel system

(/usr/share/texlive/texmf-dist/tex/generic/babel/babel.def
File: babel.def 2020/02/14 3.40 Babel common definitions
\babel@savecnt=\count271
\U@D=\dimen157

(/usr/share/texlive/texmf-dist/tex/generic/babel/txtbabel.def)
\bbl@readstream=\read2
\bbl@dirlevel=\count272
)
Package babel Info: \l@canadian = using hyphenrules for english
(babel)             (\language0) on input line 102.
Package babel Info: \l@australian = using hyphenrules for ukenglish
(babel)             (\language32) on input line 105.
Package babel Info: \l@newzealand = using hyphenrules for ukenglish
(babel)             (\language32) on input line 108.
))
(/usr/share/texlive/texmf-dist/tex/latex/geometry/geometry.sty
Package: geometry 2020/01/02 v5.9 Page Geometry

(/usr/share/texlive/texmf-dist/tex/latex/graphics/keyval.sty
Package: keyval 2014/10/28 v1.15 key=value parser (DPC)
\KV@toks@=\toks18
)
(/usr/share/texlive/texmf-dist/tex/generic/iftex/ifvtex.sty
Package: ifvtex 2019/10/25 v1.7 ifvtex legacy package. Use iftex instead.

(/usr/share/texlive/texmf-dist/tex/generic/iftex/iftex.sty
Package: iftex 2019/11/07 v1.0c TeX engine tests
))
\Gm@cnth=\count273
\Gm@cntv=\count274
\c@Gm@tempcnt=\count275
\Gm@bindingoffset=\dimen158
\Gm@wd@mp=\dimen159
\Gm@odd@mp=\dimen160
\Gm@even@mp=\dimen161
\Gm@layoutwidth=\dimen162
\Gm@layoutheight=\dimen163
\Gm@layouthoffset=\dimen164
\Gm@layoutvoffset=\dimen165
\Gm@dimlist=\toks19
)
(/usr/share/texlive/texmf-dist/tex/latex/amsmath/amsmath.sty
Package: amsmath 2020/01/20 v2.17e AMS math features
\@mathmargin=\skip51

For additional information on amsmath, use the `?' option.
(/usr/share/texlive/texmf-dist/tex/latex/amsmath/amstext.sty
Package: amstext 2000/06/29 v2.01 AMS text

(/usr/share/texlive/texmf-dist/tex/latex/amsmath/amsgen.sty
File: amsgen.sty 1999/11/30 v2.0 generic functions
\@emptytoks=\toks20
\ex@=\dimen166
))
(/usr/share/texlive/texmf-dist/tex/latex/amsmath/amsbsy.sty
Package: amsbsy 1999/11/29 v1.2d Bold Symbols
\pmbraise@=\dimen167
)
(/usr/share/texlive/texmf-dist/tex/latex/amsmath/amsopn.sty
Package: amsopn 2016/03/08 v2.02 operator names
)
\inf@bad=\count276
LaTeX Info: Redefining \frac on input line 227.
\uproot@=\count277
\leftroot@=\count278
LaTeX Info: Redefining \overline on input line 389.
\classnum@=\count279
\DOTSCASE@=\count280
LaTeX Info: Redefining \ldots on input line 486.
LaTeX Info: Redefining \dots on input line 489.
LaTeX Info: Redefining \cdots on input line 610.
\Mathstrutbox@=\box93
\strutbox@=\box94
\big@size=\dimen168
LaTeX Font Info:    Redeclaring font encoding OML on input line 733.
LaTeX Font Info:    Redeclaring font encoding OMS on input line 734.


Package amsmath Warning: Unable to redefine math accent \vec.

\macc@depth=\count281
\c@MaxMatrixCols=\count282
\dotsspace@=\muskip16
\c@parentequation=\count283
\dspbrk@lvl=\count284
\tag@help=\toks21
\row@=\count285
\column@=\count286
\maxfields@=\count287
\andhelp@=\toks22
\eqnshift@=\dimen169
\alignsep@=\dimen170
\tagshift@=\dimen171
\tagwidth@=\dimen172
\totwidth@=\dimen173
\lineht@=\dimen174
\@envbody=\toks23
\multlinegap=\skip52
\multlinetaggap=\skip53
\mathdisplay@stack=\toks24
LaTeX Info: Redefining \[ on input line 2859.
LaTeX Info: Redefining \] on input line 2860.
) (/usr/share/texlive/texmf-dist/tex/latex/amsfonts/amssymb.sty
Package: amssymb 2013/01/14 v3.01 AMS font symbols

(/usr/share/texlive/texmf-dist/tex/latex/amsfonts/amsfonts.sty
Package: amsfonts 2013/01/14 v3.01 Basic AMSFonts support
\symAMSa=\mathgroup4
\symAMSb=\mathgroup5
LaTeX Font Info:    Redeclaring math symbol \hbar on input line 98.
LaTeX Font Info:    Overwriting math alphabet `\mathfrak' in version `bold'
(Font)                  U/euf/m/n --> U/euf/b/n on input line 106.
))
(/usr/share/texlive/texmf-dist/tex/latex/graphics/graphicx.sty
Package: graphicx 2019/11/30 v1.2a Enhanced LaTeX Graphics (DPC,SPQR)

(/usr/share/texlive/texmf-dist/tex/latex/graphics/graphics.sty
Package: graphics 2019/11/30 v1.4a Standard LaTeX Graphics (DPC,SPQR)

(/usr/share/texlive/texmf-dist/tex/latex/graphics/trig.sty
Package: trig 2016/01/03 v1.10 sin cos tan (DPC)
)
(/usr/share/texlive/texmf-dist/tex/latex/graphics-cfg/graphics.cfg
File: graphics.cfg 2016/06/04 v1.11 sample graphics configuration
)
Package graphics Info: Driver file: dvips.def on input line 105.

(/usr/share/texlive/texmf-dist/tex/latex/graphics-def/dvips.def
File: dvips.def 2017/06/20 v3.1d Graphics/color driver for dvips
))
\Gin@req@height=\dimen175
\Gin@req@width=\dimen176
)
(/usr/share/texlive/texmf-dist/tex/latex/hyperref/hyperref.sty
Package: hyperref 2020/01/14 v7.00d Hypertext links for LaTeX

(/usr/share/texlive/texmf-dist/tex/generic/ltxcmds/ltxcmds.sty
Package: ltxcmds 2019/12/15 v1.24 LaTeX kernel commands for general use (HO)
)
(/usr/share/texlive/texmf-dist/tex/latex/pdftexcmds/pdftexcmds.sty
Package: pdftexcmds 2019/11/24 v0.31 Utility functions of pdfTeX for LuaTeX (HO
)

(/usr/share/texlive/texmf-dist/tex/generic/infwarerr/infwarerr.sty
Package: infwarerr 2019/12/03 v1.5 Providing info/warning/error messages (HO)
)
Package pdftexcmds Info: \pdf@primitive is available.
Package pdftexcmds Info: \pdf@ifprimitive is available.
Package pdftexcmds Info: \pdfdraftmode is ignored in DVI mode.
)
(/usr/share/texlive/texmf-dist/tex/generic/kvsetkeys/kvsetkeys.sty
Package: kvsetkeys 2019/12/15 v1.18 Key value parser (HO)
)
(/usr/share/texlive/texmf-dist/tex/generic/kvdefinekeys/kvdefinekeys.sty
Package: kvdefinekeys 2019-12-19 v1.6 Define keys (HO)
)
(/usr/share/texlive/texmf-dist/tex/generic/pdfescape/pdfescape.sty
Package: pdfescape 2019/12/09 v1.15 Implements pdfTeX's escape features (HO)
)
(/usr/share/texlive/texmf-dist/tex/latex/hycolor/hycolor.sty
Package: hycolor 2020-01-27 v1.10 Color options for hyperref/bookmark (HO)
)
(/usr/share/texlive/texmf-dist/tex/latex/letltxmacro/letltxmacro.sty
Package: letltxmacro 2019/12/03 v1.6 Let assignment for LaTeX macros (HO)
)
(/usr/share/texlive/texmf-dist/tex/latex/auxhook/auxhook.sty
Package: auxhook 2019-12-17 v1.6 Hooks for auxiliary files (HO)
)
(/usr/share/texlive/texmf-dist/tex/latex/kvoptions/kvoptions.sty
Package: kvoptions 2019/11/29 v3.13 Key value format for package options (HO)
)
\@linkdim=\dimen177
\Hy@linkcounter=\count288
\Hy@pagecounter=\count289

(/usr/share/texlive/texmf-dist/tex/latex/hyperref/pd1enc.def
File: pd1enc.def 2020/01/14 v7.00d Hyperref: PDFDocEncoding definition (HO)
Now handling font encoding PD1 ...
... no UTF-8 mapping file for font encoding PD1
)
(/usr/share/texlive/texmf-dist/tex/generic/intcalc/intcalc.sty
Package: intcalc 2019/12/15 v1.3 Expandable calculations with integers (HO)
)
(/usr/share/texlive/texmf-dist/tex/generic/etexcmds/etexcmds.sty
Package: etexcmds 2019/12/15 v1.7 Avoid name clashes with e-TeX commands (HO)
)
\Hy@SavedSpaceFactor=\count290
\pdfmajorversion=\count291
Package hyperref Info: Hyper figures OFF on input line 4547.
Package hyperref Info: Link nesting OFF on input line 4552.
Package hyperref Info: Hyper index ON on input line 4555.
Package hyperref Info: Plain pages OFF on input line 4562.
Package hyperref Info: Backreferencing OFF on input line 4567.
Package hyperref Info: Implicit mode ON; LaTeX internals redefined.
Package hyperref Info: Bookmarks ON on input line 4800.
\c@Hy@tempcnt=\count292

(/usr/share/texlive/texmf-dist/tex/latex/url/url.sty
\Urlmuskip=\muskip17
Package: url 2013/09/16  ver 3.4  Verb mode for urls, etc.
)
LaTeX Info: Redefining \url on input line 5159.
\XeTeXLinkMargin=\dimen178

(/usr/share/texlive/texmf-dist/tex/generic/bitset/bitset.sty
Package: bitset 2019/12/09 v1.3 Handle bit-vector datatype (HO)

(/usr/share/texlive/texmf-dist/tex/generic/bigintcalc/bigintcalc.sty
Package: bigintcalc 2019/12/15 v1.5 Expandable calculations on big integers (HO
)
))
\Fld@menulength=\count293
\Field@Width=\dimen179
\Fld@charsize=\dimen180
Package hyperref Info: Hyper figures OFF on input line 6430.
Package hyperref Info: Link nesting OFF on input line 6435.
Package hyperref Info: Hyper index ON on input line 6438.
Package hyperref Info: backreferencing OFF on input line 6445.
Package hyperref Info: Link coloring OFF on input line 6450.
Package hyperref Info: Link coloring with OCG OFF on input line 6455.
Package hyperref Info: PDF/A mode OFF on input line 6460.
LaTeX Info: Redefining \ref on input line 6500.
LaTeX Info: Redefining \pageref on input line 6504.

(/usr/share/texlive/texmf-dist/tex/generic/atbegshi/atbegshi.sty
Package: atbegshi 2019/12/05 v1.19 At begin shipout hook (HO)
)
\Hy@abspage=\count294
\c@Item=\count295
\c@Hfootnote=\count296
)
Package hyperref Info: Driver (default): hdvips.

(/usr/share/texlive/texmf-dist/tex/latex/hyperref/hdvips.def
File: hdvips.def 2020/01/14 v7.00d Hyperref driver for dvips

(/usr/share/texlive/texmf-dist/tex/latex/hyperref/pdfmark.def
File: pdfmark.def 2020/01/14 v7.00d Hyperref definitions for pdfmark specials
\pdf@docset=\toks25
\pdf@box=\box95
\pdf@toks=\toks26
\pdf@defaulttoks=\toks27
\HyField@AnnotCount=\count297
\Fld@listcount=\count298
\c@bookmark@seq@number=\count299

(/usr/share/texlive/texmf-dist/tex/latex/rerunfilecheck/rerunfilecheck.sty
Package: rerunfilecheck 2019/12/05 v1.9 Rerun checks for auxiliary files (HO)

(/usr/share/texlive/texmf-dist/tex/latex/atveryend/atveryend.sty
Package: atveryend 2019-12-11 v1.11 Hooks at the very end of document (HO)
Package atveryend Info: \enddocument detected (standard20110627).
)
(/usr/share/texlive/texmf-dist/tex/generic/uniquecounter/uniquecounter.sty
Package: uniquecounter 2019/12/15 v1.4 Provide unlimited unique counter (HO)
)
Package uniquecounter Info: New unique counter `rerunfilecheck' on input line 2
86.
)
\Hy@SectionHShift=\skip54
))
(/usr/share/texlive/texmf-dist/tex/latex/xcolor/xcolor.sty
Package: xcolor 2016/05/11 v2.12 LaTeX color extensions (UK)

(/usr/share/texlive/texmf-dist/tex/latex/graphics-cfg/color.cfg
File: color.cfg 2016/01/02 v1.6 sample color configuration
)
Package xcolor Info: Driver file: dvips.def on input line 225.
Package xcolor Info: Model `cmy' substituted by `cmy0' on input line 1348.
Package xcolor Info: Model `RGB' extended on input line 1364.
Package xcolor Info: Model `HTML' substituted by `rgb' on input line 1366.
Package xcolor Info: Model `Hsb' substituted by `hsb' on input line 1367.
Package xcolor Info: Model `tHsb' substituted by `hsb' on input line 1368.
Package xcolor Info: Model `HSB' substituted by `hsb' on input line 1369.
Package xcolor Info: Model `Gray' substituted by `gray' on input line 1370.
Package xcolor Info: Model `wave' substituted by `hsb' on input line 1371.
)
(/usr/share/texlive/texmf-dist/tex/latex/l3backend/l3backend-dvips.def
File: l3backend-dvips.def 2020-02-03 L3 backend support: dvips
\l__pdf_internal_box=\box96
\g__pdf_backend_object_int=\count300
\l__pdf_backend_content_box=\box97
\l__pdf_backend_model_box=\box98
\g__pdf_backend_annotation_int=\count301
\g__pdf_backend_link_int=\count302
\g__pdf_backend_link_sf_int=\count303
)
No file tmp.aux.
\openout1 = `tmp.aux'.

LaTeX Font Info:    Checking defaults for OML/cmm/m/it on input line 19.
LaTeX Font Info:    ... okay on input line 19.
LaTeX Font Info:    Checking defaults for OMS/cmsy/m/n on input line 19.
LaTeX Font Info:    ... okay on input line 19.
LaTeX Font Info:    Checking defaults for OT1/cmr/m/n on input line 19.
LaTeX Font Info:    ... okay on input line 19.
LaTeX Font Info:    Checking defaults for T1/cmr/m/n on input line 19.
LaTeX Font Info:    ... okay on input line 19.
LaTeX Font Info:    Checking defaults for TS1/cmr/m/n on input line 19.
LaTeX Font Info:    ... okay on input line 19.
LaTeX Font Info:    Checking defaults for OMX/cmex/m/n on input line 19.
LaTeX Font Info:    ... okay on input line 19.
LaTeX Font Info:    Checking defaults for U/cmr/m/n on input line 19.
LaTeX Font Info:    ... okay on input line 19.
LaTeX Font Info:    Checking defaults for PD1/pdf/m/n on input line 19.
LaTeX Font Info:    ... okay on input line 19.
*geometry* driver: auto-detecting
*geometry* detected driver: dvips
*geometry* verbose mode - [ preamble ] result:
* driver: dvips
* paper: a4paper
* layout: <same size as paper>
* layoutoffset:(h,v)=(0.0pt,0.0pt)
* modes: twoside 
* h-part:(L,W,R)=(71.70166pt, 418.25368pt, 107.55254pt)
* v-part:(T,H,B)=(101.40665pt, 591.5302pt, 152.11pt)
* \paperwidth=597.50787pt
* \paperheight=845.04684pt
* \textwidth=418.25368pt
* \textheight=591.5302pt
* \oddsidemargin=-0.56833pt
* \evensidemargin=35.28255pt
* \topmargin=1.13666pt
* \headheight=12.0pt
* \headsep=16.0pt
* \topskip=10.0pt
* \footskip=30.0pt
* \marginparwidth=90.0pt
* \marginparsep=11.0pt
* \columnsep=10.0pt
* \skip\footins=9.0pt plus 4.0pt minus 2.0pt
* \hoffset=0.0pt
* \voffset=0.0pt
* \mag=1000
* \@twocolumnfalse
* \@twosidetrue
* \@mparswitchtrue
* \@reversemarginfalse
* (1in=72.27pt=25.4mm, 1cm=28.453pt)

\AtBeginShipoutBox=\box99
Package hyperref Info: Link coloring OFF on input line 19.
(/usr/share/texlive/texmf-dist/tex/latex/hyperref/nameref.sty
Package: nameref 2019/09/16 v2.46 Cross-referencing by name of section

(/usr/share/texlive/texmf-dist/tex/latex/refcount/refcount.sty
Package: refcount 2019/12/15 v3.6 Data extraction from label references (HO)
)
(/usr/share/texlive/texmf-dist/tex/generic/gettitlestring/gettitlestring.sty
Package: gettitlestring 2019/12/15 v1.6 Cleanup title references (HO)
)
\c@section@level=\count304
)
LaTeX Info: Redefining \ref on input line 19.
LaTeX Info: Redefining \pageref on input line 19.
LaTeX Info: Redefining \nameref on input line 19.
\@outlinefile=\write3
\openout3 = `tmp.out'.



Package hyperref Warning: Rerun to get /PageLabels entry.

LaTeX Font Info:    Trying to load font information for U+msa on input line 31.

(/usr/share/texlive/texmf-dist/tex/latex/amsfonts/umsa.fd
File: umsa.fd 2013/01/14 v3.01 AMS symbols A
)
LaTeX Font Info:    Trying to load font information for U+msb on input line 31.


(/usr/share/texlive/texmf-dist/tex/latex/amsfonts/umsb.fd
File: umsb.fd 2013/01/14 v3.01 AMS symbols B
)

LaTeX Warning: Citation `TeXmacs:website' on page 1 undefined on input line 31.



Package hyperref Warning: Token not allowed in a PDF string (PDFDocEncoding):
(hyperref)                removing `\unskip' on input line 31.


LaTeX Warning: Reference `4-16-p1' on page 1 undefined on input line 73.


LaTeX Warning: Reference `9-6-p1' on page 1 undefined on input line 86.


LaTeX Warning: Reference `9-6-p1' on page 1 undefined on input line 93.

[1

]

LaTeX Warning: Reference `9-5-5' on page 2 undefined on input line 119.


LaTeX Warning: Reference `7-14-p1' on page 2 undefined on input line 121.


LaTeX Warning: Reference `6-9-a4' on page 2 undefined on input line 121.


LaTeX Warning: Reference `9-6-p1' on page 2 undefined on input line 133.


LaTeX Warning: Reference `20-5-9-p10' on page 2 undefined on input line 146.


LaTeX Warning: Reference `7-28-1' on page 2 undefined on input line 146.


LaTeX Warning: Reference `7-28-6' on page 2 undefined on input line 152.

[2]

LaTeX Warning: Reference `7-25-1' on page 3 undefined on input line 177.


LaTeX Warning: Reference `7-24-p1' on page 3 undefined on input line 186.


LaTeX Warning: Reference `7-24-p1' on page 3 undefined on input line 194.


LaTeX Warning: Reference `7-14-p1' on page 3 undefined on input line 216.


LaTeX Warning: Reference `6-9-a4' on page 3 undefined on input line 216.


LaTeX Warning: Reference `7-28-5' on page 3 undefined on input line 238.

[3]
File: /home/yj/theory/tokamak_equilibrium/figures/axisymmetrical_magnetic_field
-1b.eps Graphic file (type eps)

</home/yj/theory/tokamak_equilibrium/figures/axisymmetrical_magnetic_field-1b.e
ps>
File: /home/yj/theory/tokamak_equilibrium/figures/axisymmetrical_magnetic_field
-3b.eps Graphic file (type eps)

</home/yj/theory/tokamak_equilibrium/figures/axisymmetrical_magnetic_field-3b.e
ps>

LaTeX Warning: `h' float specifier changed to `ht'.


LaTeX Warning: Reference `9-8-p1' on page 4 undefined on input line 273.


LaTeX Warning: Reference `7-28-5' on page 4 undefined on input line 279.

[4]

LaTeX Warning: Reference `7-24-2' on page 5 undefined on input line 290.


LaTeX Warning: Reference `7-24-p3' on page 5 undefined on input line 299.


LaTeX Warning: Reference `8-16-e1' on page 5 undefined on input line 316.

[5]

LaTeX Warning: Reference `9-5-5' on page 6 undefined on input line 328.


LaTeX Warning: Reference `19-5-7-1' on page 6 undefined on input line 339.


LaTeX Warning: Citation `xiao2007' on page 6 undefined on input line 352.


LaTeX Warning: Reference `19-5-4-p1' on page 6 undefined on input line 353.


LaTeX Warning: Reference `7-1-p101' on page 6 undefined on input line 367.

File: /home/yj/theory/tokamak_equilibrium/figures/poloidal_flux-1.eps Graphic f
ile (type eps)
</home/yj/theory/tokamak_equilibrium/figures/poloidal_flux-1.eps>

LaTeX Warning: `h' float specifier changed to `ht'.


LaTeX Warning: Reference `7-1-p101' on page 6 undefined on input line 379.


LaTeX Warning: Reference `7-28-6' on page 6 undefined on input line 383.


LaTeX Warning: Reference `9-5-5' on page 6 undefined on input line 386.


LaTeX Warning: Reference `7-1-p101' on page 6 undefined on input line 400.


LaTeX Warning: Reference `7-1-p101' on page 6 undefined on input line 402.

[6]

LaTeX Warning: Reference `8-9-p1' on page 7 undefined on input line 428.

File: /home/yj/project_new/solovev_equilibrium/fig2/plt.eps Graphic file (type 
eps)
</home/yj/project_new/solovev_equilibrium/fig2/plt.eps>

LaTeX Warning: `h' float specifier changed to `ht'.

[7] [8]

LaTeX Warning: Reference `7-1-p2' on page 9 undefined on input line 500.


LaTeX Warning: Reference `7-1-p3' on page 9 undefined on input line 509.


LaTeX Warning: Reference `9-5-e1' on page 9 undefined on input line 520.


LaTeX Warning: Reference `7-9-dy' on page 9 undefined on input line 534.


LaTeX Warning: Reference `7-28' on page 9 undefined on input line 538.


LaTeX Warning: Reference `9-5-e1' on page 9 undefined on input line 538.


LaTeX Warning: Reference `17-11-12-1' on page 9 undefined on input line 550.


LaTeX Warning: Reference `17-11-12-1' on page 9 undefined on input line 552.

[9]

LaTeX Warning: Reference `9-6-p2' on page 10 undefined on input line 556.


LaTeX Warning: Reference `17-1-1-1' on page 10 undefined on input line 566.

File: /home/yj/project_new/nbi_fig/fig12/p.eps Graphic file (type eps)
</home/yj/project_new/nbi_fig/fig12/p.eps>
File: /home/yj/project_new/nbi_fig/fig12b/p.eps Graphic file (type eps)

</home/yj/project_new/nbi_fig/fig12b/p.eps>

LaTeX Warning: Reference `4-16-p1' on page 10 undefined on input line 591.

[10]

LaTeX Warning: Reference `3-11-p1' on page 11 undefined on input line 654.

[11]

LaTeX Warning: Reference `3-11-p1' on page 12 undefined on input line 667.


LaTeX Warning: Reference `9-5-1' on page 12 undefined on input line 683.


LaTeX Warning: Reference `20-4-7-p2' on page 12 undefined on input line 706.


LaTeX Warning: Reference `7-7-force' on page 12 undefined on input line 714.


LaTeX Warning: Reference `19-5-5-1' on page 12 undefined on input line 716.


LaTeX Warning: Reference `7-7-force' on page 12 undefined on input line 721.


LaTeX Warning: Citation `ysun2012' on page 12 undefined on input line 723.

[12]

LaTeX Warning: Reference `7-7-force' on page 13 undefined on input line 731.


LaTeX Warning: Reference `11-2-p4' on page 13 undefined on input line 742.


LaTeX Warning: Reference `15-11-27-1' on page 13 undefined on input line 750.


LaTeX Warning: Reference `7-7-force' on page 13 undefined on input line 756.


LaTeX Warning: Reference `15-11-27-2' on page 13 undefined on input line 762.


LaTeX Warning: Reference `5-2-a2' on page 13 undefined on input line 766.


LaTeX Warning: Reference `5-2-a1' on page 13 undefined on input line 767.


LaTeX Warning: Reference `7-7-1' on page 13 undefined on input line 767.


LaTeX Warning: Reference `2-14-10' on page 13 undefined on input line 780.


LaTeX Warning: Reference `7-7-force' on page 13 undefined on input line 785.


LaTeX Warning: Reference `6-9-a4' on page 13 undefined on input line 792.


LaTeX Warning: Reference `5-2-a1' on page 13 undefined on input line 792.


LaTeX Warning: Reference `6-9-a1' on page 13 undefined on input line 792.


LaTeX Warning: Reference `7-8-radia' on page 13 undefined on input line 793.

[13]

LaTeX Warning: Reference `3-30-1' on page 14 undefined on input line 801.


LaTeX Warning: Reference `7-1-p1' on page 14 undefined on input line 819.


LaTeX Warning: Reference `7-28-6' on page 14 undefined on input line 846.


LaTeX Warning: Reference `7-7-force' on page 14 undefined on input line 852.


LaTeX Warning: Reference `7-1-p1' on page 14 undefined on input line 859.


LaTeX Warning: Reference `7-1-p1' on page 14 undefined on input line 865.


LaTeX Warning: Reference `20-4-8-p1' on page 14 undefined on input line 868.

[14]

LaTeX Warning: Reference `5-2-a2' on page 15 undefined on input line 895.


LaTeX Warning: Reference `5-2-a1' on page 15 undefined on input line 895.


LaTeX Warning: Reference `6-9-a1' on page 15 undefined on input line 895.


LaTeX Warning: Reference `20-4-23-a1' on page 15 undefined on input line 899.


LaTeX Warning: Citation `li2013' on page 15 undefined on input line 900.


LaTeX Warning: Reference `7-28-6' on page 15 undefined on input line 913.


LaTeX Warning: Reference `7-1-p1' on page 15 undefined on input line 933.

[15]

LaTeX Warning: Reference `23-1-17-p1' on page 16 undefined on input line 971.


LaTeX Warning: Reference `6-9-a1' on page 16 undefined on input line 986.

[16]

LaTeX Warning: Citation `boozer2005' on page 17 undefined on input line 1023.


LaTeX Warning: Reference `21-10-8-1' on page 17 undefined on input line 1037.


LaTeX Warning: Reference `11-8-10dd' on page 17 undefined on input line 1070.


LaTeX Warning: Reference `11-8-10' on page 17 undefined on input line 1083.

[17]

LaTeX Warning: Reference `10-21-p3' on page 18 undefined on input line 1100.


LaTeX Warning: Reference `21-11-29-1' on page 18 undefined on input line 1111.


LaTeX Warning: Reference `4-6-e1' on page 18 undefined on input line 1153.


Overfull \hbox (14.61346pt too wide) in alignment at lines 1154--1175
 [][][] []
 []

[18]

LaTeX Warning: Reference `18-10-10-p1' on page 19 undefined on input line 1180.



LaTeX Warning: Reference `4-6-e1' on page 19 undefined on input line 1184.


LaTeX Warning: Reference `4-6-e1' on page 19 undefined on input line 1193.


LaTeX Warning: Reference `9-7-4' on page 19 undefined on input line 1204.


LaTeX Warning: Reference `9-8-1' on page 19 undefined on input line 1231.


LaTeX Warning: Reference `9-8-3' on page 19 undefined on input line 1231.


LaTeX Warning: Reference `11-18-1' on page 19 undefined on input line 1237.


LaTeX Warning: Reference `9-8-1' on page 19 undefined on input line 1239.


LaTeX Warning: Reference `9-8-3' on page 19 undefined on input line 1239.

[19]

LaTeX Warning: Reference `4-6-e1' on page 20 undefined on input line 1262.


LaTeX Warning: Reference `11-18-1' on page 20 undefined on input line 1285.


LaTeX Warning: Reference `20-10-15-a1' on page 20 undefined on input line 1299.


[20]

LaTeX Warning: Reference `5-6-5' on page 21 undefined on input line 1342.


LaTeX Warning: Reference `4-6-1' on page 21 undefined on input line 1378.


LaTeX Warning: Reference `4-6-2' on page 21 undefined on input line 1379.


LaTeX Warning: Reference `4-6-3' on page 21 undefined on input line 1379.


LaTeX Warning: Reference `6-8-e5' on page 21 undefined on input line 1391.


LaTeX Warning: Reference `6-8-e5' on page 21 undefined on input line 1394.


LaTeX Warning: Reference `6-8-e5' on page 21 undefined on input line 1395.


LaTeX Warning: Reference `19-1-15-1' on page 21 undefined on input line 1396.


LaTeX Warning: Reference `19-1-15-1' on page 21 undefined on input line 1398.

[21]
Overfull \hbox (43.4655pt too wide) in alignment at lines 1461--1479
 [][][] []
 []


Underfull \vbox (badness 2837) has occurred while \output is active []

 [22]

LaTeX Warning: Reference `11-18-1' on page 23 undefined on input line 1487.


LaTeX Warning: Reference `20-10-15-a1' on page 23 undefined on input line 1487.



LaTeX Warning: Reference `3-18-a1' on page 23 undefined on input line 1498.

[23]

LaTeX Warning: Reference `7-10-1' on page 24 undefined on input line 1641.


LaTeX Warning: Reference `7-10-1' on page 24 undefined on input line 1651.


LaTeX Warning: Reference `9-5-e1m' on page 24 undefined on input line 1667.

[24]

LaTeX Warning: Reference `4-13-p3' on page 25 undefined on input line 1685.


LaTeX Warning: Reference `4-13-p4' on page 25 undefined on input line 1685.


LaTeX Warning: Reference `10-21-p4' on page 25 undefined on input line 1709.


LaTeX Warning: Reference `4-15-p3' on page 25 undefined on input line 1719.


LaTeX Warning: Reference `4-25-2' on page 25 undefined on input line 1731.


LaTeX Warning: Reference `4-25-2' on page 25 undefined on input line 1733.


LaTeX Warning: Reference `4-25-2' on page 25 undefined on input line 1740.

[25]

LaTeX Warning: Reference `7-26-1' on page 26 undefined on input line 1755.


LaTeX Warning: Reference `3-13-p10' on page 26 undefined on input line 1769.


LaTeX Warning: Reference `7-26-1' on page 26 undefined on input line 1775.


LaTeX Warning: Reference `12-21-p1' on page 26 undefined on input line 1792.


LaTeX Warning: Reference `12-25-1' on page 26 undefined on input line 1798.


LaTeX Warning: Reference `12-21-p1' on page 26 undefined on input line 1804.


LaTeX Warning: Reference `23-12-27-1' on page 26 undefined on input line 1822.


LaTeX Warning: Reference `9-5-e1' on page 26 undefined on input line 1826.

[26]

LaTeX Warning: Reference `7-11-p1' on page 27 undefined on input line 1839.


LaTeX Warning: Reference `5-30-p1' on page 27 undefined on input line 1841.


LaTeX Warning: Reference `7-11-p1' on page 27 undefined on input line 1841.


LaTeX Warning: Reference `7-12-a1' on page 27 undefined on input line 1849.


LaTeX Warning: Reference `7-12-a1' on page 27 undefined on input line 1851.


LaTeX Warning: Reference `7-12-a1' on page 27 undefined on input line 1853.


LaTeX Warning: Reference `20-4-7-p1' on page 27 undefined on input line 1859.


LaTeX Warning: Reference `20-4-7-p1' on page 27 undefined on input line 1862.


LaTeX Warning: Reference `7-12-a1' on page 27 undefined on input line 1866.

[27]

LaTeX Warning: Reference `5-30-p1' on page 28 undefined on input line 1903.


LaTeX Warning: Reference `5-30-p1' on page 28 undefined on input line 1909.


LaTeX Warning: Reference `12-31-1' on page 28 undefined on input line 1921.

! Undefined control sequence.
l.1927 ...poloidal angle are chosen. In {\codestar
                                                  {GTAW}} code, I
? X
 
Here is how much of TeX's memory you used:
 7943 strings out of 481240
 114228 string characters out of 5920403
 419132 words of memory out of 5000000
 23061 multiletter control sequences out of 15000+600000
 547030 words of font info for 79 fonts, out of 8000000 for 9000
 1141 hyphenation exceptions out of 8191
 37i,13n,37p,248b,358s stack positions out of 5000i,500n,10000p,200000b,80000s
Output written on tmp.dvi (27 pages, 158760 bytes).
