This is pdfTeX, Version 3.14159265-2.6-1.40.20 (TeX Live 2019/Debian) (preloaded format=latex 2021.4.15)  22 MAR 2024 16:09
entering extended mode
 restricted \write18 enabled.
 %&-line parsing enabled.
**tmp1.tex
(./tmp1.tex
LaTeX2e <2020-02-02> patch level 2
L3 programming layer <2020-02-14> (./llncs.cls
Document Class: llncs 2022/09/05 v2.22 
 LaTeX document class for Lecture Notes in Computer Science
(/usr/share/texlive/texmf-dist/tex/latex/base/article.cls
Document Class: article 2019/12/20 v1.4l Standard LaTeX document class
(/usr/share/texlive/texmf-dist/tex/latex/base/size10.clo
File: size10.clo 2019/12/20 v1.4l Standard LaTeX file (size option)
)
\c@part=\count167
\c@section=\count168
\c@subsection=\count169
\c@subsubsection=\count170
\c@paragraph=\count171
\c@subparagraph=\count172
\c@figure=\count173
\c@table=\count174
\abovecaptionskip=\skip47
\belowcaptionskip=\skip48
\bibindent=\dimen134
)
(/usr/share/texlive/texmf-dist/tex/latex/tools/multicol.sty
Package: multicol 2019/12/09 v1.8y multicolumn formatting (FMi)
\c@tracingmulticols=\count175
\mult@box=\box45
\multicol@leftmargin=\dimen135
\c@unbalance=\count176
\c@collectmore=\count177
\doublecol@number=\count178
\multicoltolerance=\count179
\multicolpretolerance=\count180
\full@width=\dimen136
\page@free=\dimen137
\premulticols=\dimen138
\postmulticols=\dimen139
\multicolsep=\skip49
\multicolbaselineskip=\skip50
\partial@page=\box46
\last@line=\box47
\maxbalancingoverflow=\dimen140
\mult@rightbox=\box48
\mult@grightbox=\box49
\mult@gfirstbox=\box50
\mult@firstbox=\box51
\@tempa=\box52
\@tempa=\box53
\@tempa=\box54
\@tempa=\box55
\@tempa=\box56
\@tempa=\box57
\@tempa=\box58
\@tempa=\box59
\@tempa=\box60
\@tempa=\box61
\@tempa=\box62
\@tempa=\box63
\@tempa=\box64
\@tempa=\box65
\@tempa=\box66
\@tempa=\box67
\@tempa=\box68
\@tempa=\box69
\@tempa=\box70
\@tempa=\box71
\@tempa=\box72
\@tempa=\box73
\@tempa=\box74
\@tempa=\box75
\@tempa=\box76
\@tempa=\box77
\@tempa=\box78
\@tempa=\box79
\@tempa=\box80
\@tempa=\box81
\@tempa=\box82
\@tempa=\box83
\@tempa=\box84
\@tempa=\box85
\@tempa=\box86
\@tempa=\box87
\@tempa=\box88
\c@minrows=\count181
\c@columnbadness=\count182
\c@finalcolumnbadness=\count183
\last@try=\dimen141
\multicolovershoot=\dimen142
\multicolundershoot=\dimen143
\mult@nat@firstbox=\box89
\colbreak@box=\box90
\mc@col@check@num=\count184
)
(/usr/share/texlive/texmf-dist/tex/latex/oberdiek/aliascnt.sty
Package: aliascnt 2018/09/07 v1.5 Alias counters (HO)
)
\c@chapter=\count185
LaTeX Font Info:    Redeclaring math symbol \Gamma on input line 362.
LaTeX Font Info:    Redeclaring math symbol \Delta on input line 363.
LaTeX Font Info:    Redeclaring math symbol \Theta on input line 364.
LaTeX Font Info:    Redeclaring math symbol \Lambda on input line 365.
LaTeX Font Info:    Redeclaring math symbol \Xi on input line 366.
LaTeX Font Info:    Redeclaring math symbol \Pi on input line 367.
LaTeX Font Info:    Redeclaring math symbol \Sigma on input line 368.
LaTeX Font Info:    Redeclaring math symbol \Upsilon on input line 369.
LaTeX Font Info:    Redeclaring math symbol \Phi on input line 370.
LaTeX Font Info:    Redeclaring math symbol \Psi on input line 371.
LaTeX Font Info:    Redeclaring math symbol \Omega on input line 372.
LaTeX Info: Redefining \vec on input line 377.
\tocchpnum=\dimen144
\tocsecnum=\dimen145
\tocsectotal=\dimen146
\tocsubsecnum=\dimen147
\tocsubsectotal=\dimen148
\tocsubsubsecnum=\dimen149
\tocsubsubsectotal=\dimen150
\tocparanum=\dimen151
\tocparatotal=\dimen152
\tocsubparanum=\dimen153
\@tempcntc=\count186
\fnindent=\dimen154
\c@@inst=\count187
\c@@auth=\count188
\c@auco=\count189
\instindent=\dimen155
\authrun=\box91
\authorrunning=\toks14
\tocauthor=\toks15
\titrun=\box92
\titlerunning=\toks16
\toctitle=\toks17
\c@theorem=\count190
\c@case=\count191
\c@conjecture=\count192
\c@corollary=\count193
\c@definition=\count194
\c@example=\count195
\c@exercise=\count196
\c@lemma=\count197
\c@note=\count198
\c@problem=\count199
\c@property=\count266
\c@proposition=\count267
\c@question=\count268
\c@solution=\count269
\c@remark=\count270
\headlineindent=\dimen156
)
(/usr/share/texlive/texmf-dist/tex/generic/babel/babel.sty
Package: babel 2020/02/14 3.40 The Babel package

(/usr/share/texlive/texmf-dist/tex/generic/babel/switch.def
File: switch.def 2020/02/14 3.40 Babel switching mechanism
)
(/usr/share/texlive/texmf-dist/tex/generic/babel-english/english.ldf
Language: english 2017/06/06 v3.3r English support from the babel system

(/usr/share/texlive/texmf-dist/tex/generic/babel/babel.def
File: babel.def 2020/02/14 3.40 Babel common definitions
\babel@savecnt=\count271
\U@D=\dimen157

(/usr/share/texlive/texmf-dist/tex/generic/babel/txtbabel.def)
\bbl@readstream=\read2
\bbl@dirlevel=\count272
)
Package babel Info: \l@canadian = using hyphenrules for english
(babel)             (\language0) on input line 102.
Package babel Info: \l@australian = using hyphenrules for ukenglish
(babel)             (\language32) on input line 105.
Package babel Info: \l@newzealand = using hyphenrules for ukenglish
(babel)             (\language32) on input line 108.
))
(/usr/share/texlive/texmf-dist/tex/latex/geometry/geometry.sty
Package: geometry 2020/01/02 v5.9 Page Geometry

(/usr/share/texlive/texmf-dist/tex/latex/graphics/keyval.sty
Package: keyval 2014/10/28 v1.15 key=value parser (DPC)
\KV@toks@=\toks18
)
(/usr/share/texlive/texmf-dist/tex/generic/iftex/ifvtex.sty
Package: ifvtex 2019/10/25 v1.7 ifvtex legacy package. Use iftex instead.

(/usr/share/texlive/texmf-dist/tex/generic/iftex/iftex.sty
Package: iftex 2019/11/07 v1.0c TeX engine tests
))
\Gm@cnth=\count273
\Gm@cntv=\count274
\c@Gm@tempcnt=\count275
\Gm@bindingoffset=\dimen158
\Gm@wd@mp=\dimen159
\Gm@odd@mp=\dimen160
\Gm@even@mp=\dimen161
\Gm@layoutwidth=\dimen162
\Gm@layoutheight=\dimen163
\Gm@layouthoffset=\dimen164
\Gm@layoutvoffset=\dimen165
\Gm@dimlist=\toks19
)
(/usr/share/texlive/texmf-dist/tex/latex/amsmath/amsmath.sty
Package: amsmath 2020/01/20 v2.17e AMS math features
\@mathmargin=\skip51

For additional information on amsmath, use the `?' option.
(/usr/share/texlive/texmf-dist/tex/latex/amsmath/amstext.sty
Package: amstext 2000/06/29 v2.01 AMS text

(/usr/share/texlive/texmf-dist/tex/latex/amsmath/amsgen.sty
File: amsgen.sty 1999/11/30 v2.0 generic functions
\@emptytoks=\toks20
\ex@=\dimen166
))
(/usr/share/texlive/texmf-dist/tex/latex/amsmath/amsbsy.sty
Package: amsbsy 1999/11/29 v1.2d Bold Symbols
\pmbraise@=\dimen167
)
(/usr/share/texlive/texmf-dist/tex/latex/amsmath/amsopn.sty
Package: amsopn 2016/03/08 v2.02 operator names
)
\inf@bad=\count276
LaTeX Info: Redefining \frac on input line 227.
\uproot@=\count277
\leftroot@=\count278
LaTeX Info: Redefining \overline on input line 389.
\classnum@=\count279
\DOTSCASE@=\count280
LaTeX Info: Redefining \ldots on input line 486.
LaTeX Info: Redefining \dots on input line 489.
LaTeX Info: Redefining \cdots on input line 610.
\Mathstrutbox@=\box93
\strutbox@=\box94
\big@size=\dimen168
LaTeX Font Info:    Redeclaring font encoding OML on input line 733.
LaTeX Font Info:    Redeclaring font encoding OMS on input line 734.


Package amsmath Warning: Unable to redefine math accent \vec.

\macc@depth=\count281
\c@MaxMatrixCols=\count282
\dotsspace@=\muskip16
\c@parentequation=\count283
\dspbrk@lvl=\count284
\tag@help=\toks21
\row@=\count285
\column@=\count286
\maxfields@=\count287
\andhelp@=\toks22
\eqnshift@=\dimen169
\alignsep@=\dimen170
\tagshift@=\dimen171
\tagwidth@=\dimen172
\totwidth@=\dimen173
\lineht@=\dimen174
\@envbody=\toks23
\multlinegap=\skip52
\multlinetaggap=\skip53
\mathdisplay@stack=\toks24
LaTeX Info: Redefining \[ on input line 2859.
LaTeX Info: Redefining \] on input line 2860.
) (/usr/share/texlive/texmf-dist/tex/latex/amsfonts/amssymb.sty
Package: amssymb 2013/01/14 v3.01 AMS font symbols

(/usr/share/texlive/texmf-dist/tex/latex/amsfonts/amsfonts.sty
Package: amsfonts 2013/01/14 v3.01 Basic AMSFonts support
\symAMSa=\mathgroup4
\symAMSb=\mathgroup5
LaTeX Font Info:    Redeclaring math symbol \hbar on input line 98.
LaTeX Font Info:    Overwriting math alphabet `\mathfrak' in version `bold'
(Font)                  U/euf/m/n --> U/euf/b/n on input line 106.
))
(/usr/share/texlive/texmf-dist/tex/latex/graphics/graphicx.sty
Package: graphicx 2019/11/30 v1.2a Enhanced LaTeX Graphics (DPC,SPQR)

(/usr/share/texlive/texmf-dist/tex/latex/graphics/graphics.sty
Package: graphics 2019/11/30 v1.4a Standard LaTeX Graphics (DPC,SPQR)

(/usr/share/texlive/texmf-dist/tex/latex/graphics/trig.sty
Package: trig 2016/01/03 v1.10 sin cos tan (DPC)
)
(/usr/share/texlive/texmf-dist/tex/latex/graphics-cfg/graphics.cfg
File: graphics.cfg 2016/06/04 v1.11 sample graphics configuration
)
Package graphics Info: Driver file: dvips.def on input line 105.

(/usr/share/texlive/texmf-dist/tex/latex/graphics-def/dvips.def
File: dvips.def 2017/06/20 v3.1d Graphics/color driver for dvips
))
\Gin@req@height=\dimen175
\Gin@req@width=\dimen176
)
(/usr/share/texlive/texmf-dist/tex/latex/hyperref/hyperref.sty
Package: hyperref 2020/01/14 v7.00d Hypertext links for LaTeX

(/usr/share/texlive/texmf-dist/tex/generic/ltxcmds/ltxcmds.sty
Package: ltxcmds 2019/12/15 v1.24 LaTeX kernel commands for general use (HO)
)
(/usr/share/texlive/texmf-dist/tex/latex/pdftexcmds/pdftexcmds.sty
Package: pdftexcmds 2019/11/24 v0.31 Utility functions of pdfTeX for LuaTeX (HO
)

(/usr/share/texlive/texmf-dist/tex/generic/infwarerr/infwarerr.sty
Package: infwarerr 2019/12/03 v1.5 Providing info/warning/error messages (HO)
)
Package pdftexcmds Info: \pdf@primitive is available.
Package pdftexcmds Info: \pdf@ifprimitive is available.
Package pdftexcmds Info: \pdfdraftmode is ignored in DVI mode.
)
(/usr/share/texlive/texmf-dist/tex/generic/kvsetkeys/kvsetkeys.sty
Package: kvsetkeys 2019/12/15 v1.18 Key value parser (HO)
)
(/usr/share/texlive/texmf-dist/tex/generic/kvdefinekeys/kvdefinekeys.sty
Package: kvdefinekeys 2019-12-19 v1.6 Define keys (HO)
)
(/usr/share/texlive/texmf-dist/tex/generic/pdfescape/pdfescape.sty
Package: pdfescape 2019/12/09 v1.15 Implements pdfTeX's escape features (HO)
)
(/usr/share/texlive/texmf-dist/tex/latex/hycolor/hycolor.sty
Package: hycolor 2020-01-27 v1.10 Color options for hyperref/bookmark (HO)
)
(/usr/share/texlive/texmf-dist/tex/latex/letltxmacro/letltxmacro.sty
Package: letltxmacro 2019/12/03 v1.6 Let assignment for LaTeX macros (HO)
)
(/usr/share/texlive/texmf-dist/tex/latex/auxhook/auxhook.sty
Package: auxhook 2019-12-17 v1.6 Hooks for auxiliary files (HO)
)
(/usr/share/texlive/texmf-dist/tex/latex/kvoptions/kvoptions.sty
Package: kvoptions 2019/11/29 v3.13 Key value format for package options (HO)
)
\@linkdim=\dimen177
\Hy@linkcounter=\count288
\Hy@pagecounter=\count289

(/usr/share/texlive/texmf-dist/tex/latex/hyperref/pd1enc.def
File: pd1enc.def 2020/01/14 v7.00d Hyperref: PDFDocEncoding definition (HO)
Now handling font encoding PD1 ...
... no UTF-8 mapping file for font encoding PD1
)
(/usr/share/texlive/texmf-dist/tex/generic/intcalc/intcalc.sty
Package: intcalc 2019/12/15 v1.3 Expandable calculations with integers (HO)
)
(/usr/share/texlive/texmf-dist/tex/generic/etexcmds/etexcmds.sty
Package: etexcmds 2019/12/15 v1.7 Avoid name clashes with e-TeX commands (HO)
)
\Hy@SavedSpaceFactor=\count290
\pdfmajorversion=\count291
Package hyperref Info: Hyper figures OFF on input line 4547.
Package hyperref Info: Link nesting OFF on input line 4552.
Package hyperref Info: Hyper index ON on input line 4555.
Package hyperref Info: Plain pages OFF on input line 4562.
Package hyperref Info: Backreferencing OFF on input line 4567.
Package hyperref Info: Implicit mode ON; LaTeX internals redefined.
Package hyperref Info: Bookmarks ON on input line 4800.
\c@Hy@tempcnt=\count292

(/usr/share/texlive/texmf-dist/tex/latex/url/url.sty
\Urlmuskip=\muskip17
Package: url 2013/09/16  ver 3.4  Verb mode for urls, etc.
)
LaTeX Info: Redefining \url on input line 5159.
\XeTeXLinkMargin=\dimen178

(/usr/share/texlive/texmf-dist/tex/generic/bitset/bitset.sty
Package: bitset 2019/12/09 v1.3 Handle bit-vector datatype (HO)

(/usr/share/texlive/texmf-dist/tex/generic/bigintcalc/bigintcalc.sty
Package: bigintcalc 2019/12/15 v1.5 Expandable calculations on big integers (HO
)
))
\Fld@menulength=\count293
\Field@Width=\dimen179
\Fld@charsize=\dimen180
Package hyperref Info: Hyper figures OFF on input line 6430.
Package hyperref Info: Link nesting OFF on input line 6435.
Package hyperref Info: Hyper index ON on input line 6438.
Package hyperref Info: backreferencing OFF on input line 6445.
Package hyperref Info: Link coloring OFF on input line 6450.
Package hyperref Info: Link coloring with OCG OFF on input line 6455.
Package hyperref Info: PDF/A mode OFF on input line 6460.
LaTeX Info: Redefining \ref on input line 6500.
LaTeX Info: Redefining \pageref on input line 6504.

(/usr/share/texlive/texmf-dist/tex/generic/atbegshi/atbegshi.sty
Package: atbegshi 2019/12/05 v1.19 At begin shipout hook (HO)
)
\Hy@abspage=\count294
\c@Item=\count295
\c@Hfootnote=\count296
)
Package hyperref Info: Driver (default): hdvips.

(/usr/share/texlive/texmf-dist/tex/latex/hyperref/hdvips.def
File: hdvips.def 2020/01/14 v7.00d Hyperref driver for dvips

(/usr/share/texlive/texmf-dist/tex/latex/hyperref/pdfmark.def
File: pdfmark.def 2020/01/14 v7.00d Hyperref definitions for pdfmark specials
\pdf@docset=\toks25
\pdf@box=\box95
\pdf@toks=\toks26
\pdf@defaulttoks=\toks27
\HyField@AnnotCount=\count297
\Fld@listcount=\count298
\c@bookmark@seq@number=\count299

(/usr/share/texlive/texmf-dist/tex/latex/rerunfilecheck/rerunfilecheck.sty
Package: rerunfilecheck 2019/12/05 v1.9 Rerun checks for auxiliary files (HO)

(/usr/share/texlive/texmf-dist/tex/latex/atveryend/atveryend.sty
Package: atveryend 2019-12-11 v1.11 Hooks at the very end of document (HO)
Package atveryend Info: \enddocument detected (standard20110627).
)
(/usr/share/texlive/texmf-dist/tex/generic/uniquecounter/uniquecounter.sty
Package: uniquecounter 2019/12/15 v1.4 Provide unlimited unique counter (HO)
)
Package uniquecounter Info: New unique counter `rerunfilecheck' on input line 2
86.
)
\Hy@SectionHShift=\skip54
))
(/usr/share/texlive/texmf-dist/tex/latex/xcolor/xcolor.sty
Package: xcolor 2016/05/11 v2.12 LaTeX color extensions (UK)

(/usr/share/texlive/texmf-dist/tex/latex/graphics-cfg/color.cfg
File: color.cfg 2016/01/02 v1.6 sample color configuration
)
Package xcolor Info: Driver file: dvips.def on input line 225.
Package xcolor Info: Model `cmy' substituted by `cmy0' on input line 1348.
Package xcolor Info: Model `RGB' extended on input line 1364.
Package xcolor Info: Model `HTML' substituted by `rgb' on input line 1366.
Package xcolor Info: Model `Hsb' substituted by `hsb' on input line 1367.
Package xcolor Info: Model `tHsb' substituted by `hsb' on input line 1368.
Package xcolor Info: Model `HSB' substituted by `hsb' on input line 1369.
Package xcolor Info: Model `Gray' substituted by `gray' on input line 1370.
Package xcolor Info: Model `wave' substituted by `hsb' on input line 1371.
)
(/usr/share/texlive/texmf-dist/tex/latex/l3backend/l3backend-dvips.def
File: l3backend-dvips.def 2020-02-03 L3 backend support: dvips
\l__pdf_internal_box=\box96
\g__pdf_backend_object_int=\count300
\l__pdf_backend_content_box=\box97
\l__pdf_backend_model_box=\box98
\g__pdf_backend_annotation_int=\count301
\g__pdf_backend_link_int=\count302
\g__pdf_backend_link_sf_int=\count303
)
(./tmp1.aux)
\openout1 = `tmp1.aux'.

LaTeX Font Info:    Checking defaults for OML/cmm/m/it on input line 19.
LaTeX Font Info:    ... okay on input line 19.
LaTeX Font Info:    Checking defaults for OMS/cmsy/m/n on input line 19.
LaTeX Font Info:    ... okay on input line 19.
LaTeX Font Info:    Checking defaults for OT1/cmr/m/n on input line 19.
LaTeX Font Info:    ... okay on input line 19.
LaTeX Font Info:    Checking defaults for T1/cmr/m/n on input line 19.
LaTeX Font Info:    ... okay on input line 19.
LaTeX Font Info:    Checking defaults for TS1/cmr/m/n on input line 19.
LaTeX Font Info:    ... okay on input line 19.
LaTeX Font Info:    Checking defaults for OMX/cmex/m/n on input line 19.
LaTeX Font Info:    ... okay on input line 19.
LaTeX Font Info:    Checking defaults for U/cmr/m/n on input line 19.
LaTeX Font Info:    ... okay on input line 19.
LaTeX Font Info:    Checking defaults for PD1/pdf/m/n on input line 19.
LaTeX Font Info:    ... okay on input line 19.

*geometry* driver: auto-detecting
*geometry* detected driver: dvips
*geometry* verbose mode - [ preamble ] result:
* driver: dvips
* paper: a4paper
* layout: <same size as paper>
* layoutoffset:(h,v)=(0.0pt,0.0pt)
* modes: twoside 
* h-part:(L,W,R)=(71.70166pt, 418.25368pt, 107.55254pt)
* v-part:(T,H,B)=(101.40665pt, 591.5302pt, 152.11pt)
* \paperwidth=597.50787pt
* \paperheight=845.04684pt
* \textwidth=418.25368pt
* \textheight=591.5302pt
* \oddsidemargin=-0.56833pt
* \evensidemargin=35.28255pt
* \topmargin=1.13666pt
* \headheight=12.0pt
* \headsep=16.0pt
* \topskip=10.0pt
* \footskip=30.0pt
* \marginparwidth=90.0pt
* \marginparsep=11.0pt
* \columnsep=10.0pt
* \skip\footins=9.0pt plus 4.0pt minus 2.0pt
* \hoffset=0.0pt
* \voffset=0.0pt
* \mag=1000
* \@twocolumnfalse
* \@twosidetrue
* \@mparswitchtrue
* \@reversemarginfalse
* (1in=72.27pt=25.4mm, 1cm=28.453pt)

\AtBeginShipoutBox=\box99
Package hyperref Info: Link coloring OFF on input line 19.
(/usr/share/texlive/texmf-dist/tex/latex/hyperref/nameref.sty
Package: nameref 2019/09/16 v2.46 Cross-referencing by name of section

(/usr/share/texlive/texmf-dist/tex/latex/refcount/refcount.sty
Package: refcount 2019/12/15 v3.6 Data extraction from label references (HO)
)
(/usr/share/texlive/texmf-dist/tex/generic/gettitlestring/gettitlestring.sty
Package: gettitlestring 2019/12/15 v1.6 Cleanup title references (HO)
)
\c@section@level=\count304
)
LaTeX Info: Redefining \ref on input line 19.
LaTeX Info: Redefining \pageref on input line 19.
LaTeX Info: Redefining \nameref on input line 19.

(./tmp1.out) (./tmp1.out)
\@outlinefile=\write3
\openout3 = `tmp1.out'.

LaTeX Font Info:    Trying to load font information for U+msa on input line 31.


(/usr/share/texlive/texmf-dist/tex/latex/amsfonts/umsa.fd
File: umsa.fd 2013/01/14 v3.01 AMS symbols A
)
LaTeX Font Info:    Trying to load font information for U+msb on input line 31.


(/usr/share/texlive/texmf-dist/tex/latex/amsfonts/umsb.fd
File: umsb.fd 2013/01/14 v3.01 AMS symbols B
)

Package hyperref Warning: Token not allowed in a PDF string (PDFDocEncoding):
(hyperref)                removing `\unskip' on input line 31.

[1

] [2] [3]
File: /home/yj/theory/tokamak_equilibrium/figures/axisymmetrical_magnetic_field
-1b.eps Graphic file (type eps)

</home/yj/theory/tokamak_equilibrium/figures/axisymmetrical_magnetic_field-1b.e
ps>
File: /home/yj/theory/tokamak_equilibrium/figures/axisymmetrical_magnetic_field
-3b.eps Graphic file (type eps)

</home/yj/theory/tokamak_equilibrium/figures/axisymmetrical_magnetic_field-3b.e
ps>

LaTeX Warning: `h' float specifier changed to `ht'.

[4] [5]

LaTeX Warning: Reference `19-5-4-p1' on page 6 undefined on input line 353.

File: /home/yj/theory/tokamak_equilibrium/figures/poloidal_flux-1.eps Graphic f
ile (type eps)
</home/yj/theory/tokamak_equilibrium/figures/poloidal_flux-1.eps>

LaTeX Warning: `h' float specifier changed to `ht'.

[6]
File: /home/yj/project_new/solovev_equilibrium/fig2/plt.eps Graphic file (type 
eps)
 </home/yj/project_new/solovev_equilibrium/fig2/plt.eps>

LaTeX Warning: `h' float specifier changed to `ht'.

[7] [8] [9]
File: /home/yj/project_new/nbi_fig/fig12/p.eps Graphic file (type eps)
 </home/yj/project_new/nbi_fig/fig12/p.eps>
File: /home/yj/project_new/nbi_fig/fig12b/p.eps Graphic file (type eps)

</home/yj/project_new/nbi_fig/fig12b/p.eps> [10] [11] [12] [13] [14] [15]
[16] [17]
Overfull \hbox (14.61346pt too wide) in alignment at lines 1154--1175
 [][][] []
 []

[18] [19] [20] [21]
Overfull \hbox (43.4655pt too wide) in alignment at lines 1461--1479
 [][][] []
 []


Underfull \vbox (badness 2837) has occurred while \output is active []

 [22]
[23] [24] [25] [26] [27] [28] [29] [30]
File: /home/yj/project_new/read_gfile/fig161/out1.eps Graphic file (type eps)

</home/yj/project_new/read_gfile/fig161/out1.eps>
File: /home/yj/project_new/read_gfile/fig161/out2.eps Graphic file (type eps)

</home/yj/project_new/read_gfile/fig161/out2.eps>

LaTeX Warning: `h' float specifier changed to `ht'.

[31] [32] [33]
File: /home/yj/project_new/read_gfile/fig1/contour.eps Graphic file (type eps)
 </home/yj/project_new/read_gfile/fig1/contour.eps> [34]
File: /home/yj/project_new/read_gfile/fig2/plt.eps Graphic file (type eps)

</home/yj/project_new/read_gfile/fig2/plt.eps>
File: /home/yj/project_new/read_gfile/fig40/plt.eps Graphic file (type eps)

</home/yj/project_new/read_gfile/fig40/plt.eps>
File: /home/yj/project_new/read_gfile/fig41/p2.eps Graphic file (type eps)

</home/yj/project_new/read_gfile/fig41/p2.eps>

LaTeX Warning: `h' float specifier changed to `ht'.

File: /home/yj/project_new/read_gfile/fig41/p3.eps Graphic file (type eps)
</home/yj/project_new/read_gfile/fig41/p3.eps>
File: /home/yj/project_new/read_gfile/fig41/p4.eps Graphic file (type eps)

</home/yj/project_new/read_gfile/fig41/p4.eps>

LaTeX Warning: `h' float specifier changed to `ht'.

File: /home/yj/project_new/read_gfile/fig41/tmp.eps Graphic file (type eps)
</home/yj/project_new/read_gfile/fig41/tmp.eps>

LaTeX Warning: `h' float specifier changed to `ht'.

File: /home/yj/project_new/read_gfile/fig32/tmp.eps Graphic file (type eps)
</home/yj/project_new/read_gfile/fig32/tmp.eps>

LaTeX Warning: `h' float specifier changed to `ht'.

File: /home/yj/project_new/read_gfile/fig29/tmp.eps Graphic file (type eps)
</home/yj/project_new/read_gfile/fig29/tmp.eps>

LaTeX Warning: `h' float specifier changed to `ht'.

[35] [36] [37] [38] [39] [40] [41]
Underfull \vbox (badness 10000) has occurred while \output is active []

 [42]
[43] [44] [45] [46] [47] [48] [49] [50] [51] [52] [53] [54]
Overfull \hbox (6.9781pt too wide) in alignment at lines 3580--3598
 [][][] []
 []


Overfull \hbox (3.11479pt too wide) in alignment at lines 3600--3618
 [][][] []
 []

File: /home/yj/project_new/fig_lorentz/fig15/p.eps Graphic file (type eps)
</home/yj/project_new/fig_lorentz/fig15/p.eps>
File: /home/yj/project_new/fig_lorentz/fig15b/p.eps Graphic file (type eps)

</home/yj/project_new/fig_lorentz/fig15b/p.eps>
File: /home/yj/project_new/fig_lorentz/fig14b/p.eps Graphic file (type eps)

</home/yj/project_new/fig_lorentz/fig14b/p.eps>
File: /home/yj/project_new/fig_lorentz/fig14/p.eps Graphic file (type eps)

</home/yj/project_new/fig_lorentz/fig14/p.eps>
File: /home/yj/project_new/fig_lorentz/fig14g/p.eps Graphic file (type eps)

</home/yj/project_new/fig_lorentz/fig14g/p.eps>
File: /home/yj/project_new/fig_lorentz/fig14f/p.eps Graphic file (type eps)

</home/yj/project_new/fig_lorentz/fig14f/p.eps>

LaTeX Warning: `h' float specifier changed to `ht'.

File: /home/yj/project_new/fig_lorentz/fig14c/p.eps Graphic file (type eps)
</home/yj/project_new/fig_lorentz/fig14c/p.eps>
File: /home/yj/project_new/fig_lorentz/fig16/p.eps Graphic file (type eps)

</home/yj/project_new/fig_lorentz/fig16/p.eps>
File: /home/yj/project_new/fig_lorentz/fig16b/p.eps Graphic file (type eps)

</home/yj/project_new/fig_lorentz/fig16b/p.eps>
File: /home/yj/project_new/fig_lorentz/fig14d/p.eps Graphic file (type eps)

</home/yj/project_new/fig_lorentz/fig14d/p.eps>
File: /home/yj/project_new/fig_lorentz/fig14e/p.eps Graphic file (type eps)

</home/yj/project_new/fig_lorentz/fig14e/p.eps>

LaTeX Warning: Reference `17-11-10-p1' on page 55 undefined on input line 3651.



LaTeX Warning: Reference `17-11-10-p1' on page 55 undefined on input line 3651.



LaTeX Warning: Reference `17-11-10-p1' on page 55 undefined on input line 3651.



LaTeX Warning: Reference `17-11-10-p1' on page 55 undefined on input line 3651.



LaTeX Warning: `h' float specifier changed to `ht'.

[55]

LaTeX Warning: Reference `17-9-16-1' on page 56 undefined on input line 3744.

File: /home/yj/project_new/fig_lorentz/fig2b2/p.eps Graphic file (type eps)
</home/yj/project_new/fig_lorentz/fig2b2/p.eps>
File: /home/yj/project_new/fig_lorentz/fig2f/p.eps Graphic file (type eps)

</home/yj/project_new/fig_lorentz/fig2f/p.eps>
File: /home/yj/project_new/fig_lorentz/fig2r1/p.eps Graphic file (type eps)

</home/yj/project_new/fig_lorentz/fig2r1/p.eps>
File: /home/yj/project_new/fig_lorentz/fig2/p.eps Graphic file (type eps)

</home/yj/project_new/fig_lorentz/fig2/p.eps>

LaTeX Warning: `h' float specifier changed to `ht'.


LaTeX Warning: Reference `17-10-30-5' on page 56 undefined on input line 3771.


LaTeX Warning: Reference `17-9-16-1' on page 56 undefined on input line 3773.

[56]
File: /home/yj/project_new/fig_lorentz/fig2b3/p.eps Graphic file (type eps)
 </home/yj/project_new/fig_lorentz/fig2b3/p.eps>
File: /home/yj/project_new/fig_lorentz/fig2d/p.eps Graphic file (type eps)

</home/yj/project_new/fig_lorentz/fig2d/p.eps>
File: /home/yj/project_new/fig_lorentz/fig2e/p.eps Graphic file (type eps)

</home/yj/project_new/fig_lorentz/fig2e/p.eps>
File: /home/yj/project_new/fig_lorentz/fig2c/p.eps Graphic file (type eps)

</home/yj/project_new/fig_lorentz/fig2c/p.eps>

LaTeX Warning: `h' float specifier changed to `ht'.


LaTeX Warning: Reference `17-9-16-1' on page 57 undefined on input line 3804.


LaTeX Warning: Reference `17-10-30-5' on page 57 undefined on input line 3804.

[57]

LaTeX Warning: Reference `17-11-10-1' on page 58 undefined on input line 3868.

File: /home/yj/project_new/fig_lorentz/fig2jr1/p.eps Graphic file (type eps)
</home/yj/project_new/fig_lorentz/fig2jr1/p.eps>
File: /home/yj/project_new/fig_lorentz/fig2fr1/p.eps Graphic file (type eps)

</home/yj/project_new/fig_lorentz/fig2fr1/p.eps>
File: /home/yj/project_new/fig_lorentz/fig2fr2/p.eps Graphic file (type eps)

</home/yj/project_new/fig_lorentz/fig2fr2/p.eps>

LaTeX Warning: `h' float specifier changed to `ht'.

[58]

LaTeX Warning: Reference `17-11-2-1' on page 59 undefined on input line 3965.

File: /home/yj/project_new/fig_lorentz/fig2fr3/p.eps Graphic file (type eps)
</home/yj/project_new/fig_lorentz/fig2fr3/p.eps>

LaTeX Warning: `h' float specifier changed to `ht'.


LaTeX Warning: Reference `17-10-29-1' on page 59 undefined on input line 3987.

File: /home/yj/project_new/fig_lorentz/fig3e/p.eps Graphic file (type eps)
</home/yj/project_new/fig_lorentz/fig3e/p.eps>
File: /home/yj/project_new/fig_lorentz/fig3d/p.eps Graphic file (type eps)

</home/yj/project_new/fig_lorentz/fig3d/p.eps>

LaTeX Warning: `h' float specifier changed to `ht'.


LaTeX Warning: Reference `17-10-29-1' on page 59 undefined on input line 4000.


LaTeX Warning: Reference `17-10-29-1' on page 59 undefined on input line 4002.

[59]

LaTeX Warning: Reference `17-10-29-e1' on page 60 undefined on input line 4072.


File: /home/yj/project_new/fig_lorentz/fig3c/p.eps Graphic file (type eps)
</home/yj/project_new/fig_lorentz/fig3c/p.eps>
File: /home/yj/project_new/fig_lorentz/fig3b/p.eps Graphic file (type eps)

</home/yj/project_new/fig_lorentz/fig3b/p.eps>

LaTeX Warning: `h' float specifier changed to `ht'.


LaTeX Warning: Reference `17-9-18-1' on page 60 undefined on input line 4090.

File: /home/yj/project_new/fig_lorentz/fig3g/p.eps Graphic file (type eps)
</home/yj/project_new/fig_lorentz/fig3g/p.eps>
File: /home/yj/project_new/fig_lorentz/fig3f/p.eps Graphic file (type eps)

</home/yj/project_new/fig_lorentz/fig3f/p.eps>

LaTeX Warning: `h' float specifier changed to `ht'.

File: /home/yj/project_new/fig_lorentz/fig3i/p.eps Graphic file (type eps)
</home/yj/project_new/fig_lorentz/fig3i/p.eps>
File: /home/yj/project_new/fig_lorentz/fig3h/p.eps Graphic file (type eps)

</home/yj/project_new/fig_lorentz/fig3h/p.eps>

LaTeX Warning: Reference `17-9-18-1' on page 60 undefined on input line 4115.


LaTeX Warning: Reference `17-9-18-1' on page 60 undefined on input line 4115.


LaTeX Warning: `h' float specifier changed to `ht'.

File: /home/yj/project_new/fig_lorentz/fig15c/p.eps Graphic file (type eps)
</home/yj/project_new/fig_lorentz/fig15c/p.eps>
File: /home/yj/project_new/fig_lorentz/fig15d/p.eps Graphic file (type eps)

</home/yj/project_new/fig_lorentz/fig15d/p.eps>
File: /home/yj/project_new/fig_lorentz/fig15e/p.eps Graphic file (type eps)

</home/yj/project_new/fig_lorentz/fig15e/p.eps>
File: /home/yj/project_new/fig_lorentz/fig15f/p.eps Graphic file (type eps)

</home/yj/project_new/fig_lorentz/fig15f/p.eps>

LaTeX Warning: `h' float specifier changed to `ht'.

File: ~/theory/tek_paper/etg_paper/grid/screenshot4.eps Graphic file (type eps)

<~/theory/tek_paper/etg_paper/grid/screenshot4.eps>
File: ~/theory/tek_paper/etg_paper/grid/screenshot5.eps Graphic file (type eps)


<~/theory/tek_paper/etg_paper/grid/screenshot5.eps>

LaTeX Warning: `h' float specifier changed to `ht'.

[60]

LaTeX Warning: Reference `17-10-2-p1' on page 61 undefined on input line 4211.

File: /home/yj/project_new/lorentz_ions/figures/fig4b/p.eps Graphic file (type 
eps)
</home/yj/project_new/lorentz_ions/figures/fig4b/p.eps>
File: /home/yj/project_new/lorentz_ions/figures/fig4/p.eps Graphic file (type e
ps)

</home/yj/project_new/lorentz_ions/figures/fig4/p.eps>

LaTeX Warning: `h' float specifier changed to `ht'.

[61] [62] [63] [64] [65]

LaTeX Warning: Reference `17-12-5-8' on page 66 undefined on input line 4539.

File: /home/yj/project_new/fig_lorentz/fig19/p.eps Graphic file (type eps)
</home/yj/project_new/fig_lorentz/fig19/p.eps>

LaTeX Warning: `h' float specifier changed to `ht'.

[66] [67]
Overfull \hbox (1.94237pt too wide) in alignment at lines 4655--4666
 [][][] []
 []

[68]
File: /home/yj/project_new/fig_lorentz/fig31/p.eps Graphic file (type eps)
 </home/yj/project_new/fig_lorentz/fig31/p.eps>
File: /home/yj/project_new/fig_lorentz/fig31b/p.eps Graphic file (type eps)

</home/yj/project_new/fig_lorentz/fig31b/p.eps>

LaTeX Warning: `h' float specifier changed to `ht'.

[69]
Overfull \hbox (39.94058pt too wide) detected at line 4831
[][] [] \OT1/cmr/m/n/10 = \OMS/cmsy/m/n/10 ^^@\OML/cmm/m/it/10 ^^V[]R[][] \OMS/
cmsy/m/n/10 ^^@ []\OML/cmm/m/it/10 g;
 []

[70]
Overfull \hbox (38.82536pt too wide) detected at line 4896
[]\OT1/cmr/m/n/10 (\OML/cmm/m/it/10 	[]h[]\OT1/cmr/m/n/10 )[]\OMS/cmsy/m/n/10 j
[] \OT1/cmr/m/n/10 = \OML/cmm/m/it/10 H[]\OT1/cmr/m/n/10 (\OML/cmm/m/it/10 	[] 
\OT1/cmr/m/n/10 + \OML/cmm/m/it/10 	[] \OMS/cmsy/m/n/10 ^^@ \OML/cmm/m/it/10 	[
] \OMS/cmsy/m/n/10 ^^@ \OML/cmm/m/it/10 	[]\OT1/cmr/m/n/10 ) \OMS/cmsy/m/n/10 ^
^@ \OML/cmm/m/it/10 H[]\OT1/cmr/m/n/10 (\OML/cmm/m/it/10 	[] \OT1/cmr/m/n/10 + 
\OML/cmm/m/it/10 	[] \OMS/cmsy/m/n/10 ^^@ \OML/cmm/m/it/10 	[] \OMS/cmsy/m/n/10
 ^^@ \OML/cmm/m/it/10 	[]\OT1/cmr/m/n/10 )\OML/cmm/m/it/10 :
 []


Overfull \hbox (69.98027pt too wide) in alignment at lines 4904--4914
 [][][] []
 []


Overfull \hbox (63.92677pt too wide) in alignment at lines 4917--4949
 [][][] []
 []

[71]
Overfull \hbox (318.87346pt too wide) in alignment at lines 4987--5000
 [][][] []
 []

[72] [73]

LaTeX Warning: Reference `4-25-p10' on page 74 undefined on input line 5158.

File: /home/yj/project_new/inverse_metric_method/fig1/plt.eps Graphic file (typ
e eps)
</home/yj/project_new/inverse_metric_method/fig1/plt.eps>
File: /home/yj/project_new/inverse_metric_method/fig2/plt.eps Graphic file (typ
e eps)

</home/yj/project_new/inverse_metric_method/fig2/plt.eps>

LaTeX Warning: `h' float specifier changed to `ht'.


LaTeX Warning: Reference `12-26-1' on page 74 undefined on input line 5178.

[74]
File: /home/yj/project_new/inverse_metric_method/fig3/plt.eps Graphic file (typ
e eps)
 </home/yj/project_new/inverse_metric_method/fig3/plt.eps>
File: /home/yj/project_new/inverse_metric_method/fig4/plt.eps Graphic file (typ
e eps)

</home/yj/project_new/inverse_metric_method/fig4/plt.eps>
File: /home/yj/project_new/inverse_metric_method/fig3/reshape.eps Graphic file 
(type eps)

</home/yj/project_new/inverse_metric_method/fig3/reshape.eps>
File: /home/yj/project_new/inverse_metric_method/fig6/plt.eps Graphic file (typ
e eps)

</home/yj/project_new/inverse_metric_method/fig6/plt.eps>
File: /home/yj/project_new/inverse_metric_method/fig5/plt.eps Graphic file (typ
e eps)

</home/yj/project_new/inverse_metric_method/fig5/plt.eps>

LaTeX Warning: `h' float specifier changed to `ht'.


LaTeX Warning: Reference `3-15-a2' on page 75 undefined on input line 5206.

File: /home/yj/project_new/inverse_metric_method/fig13/tmp.eps Graphic file (ty
pe eps)
</home/yj/project_new/inverse_metric_method/fig13/tmp.eps>

LaTeX Warning: `h' float specifier changed to `ht'.


LaTeX Warning: Reference `10-31-e8' on page 75 undefined on input line 5227.

File: /home/yj/project_new/inverse_metric_method/fig14/tmp1.eps Graphic file (t
ype eps)
</home/yj/project_new/inverse_metric_method/fig14/tmp1.eps>
File: /home/yj/project_new/inverse_metric_method/fig14/tmp2.eps Graphic file (t
ype eps)

</home/yj/project_new/inverse_metric_method/fig14/tmp2.eps>

LaTeX Warning: `h' float specifier changed to `ht'.

[75] [76]
Overfull \hbox (26.95383pt too wide) detected at line 5383
[] \OMS/cmsy/m/n/10 ) \OML/cmm/m/it/10 V[] [] 	[] \OT1/cmr/m/n/10 + [][] \OML/c
mm/m/it/10 	[] \OT1/cmr/m/n/10 + \OML/cmm/m/it/10 ^^V[]V[][] \OT1/cmr/m/n/10 + 
\OML/cmm/m/it/10 q\OT1/cmr/m/n/10 (2\OML/cmm/m/it/10 ^^Y\OT1/cmr/m/n/10 )[] [] 
\OML/cmm/m/it/10 	[] \OT1/cmr/m/n/10 + \OML/cmm/m/it/10 q\OT1/cmr/m/n/10 (2\OML
/cmm/m/it/10 ^^Y\OT1/cmr/m/n/10 )[] [][] \OML/cmm/m/it/10 	[] \OT1/cmr/m/n/10 =
 0
 []

[77] [78]
Overfull \hbox (37.58902pt too wide) in alignment at lines 5538--5559
 [][][] []
 []

[79] [80]

LaTeX Warning: Reference `19-5-4-p1' on page 81 undefined on input line 5671.

File: /home/yj/project_new/nbi_fig/fig10b/p.eps Graphic file (type eps)
</home/yj/project_new/nbi_fig/fig10b/p.eps>

LaTeX Warning: `h' float specifier changed to `ht'.

[81]

LaTeX Warning: Reference `19-5-4-p2' on page 82 undefined on input line 5778.

File: /home/yj/project_new/nbi_fig/fig13d/p.eps Graphic file (type eps)
</home/yj/project_new/nbi_fig/fig13d/p.eps>
File: /home/yj/project_new/nbi_fig/fig10/p.eps Graphic file (type eps)

</home/yj/project_new/nbi_fig/fig10/p.eps>

LaTeX Warning: `h' float specifier changed to `ht'.


LaTeX Warning: `h' float specifier changed to `ht'.


LaTeX Warning: `h' float specifier changed to `ht'.


LaTeX Warning: `h' float specifier changed to `ht'.

[82] [83]

LaTeX Warning: Reference `8-15-4' on page 84 undefined on input line 5978.


LaTeX Warning: `h' float specifier changed to `ht'.

File: /home/yj/theory/figures/transp_barrier.eps Graphic file (type eps)
</home/yj/theory/figures/transp_barrier.eps>

LaTeX Warning: `h' float specifier changed to `ht'.

File: /home/yj/project_new/read_gfile/fig37/pressure.eps Graphic file (type eps
)
</home/yj/project_new/read_gfile/fig37/pressure.eps>

LaTeX Warning: `h' float specifier changed to `ht'.

[84] [85]

LaTeX Warning: Reference `4-24-p6' on page 86 undefined on input line 6172.

File: /home/yj/project_new/solovev_equilibrium/fig1/plt.eps Graphic file (type 
eps)
</home/yj/project_new/solovev_equilibrium/fig1/plt.eps>

LaTeX Warning: `h' float specifier changed to `ht'.

[86] [87] [88] [89]

LaTeX Warning: Reference `15-6-21-1' on page 90 undefined on input line 6424.

[90] [91] [92] [93] [94]
File: /home/yj/project_new/fig_lorentz/fig3/p.eps Graphic file (type eps)
 </home/yj/project_new/fig_lorentz/fig3/p.eps>

LaTeX Warning: `h' float specifier changed to `ht'.

[95]

LaTeX Warning: Reference `7-9-1' on page 96 undefined on input line 6795.

File: /home/yj/theory/tokamak_equilibrium/figures/r_theta_coordinates-1.eps Gra
phic file (type eps)
</home/yj/theory/tokamak_equilibrium/figures/r_theta_coordinates-1.eps>

LaTeX Warning: `h' float specifier changed to `ht'.

[96]
Overfull \hbox (167.69604pt too wide) in alignment at lines 6914--6953
 [][][] []
 []


Overfull \hbox (8.31915pt too wide) detected at line 6975
[] [] \OML/cmm/m/it/10 	 \OMS/cmsy/m/n/10 ^^@ [] [] \OT1/cmr/m/n/10 = \OMS/cmsy
/m/n/10 ^^@\OML/cmm/m/it/10 ^^V[]\OT1/cmr/m/n/10 (\OML/cmm/m/it/10 R[] \OT1/cmr
/m/n/10 + \OML/cmm/m/it/10 r [] ^^R\OT1/cmr/m/n/10 )[][] \OMS/cmsy/m/n/10 ^^@ [
]\OML/cmm/m/it/10 g\OT1/cmr/m/n/10 (\OML/cmm/m/it/10 	\OT1/cmr/m/n/10 )\OML/cmm
/m/it/10 ;
 []

[97]
Overfull \hbox (349.37482pt too wide) detected at line 7000
[][]\OML/cmm/m/it/10 r[] \OT1/cmr/m/n/10 + [][]\OML/cmm/m/it/10 r[] \OT1/cmr/m/
n/10 + [][] + [][] \OMS/cmsy/m/n/10 ^^@ [] [] ^^@ [] [] \OT1/cmr/m/n/10 = \OMS/
cmsy/m/n/10 ^^@\OML/cmm/m/it/10 ^^V[]\OT1/cmr/m/n/10 (\OML/cmm/m/it/10 R[] \OT1
/cmr/m/n/10 + \OML/cmm/m/it/10 r [] ^^R\OT1/cmr/m/n/10 )[]\OML/cmm/m/it/10 P[]\
OT1/cmr/m/n/10 (\OML/cmm/m/it/10 	[] \OT1/cmr/m/n/10 + \OML/cmm/m/it/10 	[]\OT1
/cmr/m/n/10 ) \OMS/cmsy/m/n/10 ^^@ \OML/cmm/m/it/10 g[]\OT1/cmr/m/n/10 (\OML/cm
m/m/it/10 	[] \OT1/cmr/m/n/10 + \OML/cmm/m/it/10 	[]\OT1/cmr/m/n/10 )\OML/cmm/m
/it/10 g\OT1/cmr/m/n/10 (\OML/cmm/m/it/10 	[] \OT1/cmr/m/n/10 + \OML/cmm/m/it/1
0 	[]\OT1/cmr/m/n/10 )
 []


Overfull \hbox (422.3125pt too wide) detected at line 7014
[]\OML/cmm/m/it/10 R[][][]r[] \OT1/cmr/m/n/10 + \OML/cmm/m/it/10 R[][][]r[] \OT
1/cmr/m/n/10 + \OML/cmm/m/it/10 R[][][] \OT1/cmr/m/n/10 + \OML/cmm/m/it/10 R[][
][] \OMS/cmsy/m/n/10 ^^@ [] [] ^^@ [] [] \OT1/cmr/m/n/10 = \OMS/cmsy/m/n/10 ^^@
\OML/cmm/m/it/10 ^^V[]R[]\OT1/cmr/m/n/10 (\OML/cmm/m/it/10 R[] \OT1/cmr/m/n/10 
+ \OML/cmm/m/it/10 r [] ^^R\OT1/cmr/m/n/10 )[]\OML/cmm/m/it/10 P[]\OT1/cmr/m/n/
10 (\OML/cmm/m/it/10 	[] \OT1/cmr/m/n/10 + \OML/cmm/m/it/10 	[]\OT1/cmr/m/n/10 
) \OMS/cmsy/m/n/10 ^^@ \OML/cmm/m/it/10 R[]g[]\OT1/cmr/m/n/10 (\OML/cmm/m/it/10
 	[] \OT1/cmr/m/n/10 + \OML/cmm/m/it/10 	[]\OT1/cmr/m/n/10 )\OML/cmm/m/it/10 g\
OT1/cmr/m/n/10 (\OML/cmm/m/it/10 	[] \OT1/cmr/m/n/10 + \OML/cmm/m/it/10 	[]\OT1
/cmr/m/n/10 )
 []

[98]
Overfull \hbox (30.85277pt too wide) detected at line 7091
\OML/cmm/m/it/10 R[][][]r[] \OT1/cmr/m/n/10 + \OML/cmm/m/it/10 R[][][] \OMS/cms
y/m/n/10 ^^@ \OML/cmm/m/it/10 R[][] [] ^^R \OT1/cmr/m/n/10 = \OMS/cmsy/m/n/10 ^
^@\OML/cmm/m/it/10 ^^V[]R[]\OT1/cmr/m/n/10 2\OML/cmm/m/it/10 R[]r [] ^^RP[]\OT1
/cmr/m/n/10 (\OML/cmm/m/it/10 	[]\OT1/cmr/m/n/10 ) \OMS/cmsy/m/n/10 ^^@ \OML/cm
m/m/it/10 ^^V[]R[]P[]\OT1/cmr/m/n/10 (\OML/cmm/m/it/10 	[]\OT1/cmr/m/n/10 )\OML
/cmm/m/it/10 	[] \OMS/cmsy/m/n/10 ^^@ \OML/cmm/m/it/10 R[]\OT1/cmr/m/n/10 [\OML
/cmm/m/it/10 g[]\OT1/cmr/m/n/10 (\OML/cmm/m/it/10 	[]\OT1/cmr/m/n/10 )\OML/cmm/
m/it/10 g\OT1/cmr/m/n/10 (\OML/cmm/m/it/10 	[]\OT1/cmr/m/n/10 )][]\OML/cmm/m/it
/10 	[]
 []


Overfull \hbox (30.24445pt too wide) detected at line 7099
[]\OML/cmm/m/it/10 R[][][]r[] \OT1/cmr/m/n/10 + \OML/cmm/m/it/10 R[][][] \OT1/c
mr/m/n/10 + \OMS/cmsy/m/n/10 f\OML/cmm/m/it/10 ^^V[]R[]P[]\OT1/cmr/m/n/10 (\OML
/cmm/m/it/10 	[]\OT1/cmr/m/n/10 ) + \OML/cmm/m/it/10 R[]\OT1/cmr/m/n/10 [\OML/c
mm/m/it/10 g[]\OT1/cmr/m/n/10 (\OML/cmm/m/it/10 	[]\OT1/cmr/m/n/10 )\OML/cmm/m/
it/10 g\OT1/cmr/m/n/10 (\OML/cmm/m/it/10 	[]\OT1/cmr/m/n/10 )][]\OMS/cmsy/m/n/1
0 g\OML/cmm/m/it/10 	[] \OT1/cmr/m/n/10 = \OMS/cmsy/m/n/10 ^^@\OML/cmm/m/it/10 
^^V[]R[]\OT1/cmr/m/n/10 2\OML/cmm/m/it/10 R[]r [] ^^RP[]\OT1/cmr/m/n/10 (\OML/c
mm/m/it/10 	[]\OT1/cmr/m/n/10 ) + \OML/cmm/m/it/10 R[][] [] ^^R
 []


Overfull \hbox (50.1852pt too wide) detected at line 7106
[]\OML/cmm/m/it/10 R[][][]r[] \OT1/cmr/m/n/10 + \OML/cmm/m/it/10 R[][][] \OT1/c
mr/m/n/10 + []\OMS/cmsy/m/n/10 f\OML/cmm/m/it/10 ^^V[]R[]P[]\OT1/cmr/m/n/10 (\O
ML/cmm/m/it/10 	[]\OT1/cmr/m/n/10 ) + \OML/cmm/m/it/10 R[]g[]\OT1/cmr/m/n/10 (\
OML/cmm/m/it/10 	[]\OT1/cmr/m/n/10 )\OML/cmm/m/it/10 g\OT1/cmr/m/n/10 (\OML/cmm
/m/it/10 	[]\OT1/cmr/m/n/10 )\OMS/cmsy/m/n/10 g[]\OML/cmm/m/it/10 	[] \OT1/cmr/
m/n/10 = \OMS/cmsy/m/n/10 ^^@\OML/cmm/m/it/10 ^^V[]R[]\OT1/cmr/m/n/10 2\OML/cmm
/m/it/10 R[]r [] ^^RP[]\OT1/cmr/m/n/10 (\OML/cmm/m/it/10 	[]\OT1/cmr/m/n/10 ) +
 \OML/cmm/m/it/10 R[][] [] ^^R
 []


Overfull \hbox (129.4487pt too wide) detected at line 7123
[]\OML/cmm/m/it/10 R[][][] [] \OMS/cmsy/m/n/10 ^^@ \OML/cmm/m/it/10 R[][]^^A[] 
\OT1/cmr/m/n/10 + []\OMS/cmsy/m/n/10 f\OML/cmm/m/it/10 ^^V[]R[]P[]\OT1/cmr/m/n/
10 (\OML/cmm/m/it/10 	[]\OT1/cmr/m/n/10 ) + \OML/cmm/m/it/10 R[]g[]\OT1/cmr/m/n
/10 (\OML/cmm/m/it/10 	[]\OT1/cmr/m/n/10 )\OML/cmm/m/it/10 g\OT1/cmr/m/n/10 (\O
ML/cmm/m/it/10 	[]\OT1/cmr/m/n/10 )\OMS/cmsy/m/n/10 g[]\OML/cmm/m/it/10 ^^A[] \
OT1/cmr/m/n/10 = \OMS/cmsy/m/n/10 ^^@\OML/cmm/m/it/10 ^^V[]R[]\OT1/cmr/m/n/10 2
\OML/cmm/m/it/10 R[]rP[]\OT1/cmr/m/n/10 (\OML/cmm/m/it/10 	[]\OT1/cmr/m/n/10 ) 
+ \OML/cmm/m/it/10 R[][]
 []


Overfull \hbox (124.3502pt too wide) detected at line 7132
[]\OML/cmm/m/it/10 R[][][] [] \OT1/cmr/m/n/10 + \OML/cmm/m/it/10 R[][][] [] \OM
S/cmsy/m/n/10 ^^@ \OML/cmm/m/it/10 R[][]^^A[] \OT1/cmr/m/n/10 + []\OMS/cmsy/m/n
/10 f\OML/cmm/m/it/10 ^^V[]R[]P[]\OT1/cmr/m/n/10 (\OML/cmm/m/it/10 	[]\OT1/cmr/
m/n/10 ) + \OML/cmm/m/it/10 R[]g[]\OT1/cmr/m/n/10 (\OML/cmm/m/it/10 	[]\OT1/cmr
/m/n/10 )\OML/cmm/m/it/10 g\OT1/cmr/m/n/10 (\OML/cmm/m/it/10 	[]\OT1/cmr/m/n/10
 )\OMS/cmsy/m/n/10 g\OML/cmm/m/it/10 ^^A \OT1/cmr/m/n/10 = \OMS/cmsy/m/n/10 ^^@
\OML/cmm/m/it/10 ^^V[]R[]\OT1/cmr/m/n/10 2\OML/cmm/m/it/10 R[]rP[]\OT1/cmr/m/n/
10 (\OML/cmm/m/it/10 	[]\OT1/cmr/m/n/10 ) + \OML/cmm/m/it/10 R[][]
 []


Overfull \hbox (182.92184pt too wide) detected at line 7140
[]\OML/cmm/m/it/10 R[][][] [] \OT1/cmr/m/n/10 + \OML/cmm/m/it/10 ^^AR[][][] [] 
\OT1/cmr/m/n/10 + \OML/cmm/m/it/10 R[][][] \OMS/cmsy/m/n/10 ^^@ \OML/cmm/m/it/1
0 R[][]^^A[] \OT1/cmr/m/n/10 + []\OMS/cmsy/m/n/10 f\OML/cmm/m/it/10 ^^V[]R[]P[]
\OT1/cmr/m/n/10 (\OML/cmm/m/it/10 	[]\OT1/cmr/m/n/10 ) + \OML/cmm/m/it/10 R[]g[
]\OT1/cmr/m/n/10 (\OML/cmm/m/it/10 	[]\OT1/cmr/m/n/10 )\OML/cmm/m/it/10 g\OT1/c
mr/m/n/10 (\OML/cmm/m/it/10 	[]\OT1/cmr/m/n/10 )\OMS/cmsy/m/n/10 g\OML/cmm/m/it
/10 ^^A \OT1/cmr/m/n/10 = \OMS/cmsy/m/n/10 ^^@\OML/cmm/m/it/10 ^^V[]R[]\OT1/cmr
/m/n/10 2\OML/cmm/m/it/10 R[]rP[]\OT1/cmr/m/n/10 (\OML/cmm/m/it/10 	[]\OT1/cmr/
m/n/10 ) + \OML/cmm/m/it/10 R[][]
 []

[99]
Overfull \hbox (179.09877pt too wide) detected at line 7148
[]\OML/cmm/m/it/10 R[][][] [] \OT1/cmr/m/n/10 + \OML/cmm/m/it/10 ^^AR[] [] \OT1
/cmr/m/n/10 + \OML/cmm/m/it/10 R[][][] \OT1/cmr/m/n/10 + []\OMS/cmsy/m/n/10 f\O
ML/cmm/m/it/10 ^^V[]R[]P[]\OT1/cmr/m/n/10 (\OML/cmm/m/it/10 	[]\OT1/cmr/m/n/10 
) + \OML/cmm/m/it/10 R[]g[]\OT1/cmr/m/n/10 (\OML/cmm/m/it/10 	[]\OT1/cmr/m/n/10
 )\OML/cmm/m/it/10 g\OT1/cmr/m/n/10 (\OML/cmm/m/it/10 	[]\OT1/cmr/m/n/10 )\OMS/
cmsy/m/n/10 g\OML/cmm/m/it/10 ^^A \OT1/cmr/m/n/10 = \OMS/cmsy/m/n/10 ^^@\OML/cm
m/m/it/10 ^^V[]R[]\OT1/cmr/m/n/10 2\OML/cmm/m/it/10 R[]rP[]\OT1/cmr/m/n/10 (\OM
L/cmm/m/it/10 	[]\OT1/cmr/m/n/10 ) + \OML/cmm/m/it/10 R[][]
 []


Overfull \hbox (132.32886pt too wide) detected at line 7161
[]\OML/cmm/m/it/10 R[][][] [] \OT1/cmr/m/n/10 + \OML/cmm/m/it/10 ^^AR[][] [] \O
T1/cmr/m/n/10 + \OML/cmm/m/it/10 R[][][] \OT1/cmr/m/n/10 + []\OMS/cmsy/m/n/10 f
\OML/cmm/m/it/10 ^^V[]R[]P[]\OT1/cmr/m/n/10 (\OML/cmm/m/it/10 	[]\OT1/cmr/m/n/1
0 ) + \OML/cmm/m/it/10 R[]g[]\OT1/cmr/m/n/10 (\OML/cmm/m/it/10 	[]\OT1/cmr/m/n/
10 )\OML/cmm/m/it/10 g\OT1/cmr/m/n/10 (\OML/cmm/m/it/10 	[]\OT1/cmr/m/n/10 )\OM
S/cmsy/m/n/10 g\OML/cmm/m/it/10 ^^A \OT1/cmr/m/n/10 = \OMS/cmsy/m/n/10 ^^@\OML/
cmm/m/it/10 ^^V[]R[]\OT1/cmr/m/n/10 2\OML/cmm/m/it/10 R[]rP[]\OT1/cmr/m/n/10 (\
OML/cmm/m/it/10 	[]\OT1/cmr/m/n/10 ) + \OML/cmm/m/it/10 R[][]
 []

[100] [101] [102]
Underfull \hbox (badness 10000) in paragraph at lines 7402--7405
[]\OT1/cmr/m/n/9 R Ay-mar, P Barabaschi, and Y Shi-mo-mura.  The ITER de-sign.
 []

[103]
Overfull \hbox (216.85489pt too wide) in paragraph at lines 7525--7530
[]\OT1/cmr/m/n/9 Youwen Sun.  Toka-mak ge-om-e-try and equi-lib-rium.  [][][][]
,
 []


Underfull \hbox (badness 8132) in paragraph at lines 7550--7553
[]\OT1/cmr/m/n/9 B J Xiao, D A Humphreys, and M L Walker.  East plasma con-trol
 sys-tem.
 []

Package atveryend Info: Empty hook `BeforeClearDocument' on input line 7559.
[104]
Missing character: There is no ï in font cmr10!
Missing character: There is no î in font cmr10!
Missing character: There is no í in font cmr10!
Missing character: There is no ì in font cmr10!
Missing character: There is no ë in font cmr10!
Missing character: There is no ê in font cmr10!
Missing character: There is no é in font cmr10!
Missing character: There is no è in font cmr10!
Missing character: There is no ç in font cmr10!
Missing character: There is no æ in font cmr10!
Missing character: There is no å in font cmr10!
Missing character: There is no ä in font cmr10!
Missing character: There is no ã in font cmr10!
Missing character: There is no â in font cmr10!
Missing character: There is no á in font cmr10!
Missing character: There is no à in font cmr10!
Missing character: There is no ß in font cmr10!
Missing character: There is no Þ in font cmr10!
Missing character: There is no Ý in font cmr10!
Missing character: There is no Ü in font cmr10!
Missing character: There is no Û in font cmr10!
Missing character: There is no × in font cmr10!
Missing character: There is no Ö in font cmr10!
Missing character: There is no Õ in font cmr10!
Missing character: There is no Ô in font cmr10!
Missing character: There is no Ó in font cmr10!
Missing character: There is no Ò in font cmr10!
 [105

]
Missing character: There is no ï in font cmr10!
Missing character: There is no î in font cmr10!
Missing character: There is no í in font cmr10!
Missing character: There is no ì in font cmr10!
Missing character: There is no ë in font cmr10!
Missing character: There is no ê in font cmr10!
Missing character: There is no é in font cmr10!
Missing character: There is no è in font cmr10!
Missing character: There is no ç in font cmr10!
Missing character: There is no æ in font cmr10!
Missing character: There is no å in font cmr10!
Missing character: There is no ä in font cmr10!
Missing character: There is no ã in font cmr10!
Missing character: There is no â in font cmr10!
Missing character: There is no á in font cmr10!
Missing character: There is no à in font cmr10!
Missing character: There is no ß in font cmr10!
Missing character: There is no Þ in font cmr10!
Missing character: There is no Ý in font cmr10!
Missing character: There is no Ü in font cmr10!
Missing character: There is no Û in font cmr10!
Missing character: There is no × in font cmr10!
Missing character: There is no Ö in font cmr10!
Missing character: There is no Õ in font cmr10!
Missing character: There is no Ô in font cmr10!
Missing character: There is no Ó in font cmr10!
Missing character: There is no Ò in font cmr10!
Missing character: There is no ï in font cmr10!
Missing character: There is no î in font cmr10!
Missing character: There is no í in font cmr10!
Missing character: There is no ì in font cmr10!
Missing character: There is no ë in font cmr10!
Missing character: There is no ê in font cmr10!
Missing character: There is no é in font cmr10!
Missing character: There is no è in font cmr10!
Missing character: There is no ç in font cmr10!
Missing character: There is no æ in font cmr10!
Missing character: There is no å in font cmr10!
Missing character: There is no ä in font cmr10!
Missing character: There is no ã in font cmr10!
Missing character: There is no â in font cmr10!
Missing character: There is no á in font cmr10!
Missing character: There is no à in font cmr10!
Missing character: There is no ß in font cmr10!
Missing character: There is no Þ in font cmr10!
Missing character: There is no Ý in font cmr10!
Missing character: There is no Ü in font cmr10!
Missing character: There is no Û in font cmr10!
Missing character: There is no × in font cmr10!
Missing character: There is no Ö in font cmr10!
Missing character: There is no Õ in font cmr10!
Missing character: There is no Ô in font cmr10!
Missing character: There is no Ó in font cmr10!
Missing character: There is no Ò in font cmr10!

Overfull \vbox (10.0pt too high) has occurred while \output is active []

Package atveryend Info: Empty hook `AfterLastShipout' on input line 7559.

(./tmp1.aux)
Package atveryend Info: Empty hook `AtVeryEndDocument' on input line 7559.
Package atveryend Info: Executing hook `AtEndAfterFileList' on input line 7559.

Package rerunfilecheck Info: File `tmp1.out' has not changed.
(rerunfilecheck)             Checksum: FFBE87A0C8CBC0CF87B22081F96086CE;63.


LaTeX Warning: There were undefined references.

Package atveryend Info: Empty hook `AtVeryVeryEnd' on input line 7559.
 ) 
Here is how much of TeX's memory you used:
 8537 strings out of 481240
 131032 string characters out of 5920403
 529785 words of memory out of 5000000
 23566 multiletter control sequences out of 15000+600000
 547978 words of font info for 83 fonts, out of 8000000 for 9000
 1141 hyphenation exceptions out of 8191
 37i,13n,37p,764b,465s stack positions out of 5000i,500n,10000p,200000b,80000s

Output written on tmp1.dvi (105 pages, 747564 bytes).
