\BOOKMARK [1][-]{section.1}{ Axisymmetric magnetic field}{}% 1
\BOOKMARK [2][-]{subsection.1.1}{Gauge transformation of }{section.1}% 2
\BOOKMARK [2][-]{subsection.1.2}{Contours of \040in the poloidal plane}{section.1}% 3
\BOOKMARK [2][-]{subsection.1.3}{Magnetic surfaces}{section.1}% 4
\BOOKMARK [2][-]{subsection.1.4}{Relation of \040with the poloidal magnetic flux}{section.1}% 5
\BOOKMARK [2][-]{subsection.1.5}{Measurement of poloidal magnetic flux}{section.1}% 6
\BOOKMARK [2][-]{subsection.1.6}{Closed magnetic surfaces in tokamak}{section.1}% 7
\BOOKMARK [3][-]{subsubsection.1.6.1}{Shape parameters of a closed magnetic surface}{subsection.1.6}% 8
\BOOKMARK [2][-]{subsection.1.7}{Safety factor}{section.1}% 9
\BOOKMARK [3][-]{subsubsection.1.7.1}{Definition of safety factor}{subsection.1.7}% 10
\BOOKMARK [3][-]{subsubsection.1.7.2}{Expression of safety factor in terms of magnetic field}{subsection.1.7}% 11
\BOOKMARK [3][-]{subsubsection.1.7.3}{Expression of safety factor in terms of magnetic flux}{subsection.1.7}% 12
\BOOKMARK [3][-]{subsubsection.1.7.4}{Rational surfaces vs. irrational surfaces}{subsection.1.7}% 13
\BOOKMARK [2][-]{subsection.1.8}{Non-axisymmetric magnetic perturbations}{section.1}% 14
\BOOKMARK [1][-]{section.2}{Plasma current density in terms of \040and g}{}% 15
\BOOKMARK [2][-]{subsection.2.1}{Poloidal current density}{section.2}% 16
\BOOKMARK [2][-]{subsection.2.2}{Toroidal current density}{section.2}% 17
\BOOKMARK [1][-]{section.3}{Constraint of force-balance on axisymmetric magnetic field}{}% 18
\BOOKMARK [2][-]{subsection.3.1}{MHD momentum equation}{section.3}% 19
\BOOKMARK [2][-]{subsection.3.2}{Force balance equation in tokamak plasmas: Grad-Shafranov equation}{section.3}% 20
\BOOKMARK [3][-]{subsubsection.3.2.1}{Parallel force balance }{subsection.3.2}% 21
\BOOKMARK [3][-]{subsubsection.3.2.2}{Toroidal force balance}{subsection.3.2}% 22
\BOOKMARK [3][-]{subsubsection.3.2.3}{Force balance along the major radius}{subsection.3.2}% 23
\BOOKMARK [2][-]{subsection.3.3}{Axisymmetric equilibrium magnetic field}{section.3}% 24
\BOOKMARK [2][-]{subsection.3.4}{Axisymmetric equilibrium current density}{section.3}% 25
\BOOKMARK [2][-]{subsection.3.5}{Vacuum solution of the GS equation}{section.3}% 26
\BOOKMARK [2][-]{subsection.3.6}{Equilibrium scaling}{section.3}% 27
\BOOKMARK [2][-]{subsection.3.7}{Free boundary equilibrium problem}{section.3}% 28
\BOOKMARK [2][-]{subsection.3.8}{Fixed boundary equilibrium problem}{section.3}% 29
\BOOKMARK [1][-]{section.4}{Curvilinear coordinate system}{}% 30
\BOOKMARK [2][-]{subsection.4.1}{Coordinates transformation and Jacobian}{section.4}% 31
\BOOKMARK [2][-]{subsection.4.2}{Orthogonality relation between two sets of basis vectors}{section.4}% 32
\BOOKMARK [2][-]{subsection.4.3}{An example: \(, , \) coordinates}{section.4}% 33
\BOOKMARK [2][-]{subsection.4.4}{Gradient and directional derivative in general coordinates \(, , \)}{section.4}% 34
\BOOKMARK [2][-]{subsection.4.5}{Divergence operator in general coordinates \(, , \)}{section.4}% 35
\BOOKMARK [2][-]{subsection.4.6}{Laplacian operator in general coordinates \(, , \)}{section.4}% 36
\BOOKMARK [2][-]{subsection.4.7}{Curl operator in general coordinates \(, , \)}{section.4}% 37
\BOOKMARK [2][-]{subsection.4.8}{Metric tensor for general coordinate system}{section.4}% 38
\BOOKMARK [3][-]{subsubsection.4.8.1}{Special case: metric tensor for \(, , \) coordinate system}{subsection.4.8}% 39
\BOOKMARK [2][-]{subsection.4.9}{Covariant/contravariant representation of equilibrium magnetic field}{section.4}% 40
\BOOKMARK [1][-]{section.5}{Magnetic coordinates \(, , \)}{}% 41
\BOOKMARK [2][-]{subsection.5.1}{Local and global safety factors}{section.5}% 42
\BOOKMARK [2][-]{subsection.5.2}{Relation between Jacobian and poloidal angle }{section.5}% 43
\BOOKMARK [2][-]{subsection.5.3}{Calculating poloidal angle}{section.5}% 44
\BOOKMARK [3][-]{subsubsection.5.3.1}{Normalized poloidal angle}{subsection.5.3}% 45
\BOOKMARK [3][-]{subsubsection.5.3.2}{Jacobian for equal-arc-length poloidal angle}{subsection.5.3}% 46
\BOOKMARK [3][-]{subsubsection.5.3.3}{Jacobian for equal-volume poloidal angle}{subsection.5.3}% 47
\BOOKMARK [3][-]{subsubsection.5.3.4}{Jacobian of Boozer's poloidal angle}{subsection.5.3}% 48
\BOOKMARK [3][-]{subsubsection.5.3.5}{Jacobian for PEST poloidal angle}{subsection.5.3}% 49
\BOOKMARK [3][-]{subsubsection.5.3.6}{Comparison between different types of poloidal angle}{subsection.5.3}% 50
\BOOKMARK [3][-]{subsubsection.5.3.7}{Verification of Jabobian}{subsection.5.3}% 51
\BOOKMARK [3][-]{subsubsection.5.3.8}{Radial coordinate}{subsection.5.3}% 52
\BOOKMARK [1][-]{section.6}{Constructing magnetic surface coordinate system from discrete \(R, Z\) data}{}% 53
\BOOKMARK [2][-]{subsection.6.1}{Finding magnetic surfaces}{section.6}% 54
\BOOKMARK [2][-]{subsection.6.2}{Expression of metric elements of magnetic coordinates \(, , \)}{section.6}% 55
\BOOKMARK [1][-]{section.7}{Constructing model tokamak magnetic field}{}% 56
\BOOKMARK [1][-]{section.8}{Magnetic surface averaging}{}% 57
\BOOKMARK [2][-]{subsection.8.1}{Definition}{section.8}% 58
\BOOKMARK [2][-]{subsection.8.2}{Flux Surface Functions}{section.8}% 59
\BOOKMARK [1][-]{section.9}{Magnetic coordinates \(, , \) withgeneral toroidal angle }{}% 60
\BOOKMARK [2][-]{subsection.9.1}{Definition of general toroidal angle }{section.9}% 61
\BOOKMARK [2][-]{subsection.9.2}{ Contravariant form of magnetic field in \(, , \) coordinates}{section.9}% 62
\BOOKMARK [2][-]{subsection.9.3}{Other expressions for magnetic field}{section.9}% 63
\BOOKMARK [2][-]{subsection.9.4}{Relation between the partial derivatives in \(, , \) and \(, , \) coordinates}{section.9}% 64
\BOOKMARK [2][-]{subsection.9.5}{Steps to construct a straight-line magnetic coordinate system}{section.9}% 65
\BOOKMARK [2][-]{subsection.9.6}{Form of operator B \040in \(, , \) coordinates}{section.9}% 66
\BOOKMARK [2][-]{subsection.9.7}{Resonant surface of a perturbation}{section.9}% 67
\BOOKMARK [2][-]{subsection.9.8}{Poloidal angle used in tearing mode theory}{section.9}% 68
\BOOKMARK [2][-]{subsection.9.9}{Covariant form of magnetic field in \(, , \) coordinate system}{section.9}% 69
\BOOKMARK [2][-]{subsection.9.10}{Form of operator \(B / B2\) \040in \(, , \) coordinates}{section.9}% 70
\BOOKMARK [2][-]{subsection.9.11}{Radial differential operator}{section.9}% 71
\BOOKMARK [1][-]{section.10}{Field-line-following coordinates}{}% 72
\BOOKMARK [2][-]{subsection.10.1}{Definition of the field-line-following coordinates \(, , \)}{section.10}% 73
\BOOKMARK [2][-]{subsection.10.2}{Field-aligned coordinates in GEMychen2007 and GENEgorler2016 codes}{section.10}% 74
\BOOKMARK [2][-]{subsection.10.3}{Visualization of grids in field aligned coordinates}{section.10}% 75
\BOOKMARK [3][-]{subsubsection.10.3.1}{Radial wavenumber in field-aligned coordinates \(, , \)}{subsection.10.3}% 76
\BOOKMARK [3][-]{subsubsection.10.3.2}{Periodic conditions of physical quantity along \040and \040in field-line-following coordinates \(, , \)}{subsection.10.3}% 77
\BOOKMARK [3][-]{subsubsection.10.3.3}{Numerical implementation of periodic condition \(322\)}{subsection.10.3}% 78
\BOOKMARK [3][-]{subsubsection.10.3.4}{ contours on a magnetic surface}{subsection.10.3}% 79
\BOOKMARK [3][-]{subsubsection.10.3.5}{ contours in a toroidal annulus}{subsection.10.3}% 80
\BOOKMARK [2][-]{subsection.10.4}{Field-line-following mesh in gyrokinetic turbulence simulation codes}{section.10}% 81
\BOOKMARK [3][-]{subsubsection.10.4.1}{Mesh in GENE, GYRO, and GEM codes}{subsection.10.4}% 82
\BOOKMARK [3][-]{subsubsection.10.4.2}{Mesh in GTC and GTS codeswxwang2006}{subsection.10.4}% 83
\BOOKMARK [3][-]{subsubsection.10.4.3}{Mesh in XGC1 code}{subsection.10.4}% 84
\BOOKMARK [2][-]{subsection.10.5}{Numerical verification of the field-aligned coordinates}{section.10}% 85
\BOOKMARK [2][-]{subsection.10.6}{Some discussions}{section.10}% 86
\BOOKMARK [3][-]{subsubsection.10.6.1}{Expression of }{subsection.10.6}% 87
\BOOKMARK [3][-]{subsubsection.10.6.2}{Binormal wavenumber}{subsection.10.6}% 88
\BOOKMARK [2][-]{subsection.10.7}{Expression of current density}{section.10}% 89
\BOOKMARK [1][-]{section.11}{Concentric-circular magnetic configuration with given safety factor profile}{}% 90
\BOOKMARK [2][-]{subsection.11.1}{Is the above B divergence-free?}{section.11}% 91
\BOOKMARK [2][-]{subsection.11.2}{Is the above B a solution to the GS equation?}{section.11}% 92
\BOOKMARK [2][-]{subsection.11.3}{Explicit expression for the generalized toroidal angle}{section.11}% 93
\BOOKMARK [2][-]{subsection.11.4}{Metric elements}{section.11}% 94
\BOOKMARK [2][-]{subsection.11.5}{Safety factor profile}{section.11}% 95
\BOOKMARK [1][-]{section.12}{Fixed boundary tokamak equilibrium problem}{}% 96
\BOOKMARK [2][-]{subsection.12.1}{Toroidal elliptic operator in general coordinates}{section.12}% 97
\BOOKMARK [2][-]{subsection.12.2}{Finite difference form of toroidal elliptic operator in general coordinate system}{section.12}% 98
\BOOKMARK [2][-]{subsection.12.3}{Special treatment at coordinate origin, wrong! to be deleted}{section.12}% 99
\BOOKMARK [2][-]{subsection.12.4}{Pressure and toroidal field function profile}{section.12}% 100
\BOOKMARK [2][-]{subsection.12.5}{Boundary magnetic surface and initial coordinates}{section.12}% 101
\BOOKMARK [2][-]{subsection.12.6}{Fixed boundary equilibrium numerical code}{section.12}% 102
\BOOKMARK [2][-]{subsection.12.7}{Benchmark of the code}{section.12}% 103
\BOOKMARK [2][-]{subsection.12.8}{Low-beta equilibrium vs. high-beta equilibrium}{section.12}% 104
\BOOKMARK [2][-]{subsection.12.9}{Analytical form of Jacobian \(need cleaning up\)}{section.12}% 105
\BOOKMARK [2][-]{subsection.12.10}{Grad-Shafranov equation with prescribed safety factor profile \(to be finished\)}{section.12}% 106
\BOOKMARK [1][-]{section.13}{Misc contents}{}% 107
\BOOKMARK [2][-]{subsection.13.1}{Cylindrical tokamak}{section.13}% 108
\BOOKMARK [2][-]{subsection.13.2}{\(s, \) parameters}{section.13}% 109
\BOOKMARK [2][-]{subsection.13.3}{Coils system of EAST tokamak}{section.13}% 110
\BOOKMARK [3][-]{subsubsection.13.3.1}{Poloidal field \(PF\) coils}{subsection.13.3}% 111
\BOOKMARK [3][-]{subsubsection.13.3.2}{Toroidal magnetic Field \(TF\) coils and toroidal magnetic field of EAST tokamak}{subsection.13.3}% 112
\BOOKMARK [3][-]{subsubsection.13.3.3}{RMP coils of EAST}{subsection.13.3}% 113
\BOOKMARK [2][-]{subsection.13.4}{Comparison of EAST and other tokamaks in the world}{section.13}% 114
\BOOKMARK [2][-]{subsection.13.5}{Miller's formula for shaped flux surfaces}{section.13}% 115
\BOOKMARK [2][-]{subsection.13.6}{Double transport barriers pressure profile}{section.13}% 116
\BOOKMARK [2][-]{subsection.13.7}{Ballooning transformation}{section.13}% 117
\BOOKMARK [1][-]{appendix.A}{}{}% 118
\BOOKMARK [2][-]{subsection.A.1}{Solov\351v equilibrium}{appendix.A}% 119
\BOOKMARK [2][-]{subsection.A.2}{Plasma rotation}{appendix.A}% 120
\BOOKMARK [2][-]{subsection.A.3}{Poloidal plasma current}{appendix.A}% 121
\BOOKMARK [2][-]{subsection.A.4}{Efficiency of tokamak magnetic field in confining plasma: Plasma beta}{appendix.A}% 122
\BOOKMARK [2][-]{subsection.A.5}{Beta limit}{appendix.A}% 123
\BOOKMARK [2][-]{subsection.A.6}{Why bigger tokamaks with larger plasma current are desired}{appendix.A}% 124
\BOOKMARK [2][-]{subsection.A.7}{Density limit}{appendix.A}% 125
\BOOKMARK [2][-]{subsection.A.8}{Relation of plasma current density to pressure gradient}{appendix.A}% 126
\BOOKMARK [2][-]{subsection.A.9}{Discussion about the poloidal current function, check!}{appendix.A}% 127
\BOOKMARK [2][-]{subsection.A.10}{tmp \040check!}{appendix.A}% 128
\BOOKMARK [2][-]{subsection.A.11}{Radial coordinate to be deleted}{appendix.A}% 129
\BOOKMARK [2][-]{subsection.A.12}{Toroidal elliptic operator in magnetic surface coordinate system}{appendix.A}% 130
\BOOKMARK [2][-]{subsection.A.13}{Grad-Shafranov equation in \(r, \) coordinates}{appendix.A}% 131
\BOOKMARK [2][-]{subsection.A.14}{Large aspect ratio expansion}{appendix.A}% 132
\BOOKMARK [1][-]{appendix.B}{About this document}{}% 133
