This is pdfTeX, Version 3.14159265-2.6-1.40.20 (TeX Live 2019/Debian) (preloaded format=latex 2021.4.15)  19 OCT 2022 17:29
entering extended mode
 restricted \write18 enabled.
 %&-line parsing enabled.
**\makeatletter\def\HCode{\futurelet\HCode\HChar}\def\HChar{\ifx"\HCode\def\HCo
de"##1"{\Link##1}\expandafter\HCode\else\expandafter\Link\fi}\def\Link#1.a.b.c.
{\g@addto@macro\@documentclasshook{\RequirePackage[#1,html]{tex4ht}}\let\HCode\
documentstyle\def\documentstyle{\let\documentstyle\HCode\expandafter\def\csname
 tex4ht\endcsname{#1,html}\def\HCode####1{\documentstyle[tex4ht,}\@ifnextchar[{
\HCode}{\documentstyle[tex4ht]}}}\makeatother\HCode myconfig.cfg, xhtml,4, char
set=utf-8.a.b.c.\input  tokamak_equilibrium.tex
 (./tokamak_equilibrium.tex (./llncs.cls
Document Class: llncs 2022/09/05 v2.22 
 LaTeX document class for Lecture Notes in Computer Science
(/usr/share/texlive/texmf-dist/tex/latex/base/article.cls
Document Class: article 2019/12/20 v1.4l Standard LaTeX document class
(/usr/share/texlive/texmf-dist/tex/latex/base/size10.clo
File: size10.clo 2019/12/20 v1.4l Standard LaTeX file (size option)
)
\c@part=\count167
\c@section=\count168
\c@subsection=\count169
\c@subsubsection=\count170
\c@paragraph=\count171
\c@subparagraph=\count172
\c@figure=\count173
\c@table=\count174
\abovecaptionskip=\skip47
\belowcaptionskip=\skip48
\bibindent=\dimen134
)
(/usr/share/texlive/texmf-dist/tex/latex/tools/multicol.sty
Package: multicol 2019/12/09 v1.8y multicolumn formatting (FMi)
\c@tracingmulticols=\count175
\mult@box=\box45
\multicol@leftmargin=\dimen135
\c@unbalance=\count176
\c@collectmore=\count177
\doublecol@number=\count178
\multicoltolerance=\count179
\multicolpretolerance=\count180
\full@width=\dimen136
\page@free=\dimen137
\premulticols=\dimen138
\postmulticols=\dimen139
\multicolsep=\skip49
\multicolbaselineskip=\skip50
\partial@page=\box46
\last@line=\box47
\maxbalancingoverflow=\dimen140
\mult@rightbox=\box48
\mult@grightbox=\box49
\mult@gfirstbox=\box50
\mult@firstbox=\box51
\@tempa=\box52
\@tempa=\box53
\@tempa=\box54
\@tempa=\box55
\@tempa=\box56
\@tempa=\box57
\@tempa=\box58
\@tempa=\box59
\@tempa=\box60
\@tempa=\box61
\@tempa=\box62
\@tempa=\box63
\@tempa=\box64
\@tempa=\box65
\@tempa=\box66
\@tempa=\box67
\@tempa=\box68
\@tempa=\box69
\@tempa=\box70
\@tempa=\box71
\@tempa=\box72
\@tempa=\box73
\@tempa=\box74
\@tempa=\box75
\@tempa=\box76
\@tempa=\box77
\@tempa=\box78
\@tempa=\box79
\@tempa=\box80
\@tempa=\box81
\@tempa=\box82
\@tempa=\box83
\@tempa=\box84
\@tempa=\box85
\@tempa=\box86
\@tempa=\box87
\@tempa=\box88
\c@minrows=\count181
\c@columnbadness=\count182
\c@finalcolumnbadness=\count183
\last@try=\dimen141
\multicolovershoot=\dimen142
\multicolundershoot=\dimen143
\mult@nat@firstbox=\box89
\colbreak@box=\box90
\mc@col@check@num=\count184
)
(/usr/share/texlive/texmf-dist/tex/latex/oberdiek/aliascnt.sty
Package: aliascnt 2018/09/07 v1.5 Alias counters (HO)
)
\c@chapter=\count185
LaTeX Font Info:    Redeclaring math symbol \Gamma on input line 362.
LaTeX Font Info:    Redeclaring math symbol \Delta on input line 363.
LaTeX Font Info:    Redeclaring math symbol \Theta on input line 364.
LaTeX Font Info:    Redeclaring math symbol \Lambda on input line 365.
LaTeX Font Info:    Redeclaring math symbol \Xi on input line 366.
LaTeX Font Info:    Redeclaring math symbol \Pi on input line 367.
LaTeX Font Info:    Redeclaring math symbol \Sigma on input line 368.
LaTeX Font Info:    Redeclaring math symbol \Upsilon on input line 369.
LaTeX Font Info:    Redeclaring math symbol \Phi on input line 370.
LaTeX Font Info:    Redeclaring math symbol \Psi on input line 371.
LaTeX Font Info:    Redeclaring math symbol \Omega on input line 372.
LaTeX Info: Redefining \vec on input line 377.
\tocchpnum=\dimen144
\tocsecnum=\dimen145
\tocsectotal=\dimen146
\tocsubsecnum=\dimen147
\tocsubsectotal=\dimen148
\tocsubsubsecnum=\dimen149
\tocsubsubsectotal=\dimen150
\tocparanum=\dimen151
\tocparatotal=\dimen152
\tocsubparanum=\dimen153
\@tempcntc=\count186
\fnindent=\dimen154
\c@@inst=\count187
\c@@auth=\count188
\c@auco=\count189
\instindent=\dimen155
\authrun=\box91
\authorrunning=\toks14
\tocauthor=\toks15
\titrun=\box92
\titlerunning=\toks16
\toctitle=\toks17
\c@theorem=\count190
\c@case=\count191
\c@conjecture=\count192
\c@corollary=\count193
\c@definition=\count194
\c@example=\count195
\c@exercise=\count196
\c@lemma=\count197
\c@note=\count198
\c@problem=\count199
\c@property=\count266
\c@proposition=\count267
\c@question=\count268
\c@solution=\count269
\c@remark=\count270
\headlineindent=\dimen156
)
(/usr/share/texlive/texmf-dist/tex/generic/tex4ht/tex4ht.sty
version 2019-03-18-15:24
Package: tex4ht 
--------------------------------------
--- Note --- for _ at preamble, use the command line option `early_'
--------------------------------------
--------------------------------------
--- Note --- for ^ at preamble, use the command line option `early^'
--------------------------------------
\tmp:toks=\toks18
)
(/usr/share/texlive/texmf-dist/tex/generic/tex4ht/usepackage.4ht
version 2019-12-19-14:27
)
(/usr/share/texlive/texmf-dist/tex/generic/babel/babel.sty
Package: babel 2020/02/14 3.40 The Babel package

(/usr/share/texlive/texmf-dist/tex/generic/babel/switch.def
File: switch.def 2020/02/14 3.40 Babel switching mechanism
)
(/usr/share/texlive/texmf-dist/tex/generic/babel-english/english.ldf
Language: english 2017/06/06 v3.3r English support from the babel system

(/usr/share/texlive/texmf-dist/tex/generic/babel/babel.def
File: babel.def 2020/02/14 3.40 Babel common definitions
\babel@savecnt=\count271
\U@D=\dimen157

(/usr/share/texlive/texmf-dist/tex/generic/babel/txtbabel.def)
\bbl@readstream=\read2
\bbl@dirlevel=\count272
)
Package babel Info: \l@canadian = using hyphenrules for english
(babel)             (\language0) on input line 102.
Package babel Info: \l@australian = using hyphenrules for ukenglish
(babel)             (\language32) on input line 105.
Package babel Info: \l@newzealand = using hyphenrules for ukenglish
(babel)             (\language32) on input line 108.
))
(/usr/share/texlive/texmf-dist/tex/latex/geometry/geometry.sty
Package: geometry 2020/01/02 v5.9 Page Geometry

(/usr/share/texlive/texmf-dist/tex/latex/graphics/keyval.sty
Package: keyval 2014/10/28 v1.15 key=value parser (DPC)
\KV@toks@=\toks19
)
(/usr/share/texlive/texmf-dist/tex/generic/iftex/ifvtex.sty
Package: ifvtex 2019/10/25 v1.7 ifvtex legacy package. Use iftex instead.

(/usr/share/texlive/texmf-dist/tex/generic/iftex/iftex.sty
Package: iftex 2019/11/07 v1.0c TeX engine tests
))
\Gm@cnth=\count273
\Gm@cntv=\count274
\c@Gm@tempcnt=\count275
\Gm@bindingoffset=\dimen158
\Gm@wd@mp=\dimen159
\Gm@odd@mp=\dimen160
\Gm@even@mp=\dimen161
\Gm@layoutwidth=\dimen162
\Gm@layoutheight=\dimen163
\Gm@layouthoffset=\dimen164
\Gm@layoutvoffset=\dimen165
\Gm@dimlist=\toks20
)
(/usr/share/texlive/texmf-dist/tex/latex/amsmath/amsmath.sty
Package: amsmath 2020/01/20 v2.17e AMS math features
\@mathmargin=\skip51

For additional information on amsmath, use the `?' option.
(/usr/share/texlive/texmf-dist/tex/latex/amsmath/amstext.sty
Package: amstext 2000/06/29 v2.01 AMS text

(/usr/share/texlive/texmf-dist/tex/latex/amsmath/amsgen.sty
File: amsgen.sty 1999/11/30 v2.0 generic functions
\@emptytoks=\toks21
\ex@=\dimen166
))
(/usr/share/texlive/texmf-dist/tex/latex/amsmath/amsbsy.sty
Package: amsbsy 1999/11/29 v1.2d Bold Symbols
\pmbraise@=\dimen167
)
(/usr/share/texlive/texmf-dist/tex/latex/amsmath/amsopn.sty
Package: amsopn 2016/03/08 v2.02 operator names
)
\inf@bad=\count276
LaTeX Info: Redefining \frac on input line 227.
\uproot@=\count277
\leftroot@=\count278
LaTeX Info: Redefining \overline on input line 389.
\classnum@=\count279
\DOTSCASE@=\count280
LaTeX Info: Redefining \ldots on input line 486.
LaTeX Info: Redefining \dots on input line 489.
LaTeX Info: Redefining \cdots on input line 610.
\Mathstrutbox@=\box93
\strutbox@=\box94
\big@size=\dimen168
LaTeX Font Info:    Redeclaring font encoding OML on input line 733.
LaTeX Font Info:    Redeclaring font encoding OMS on input line 734.


Package amsmath Warning: Unable to redefine math accent \vec.

\macc@depth=\count281
\c@MaxMatrixCols=\count282
\dotsspace@=\muskip16
\c@parentequation=\count283
\dspbrk@lvl=\count284
\tag@help=\toks22
\row@=\count285
\column@=\count286
\maxfields@=\count287
\andhelp@=\toks23
\eqnshift@=\dimen169
\alignsep@=\dimen170
\tagshift@=\dimen171
\tagwidth@=\dimen172
\totwidth@=\dimen173
\lineht@=\dimen174
\@envbody=\toks24
\multlinegap=\skip52
\multlinetaggap=\skip53
\mathdisplay@stack=\toks25
LaTeX Info: Redefining \[ on input line 2859.
LaTeX Info: Redefining \] on input line 2860.
) (/usr/share/texlive/texmf-dist/tex/latex/amsfonts/amssymb.sty
Package: amssymb 2013/01/14 v3.01 AMS font symbols

(/usr/share/texlive/texmf-dist/tex/latex/amsfonts/amsfonts.sty
Package: amsfonts 2013/01/14 v3.01 Basic AMSFonts support
\symAMSa=\mathgroup4
\symAMSb=\mathgroup5
LaTeX Font Info:    Redeclaring math symbol \hbar on input line 98.
LaTeX Font Info:    Overwriting math alphabet `\mathfrak' in version `bold'
(Font)                  U/euf/m/n --> U/euf/b/n on input line 106.
))
(/usr/share/texlive/texmf-dist/tex/latex/graphics/graphicx.sty
Package: graphicx 2019/11/30 v1.2a Enhanced LaTeX Graphics (DPC,SPQR)

(/usr/share/texlive/texmf-dist/tex/generic/tex4ht/usepackage.4ht
version 2019-12-19-14:27
)
(/usr/share/texlive/texmf-dist/tex/latex/graphics/graphics.sty
Package: graphics 2019/11/30 v1.4a Standard LaTeX Graphics (DPC,SPQR)

(/usr/share/texlive/texmf-dist/tex/latex/graphics/trig.sty
Package: trig 2016/01/03 v1.10 sin cos tan (DPC)
)
(/usr/share/texlive/texmf-dist/tex/latex/graphics-cfg/graphics.cfg
File: graphics.cfg 2016/06/04 v1.11 sample graphics configuration
)
Package graphics Info: Driver file: dvips.def on input line 105.

(/usr/share/texlive/texmf-dist/tex/latex/graphics-def/dvips.def
File: dvips.def 2017/06/20 v3.1d Graphics/color driver for dvips
))
\Gin@req@height=\dimen175
\Gin@req@width=\dimen176
)
(/usr/share/texlive/texmf-dist/tex/latex/hyperref/hyperref.sty
Package: hyperref 2020/01/14 v7.00d Hypertext links for LaTeX

(/usr/share/texlive/texmf-dist/tex/generic/ltxcmds/ltxcmds.sty
Package: ltxcmds 2019/12/15 v1.24 LaTeX kernel commands for general use (HO)
)
(/usr/share/texlive/texmf-dist/tex/latex/pdftexcmds/pdftexcmds.sty
Package: pdftexcmds 2019/11/24 v0.31 Utility functions of pdfTeX for LuaTeX (HO
)

(/usr/share/texlive/texmf-dist/tex/generic/infwarerr/infwarerr.sty
Package: infwarerr 2019/12/03 v1.5 Providing info/warning/error messages (HO)
)
Package pdftexcmds Info: \pdf@primitive is available.
Package pdftexcmds Info: \pdf@ifprimitive is available.
Package pdftexcmds Info: \pdfdraftmode is ignored in DVI mode.
)
(/usr/share/texlive/texmf-dist/tex/generic/kvsetkeys/kvsetkeys.sty
Package: kvsetkeys 2019/12/15 v1.18 Key value parser (HO)
)
(/usr/share/texlive/texmf-dist/tex/generic/kvdefinekeys/kvdefinekeys.sty
Package: kvdefinekeys 2019-12-19 v1.6 Define keys (HO)
)
(/usr/share/texlive/texmf-dist/tex/generic/pdfescape/pdfescape.sty
Package: pdfescape 2019/12/09 v1.15 Implements pdfTeX's escape features (HO)
)
(/usr/share/texlive/texmf-dist/tex/latex/hycolor/hycolor.sty
Package: hycolor 2020-01-27 v1.10 Color options for hyperref/bookmark (HO)
)
(/usr/share/texlive/texmf-dist/tex/latex/letltxmacro/letltxmacro.sty
Package: letltxmacro 2019/12/03 v1.6 Let assignment for LaTeX macros (HO)
)
(/usr/share/texlive/texmf-dist/tex/latex/auxhook/auxhook.sty
Package: auxhook 2019-12-17 v1.6 Hooks for auxiliary files (HO)


Package auxhook Warning: Cannot patch \document,
(auxhook)                using \AtBeginDocument instead.

) (/usr/share/texlive/texmf-dist/tex/latex/kvoptions/kvoptions.sty
Package: kvoptions 2019/11/29 v3.13 Key value format for package options (HO)
)
\@linkdim=\dimen177
\Hy@linkcounter=\count288
\Hy@pagecounter=\count289

(/usr/share/texlive/texmf-dist/tex/latex/hyperref/pd1enc.def
File: pd1enc.def 2020/01/14 v7.00d Hyperref: PDFDocEncoding definition (HO)
Now handling font encoding PD1 ...
... no UTF-8 mapping file for font encoding PD1
)
(/usr/share/texlive/texmf-dist/tex/generic/intcalc/intcalc.sty
Package: intcalc 2019/12/15 v1.3 Expandable calculations with integers (HO)
)
(/usr/share/texlive/texmf-dist/tex/generic/etexcmds/etexcmds.sty
Package: etexcmds 2019/12/15 v1.7 Avoid name clashes with e-TeX commands (HO)
)
\Hy@SavedSpaceFactor=\count290
\pdfmajorversion=\count291
Package hyperref Info: Option `colorlinks' set `true' on input line 4421.
Package hyperref Info: Hyper figures OFF on input line 4547.
Package hyperref Info: Link nesting OFF on input line 4552.
Package hyperref Info: Hyper index ON on input line 4555.
Package hyperref Info: Plain pages OFF on input line 4562.
Package hyperref Info: Backreferencing OFF on input line 4567.
Package hyperref Info: Implicit mode ON; LaTeX internals redefined.
Package hyperref Info: Bookmarks ON on input line 4800.
\c@Hy@tempcnt=\count292

(/usr/share/texlive/texmf-dist/tex/latex/url/url.sty
\Urlmuskip=\muskip17
Package: url 2013/09/16  ver 3.4  Verb mode for urls, etc.
)
LaTeX Info: Redefining \url on input line 5159.
\XeTeXLinkMargin=\dimen178

(/usr/share/texlive/texmf-dist/tex/generic/bitset/bitset.sty
Package: bitset 2019/12/09 v1.3 Handle bit-vector datatype (HO)

(/usr/share/texlive/texmf-dist/tex/generic/bigintcalc/bigintcalc.sty
Package: bigintcalc 2019/12/15 v1.5 Expandable calculations on big integers (HO
)
))
\Fld@menulength=\count293
\Field@Width=\dimen179
\Fld@charsize=\dimen180
\Field@toks=\toks26
Package hyperref Info: Hyper figures OFF on input line 6430.
Package hyperref Info: Link nesting OFF on input line 6435.
Package hyperref Info: Hyper index ON on input line 6438.
Package hyperref Info: backreferencing OFF on input line 6445.
Package hyperref Info: Link coloring ON on input line 6448.
Package hyperref Info: Link coloring with OCG OFF on input line 6455.
Package hyperref Info: PDF/A mode OFF on input line 6460.
LaTeX Info: Redefining \ref on input line 6500.
LaTeX Info: Redefining \pageref on input line 6504.

(/usr/share/texlive/texmf-dist/tex/generic/atbegshi/atbegshi.sty
Package: atbegshi 2019/12/05 v1.19 At begin shipout hook (HO)
)
\Hy@abspage=\count294


Package hyperref Message: Stopped early.

)
Package hyperref Info: Driver: htex4ht.
 (/usr/share/texlive/texmf-dist/tex/latex/hyperref/htex4ht.def
File: htex4ht.def 2020/01/14 v7.00d Hyperref driver for TeX4ht
Package hyperref Info: tex4ht is already loaded.
)
(/usr/share/texlive/texmf-dist/tex/generic/tex4ht/usepackage.4ht
version 2019-12-19-14:27
)
(/usr/share/texlive/texmf-dist/tex/latex/xcolor/xcolor.sty
Package: xcolor 2016/05/11 v2.12 LaTeX color extensions (UK)

(/usr/share/texlive/texmf-dist/tex/latex/graphics-cfg/color.cfg
File: color.cfg 2016/01/02 v1.6 sample color configuration
)
Package xcolor Info: Driver file: dvips.def on input line 225.
Package xcolor Info: Model `cmy' substituted by `cmy0' on input line 1348.
Package xcolor Info: Model `RGB' extended on input line 1364.
Package xcolor Info: Model `HTML' substituted by `rgb' on input line 1366.
Package xcolor Info: Model `Hsb' substituted by `hsb' on input line 1367.
Package xcolor Info: Model `tHsb' substituted by `hsb' on input line 1368.
Package xcolor Info: Model `HSB' substituted by `hsb' on input line 1369.
Package xcolor Info: Model `Gray' substituted by `gray' on input line 1370.
Package xcolor Info: Model `wave' substituted by `hsb' on input line 1371.
)
(./myconfig.cfg (/usr/share/texlive/texmf-dist/tex/generic/tex4ht/tex4ht.4ht
version 2018-12-30-09:29
--------------------------------------
--- Note --- for additional information, use the command line option `info'
--------------------------------------

::::::::::::::::::::::::::::::::::::::::::
 TeX4ht info is available in the log file 
::::::::::::::::::::::::::::::::::::::::::
) (/usr/share/texlive/texmf-dist/tex/generic/tex4ht/tex4ht.sty
version 2019-03-18-15:24

--- needs --- tex4ht tokamak_equilibrium ---
\tmp:cnt=\count295
\openout15 = `tokamak_equilibrium.tmp'.

(./tokamak_equilibrium.tmp)
\tmp:dim=\skip54
 (./tokamak_equilibrium.xref)
\:refout=\write3
\openout3 = `tokamak_equilibrium.xref'.


(/usr/share/texlive/texmf-dist/tex/generic/tex4ht/html4.4ht
version 2020-02-14-14:21
--------------------------------------
--- Note --- to remove the <?xml version=...?> processing instruction use the c
ommand line option `no-VERSION'
--------------------------------------
--------------------------------------
--- Note --- to remove the DOCTYPE declaration use the command line option `no-
DOCTYPE'
--------------------------------------
)
(/usr/share/texlive/texmf-dist/tex/generic/tex4ht/html4-math.4ht
version 2019-12-16-15:21
)
--------------------------------------
--- Note --- for marking of the base font, use the command line option `fonts+'

--------------------------------------
--------------------------------------
--- Note --- for non active _, use the command line option `no_'
--------------------------------------
--------------------------------------
--- Note --- for _ of catcode 13, use the command line option `_13'
--------------------------------------
--------------------------------------
--- Note --- for non active ^, use the command line option `no^'
--------------------------------------
--------------------------------------
--- Note --- for ^ of catcode 13, use the command line option `^13'
--------------------------------------

(/usr/share/texlive/texmf-dist/tex/generic/tex4ht/html4.4ht
version 2020-02-14-14:21
--------------------------------------
--- Note --- For section filenames that reflect on their titles use the command
 line option `sec-filename'
--------------------------------------
--------------------------------------
--- Note --- to ignore CSS font decoration, use the `NoFonts' command line opti
on
--------------------------------------
--------------------------------------
--- Note --- for jpg bitmaps of pictures, use the `jpg' command line option. (C
haracter bitmaps are controled only by `g' records of tex4ht.env and `-g' switc
hes of tex4ht.c) 
--------------------------------------
--------------------------------------
--- Note --- for gif bitmaps of pictures, use the `gif' command line option. (C
haracter bitmaps are controled only by `g' records of tex4ht.env and `-g' switc
hes of tex4ht.c) 
--------------------------------------
--------------------------------------
--- Note --- for content and toc in 2 frames, use the command line option `fram
es'
--------------------------------------
--------------------------------------
--- Note --- for content, toc, and footnotes in 3 frames, use the command line 
option `frames-fn'
--------------------------------------
--------------------------------------
--- Note --- for file extension name xht, use the command line option `xht'
--------------------------------------
TeX4ht package options: xhtml,4,charset=utf-8,html
--------------------------------------
--- Note --- To print a timestamp, use the command line option timestamp
--------------------------------------
--------------------------------------
--- Note --- to ignore CSS code, use the command line option `-css
--------------------------------------
--------------------------------------
--- Note --- for inline CSS code, use the command line option `css-in'
--------------------------------------
--------------------------------------
--- Note --- for pop ups on mouse over, use the command line option `mouseover'

--------------------------------------
--------------------------------------
--- Note --- for addressing images in a subdirectory, use the command line opti
on `imgdir:.../'
--------------------------------------
)
(/usr/share/texlive/texmf-dist/tex/generic/tex4ht/html4-math.4ht
version 2019-12-16-15:21
)
\:tokwrite=\toks27
\:tokpage=\toks28
--------------------------------------
--- Note --- for back links to toc, use the command line option `sections+'
--------------------------------------
--------------------------------------
--- Note --- for linear crosslinks of pages, use the command line option `next'

--------------------------------------
\openout15 = `tokamak_equilibrium.4ct'.

\:tocout=\write4
\openout4 = `tokamak_equilibrium.4tc'.


(/usr/share/texlive/texmf-dist/tex/generic/tex4ht/html4.4ht
version 2020-02-14-14:21
)
(/usr/share/texlive/texmf-dist/tex/generic/tex4ht/html4-math.4ht
version 2019-12-16-15:21
)
(/usr/share/texlive/texmf-dist/tex/generic/tex4ht/latex.4ht
version 2019-08-26-14:22
LaTeX Info: Redefining \_ on input line 168.
--------------------------------------
--- Note --- for links into captions, instead of float heads, use the command l
ine option `refcaption'
--------------------------------------

(/usr/share/texlive/texmf-dist/tex/generic/tex4ht/html4.4ht
version 2020-02-14-14:21
)
(/usr/share/texlive/texmf-dist/tex/generic/tex4ht/html4-math.4ht
version 2019-12-16-15:21
)
(/usr/share/texlive/texmf-dist/tex/generic/tex4ht/html4.4ht
version 2020-02-14-14:21
--------------------------------------
--- Note --- For mini tocs immediately aftter the header use the command line o
ption `minitoc<'
--------------------------------------
--------------------------------------
--- Note --- for enumerated list elements with valued data, use the command lin
e option `enumerate+'
--------------------------------------
--------------------------------------
--- Note --- for enumerated list elements li's with value attributes, use the c
ommand line option `enumerate-'
--------------------------------------
--------------------------------------
--- Note --- for CSS2 code, use the command line option `css2'
--------------------------------------
--------------------------------------
--- Note --- for pictorial tabular, use the command line option `pic-tabular'
--------------------------------------
--------------------------------------
--- Note --- for bitmap fbox'es, use the command line option `pic-fbox'
--------------------------------------
--------------------------------------
--- Note --- for bitmap framebox'es, use the command line option `pic-framebox'

--------------------------------------
--------------------------------------
--- Note --- for inline footnotes use command line option `fn-in'
--------------------------------------
--------------------------------------
--- Note --- for tracing of latex font commands, use the command line option `f
onts'
--------------------------------------
--------------------------------------
--- Note --- for width specifications of tabular p entries, use the `p-width' c
ommand line option or a configuration similar to \Configure{HColWidth}{\HCode{ 
style="width:\HColWidth"}}
--------------------------------------
)
(/usr/share/texlive/texmf-dist/tex/generic/tex4ht/html4-math.4ht
version 2019-12-16-15:21
--------------------------------------
--- Note --- for pictorial eqnarray, use the command line option `pic-eqnarray'

--------------------------------------
--------------------------------------
--- Note --- for pictorial array, use the command line option `pic-array'
--------------------------------------
--------------------------------------
--- Note --- for pictorial $...$ environments, use the command line option `pic
-m' (not recommended!!)
--------------------------------------
--------------------------------------
--- Note --- for pictorial $...$ and $$...$$ environments with latex alt, use t
he command line option `pic-m+' (not safe!!)
--------------------------------------
--------------------------------------
--- Note --- for pictorial array, use the command line option `pic-array'
--------------------------------------
))
(/usr/share/texlive/texmf-dist/tex/generic/tex4ht/fontmath.4ht
version 2018-11-06-15:55

(/usr/share/texlive/texmf-dist/tex/generic/tex4ht/html4.4ht
version 2020-02-14-14:21
)
(/usr/share/texlive/texmf-dist/tex/generic/tex4ht/html4-math.4ht
version 2019-12-16-15:21
))
(/usr/share/texlive/texmf-dist/tex/generic/tex4ht/llncs.4ht
version 2009-05-21-09:32
)
(/usr/share/texlive/texmf-dist/tex/generic/tex4ht/article.4ht
(/usr/share/texlive/texmf-dist/tex/generic/tex4ht/html4.4ht
version 2020-02-14-14:21
--------------------------------------
--- Note --- for tocs without * entries, use command line option `notoc*'
--------------------------------------
--------------------------------------
--- Note --- for tocs without * entries, use command line option `notoc*'
--------------------------------------
--------------------------------------
--- Note --- for tocs without * entries, use command line option `notoc*'
--------------------------------------
--------------------------------------
--- Note --- for tocs without * entries, use command line option `notoc*'
--------------------------------------
--------------------------------------
--- Note --- to eliminate mini tables of contents, use the command line option 
`nominitoc'
--------------------------------------
--------------------------------------
--- Note --- to eliminate mini tables of contents, use the command line option 
`nominitoc'
--------------------------------------
--------------------------------------
--- Note --- to eliminate mini tables of contents, use the command line option 
`nominitoc'
--------------------------------------
--------------------------------------
--- Note --- for frames-like object-based table of contents, use the command li
ne option `obj-toc'
--------------------------------------
--------------------------------------
--- Note --- for files named derived from section titles, use the command line 
option `sec-filename'
--------------------------------------
--------------------------------------
--- Note --- for i-columns index, use the command line option `index=i' (e.g., 
index=2)
--------------------------------------
)
(/usr/share/texlive/texmf-dist/tex/generic/tex4ht/html4-math.4ht
version 2019-12-16-15:21
))
(/usr/share/texlive/texmf-dist/tex/generic/tex4ht/multicol.4ht
version 2013-07-31-09:45

(/usr/share/texlive/texmf-dist/tex/generic/tex4ht/html4.4ht
version 2020-02-14-14:21
)
(/usr/share/texlive/texmf-dist/tex/generic/tex4ht/html4-math.4ht
version 2019-12-16-15:21
))
(/usr/share/texlive/texmf-dist/tex/generic/tex4ht/babel.4ht
(/usr/share/texlive/texmf-dist/tex/generic/tex4ht/html4.4ht
version 2020-02-14-14:21
)
(/usr/share/texlive/texmf-dist/tex/generic/tex4ht/html4-math.4ht
version 2019-12-16-15:21
))
(/usr/share/texlive/texmf-dist/tex/generic/tex4ht/english.4ht
version 2009-05-21-09:32

(/usr/share/texlive/texmf-dist/tex/generic/tex4ht/html4.4ht
version 2020-02-14-14:21
)
(/usr/share/texlive/texmf-dist/tex/generic/tex4ht/html4-math.4ht
version 2019-12-16-15:21
))
(/usr/share/texlive/texmf-dist/tex/generic/tex4ht/geometry.4ht
version 2016-07-01-08:55

(/usr/share/texlive/texmf-dist/tex/generic/tex4ht/html4.4ht
version 2020-02-14-14:21
)
(/usr/share/texlive/texmf-dist/tex/generic/tex4ht/html4-math.4ht
version 2019-12-16-15:21
))
(/usr/share/texlive/texmf-dist/tex/generic/tex4ht/amsmath.4ht
version 2019-12-29-14:17
\tmp:muskip=\muskip18

(/usr/share/texlive/texmf-dist/tex/generic/tex4ht/html4.4ht
version 2020-02-14-14:21
)
(/usr/share/texlive/texmf-dist/tex/generic/tex4ht/html4-math.4ht
version 2019-12-16-15:21
))
(/usr/share/texlive/texmf-dist/tex/generic/tex4ht/amstext.4ht
version 2009-05-21-09:32

(/usr/share/texlive/texmf-dist/tex/generic/tex4ht/html4.4ht
version 2020-02-14-14:21
)
(/usr/share/texlive/texmf-dist/tex/generic/tex4ht/html4-math.4ht
version 2019-12-16-15:21
))
(/usr/share/texlive/texmf-dist/tex/generic/tex4ht/amsbsy.4ht
version 2009-05-21-09:32

(/usr/share/texlive/texmf-dist/tex/generic/tex4ht/html4.4ht
version 2020-02-14-14:21
)
(/usr/share/texlive/texmf-dist/tex/generic/tex4ht/html4-math.4ht
version 2019-12-16-15:21
))
(/usr/share/texlive/texmf-dist/tex/generic/tex4ht/amsopn.4ht
version 2009-05-21-09:32

(/usr/share/texlive/texmf-dist/tex/generic/tex4ht/html4.4ht
version 2020-02-14-14:21
)
(/usr/share/texlive/texmf-dist/tex/generic/tex4ht/html4-math.4ht
version 2019-12-16-15:21
))
(/usr/share/texlive/texmf-dist/tex/generic/tex4ht/amssymb.4ht
version 2009-05-21-09:32

(/usr/share/texlive/texmf-dist/tex/generic/tex4ht/html4.4ht
version 2020-02-14-14:21
)
(/usr/share/texlive/texmf-dist/tex/generic/tex4ht/html4-math.4ht
version 2019-12-16-15:21
))
(/usr/share/texlive/texmf-dist/tex/generic/tex4ht/amsfonts.4ht
version 2009-05-21-09:32

(/usr/share/texlive/texmf-dist/tex/generic/tex4ht/html4.4ht
version 2020-02-14-14:21
)
(/usr/share/texlive/texmf-dist/tex/generic/tex4ht/html4-math.4ht
version 2019-12-16-15:21
))
(/usr/share/texlive/texmf-dist/tex/generic/tex4ht/graphicx.4ht
version 2018-10-01-14:24

(/usr/share/texlive/texmf-dist/tex/generic/tex4ht/html4.4ht
version 2020-02-14-14:21
)
(/usr/share/texlive/texmf-dist/tex/generic/tex4ht/html4-math.4ht
version 2019-12-16-15:21
))
(/usr/share/texlive/texmf-dist/tex/generic/tex4ht/graphics.4ht
(/usr/share/texlive/texmf-dist/tex/generic/tex4ht/html4.4ht
version 2020-02-14-14:21
--------------------------------------
--- Note --- if included graphics are of degraded quality, try the command line
 options `graphics-num' or `graphics-'. The `num' should provide the density of
 pixels in the bitmaps (e.g., 110). 
--------------------------------------
--------------------------------------
--- Note --- for key dimensions try the option `Gin-dim'; for key dimensions wh
en bounding box is unavailable try `Gin-dim+'; neither is recommended
--------------------------------------
)
(/usr/share/texlive/texmf-dist/tex/generic/tex4ht/html4-math.4ht
version 2019-12-16-15:21
))
(/usr/share/texlive/texmf-dist/tex/generic/tex4ht/dvips.4ht
version 2009-05-21-09:32

(/usr/share/texlive/texmf-dist/tex/generic/tex4ht/html4.4ht
version 2020-02-14-14:21
)
(/usr/share/texlive/texmf-dist/tex/generic/tex4ht/html4-math.4ht
version 2019-12-16-15:21
))
(/usr/share/texlive/texmf-dist/tex/generic/tex4ht/hyperref.4ht
version 2019-09-14-15:17

(/usr/share/texlive/texmf-dist/tex/latex/hyperref/nameref.sty
Package: nameref 2019/09/16 v2.46 Cross-referencing by name of section

(/usr/share/texlive/texmf-dist/tex/latex/refcount/refcount.sty
Package: refcount 2019/12/15 v3.6 Data extraction from label references (HO)
)
(/usr/share/texlive/texmf-dist/tex/generic/gettitlestring/gettitlestring.sty
Package: gettitlestring 2019/12/15 v1.6 Cleanup title references (HO)
)
\c@section@level=\count296
)
(/usr/share/texlive/texmf-dist/tex/generic/tex4ht/nameref.4ht
version 2019-12-23-13:36

(/usr/share/texlive/texmf-dist/tex/generic/tex4ht/html4.4ht
version 2020-02-14-14:21
)
(/usr/share/texlive/texmf-dist/tex/generic/tex4ht/html4-math.4ht
version 2019-12-16-15:21
))
LaTeX Info: Redefining \autoref on input line 95.
\Hy@SectionHShift=\skip55

(/usr/share/texlive/texmf-dist/tex/generic/tex4ht/html4.4ht
version 2020-02-14-14:21
)
(/usr/share/texlive/texmf-dist/tex/generic/tex4ht/html4-math.4ht
version 2019-12-16-15:21
))
(/usr/share/texlive/texmf-dist/tex/generic/tex4ht/pd1enc.4ht
version 2009-05-21-09:32

(/usr/share/texlive/texmf-dist/tex/generic/tex4ht/html4.4ht
version 2020-02-14-14:21
)
(/usr/share/texlive/texmf-dist/tex/generic/tex4ht/html4-math.4ht
version 2019-12-16-15:21
))
(/usr/share/texlive/texmf-dist/tex/generic/tex4ht/url.4ht
version 2009-05-21-09:32

(/usr/share/texlive/texmf-dist/tex/generic/tex4ht/html4.4ht
version 2020-02-14-14:21
--------------------------------------
--- Note --- for URL encoding within href use the command line option `url-enc'

--------------------------------------
)
(/usr/share/texlive/texmf-dist/tex/generic/tex4ht/html4-math.4ht
version 2019-12-16-15:21
))
(/usr/share/texlive/texmf-dist/tex/generic/tex4ht/xcolor.4ht
version 2019-04-09-10:06

(/usr/share/texlive/texmf-dist/tex/generic/tex4ht/color.4ht
(/usr/share/texlive/texmf-dist/tex/generic/tex4ht/html4.4ht
version 2020-02-14-14:21
)
(/usr/share/texlive/texmf-dist/tex/generic/tex4ht/html4-math.4ht
version 2019-12-16-15:21
))
(/usr/share/texlive/texmf-dist/tex/generic/tex4ht/html4.4ht
version 2020-02-14-14:21
)
(/usr/share/texlive/texmf-dist/tex/generic/tex4ht/html4-math.4ht
version 2019-12-16-15:21
))
(/usr/share/texlive/texmf-dist/tex/generic/tex4ht/color.4ht)
(/usr/share/texlive/texmf-dist/tex/generic/tex4ht/llncs-a.4ht
version 2009-05-21-09:32

(/usr/share/texlive/texmf-dist/tex/generic/tex4ht/html4.4ht
version 2020-02-14-14:21
)
(/usr/share/texlive/texmf-dist/tex/generic/tex4ht/html4-math.4ht
version 2019-12-16-15:21
))
(/usr/share/texlive/texmf-dist/tex/generic/tex4ht/html4.4ht
version 2020-02-14-14:21
)
(/usr/share/texlive/texmf-dist/tex/generic/tex4ht/html4-math.4ht
version 2019-12-16-15:21
))
(/usr/share/texlive/texmf-dist/tex/latex/l3backend/l3backend-dvips.def
File: l3backend-dvips.def 2020-02-03 L3 backend support: dvips
\l__pdf_internal_box=\box95
\g__pdf_backend_object_int=\count297
\l__pdf_backend_content_box=\box96
\l__pdf_backend_model_box=\box97
\g__pdf_backend_annotation_int=\count298
\g__pdf_backend_link_int=\count299
\g__pdf_backend_link_sf_int=\count300
)
(./tokamak_equilibrium.aux)
\openout1 = `tokamak_equilibrium.aux'.

LaTeX Font Info:    Checking defaults for OML/cmm/m/it on input line 22.
LaTeX Font Info:    ... okay on input line 22.
LaTeX Font Info:    Checking defaults for OMS/cmsy/m/n on input line 22.
LaTeX Font Info:    ... okay on input line 22.
LaTeX Font Info:    Checking defaults for OT1/cmr/m/n on input line 22.
LaTeX Font Info:    ... okay on input line 22.
LaTeX Font Info:    Checking defaults for T1/cmr/m/n on input line 22.
LaTeX Font Info:    ... okay on input line 22.
LaTeX Font Info:    Checking defaults for TS1/cmr/m/n on input line 22.
LaTeX Font Info:    ... okay on input line 22.
LaTeX Font Info:    Checking defaults for OMX/cmex/m/n on input line 22.
LaTeX Font Info:    ... okay on input line 22.
LaTeX Font Info:    Checking defaults for U/cmr/m/n on input line 22.
LaTeX Font Info:    ... okay on input line 22.
LaTeX Font Info:    Checking defaults for PD1/pdf/m/n on input line 22.
LaTeX Font Info:    ... okay on input line 22.

*geometry* driver: auto-detecting
*geometry* detected driver: dvips
*geometry* verbose mode - [ preamble ] result:
* driver: dvips
* paper: a4paper
* layout: <same size as paper>
* layoutoffset:(h,v)=(0.0pt,0.0pt)
* modes: twoside 
* h-part:(L,W,R)=(71.70166pt, 418.25368pt, 107.55254pt)
* v-part:(T,H,B)=(101.40665pt, 591.5302pt, 152.11pt)
* \paperwidth=597.50787pt
* \paperheight=845.04684pt
* \textwidth=418.25368pt
* \textheight=591.5302pt
* \oddsidemargin=0.0pt
* \evensidemargin=0.0pt
* \topmargin=1.13666pt
* \headheight=12.0pt
* \headsep=16.0pt
* \topskip=10.0pt
* \footskip=30.0pt
* \marginparwidth=90.0pt
* \marginparsep=11.0pt
* \columnsep=10.0pt
* \skip\footins=9.0pt plus 4.0pt minus 2.0pt
* \hoffset=0.0pt
* \voffset=0.0pt
* \mag=1000
* \@twocolumnfalse
* \@twosidetrue
* \@mparswitchtrue
* \@reversemarginfalse
* (1in=72.27pt=25.4mm, 1cm=28.453pt)

\AtBeginShipoutBox=\box98
Package hyperref Info: Link coloring ON on input line 22.
LaTeX Info: Redefining \ref on input line 22.
LaTeX Info: Redefining \pageref on input line 22.
LaTeX Info: Redefining \nameref on input line 22.
--- file tokamak_equilibrium.css ---
) [1

] [2] [3]
LaTeX Font Info:    Trying to load font information for U+msa on input line 31.

 (/usr/share/texlive/texmf-dist/tex/latex/amsfonts/umsa.fd
File: umsa.fd 2013/01/14 v3.01 AMS symbols A
)
LaTeX Font Info:    Trying to load font information for U+msb on input line 31.


(/usr/share/texlive/texmf-dist/tex/latex/amsfonts/umsb.fd
File: umsb.fd 2013/01/14 v3.01 AMS symbols B
)

LaTeX Warning: Citation `TeXmacs:website' on page 4 undefined on input line 31.


(./tokamak_equilibrium.4ct [4])
--- file tokamak_equilibriumse1.html ---
l. 50 Writing tokamak_equilibrium.idv[1] (tokamak_equilibrium0x.png)
 [5]
l. 59 Writing tokamak_equilibrium.idv[2] (tokamak_equilibrium1x.png)
l. 74 Writing tokamak_equilibrium.idv[3] (tokamak_equilibrium2x.png)
l. 80 Writing tokamak_equilibrium.idv[4] (tokamak_equilibrium3x.png)
 (./tokamak_equilibrium.4ct [6])
--- file tokamak_equilibriumsu1.html ---
l. 90 Writing tokamak_equilibrium.idv[5] (tokamak_equilibrium4x.png)
l. 95 Writing tokamak_equilibrium.idv[6] (tokamak_equilibrium5x.png)
 [7]
l. 98 Writing tokamak_equilibrium.idv[7] (tokamak_equilibrium6x.png)
l. 106 Writing tokamak_equilibrium.idv[8] (tokamak_equilibrium7x.png)
l. 123 Writing tokamak_equilibrium.idv[9] (tokamak_equilibrium8x.png)

[8] [9]
--- file tokamak_equilibriumsu2.html ---
l. 139 Writing tokamak_equilibrium.idv[10] (tokamak_equilibrium9x.png)
 [10

]
--- file tokamak_equilibriumsu3.html ---
l. 148 Writing tokamak_equilibrium.idv[11] (tokamak_equilibrium10x.png)
 [11

]
--- file tokamak_equilibriumsu4.html ---
l. 159 Writing tokamak_equilibrium.idv[12] (tokamak_equilibrium11x.png)
l. 166 Writing tokamak_equilibrium.idv[13] (tokamak_equilibrium12x.png)
l. 178 Writing tokamak_equilibrium.idv[14] (tokamak_equilibrium13x.png)
 [12

]
l. 188 Writing tokamak_equilibrium.idv[15] (tokamak_equilibrium14x.png)
 [13]
--- file tokamak_equilibriumsu5.html ---
l. 205 Writing tokamak_equilibrium.idv[16] (tokamak_equilibrium15x.png)
l. 209 Writing tokamak_equilibrium.idv[17] (tokamak_equilibrium16x.png)
l. 213 Writing tokamak_equilibrium.idv[18] (tokamak_equilibrium17x.png)
 [14

]
l. 218 Writing tokamak_equilibrium.idv[19] (tokamak_equilibrium18x.png)
l. 222 Writing tokamak_equilibrium.idv[20] (tokamak_equilibrium19x.png)
 [15]
--- file tokamak_equilibriumsu6.html ---
 [16

] [17

]
l. 244 --- needs --- my_figure/home/yj/theory/tokamak_equilibrium/figures/axisy
mmetrical_magnetic_field-1b.png ---
 [18

] [19

]
--- file tokamak_equilibriumsu7.html ---
 [20

] [21

]
l. 266 --- needs --- my_figure/home/yj/theory/tokamak_equilibrium/figures/axisy
mmetrical_magnetic_field-3b.png ---
 [22

]
l. 282 Writing tokamak_equilibrium.idv[21] (tokamak_equilibrium20x.png)
l. 283 Writing tokamak_equilibrium.idv[22] (tokamak_equilibrium21x.png)

[23

]
--- file tokamak_equilibriumsu8.html ---
l. 312 Writing tokamak_equilibrium.idv[23] (tokamak_equilibrium22x.png)
l. 318 Writing tokamak_equilibrium.idv[24] (tokamak_equilibrium23x.png)
 [24

]
l. 322 Writing tokamak_equilibrium.idv[25] (tokamak_equilibrium24x.png)
l. 331 Writing tokamak_equilibrium.idv[26] (tokamak_equilibrium25x.png)
l. 341 Writing tokamak_equilibrium.idv[27] (tokamak_equilibrium26x.png)
 [25]
l. 345 Writing tokamak_equilibrium.idv[28] (tokamak_equilibrium27x.png)


LaTeX Warning: Citation `xiao2007' on page 26 undefined on input line 353.


LaTeX Warning: Reference `19-5-4-p1' on page 26 undefined on input line 354.

[26]
--- file tokamak_equilibriumsu9.html ---
 [27

] [28

]
l. 371 --- needs --- my_figure/home/yj/theory/tokamak_equilibrium/figures/poloi
dal_flux-1.png ---
 [29

]
l. 390 Writing tokamak_equilibrium.idv[29] (tokamak_equilibrium28x.png)
l. 395 Writing tokamak_equilibrium.idv[30] (tokamak_equilibrium29x.png)
l. 406 Writing tokamak_equilibrium.idv[31] (tokamak_equilibrium30x.png)
 [30

] [31] [32

]
l. 432 --- needs --- my_figure/home/yj/project_new/solovev_equilibrium/fig2/plt
.png ---
 [33

]
l. 442 Writing tokamak_equilibrium.idv[32] (tokamak_equilibrium31x.png)
l. 447 Writing tokamak_equilibrium.idv[33] (tokamak_equilibrium32x.png)
l. 451 Writing tokamak_equilibrium.idv[34] (tokamak_equilibrium33x.png)
 [34

]
l. 455 Writing tokamak_equilibrium.idv[35] (tokamak_equilibrium34x.png)
 [35]
--- file tokamak_equilibriumsu10.html ---
l. 482 Writing tokamak_equilibrium.idv[36] (tokamak_equilibrium35x.png)
l. 495 Writing tokamak_equilibrium.idv[37] (tokamak_equilibrium36x.png)
 [36

]
l. 500 Writing tokamak_equilibrium.idv[38] (tokamak_equilibrium37x.png)
l. 504 Writing tokamak_equilibrium.idv[39] (tokamak_equilibrium38x.png)
l. 511 Writing tokamak_equilibrium.idv[40] (tokamak_equilibrium39x.png)
 [37]
l. 525 Writing tokamak_equilibrium.idv[41] (tokamak_equilibrium40x.png)
l. 535 Writing tokamak_equilibrium.idv[42] (tokamak_equilibrium41x.png)
 [38]
l. 539 Writing tokamak_equilibrium.idv[43] (tokamak_equilibrium42x.png)
l. 546 Writing tokamak_equilibrium.idv[44] (tokamak_equilibrium43x.png)
l. 553 Writing tokamak_equilibrium.idv[45] (tokamak_equilibrium44x.png)
 [39] [40]
[41

]
l. 570 --- needs --- my_figure/home/yj/project_new/nbi_fig/fig12/p.png ---
l. 570 --- needs --- my_figure/home/yj/project_new/nbi_fig/fig12b/p.png ---
 [42

] [43

]
--- file tokamak_equilibriumsu11.html ---
l. 596 Writing tokamak_equilibrium.idv[46] (tokamak_equilibrium45x.png)
l. 608 Writing tokamak_equilibrium.idv[47] (tokamak_equilibrium46x.png)
 [44

]
l. 611 Writing tokamak_equilibrium.idv[48] (tokamak_equilibrium47x.png)
l. 614 Writing tokamak_equilibrium.idv[49] (tokamak_equilibrium48x.png)
l. 620 Writing tokamak_equilibrium.idv[50] (tokamak_equilibrium49x.png)
 [45]
l. 630 Writing tokamak_equilibrium.idv[51] (tokamak_equilibrium50x.png)
 [46] [47

]
--- file tokamak_equilibriumse2.html ---
l. 648 Writing tokamak_equilibrium.idv[52] (tokamak_equilibrium51x.png)
 (./tokamak_equilibrium.4ct)
--- file tokamak_equilibriumsu12.html ---
l. 660 Writing tokamak_equilibrium.idv[53] (tokamak_equilibrium52x.png)
 [48

]
l. 664 Writing tokamak_equilibrium.idv[54] (tokamak_equilibrium53x.png)
 [49]
--- file tokamak_equilibriumsu13.html ---
l. 673 Writing tokamak_equilibrium.idv[55] (tokamak_equilibrium54x.png)
l. 681 Writing tokamak_equilibrium.idv[56] (tokamak_equilibrium55x.png)
l. 688 Writing tokamak_equilibrium.idv[57] (tokamak_equilibrium56x.png)

[50

] [51] [52

]
--- file tokamak_equilibriumse3.html ---
 (./tokamak_equilibrium.4ct)
--- file tokamak_equilibriumsu14.html ---
l. 700 Writing tokamak_equilibrium.idv[58] (tokamak_equilibrium57x.png)


LaTeX Warning: Reference `20-4-7-p2' on page 53 undefined on input line 710.

[53

]
l. 713 Writing tokamak_equilibrium.idv[59] (tokamak_equilibrium58x.png)


LaTeX Warning: Citation `ysun2012' on page 54 undefined on input line 727.

[54]
--- file tokamak_equilibriumsu15.html ---
l. 736 Writing tokamak_equilibrium.idv[60] (tokamak_equilibrium59x.png)


LaTeX Warning: Reference `11-2-p4' on page 55 undefined on input line 746.

l. 752 Writing tokamak_equilibrium.idv[61] (tokamak_equilibrium60x.png)
[55

]
l. 761 Writing tokamak_equilibrium.idv[62] (tokamak_equilibrium61x.png)
l. 767 Writing tokamak_equilibrium.idv[63] (tokamak_equilibrium62x.png)
 [56]
l. 772 Writing tokamak_equilibrium.idv[64] (tokamak_equilibrium63x.png)
l. 777 Writing tokamak_equilibrium.idv[65] (tokamak_equilibrium64x.png)


LaTeX Warning: Reference `2-14-10' on page 57 undefined on input line 784.

l. 788 Writing tokamak_equilibrium.idv[66] (tokamak_equilibrium65x.png)
l. 789 Writing tokamak_equilibrium.idv[67] (tokamak_equilibrium66x.png)
l. 791 Writing tokamak_equilibrium.idv[68] (tokamak_equilibrium67x.png)
[57]
l. 798 Writing tokamak_equilibrium.idv[69] (tokamak_equilibrium68x.png)
l. 806 Writing tokamak_equilibrium.idv[70] (tokamak_equilibrium69x.png)
l. 813 Writing tokamak_equilibrium.idv[71] (tokamak_equilibrium70x.png)
 [58]
l. 818 Writing tokamak_equilibrium.idv[72] (tokamak_equilibrium71x.png)
l. 827 Writing tokamak_equilibrium.idv[73] (tokamak_equilibrium72x.png)
l. 828 Writing tokamak_equilibrium.idv[74] (tokamak_equilibrium73x.png)
l. 828 Writing tokamak_equilibrium.idv[75] (tokamak_equilibrium74x.png)
l. 828 Writing tokamak_equilibrium.idv[76] (tokamak_equilibrium75x.png)
l. 829 Writing tokamak_equilibrium.idv[77] (tokamak_equilibrium76x.png)
l. 829 Writing tokamak_equilibrium.idv[78] (tokamak_equilibrium77x.png)
l. 830 Writing tokamak_equilibrium.idv[79] (tokamak_equilibrium78x.png)
l. 830 Writing tokamak_equilibrium.idv[80] (tokamak_equilibrium79x.png)
l. 831 Writing tokamak_equilibrium.idv[81] (tokamak_equilibrium80x.png)
l. 832 Writing tokamak_equilibrium.idv[82] (tokamak_equilibrium81x.png)
l. 832 Writing tokamak_equilibrium.idv[83] (tokamak_equilibrium82x.png)
l. 833 Writing tokamak_equilibrium.idv[84] (tokamak_equilibrium83x.png)
l. 833 Writing tokamak_equilibrium.idv[85] (tokamak_equilibrium84x.png)
l. 833 Writing tokamak_equilibrium.idv[86] (tokamak_equilibrium85x.png)
l. 833 Writing tokamak_equilibrium.idv[87] (tokamak_equilibrium86x.png)
l. 834 Writing tokamak_equilibrium.idv[88] (tokamak_equilibrium87x.png)
l. 834 Writing tokamak_equilibrium.idv[89] (tokamak_equilibrium88x.png)
l. 835 Writing tokamak_equilibrium.idv[90] (tokamak_equilibrium89x.png)
l. 836 Writing tokamak_equilibrium.idv[91] (tokamak_equilibrium90x.png)
l. 836 Writing tokamak_equilibrium.idv[92] (tokamak_equilibrium91x.png)
l. 836 Writing tokamak_equilibrium.idv[93] (tokamak_equilibrium92x.png)
l. 836 Writing tokamak_equilibrium.idv[94] (tokamak_equilibrium93x.png)
l. 837 Writing tokamak_equilibrium.idv[95] (tokamak_equilibrium94x.png)
l. 837 Writing tokamak_equilibrium.idv[96] (tokamak_equilibrium95x.png)
l. 838 Writing tokamak_equilibrium.idv[97] (tokamak_equilibrium96x.png)
l. 839 Writing tokamak_equilibrium.idv[98] (tokamak_equilibrium97x.png)
l. 843 Writing tokamak_equilibrium.idv[99] (tokamak_equilibrium98x.png)
l. 844 Writing tokamak_equilibrium.idv[100] (tokamak_equilibrium99x.png)
 [59]
--- file tokamak_equilibriumsu16.html ---
l. 851 Writing tokamak_equilibrium.idv[101] (tokamak_equilibrium100x.png)


LaTeX Warning: Reference `20-4-8-p1' on page 60 undefined on input line 872.

[60

] [61]
--- file tokamak_equilibriumsu17.html ---
l. 901 Writing tokamak_equilibrium.idv[102] (tokamak_equilibrium101x.png)
l. 902 Writing tokamak_equilibrium.idv[103] (tokamak_equilibrium102x.png)


LaTeX Warning: Reference `20-4-23-a1' on page 62 undefined on input line 903.


LaTeX Warning: Citation `li2013' on page 62 undefined on input line 904.

[62

]
--- file tokamak_equilibriumsu18.html ---
l. 913 Writing tokamak_equilibrium.idv[104] (tokamak_equilibrium103x.png)
l. 918 Writing tokamak_equilibrium.idv[105] (tokamak_equilibrium104x.png)
 [63

]
l. 926 Writing tokamak_equilibrium.idv[106] (tokamak_equilibrium105x.png)
l. 930 Writing tokamak_equilibrium.idv[107] (tokamak_equilibrium106x.png)
 [64]
--- file tokamak_equilibriumsu19.html ---
l. 938 Writing tokamak_equilibrium.idv[108] (tokamak_equilibrium107x.png)
 [65

]
--- file tokamak_equilibriumsu20.html ---
l. 982 Writing tokamak_equilibrium.idv[109] (tokamak_equilibrium108x.png)


LaTeX Warning: Reference `7-26-2m' on page 66 undefined on input line 1001.

[66

]
--- file tokamak_equilibriumsu21.html ---


LaTeX Warning: Citation `boozer2005' on page 67 undefined on input line 1027.


LaTeX Warning: Reference `21-10-8-1' on page 67 undefined on input line 1039.

[67

] [68

]
--- file tokamak_equilibriumse4.html ---
 (./tokamak_equilibrium.4ct)
--- file tokamak_equilibriumsu22.html ---
l. 1056 Writing tokamak_equilibrium.idv[110] (tokamak_equilibrium109x.png)
 [69

]
l. 1059 Writing tokamak_equilibrium.idv[111] (tokamak_equilibrium110x.png)
l. 1060 Writing tokamak_equilibrium.idv[112] (tokamak_equilibrium111x.png)
l. 1060 Writing tokamak_equilibrium.idv[113] (tokamak_equilibrium112x.png)
l. 1064 Writing tokamak_equilibrium.idv[114] (tokamak_equilibrium113x.png)
l. 1070 Writing tokamak_equilibrium.idv[115] (tokamak_equilibrium114x.png)
l. 1070 Writing tokamak_equilibrium.idv[116] (tokamak_equilibrium115x.png)
l. 1070 Writing tokamak_equilibrium.idv[117] (tokamak_equilibrium116x.png)
l. 1073 Writing tokamak_equilibrium.idv[118] (tokamak_equilibrium117x.png)
 [70]
--- file tokamak_equilibriumsu23.html ---
l. 1086 Writing tokamak_equilibrium.idv[119] (tokamak_equilibrium118x.png)
l. 1097 Writing tokamak_equilibrium.idv[120] (tokamak_equilibrium119x.png)
 [71

]
l. 1104 Writing tokamak_equilibrium.idv[121] (tokamak_equilibrium120x.png)
l. 1117 Writing tokamak_equilibrium.idv[122] (tokamak_equilibrium121x.png)
 [72]
--- file tokamak_equilibriumsu24.html ---
l. 1148 Writing tokamak_equilibrium.idv[123] (tokamak_equilibrium122x.png)
l. 1154 Writing tokamak_equilibrium.idv[124] (tokamak_equilibrium123x.png)
l. 1154 Writing tokamak_equilibrium.idv[125] (tokamak_equilibrium124x.png)
l. 1154 Writing tokamak_equilibrium.idv[126] (tokamak_equilibrium125x.png)
l. 1156 Writing tokamak_equilibrium.idv[127] (tokamak_equilibrium126x.png)
l. 1178 Writing tokamak_equilibrium.idv[128] (tokamak_equilibrium127x.png)
l. 1179 Writing tokamak_equilibrium.idv[129] (tokamak_equilibrium128x.png)
l. 1179 Writing tokamak_equilibrium.idv[130] (tokamak_equilibrium129x.png)
l. 1180 Writing tokamak_equilibrium.idv[131] (tokamak_equilibrium130x.png)
l. 1180 Writing tokamak_equilibrium.idv[132] (tokamak_equilibrium131x.png)
l. 1180 Writing tokamak_equilibrium.idv[133] (tokamak_equilibrium132x.png)
 [73

]
l. 1201 Writing tokamak_equilibrium.idv[134] (tokamak_equilibrium133x.png)
l. 1208 Writing tokamak_equilibrium.idv[135] (tokamak_equilibrium134x.png)
l. 1212 Writing tokamak_equilibrium.idv[136] (tokamak_equilibrium135x.png)
 [74]
l. 1219 Writing tokamak_equilibrium.idv[137] (tokamak_equilibrium136x.png)
l. 1224 Writing tokamak_equilibrium.idv[138] (tokamak_equilibrium137x.png)
l. 1229 Writing tokamak_equilibrium.idv[139] (tokamak_equilibrium138x.png)
 [75]
l. 1234 Writing tokamak_equilibrium.idv[140] (tokamak_equilibrium139x.png)
l. 1242 Writing tokamak_equilibrium.idv[141] (tokamak_equilibrium140x.png)

[76]
--- file tokamak_equilibriumsu25.html ---
l. 1254 Writing tokamak_equilibrium.idv[142] (tokamak_equilibrium141x.png)
l. 1259 Writing tokamak_equilibrium.idv[143] (tokamak_equilibrium142x.png)
l. 1265 Writing tokamak_equilibrium.idv[144] (tokamak_equilibrium143x.png)
 [77

]
l. 1269 Writing tokamak_equilibrium.idv[145] (tokamak_equilibrium144x.png)
l. 1279 Writing tokamak_equilibrium.idv[146] (tokamak_equilibrium145x.png)
l. 1288 Writing tokamak_equilibrium.idv[147] (tokamak_equilibrium146x.png)
 [78]
l. 1292 Writing tokamak_equilibrium.idv[148] (tokamak_equilibrium147x.png)
l. 1296 Writing tokamak_equilibrium.idv[149] (tokamak_equilibrium148x.png)
l. 1303 Writing tokamak_equilibrium.idv[150] (tokamak_equilibrium149x.png)
 [79]
l. 1307 Writing tokamak_equilibrium.idv[151] (tokamak_equilibrium150x.png)
l. 1311 Writing tokamak_equilibrium.idv[152] (tokamak_equilibrium151x.png)
 [80]
--- file tokamak_equilibriumsu26.html ---
l. 1321 Writing tokamak_equilibrium.idv[153] (tokamak_equilibrium152x.png)
l. 1329 Writing tokamak_equilibrium.idv[154] (tokamak_equilibrium153x.png)
l. 1334 Writing tokamak_equilibrium.idv[155] (tokamak_equilibrium154x.png)
 [81

]
l. 1339 Writing tokamak_equilibrium.idv[156] (tokamak_equilibrium155x.png)
l. 1346 Writing tokamak_equilibrium.idv[157] (tokamak_equilibrium156x.png)
 [82]
--- file tokamak_equilibriumsu27.html ---
l. 1357 Writing tokamak_equilibrium.idv[158] (tokamak_equilibrium157x.png)
l. 1362 Writing tokamak_equilibrium.idv[159] (tokamak_equilibrium158x.png)
l. 1370 Writing tokamak_equilibrium.idv[160] (tokamak_equilibrium159x.png)
 [83

] [84]
--- file tokamak_equilibriumsu28.html ---
l. 1387 Writing tokamak_equilibrium.idv[161] (tokamak_equilibrium160x.png)
l. 1401 Writing tokamak_equilibrium.idv[162] (tokamak_equilibrium161x.png)
l. 1411 Writing tokamak_equilibrium.idv[163] (tokamak_equilibrium162x.png)
 [85

]
l. 1429 Writing tokamak_equilibrium.idv[164] (tokamak_equilibrium163x.png)
l. 1446 Writing tokamak_equilibrium.idv[165] (tokamak_equilibrium164x.png)
 [86] [87]
--- file tokamak_equilibriumsu29.html ---
l. 1463 Writing tokamak_equilibrium.idv[166] (tokamak_equilibrium165x.png)
 [88

]
--- file tokamak_equilibriumsu30.html ---
l. 1494 Writing tokamak_equilibrium.idv[167] (tokamak_equilibrium166x.png)
l. 1501 Writing tokamak_equilibrium.idv[168] (tokamak_equilibrium167x.png)
l. 1504 Writing tokamak_equilibrium.idv[169] (tokamak_equilibrium168x.png)
 [89

]
l. 1507 Writing tokamak_equilibrium.idv[170] (tokamak_equilibrium169x.png)
l. 1511 Writing tokamak_equilibrium.idv[171] (tokamak_equilibrium170x.png)
l. 1518 Writing tokamak_equilibrium.idv[172] (tokamak_equilibrium171x.png)
 [90]
l. 1521 Writing tokamak_equilibrium.idv[173] (tokamak_equilibrium172x.png)
l. 1524 Writing tokamak_equilibrium.idv[174] (tokamak_equilibrium173x.png)
l. 1528 Writing tokamak_equilibrium.idv[175] (tokamak_equilibrium174x.png)

[91]
l. 1535 Writing tokamak_equilibrium.idv[176] (tokamak_equilibrium175x.png)
l. 1538 Writing tokamak_equilibrium.idv[177] (tokamak_equilibrium176x.png)
l. 1541 Writing tokamak_equilibrium.idv[178] (tokamak_equilibrium177x.png)
 [92]
l. 1545 Writing tokamak_equilibrium.idv[179] (tokamak_equilibrium178x.png)
l. 1564 Writing tokamak_equilibrium.idv[180] (tokamak_equilibrium179x.png)
 [93]
l. 1571 Writing tokamak_equilibrium.idv[181] (tokamak_equilibrium180x.png)
l. 1574 Writing tokamak_equilibrium.idv[182] (tokamak_equilibrium181x.png)
l. 1578 Writing tokamak_equilibrium.idv[183] (tokamak_equilibrium182x.png)
l. 1583 Writing tokamak_equilibrium.idv[184] (tokamak_equilibrium183x.png)
 [94]
l. 1587 Writing tokamak_equilibrium.idv[185] (tokamak_equilibrium184x.png)
l. 1591 Writing tokamak_equilibrium.idv[186] (tokamak_equilibrium185x.png)
l. 1595 Writing tokamak_equilibrium.idv[187] (tokamak_equilibrium186x.png)
 [95]
l. 1600 Writing tokamak_equilibrium.idv[188] (tokamak_equilibrium187x.png)
l. 1604 Writing tokamak_equilibrium.idv[189] (tokamak_equilibrium188x.png)
l. 1608 Writing tokamak_equilibrium.idv[190] (tokamak_equilibrium189x.png)
 [96]
l. 1612 Writing tokamak_equilibrium.idv[191] (tokamak_equilibrium190x.png)
l. 1617 Writing tokamak_equilibrium.idv[192] (tokamak_equilibrium191x.png)
l. 1629 Writing tokamak_equilibrium.idv[193] (tokamak_equilibrium192x.png)
 [97]
l. 1652 Writing tokamak_equilibrium.idv[194] (tokamak_equilibrium193x.png)
l. 1654 Writing tokamak_equilibrium.idv[195] (tokamak_equilibrium194x.png)
l. 1670 Writing tokamak_equilibrium.idv[196] (tokamak_equilibrium195x.png)
 [98]
l. 1689 Writing tokamak_equilibrium.idv[197] (tokamak_equilibrium196x.png)
l. 1703 Writing tokamak_equilibrium.idv[198] (tokamak_equilibrium197x.png)
 [99]
l. 1713 Writing tokamak_equilibrium.idv[199] (tokamak_equilibrium198x.png)
 [100] [101

]
--- file tokamak_equilibriumse5.html ---
l. 1723 Writing tokamak_equilibrium.idv[200] (tokamak_equilibrium199x.png)
l. 1728 Writing tokamak_equilibrium.idv[201] (tokamak_equilibrium200x.png)
l. 1737 Writing tokamak_equilibrium.idv[202] (tokamak_equilibrium201x.png)
 [102

]
l. 1744 Writing tokamak_equilibrium.idv[203] (tokamak_equilibrium202x.png)
l. 1753 Writing tokamak_equilibrium.idv[204] (tokamak_equilibrium203x.png)
 [103]
l. 1758 Writing tokamak_equilibrium.idv[205] (tokamak_equilibrium204x.png)
 [104]
--- file tokamak_equilibriumse6.html ---
l. 1772 Writing tokamak_equilibrium.idv[206] (tokamak_equilibrium205x.png)
l. 1778 Writing tokamak_equilibrium.idv[207] (tokamak_equilibrium206x.png)

(./tokamak_equilibrium.4ct [105

])
--- file tokamak_equilibriumsu31.html ---
l. 1787 Writing tokamak_equilibrium.idv[208] (tokamak_equilibrium207x.png)
l. 1788 Writing tokamak_equilibrium.idv[209] (tokamak_equilibrium208x.png)
l. 1796 Writing tokamak_equilibrium.idv[210] (tokamak_equilibrium209x.png)
 [106]
l. 1800 Writing tokamak_equilibrium.idv[211] (tokamak_equilibrium210x.png)
l. 1801 Writing tokamak_equilibrium.idv[212] (tokamak_equilibrium211x.png)
l. 1803 Writing tokamak_equilibrium.idv[213] (tokamak_equilibrium212x.png)
l. 1805 Writing tokamak_equilibrium.idv[214] (tokamak_equilibrium213x.png)
l. 1811 Writing tokamak_equilibrium.idv[215] (tokamak_equilibrium214x.png)
l. 1821 Writing tokamak_equilibrium.idv[216] (tokamak_equilibrium215x.png)
l. 1829 Writing tokamak_equilibrium.idv[217] (tokamak_equilibrium216x.png)
 [107]
l. 1838 Writing tokamak_equilibrium.idv[218] (tokamak_equilibrium217x.png)
l. 1850 Writing tokamak_equilibrium.idv[219] (tokamak_equilibrium218x.png)
 [108]
l. 1862 Writing tokamak_equilibrium.idv[220] (tokamak_equilibrium219x.png)
 [109]
--- file tokamak_equilibriumsu32.html ---
l. 1877 Writing tokamak_equilibrium.idv[221] (tokamak_equilibrium220x.png)
l. 1884 Writing tokamak_equilibrium.idv[222] (tokamak_equilibrium221x.png)
l. 1890 Writing tokamak_equilibrium.idv[223] (tokamak_equilibrium222x.png)
 [110

]
l. 1894 Writing tokamak_equilibrium.idv[224] (tokamak_equilibrium223x.png)
l. 1895 Writing tokamak_equilibrium.idv[225] (tokamak_equilibrium224x.png)
 [111]
--- file tokamak_equilibriumsu33.html ---
l. 1905 Writing tokamak_equilibrium.idv[226] (tokamak_equilibrium225x.png)
l. 1918 Writing tokamak_equilibrium.idv[227] (tokamak_equilibrium226x.png)
l. 1924 Writing tokamak_equilibrium.idv[228] (tokamak_equilibrium227x.png)
 [112

]
l. 1936 Writing tokamak_equilibrium.idv[229] (tokamak_equilibrium228x.png)
l. 1940 Writing tokamak_equilibrium.idv[230] (tokamak_equilibrium229x.png)

[113]
l. 1956 Writing tokamak_equilibrium.idv[231] (tokamak_equilibrium230x.png)
l. 1990 Writing tokamak_equilibrium.idv[232] (tokamak_equilibrium231x.png)
 [114]
l. 1994 Writing tokamak_equilibrium.idv[233] (tokamak_equilibrium232x.png)
l. 2002 Writing tokamak_equilibrium.idv[234] (tokamak_equilibrium233x.png)
 [115]
l. 2022 Writing tokamak_equilibrium.idv[235] (tokamak_equilibrium234x.png)
l. 2027 Writing tokamak_equilibrium.idv[236] (tokamak_equilibrium235x.png)
l. 2035 Writing tokamak_equilibrium.idv[237] (tokamak_equilibrium236x.png)
 [116]
l. 2060 Writing tokamak_equilibrium.idv[238] (tokamak_equilibrium237x.png)
l. 2064 Writing tokamak_equilibrium.idv[239] (tokamak_equilibrium238x.png)
 [117]
l. 2070 Writing tokamak_equilibrium.idv[240] (tokamak_equilibrium239x.png)
l. 2080 Writing tokamak_equilibrium.idv[241] (tokamak_equilibrium240x.png)
l. 2084 Writing tokamak_equilibrium.idv[242] (tokamak_equilibrium241x.png)
 [118]
l. 2092 Writing tokamak_equilibrium.idv[243] (tokamak_equilibrium242x.png)
l. 2099 Writing tokamak_equilibrium.idv[244] (tokamak_equilibrium243x.png)
l. 2103 Writing tokamak_equilibrium.idv[245] (tokamak_equilibrium244x.png)
l. 2104 Writing tokamak_equilibrium.idv[246] (tokamak_equilibrium245x.png)
l. 2106 Writing tokamak_equilibrium.idv[247] (tokamak_equilibrium246x.png)
 [119]
l. 2108 Writing tokamak_equilibrium.idv[248] (tokamak_equilibrium247x.png)
l. 2120 Writing tokamak_equilibrium.idv[249] (tokamak_equilibrium248x.png)
l. 2120 Writing tokamak_equilibrium.idv[250] (tokamak_equilibrium249x.png)
l. 2120 Writing tokamak_equilibrium.idv[251] (tokamak_equilibrium250x.png)
l. 2126 Writing tokamak_equilibrium.idv[252] (tokamak_equilibrium251x.png)
 [120] [121

]
l. 2138 --- needs --- my_figure/home/yj/project_new/read_gfile/fig161/out1.png 
---
l. 2138 --- needs --- my_figure/home/yj/project_new/read_gfile/fig161/out2.png 
---
l. 2146 Writing tokamak_equilibrium.idv[253] (tokamak_equilibrium252x.png)
l. 2146 Writing tokamak_equilibrium.idv[254] (tokamak_equilibrium253x.png)
l. 2146 Writing tokamak_equilibrium.idv[255] (tokamak_equilibrium254x.png)
 [122

]
l. 2152 Writing tokamak_equilibrium.idv[256] (tokamak_equilibrium255x.png)
l. 2166 Writing tokamak_equilibrium.idv[257] (tokamak_equilibrium256x.png)
l. 2171 Writing tokamak_equilibrium.idv[258] (tokamak_equilibrium257x.png)
 [123

]
l. 2196 Writing tokamak_equilibrium.idv[259] (tokamak_equilibrium258x.png)
l. 2197 Writing tokamak_equilibrium.idv[260] (tokamak_equilibrium259x.png)
l. 2203 Writing tokamak_equilibrium.idv[261] (tokamak_equilibrium260x.png)
 [124]
l. 2205 Writing tokamak_equilibrium.idv[262] (tokamak_equilibrium261x.png)
l. 2209 Writing tokamak_equilibrium.idv[263] (tokamak_equilibrium262x.png)
l. 2215 Writing tokamak_equilibrium.idv[264] (tokamak_equilibrium263x.png)
l. 2216 Writing tokamak_equilibrium.idv[265] (tokamak_equilibrium264x.png)
l. 2225 Writing tokamak_equilibrium.idv[266] (tokamak_equilibrium265x.png)

[125]
l. 2233 Writing tokamak_equilibrium.idv[267] (tokamak_equilibrium266x.png)
l. 2238 Writing tokamak_equilibrium.idv[268] (tokamak_equilibrium267x.png)
l. 2242 Writing tokamak_equilibrium.idv[269] (tokamak_equilibrium268x.png)
l. 2246 Writing tokamak_equilibrium.idv[270] (tokamak_equilibrium269x.png)
 [126]
l. 2250 Writing tokamak_equilibrium.idv[271] (tokamak_equilibrium270x.png)
 [127] [128

]
--- file tokamak_equilibriumse7.html ---
 (./tokamak_equilibrium.4ct)
--- file tokamak_equilibriumsu34.html ---
 [129

] [130

]
l. 2299 --- needs --- my_figure/home/yj/project_new/read_gfile/fig1/contour.png
 ---
 [131

]
l. 2329 Writing tokamak_equilibrium.idv[272] (tokamak_equilibrium271x.png)
 [132

]
[133

]
l. 2341 --- needs --- my_figure/home/yj/project_new/read_gfile/fig2/plt.png ---

l. 2341 --- needs --- my_figure/home/yj/project_new/read_gfile/fig40/plt.png --
-
 [134

] [135

] [136

]
l. 2349 --- needs --- my_figure/home/yj/project_new/read_gfile/fig41/p2.png ---

 [137

] [138

] [139

]
l. 2359 --- needs --- my_figure/home/yj/project_new/read_gfile/fig41/p3.png ---

l. 2359 --- needs --- my_figure/home/yj/project_new/read_gfile/fig41/p4.png ---

 [140

] [141

] [142

]
l. 2374 --- needs --- my_figure/home/yj/project_new/read_gfile/fig41/tmp.png --
-
 [143

] [144

]
[145

]
l. 2382 --- needs --- my_figure/home/yj/project_new/read_gfile/fig32/tmp.png --
-
 [146

] [147

] [148

]
l. 2394 --- needs --- my_figure/home/yj/project_new/read_gfile/fig29/tmp.png --
-
 [149

] [150

]
--- file tokamak_equilibriumsu35.html ---
l. 2414 Writing tokamak_equilibrium.idv[273] (tokamak_equilibrium272x.png)
l. 2417 Writing tokamak_equilibrium.idv[274] (tokamak_equilibrium273x.png)
l. 2421 Writing tokamak_equilibrium.idv[275] (tokamak_equilibrium274x.png)
 [151

]
l. 2425 Writing tokamak_equilibrium.idv[276] (tokamak_equilibrium275x.png)
l. 2431 Writing tokamak_equilibrium.idv[277] (tokamak_equilibrium276x.png)
l. 2435 Writing tokamak_equilibrium.idv[278] (tokamak_equilibrium277x.png)
 [152]
l. 2441 Writing tokamak_equilibrium.idv[279] (tokamak_equilibrium278x.png)
l. 2450 Writing tokamak_equilibrium.idv[280] (tokamak_equilibrium279x.png)
l. 2454 Writing tokamak_equilibrium.idv[281] (tokamak_equilibrium280x.png)
 [153]
l. 2459 Writing tokamak_equilibrium.idv[282] (tokamak_equilibrium281x.png)
l. 2464 Writing tokamak_equilibrium.idv[283] (tokamak_equilibrium282x.png)
l. 2468 Writing tokamak_equilibrium.idv[284] (tokamak_equilibrium283x.png)
 [154]
l. 2473 Writing tokamak_equilibrium.idv[285] (tokamak_equilibrium284x.png)
l. 2480 Writing tokamak_equilibrium.idv[286] (tokamak_equilibrium285x.png)
l. 2486 Writing tokamak_equilibrium.idv[287] (tokamak_equilibrium286x.png)
 [155]
l. 2488 Writing tokamak_equilibrium.idv[288] (tokamak_equilibrium287x.png)
l. 2492 Writing tokamak_equilibrium.idv[289] (tokamak_equilibrium288x.png)
l. 2496 Writing tokamak_equilibrium.idv[290] (tokamak_equilibrium289x.png)
l. 2503 Writing tokamak_equilibrium.idv[291] (tokamak_equilibrium290x.png)
 [156]
l. 2511 Writing tokamak_equilibrium.idv[292] (tokamak_equilibrium291x.png)

[157] [158

]
--- file tokamak_equilibriumse8.html ---
l. 2529 Writing tokamak_equilibrium.idv[293] (tokamak_equilibrium292x.png)
l. 2534 Writing tokamak_equilibrium.idv[294] (tokamak_equilibrium293x.png)
 [159

]
l. 2548 Writing tokamak_equilibrium.idv[295] (tokamak_equilibrium294x.png)


LaTeX Warning: Reference `19-4-8-p1' on page 160 undefined on input line 2560.

[160]
--- file tokamak_equilibriumse9.html ---
 (./tokamak_equilibrium.4ct)
--- file tokamak_equilibriumsu36.html ---
l. 2571 Writing tokamak_equilibrium.idv[296] (tokamak_equilibrium295x.png)
l. 2585 Writing tokamak_equilibrium.idv[297] (tokamak_equilibrium296x.png)
 [161

]
l. 2621 Writing tokamak_equilibrium.idv[298] (tokamak_equilibrium297x.png)
 [162]
l. 2625 Writing tokamak_equilibrium.idv[299] (tokamak_equilibrium298x.png)
l. 2629 Writing tokamak_equilibrium.idv[300] (tokamak_equilibrium299x.png)
l. 2637 Writing tokamak_equilibrium.idv[301] (tokamak_equilibrium300x.png)
 [163]
l. 2644 Writing tokamak_equilibrium.idv[302] (tokamak_equilibrium301x.png)
l. 2650 Writing tokamak_equilibrium.idv[303] (tokamak_equilibrium302x.png)
l. 2656 Writing tokamak_equilibrium.idv[304] (tokamak_equilibrium303x.png)
 [164]
l. 2662 Writing tokamak_equilibrium.idv[305] (tokamak_equilibrium304x.png)
l. 2667 Writing tokamak_equilibrium.idv[306] (tokamak_equilibrium305x.png)
 [165]
--- file tokamak_equilibriumsu37.html ---
l. 2675 Writing tokamak_equilibrium.idv[307] (tokamak_equilibrium306x.png)
l. 2681 Writing tokamak_equilibrium.idv[308] (tokamak_equilibrium307x.png)
 [166

]
l. 2694 Writing tokamak_equilibrium.idv[309] (tokamak_equilibrium308x.png)
l. 2704 Writing tokamak_equilibrium.idv[310] (tokamak_equilibrium309x.png)
l. 2713 Writing tokamak_equilibrium.idv[311] (tokamak_equilibrium310x.png)
 [167]
l. 2720 Writing tokamak_equilibrium.idv[312] (tokamak_equilibrium311x.png)
l. 2743 Writing tokamak_equilibrium.idv[313] (tokamak_equilibrium312x.png)

[168]
l. 2747 Writing tokamak_equilibrium.idv[314] (tokamak_equilibrium313x.png)
l. 2751 Writing tokamak_equilibrium.idv[315] (tokamak_equilibrium314x.png)
l. 2756 Writing tokamak_equilibrium.idv[316] (tokamak_equilibrium315x.png)
 [169]
l. 2764 Writing tokamak_equilibrium.idv[317] (tokamak_equilibrium316x.png)
l. 2764 Writing tokamak_equilibrium.idv[318] (tokamak_equilibrium317x.png)
l. 2766 Writing tokamak_equilibrium.idv[319] (tokamak_equilibrium318x.png)
l. 2766 Writing tokamak_equilibrium.idv[320] (tokamak_equilibrium319x.png)
l. 2766 Writing tokamak_equilibrium.idv[321] (tokamak_equilibrium320x.png)
l. 2768 Writing tokamak_equilibrium.idv[322] (tokamak_equilibrium321x.png)
 [170]
l. 2774 Writing tokamak_equilibrium.idv[323] (tokamak_equilibrium322x.png)


LaTeX Warning: Reference `12-21-p2' on page 171 undefined on input line 2779.

l. 2781 Writing tokamak_equilibrium.idv[324] (tokamak_equilibrium323x.png)

LaTeX Warning: Reference `4-16-p2' on page 171 undefined on input line 2784.

l. 2786 Writing tokamak_equilibrium.idv[325] (tokamak_equilibrium324x.png)
[171]
l. 2797 Writing tokamak_equilibrium.idv[326] (tokamak_equilibrium325x.png)
l. 2802 Writing tokamak_equilibrium.idv[327] (tokamak_equilibrium326x.png)
 [172]
l. 2823 Writing tokamak_equilibrium.idv[328] (tokamak_equilibrium327x.png)
l. 2830 Writing tokamak_equilibrium.idv[329] (tokamak_equilibrium328x.png)
 [173]
l. 2856 Writing tokamak_equilibrium.idv[330] (tokamak_equilibrium329x.png)
 [174] [175

]
--- file tokamak_equilibriumse10.html ---

l.2874 --- TeX4ht warning --- \Link{tailtokamak_equilibriumse10.html}? ---
(./tokamak_equilibrium.4ct)
--- file tokamak_equilibriumsu38.html ---

l.2876 --- TeX4ht warning --- \Link{tailtokamak_equilibriumsu38.html}? ---
l. 2878 Writing tokamak_equilibrium.idv[331] (tokamak_equilibrium330x.png)

LaTeX Warning: Citation `cheng1987' on page 176 undefined on input line 2894.

l. 2895 Writing tokamak_equilibrium.idv[332] (tokamak_equilibrium331x.png)
[176

]
l. 2902 Writing tokamak_equilibrium.idv[333] (tokamak_equilibrium332x.png)
l. 2919 Writing tokamak_equilibrium.idv[334] (tokamak_equilibrium333x.png)
l. 2926 Writing tokamak_equilibrium.idv[335] (tokamak_equilibrium334x.png)
l. 2928 Writing tokamak_equilibrium.idv[336] (tokamak_equilibrium335x.png)
 [177]
l. 2933 Writing tokamak_equilibrium.idv[337] (tokamak_equilibrium336x.png)
l. 2943 Writing tokamak_equilibrium.idv[338] (tokamak_equilibrium337x.png)
l. 2948 Writing tokamak_equilibrium.idv[339] (tokamak_equilibrium338x.png)
 [178]
l. 2955 Writing tokamak_equilibrium.idv[340] (tokamak_equilibrium339x.png)
l. 2960 Writing tokamak_equilibrium.idv[341] (tokamak_equilibrium340x.png)


LaTeX Warning: Reference `17-4-11-1' on page 179 undefined on input line 2967.


LaTeX Warning: Reference `17-4-11-1' on page 179 undefined on input line 2970.

! Missing $ inserted.
<inserted text> 
                $
l.2972 insteadB\tmrsub{{\zeta}}
                               J\tmrsup{-1} of requiring the Jacobian to take
? X
 
Here is how much of TeX's memory you used:
 13316 strings out of 481240
 189607 string characters out of 5920403
 593802 words of memory out of 5000000
 28236 multiletter control sequences out of 15000+600000
 539426 words of font info for 50 fonts, out of 8000000 for 9000
 1141 hyphenation exceptions out of 8191
 42i,15n,40p,1819b,580s stack positions out of 5000i,500n,10000p,200000b,80000s
Output written on tokamak_equilibrium.dvi (178 pages, 549536 bytes).
