This is pdfTeX, Version 3.14159265-2.6-1.40.20 (TeX Live 2019/Debian) (preloaded format=latex 2021.4.15)  29 MAY 2023 12:35
entering extended mode
 restricted \write18 enabled.
 %&-line parsing enabled.
**\makeatletter\def\HCode{\futurelet\HCode\HChar}\def\HChar{\ifx"\HCode\def\HCo
de"##1"{\Link##1}\expandafter\HCode\else\expandafter\Link\fi}\def\Link#1.a.b.c.
{\g@addto@macro\@documentclasshook{\RequirePackage[#1,html]{tex4ht}}\let\HCode\
documentstyle\def\documentstyle{\let\documentstyle\HCode\expandafter\def\csname
 tex4ht\endcsname{#1,html}\def\HCode####1{\documentstyle[tex4ht,}\@ifnextchar[{
\HCode}{\documentstyle[tex4ht]}}}\makeatother\HCode myconfig, xhtml, 2, charset
=utf-8.a.b.c.\input  ../tex/guiding_center_motion.tex
 (../tex/guiding_center_motion.tex
(/usr/share/texlive/texmf-dist/tex/latex/base/article.cls
Document Class: article 2019/12/20 v1.4l Standard LaTeX document class
(/usr/share/texlive/texmf-dist/tex/latex/base/size10.clo
File: size10.clo 2019/12/20 v1.4l Standard LaTeX file (size option)
)
\c@part=\count167
\c@section=\count168
\c@subsection=\count169
\c@subsubsection=\count170
\c@paragraph=\count171
\c@subparagraph=\count172
\c@figure=\count173
\c@table=\count174
\abovecaptionskip=\skip47
\belowcaptionskip=\skip48
\bibindent=\dimen134
)
(/usr/share/texlive/texmf-dist/tex/generic/tex4ht/tex4ht.sty
version 2019-03-18-15:24
Package: tex4ht 
--------------------------------------
--- Note --- for _ at preamble, use the command line option `early_'
--------------------------------------
--------------------------------------
--- Note --- for ^ at preamble, use the command line option `early^'
--------------------------------------
\tmp:toks=\toks14
)
(/usr/share/texlive/texmf-dist/tex/generic/tex4ht/usepackage.4ht
version 2019-12-19-14:27
)
(/usr/share/texlive/texmf-dist/tex/generic/babel/babel.sty
Package: babel 2020/02/14 3.40 The Babel package

(/usr/share/texlive/texmf-dist/tex/generic/babel/switch.def
File: switch.def 2020/02/14 3.40 Babel switching mechanism
)
(/usr/share/texlive/texmf-dist/tex/generic/babel-english/english.ldf
Language: english 2017/06/06 v3.3r English support from the babel system

(/usr/share/texlive/texmf-dist/tex/generic/babel/babel.def
File: babel.def 2020/02/14 3.40 Babel common definitions
\babel@savecnt=\count175
\U@D=\dimen135

(/usr/share/texlive/texmf-dist/tex/generic/babel/txtbabel.def)
\bbl@readstream=\read2
\bbl@dirlevel=\count176
)
Package babel Info: \l@canadian = using hyphenrules for english
(babel)             (\language0) on input line 102.
Package babel Info: \l@australian = using hyphenrules for ukenglish
(babel)             (\language32) on input line 105.
Package babel Info: \l@newzealand = using hyphenrules for ukenglish
(babel)             (\language32) on input line 108.
))
(/usr/share/texlive/texmf-dist/tex/latex/geometry/geometry.sty
Package: geometry 2020/01/02 v5.9 Page Geometry

(/usr/share/texlive/texmf-dist/tex/latex/graphics/keyval.sty
Package: keyval 2014/10/28 v1.15 key=value parser (DPC)
\KV@toks@=\toks15
)
(/usr/share/texlive/texmf-dist/tex/generic/iftex/ifvtex.sty
Package: ifvtex 2019/10/25 v1.7 ifvtex legacy package. Use iftex instead.

(/usr/share/texlive/texmf-dist/tex/generic/iftex/iftex.sty
Package: iftex 2019/11/07 v1.0c TeX engine tests
))
\Gm@cnth=\count177
\Gm@cntv=\count178
\c@Gm@tempcnt=\count179
\Gm@bindingoffset=\dimen136
\Gm@wd@mp=\dimen137
\Gm@odd@mp=\dimen138
\Gm@even@mp=\dimen139
\Gm@layoutwidth=\dimen140
\Gm@layoutheight=\dimen141
\Gm@layouthoffset=\dimen142
\Gm@layoutvoffset=\dimen143
\Gm@dimlist=\toks16
)
(/usr/share/texlive/texmf-dist/tex/latex/amsmath/amsmath.sty
Package: amsmath 2020/01/20 v2.17e AMS math features
\@mathmargin=\skip49

For additional information on amsmath, use the `?' option.
(/usr/share/texlive/texmf-dist/tex/latex/amsmath/amstext.sty
Package: amstext 2000/06/29 v2.01 AMS text

(/usr/share/texlive/texmf-dist/tex/latex/amsmath/amsgen.sty
File: amsgen.sty 1999/11/30 v2.0 generic functions
\@emptytoks=\toks17
\ex@=\dimen144
))
(/usr/share/texlive/texmf-dist/tex/latex/amsmath/amsbsy.sty
Package: amsbsy 1999/11/29 v1.2d Bold Symbols
\pmbraise@=\dimen145
)
(/usr/share/texlive/texmf-dist/tex/latex/amsmath/amsopn.sty
Package: amsopn 2016/03/08 v2.02 operator names
)
\inf@bad=\count180
LaTeX Info: Redefining \frac on input line 227.
\uproot@=\count181
\leftroot@=\count182
LaTeX Info: Redefining \overline on input line 389.
\classnum@=\count183
\DOTSCASE@=\count184
LaTeX Info: Redefining \ldots on input line 486.
LaTeX Info: Redefining \dots on input line 489.
LaTeX Info: Redefining \cdots on input line 610.
\Mathstrutbox@=\box45
\strutbox@=\box46
\big@size=\dimen146
LaTeX Font Info:    Redeclaring font encoding OML on input line 733.
LaTeX Font Info:    Redeclaring font encoding OMS on input line 734.
\macc@depth=\count185
\c@MaxMatrixCols=\count186
\dotsspace@=\muskip16
\c@parentequation=\count187
\dspbrk@lvl=\count188
\tag@help=\toks18
\row@=\count189
\column@=\count190
\maxfields@=\count191
\andhelp@=\toks19
\eqnshift@=\dimen147
\alignsep@=\dimen148
\tagshift@=\dimen149
\tagwidth@=\dimen150
\totwidth@=\dimen151
\lineht@=\dimen152
\@envbody=\toks20
\multlinegap=\skip50
\multlinetaggap=\skip51
\mathdisplay@stack=\toks21
LaTeX Info: Redefining \[ on input line 2859.
LaTeX Info: Redefining \] on input line 2860.
)
(/usr/share/texlive/texmf-dist/tex/latex/amsfonts/amssymb.sty
Package: amssymb 2013/01/14 v3.01 AMS font symbols

(/usr/share/texlive/texmf-dist/tex/latex/amsfonts/amsfonts.sty
Package: amsfonts 2013/01/14 v3.01 Basic AMSFonts support
\symAMSa=\mathgroup4
\symAMSb=\mathgroup5
LaTeX Font Info:    Redeclaring math symbol \hbar on input line 98.
LaTeX Font Info:    Overwriting math alphabet `\mathfrak' in version `bold'
(Font)                  U/euf/m/n --> U/euf/b/n on input line 106.
))
(/usr/share/texlive/texmf-dist/tex/latex/graphics/graphicx.sty
Package: graphicx 2019/11/30 v1.2a Enhanced LaTeX Graphics (DPC,SPQR)

(/usr/share/texlive/texmf-dist/tex/generic/tex4ht/usepackage.4ht
version 2019-12-19-14:27
)
(/usr/share/texlive/texmf-dist/tex/latex/graphics/graphics.sty
Package: graphics 2019/11/30 v1.4a Standard LaTeX Graphics (DPC,SPQR)

(/usr/share/texlive/texmf-dist/tex/latex/graphics/trig.sty
Package: trig 2016/01/03 v1.10 sin cos tan (DPC)
)
(/usr/share/texlive/texmf-dist/tex/latex/graphics-cfg/graphics.cfg
File: graphics.cfg 2016/06/04 v1.11 sample graphics configuration
)
Package graphics Info: Driver file: dvips.def on input line 105.

(/usr/share/texlive/texmf-dist/tex/latex/graphics-def/dvips.def
File: dvips.def 2017/06/20 v3.1d Graphics/color driver for dvips
))
\Gin@req@height=\dimen153
\Gin@req@width=\dimen154
)
(/usr/share/texlive/texmf-dist/tex/generic/tex4ht/usepackage.4ht
version 2019-12-19-14:27
)
(/usr/share/texlive/texmf-dist/tex/latex/xcolor/xcolor.sty
Package: xcolor 2016/05/11 v2.12 LaTeX color extensions (UK)

(/usr/share/texlive/texmf-dist/tex/latex/graphics-cfg/color.cfg
File: color.cfg 2016/01/02 v1.6 sample color configuration
)
Package xcolor Info: Driver file: dvips.def on input line 225.
Package xcolor Info: Model `cmy' substituted by `cmy0' on input line 1348.
Package xcolor Info: Model `RGB' extended on input line 1364.
Package xcolor Info: Model `HTML' substituted by `rgb' on input line 1366.
Package xcolor Info: Model `Hsb' substituted by `hsb' on input line 1367.
Package xcolor Info: Model `tHsb' substituted by `hsb' on input line 1368.
Package xcolor Info: Model `HSB' substituted by `hsb' on input line 1369.
Package xcolor Info: Model `Gray' substituted by `gray' on input line 1370.
Package xcolor Info: Model `wave' substituted by `hsb' on input line 1371.
)
(./myconfig.cfg (/usr/share/texlive/texmf-dist/tex/generic/tex4ht/tex4ht.4ht
version 2018-12-30-09:29
--------------------------------------
--- Note --- for additional information, use the command line option `info'
--------------------------------------

::::::::::::::::::::::::::::::::::::::::::
 TeX4ht info is available in the log file 
::::::::::::::::::::::::::::::::::::::::::
) (/usr/share/texlive/texmf-dist/tex/generic/tex4ht/tex4ht.sty
version 2019-03-18-15:24

--- needs --- tex4ht guiding_center_motion ---
\tmp:cnt=\count192
\openout15 = `guiding_center_motion.tmp'.

(./guiding_center_motion.tmp)
\tmp:dim=\skip52
 (./guiding_center_motion.xref)
\:refout=\write3
\openout3 = `guiding_center_motion.xref'.


(/usr/share/texlive/texmf-dist/tex/generic/tex4ht/html4.4ht
version 2020-02-14-14:21
--------------------------------------
--- Note --- to remove the <?xml version=...?> processing instruction use the c
ommand line option `no-VERSION'
--------------------------------------
--------------------------------------
--- Note --- to remove the DOCTYPE declaration use the command line option `no-
DOCTYPE'
--------------------------------------
)
(/usr/share/texlive/texmf-dist/tex/generic/tex4ht/html4-math.4ht
version 2019-12-16-15:21
)
--------------------------------------
--- Note --- for marking of the base font, use the command line option `fonts+'

--------------------------------------
--------------------------------------
--- Note --- for non active _, use the command line option `no_'
--------------------------------------
--------------------------------------
--- Note --- for _ of catcode 13, use the command line option `_13'
--------------------------------------
--------------------------------------
--- Note --- for non active ^, use the command line option `no^'
--------------------------------------
--------------------------------------
--- Note --- for ^ of catcode 13, use the command line option `^13'
--------------------------------------

(/usr/share/texlive/texmf-dist/tex/generic/tex4ht/html4.4ht
version 2020-02-14-14:21
--------------------------------------
--- Note --- For section filenames that reflect on their titles use the command
 line option `sec-filename'
--------------------------------------
--------------------------------------
--- Note --- to ignore CSS font decoration, use the `NoFonts' command line opti
on
--------------------------------------
--------------------------------------
--- Note --- for jpg bitmaps of pictures, use the `jpg' command line option. (C
haracter bitmaps are controled only by `g' records of tex4ht.env and `-g' switc
hes of tex4ht.c) 
--------------------------------------
--------------------------------------
--- Note --- for gif bitmaps of pictures, use the `gif' command line option. (C
haracter bitmaps are controled only by `g' records of tex4ht.env and `-g' switc
hes of tex4ht.c) 
--------------------------------------
--------------------------------------
--- Note --- for content and toc in 2 frames, use the command line option `fram
es'
--------------------------------------
--------------------------------------
--- Note --- for content, toc, and footnotes in 3 frames, use the command line 
option `frames-fn'
--------------------------------------
--------------------------------------
--- Note --- for file extension name xht, use the command line option `xht'
--------------------------------------
TeX4ht package options: xhtml,2,charset=utf-8,html
--------------------------------------
--- Note --- To print a timestamp, use the command line option timestamp
--------------------------------------
--------------------------------------
--- Note --- to ignore CSS code, use the command line option `-css
--------------------------------------
--------------------------------------
--- Note --- for inline CSS code, use the command line option `css-in'
--------------------------------------
--------------------------------------
--- Note --- for pop ups on mouse over, use the command line option `mouseover'

--------------------------------------
--------------------------------------
--- Note --- for addressing images in a subdirectory, use the command line opti
on `imgdir:.../'
--------------------------------------
)
(/usr/share/texlive/texmf-dist/tex/generic/tex4ht/html4-math.4ht
version 2019-12-16-15:21
)
\:tokwrite=\toks22
\:tokpage=\toks23
--------------------------------------
--- Note --- for back links to toc, use the command line option `sections+'
--------------------------------------
--------------------------------------
--- Note --- for linear crosslinks of pages, use the command line option `next'

--------------------------------------
\openout15 = `guiding_center_motion.4ct'.

\:tocout=\write4
\openout4 = `guiding_center_motion.4tc'.


(/usr/share/texlive/texmf-dist/tex/generic/tex4ht/html4.4ht
version 2020-02-14-14:21
)
(/usr/share/texlive/texmf-dist/tex/generic/tex4ht/html4-math.4ht
version 2019-12-16-15:21
)
(/usr/share/texlive/texmf-dist/tex/generic/tex4ht/latex.4ht
version 2019-08-26-14:22
LaTeX Info: Redefining \_ on input line 168.
--------------------------------------
--- Note --- for links into captions, instead of float heads, use the command l
ine option `refcaption'
--------------------------------------

(/usr/share/texlive/texmf-dist/tex/generic/tex4ht/html4.4ht
version 2020-02-14-14:21
)
(/usr/share/texlive/texmf-dist/tex/generic/tex4ht/html4-math.4ht
version 2019-12-16-15:21
)
(/usr/share/texlive/texmf-dist/tex/generic/tex4ht/html4.4ht
version 2020-02-14-14:21
--------------------------------------
--- Note --- For mini tocs immediately aftter the header use the command line o
ption `minitoc<'
--------------------------------------
--------------------------------------
--- Note --- for enumerated list elements with valued data, use the command lin
e option `enumerate+'
--------------------------------------
--------------------------------------
--- Note --- for enumerated list elements li's with value attributes, use the c
ommand line option `enumerate-'
--------------------------------------
--------------------------------------
--- Note --- for CSS2 code, use the command line option `css2'
--------------------------------------
--------------------------------------
--- Note --- for pictorial tabular, use the command line option `pic-tabular'
--------------------------------------
--------------------------------------
--- Note --- for bitmap fbox'es, use the command line option `pic-fbox'
--------------------------------------
--------------------------------------
--- Note --- for bitmap framebox'es, use the command line option `pic-framebox'

--------------------------------------
--------------------------------------
--- Note --- for inline footnotes use command line option `fn-in'
--------------------------------------
--------------------------------------
--- Note --- for tracing of latex font commands, use the command line option `f
onts'
--------------------------------------
--------------------------------------
--- Note --- for width specifications of tabular p entries, use the `p-width' c
ommand line option or a configuration similar to \Configure{HColWidth}{\HCode{ 
style="width:\HColWidth"}}
--------------------------------------
)
(/usr/share/texlive/texmf-dist/tex/generic/tex4ht/html4-math.4ht
version 2019-12-16-15:21
--------------------------------------
--- Note --- for pictorial eqnarray, use the command line option `pic-eqnarray'

--------------------------------------
--------------------------------------
--- Note --- for pictorial array, use the command line option `pic-array'
--------------------------------------
--------------------------------------
--- Note --- for pictorial $...$ environments, use the command line option `pic
-m' (not recommended!!)
--------------------------------------
--------------------------------------
--- Note --- for pictorial $...$ and $$...$$ environments with latex alt, use t
he command line option `pic-m+' (not safe!!)
--------------------------------------
--------------------------------------
--- Note --- for pictorial array, use the command line option `pic-array'
--------------------------------------
))
(/usr/share/texlive/texmf-dist/tex/generic/tex4ht/fontmath.4ht
version 2018-11-06-15:55

(/usr/share/texlive/texmf-dist/tex/generic/tex4ht/html4.4ht
version 2020-02-14-14:21
)
(/usr/share/texlive/texmf-dist/tex/generic/tex4ht/html4-math.4ht
version 2019-12-16-15:21
))
(/usr/share/texlive/texmf-dist/tex/generic/tex4ht/article.4ht
(/usr/share/texlive/texmf-dist/tex/generic/tex4ht/html4.4ht
version 2020-02-14-14:21
--------------------------------------
--- Note --- for tocs without * entries, use command line option `notoc*'
--------------------------------------
--------------------------------------
--- Note --- for tocs without * entries, use command line option `notoc*'
--------------------------------------
--------------------------------------
--- Note --- to eliminate mini tables of contents, use the command line option 
`nominitoc'
--------------------------------------
--------------------------------------
--- Note --- for frames-like object-based table of contents, use the command li
ne option `obj-toc'
--------------------------------------
--------------------------------------
--- Note --- for files named derived from section titles, use the command line 
option `sec-filename'
--------------------------------------
--------------------------------------
--- Note --- for i-columns index, use the command line option `index=i' (e.g., 
index=2)
--------------------------------------
)
(/usr/share/texlive/texmf-dist/tex/generic/tex4ht/html4-math.4ht
version 2019-12-16-15:21
))
(/usr/share/texlive/texmf-dist/tex/generic/tex4ht/babel.4ht
(/usr/share/texlive/texmf-dist/tex/generic/tex4ht/html4.4ht
version 2020-02-14-14:21
)
(/usr/share/texlive/texmf-dist/tex/generic/tex4ht/html4-math.4ht
version 2019-12-16-15:21
))
(/usr/share/texlive/texmf-dist/tex/generic/tex4ht/english.4ht
version 2009-05-21-09:32

(/usr/share/texlive/texmf-dist/tex/generic/tex4ht/html4.4ht
version 2020-02-14-14:21
)
(/usr/share/texlive/texmf-dist/tex/generic/tex4ht/html4-math.4ht
version 2019-12-16-15:21
))
(/usr/share/texlive/texmf-dist/tex/generic/tex4ht/geometry.4ht
version 2016-07-01-08:55

(/usr/share/texlive/texmf-dist/tex/generic/tex4ht/html4.4ht
version 2020-02-14-14:21
)
(/usr/share/texlive/texmf-dist/tex/generic/tex4ht/html4-math.4ht
version 2019-12-16-15:21
))
(/usr/share/texlive/texmf-dist/tex/generic/tex4ht/amsmath.4ht
version 2019-12-29-14:17
\tmp:muskip=\muskip17

(/usr/share/texlive/texmf-dist/tex/generic/tex4ht/html4.4ht
version 2020-02-14-14:21
)
(/usr/share/texlive/texmf-dist/tex/generic/tex4ht/html4-math.4ht
version 2019-12-16-15:21
))
(/usr/share/texlive/texmf-dist/tex/generic/tex4ht/amstext.4ht
version 2009-05-21-09:32

(/usr/share/texlive/texmf-dist/tex/generic/tex4ht/html4.4ht
version 2020-02-14-14:21
)
(/usr/share/texlive/texmf-dist/tex/generic/tex4ht/html4-math.4ht
version 2019-12-16-15:21
))
(/usr/share/texlive/texmf-dist/tex/generic/tex4ht/amsbsy.4ht
version 2009-05-21-09:32

(/usr/share/texlive/texmf-dist/tex/generic/tex4ht/html4.4ht
version 2020-02-14-14:21
)
(/usr/share/texlive/texmf-dist/tex/generic/tex4ht/html4-math.4ht
version 2019-12-16-15:21
))
(/usr/share/texlive/texmf-dist/tex/generic/tex4ht/amsopn.4ht
version 2009-05-21-09:32

(/usr/share/texlive/texmf-dist/tex/generic/tex4ht/html4.4ht
version 2020-02-14-14:21
)
(/usr/share/texlive/texmf-dist/tex/generic/tex4ht/html4-math.4ht
version 2019-12-16-15:21
))
(/usr/share/texlive/texmf-dist/tex/generic/tex4ht/amssymb.4ht
version 2009-05-21-09:32

(/usr/share/texlive/texmf-dist/tex/generic/tex4ht/html4.4ht
version 2020-02-14-14:21
)
(/usr/share/texlive/texmf-dist/tex/generic/tex4ht/html4-math.4ht
version 2019-12-16-15:21
))
(/usr/share/texlive/texmf-dist/tex/generic/tex4ht/amsfonts.4ht
version 2009-05-21-09:32

(/usr/share/texlive/texmf-dist/tex/generic/tex4ht/html4.4ht
version 2020-02-14-14:21
)
(/usr/share/texlive/texmf-dist/tex/generic/tex4ht/html4-math.4ht
version 2019-12-16-15:21
))
(/usr/share/texlive/texmf-dist/tex/generic/tex4ht/graphicx.4ht
version 2018-10-01-14:24

(/usr/share/texlive/texmf-dist/tex/generic/tex4ht/html4.4ht
version 2020-02-14-14:21
)
(/usr/share/texlive/texmf-dist/tex/generic/tex4ht/html4-math.4ht
version 2019-12-16-15:21
))
(/usr/share/texlive/texmf-dist/tex/generic/tex4ht/graphics.4ht
(/usr/share/texlive/texmf-dist/tex/generic/tex4ht/html4.4ht
version 2020-02-14-14:21
--------------------------------------
--- Note --- if included graphics are of degraded quality, try the command line
 options `graphics-num' or `graphics-'. The `num' should provide the density of
 pixels in the bitmaps (e.g., 110). 
--------------------------------------
--------------------------------------
--- Note --- for key dimensions try the option `Gin-dim'; for key dimensions wh
en bounding box is unavailable try `Gin-dim+'; neither is recommended
--------------------------------------
)
(/usr/share/texlive/texmf-dist/tex/generic/tex4ht/html4-math.4ht
version 2019-12-16-15:21
))
(/usr/share/texlive/texmf-dist/tex/generic/tex4ht/dvips.4ht
version 2009-05-21-09:32

(/usr/share/texlive/texmf-dist/tex/generic/tex4ht/html4.4ht
version 2020-02-14-14:21
)
(/usr/share/texlive/texmf-dist/tex/generic/tex4ht/html4-math.4ht
version 2019-12-16-15:21
))
(/usr/share/texlive/texmf-dist/tex/generic/tex4ht/xcolor.4ht
version 2019-04-09-10:06

(/usr/share/texlive/texmf-dist/tex/generic/tex4ht/color.4ht
(/usr/share/texlive/texmf-dist/tex/generic/tex4ht/html4.4ht
version 2020-02-14-14:21
)
(/usr/share/texlive/texmf-dist/tex/generic/tex4ht/html4-math.4ht
version 2019-12-16-15:21
))
(/usr/share/texlive/texmf-dist/tex/generic/tex4ht/html4.4ht
version 2020-02-14-14:21
)
(/usr/share/texlive/texmf-dist/tex/generic/tex4ht/html4-math.4ht
version 2019-12-16-15:21
))
(/usr/share/texlive/texmf-dist/tex/generic/tex4ht/color.4ht)
(/usr/share/texlive/texmf-dist/tex/generic/tex4ht/html4.4ht
version 2020-02-14-14:21
)
(/usr/share/texlive/texmf-dist/tex/generic/tex4ht/html4-math.4ht
version 2019-12-16-15:21
))
(/usr/share/texlive/texmf-dist/tex/latex/l3backend/l3backend-dvips.def
File: l3backend-dvips.def 2020-02-03 L3 backend support: dvips
\l__pdf_internal_box=\box47
\g__pdf_backend_object_int=\count193
\l__pdf_backend_content_box=\box48
\l__pdf_backend_model_box=\box49
\g__pdf_backend_annotation_int=\count194
\g__pdf_backend_link_int=\count195
\g__pdf_backend_link_sf_int=\count196
)
(./guiding_center_motion.aux)
\openout1 = `guiding_center_motion.aux'.

LaTeX Font Info:    Checking defaults for OML/cmm/m/it on input line 18.
LaTeX Font Info:    ... okay on input line 18.
LaTeX Font Info:    Checking defaults for OMS/cmsy/m/n on input line 18.
LaTeX Font Info:    ... okay on input line 18.
LaTeX Font Info:    Checking defaults for OT1/cmr/m/n on input line 18.
LaTeX Font Info:    ... okay on input line 18.
LaTeX Font Info:    Checking defaults for T1/cmr/m/n on input line 18.
LaTeX Font Info:    ... okay on input line 18.
LaTeX Font Info:    Checking defaults for TS1/cmr/m/n on input line 18.
LaTeX Font Info:    ... okay on input line 18.
LaTeX Font Info:    Checking defaults for OMX/cmex/m/n on input line 18.
LaTeX Font Info:    ... okay on input line 18.
LaTeX Font Info:    Checking defaults for U/cmr/m/n on input line 18.
LaTeX Font Info:    ... okay on input line 18.

*geometry* driver: auto-detecting
*geometry* detected driver: dvips
*geometry* verbose mode - [ preamble ] result:
* driver: dvips
* paper: a4paper
* layout: <same size as paper>
* layoutoffset:(h,v)=(0.0pt,0.0pt)
* modes: 
* h-part:(L,W,R)=(89.62709pt, 418.25368pt, 89.6271pt)
* v-part:(T,H,B)=(101.40665pt, 591.5302pt, 152.11pt)
* \paperwidth=597.50787pt
* \paperheight=845.04684pt
* \textwidth=418.25368pt
* \textheight=591.5302pt
* \oddsidemargin=0.0pt
* \evensidemargin=0.0pt
* \topmargin=-7.86334pt
* \headheight=12.0pt
* \headsep=25.0pt
* \topskip=10.0pt
* \footskip=30.0pt
* \marginparwidth=65.0pt
* \marginparsep=11.0pt
* \columnsep=10.0pt
* \skip\footins=9.0pt plus 4.0pt minus 2.0pt
* \hoffset=0.0pt
* \voffset=0.0pt
* \mag=1000
* \@twocolumnfalse
* \@twosidefalse
* \@mparswitchfalse
* \@reversemarginfalse
* (1in=72.27pt=25.4mm, 1cm=28.453pt)

--- file guiding_center_motion.css ---
) [1

] [2]
LaTeX Font Info:    Trying to load font information for U+msa on input line 26.

 (/usr/share/texlive/texmf-dist/tex/latex/amsfonts/umsa.fd
File: umsa.fd 2013/01/14 v3.01 AMS symbols A
)
LaTeX Font Info:    Trying to load font information for U+msb on input line 26.


(/usr/share/texlive/texmf-dist/tex/latex/amsfonts/umsb.fd
File: umsb.fd 2013/01/14 v3.01 AMS symbols B
)
(./guiding_center_motion.4ct [3])
--- file guiding_center_motionse1.html ---
l. 47 Writing guiding_center_motion.idv[1] (guiding_center_motion0x.png)
l. 53 Writing guiding_center_motion.idv[2] (guiding_center_motion1x.png)
 [4]
l. 65 Writing guiding_center_motion.idv[3] (guiding_center_motion2x.png)
l. 70 Writing guiding_center_motion.idv[4] (guiding_center_motion3x.png)
l. 77 Writing guiding_center_motion.idv[5] (guiding_center_motion4x.png)
 [5]
l. 88 Writing guiding_center_motion.idv[6] (guiding_center_motion5x.png)
l. 93 Writing guiding_center_motion.idv[7] (guiding_center_motion6x.png)
 [6]
l. 104 Writing guiding_center_motion.idv[8] (guiding_center_motion7x.png)
l. 136 Writing guiding_center_motion.idv[9] (guiding_center_motion8x.png)
 [7]
l. 147 Writing guiding_center_motion.idv[10] (guiding_center_motion9x.png)
l. 156 Writing guiding_center_motion.idv[11] (guiding_center_motion10x.png)
l. 165 Writing guiding_center_motion.idv[12] (guiding_center_motion11x.png)
 [8]
l. 170 Writing guiding_center_motion.idv[13] (guiding_center_motion12x.png)
 [9]
--- file guiding_center_motionse2.html ---
l. 197 Writing guiding_center_motion.idv[14] (guiding_center_motion13x.png)
l. 198 Writing guiding_center_motion.idv[15] (guiding_center_motion14x.png)
l. 201 Writing guiding_center_motion.idv[16] (guiding_center_motion15x.png)
l. 208 Writing guiding_center_motion.idv[17] (guiding_center_motion16x.png)
l. 213 Writing guiding_center_motion.idv[18] (guiding_center_motion17x.png)
 [10

]
l. 221 Writing guiding_center_motion.idv[19] (guiding_center_motion18x.png)
l. 234 Writing guiding_center_motion.idv[20] (guiding_center_motion19x.png)
l. 250 Writing guiding_center_motion.idv[21] (guiding_center_motion20x.png)
 [11]
l. 265 Writing guiding_center_motion.idv[22] (guiding_center_motion21x.png)
l. 277 Writing guiding_center_motion.idv[23] (guiding_center_motion22x.png)
 [12]
l. 281 Writing guiding_center_motion.idv[24] (guiding_center_motion23x.png)
l. 285 Writing guiding_center_motion.idv[25] (guiding_center_motion24x.png)
l. 289 Writing guiding_center_motion.idv[26] (guiding_center_motion25x.png)
l. 293 Writing guiding_center_motion.idv[27] (guiding_center_motion26x.png)

[13]
l. 300 Writing guiding_center_motion.idv[28] (guiding_center_motion27x.png)
l. 305 Writing guiding_center_motion.idv[29] (guiding_center_motion28x.png)
l. 310 Writing guiding_center_motion.idv[30] (guiding_center_motion29x.png)
 [14]
l. 318 Writing guiding_center_motion.idv[31] (guiding_center_motion30x.png)
l. 324 Writing guiding_center_motion.idv[32] (guiding_center_motion31x.png)
l. 329 Writing guiding_center_motion.idv[33] (guiding_center_motion32x.png)
 [15]
l. 334 Writing guiding_center_motion.idv[34] (guiding_center_motion33x.png)
l. 340 Writing guiding_center_motion.idv[35] (guiding_center_motion34x.png)
l. 350 Writing guiding_center_motion.idv[36] (guiding_center_motion35x.png)
 [16]
l. 368 Writing guiding_center_motion.idv[37] (guiding_center_motion36x.png)
l. 384 Writing guiding_center_motion.idv[38] (guiding_center_motion37x.png)
 [17]
l. 397 Writing guiding_center_motion.idv[39] (guiding_center_motion38x.png)
l. 411 Writing guiding_center_motion.idv[40] (guiding_center_motion39x.png)
 [18]
l. 440 Writing guiding_center_motion.idv[41] (guiding_center_motion40x.png)
l. 442 Writing guiding_center_motion.idv[42] (guiding_center_motion41x.png)
l. 453 Writing guiding_center_motion.idv[43] (guiding_center_motion42x.png)
l. 468 Writing guiding_center_motion.idv[44] (guiding_center_motion43x.png)
l. 470 Writing guiding_center_motion.idv[45] (guiding_center_motion44x.png)
 [19] [20] [21

]
l. 482 --- needs --- my_figure/home/yj/theory/guiding_center_motion/figures/fig
1/shift-1.png ---
 [22

] [23

] [24

]
l. 494 --- needs --- my_figure/home/yj/project_new/fig_lorentz/fig2018-2-3e1/f.
png ---
 [25

]
l. 524 Writing guiding_center_motion.idv[46] (guiding_center_motion45x.png)
 [26

] [27

]
l. 556 --- needs --- my_figure/home/yj/project_new/fig_lorentz/fig2018-2-3e1/fi
gb/f.png ---

[28

] [29

] [30

]
l. 579 --- needs --- my_figure/home/yj/project_new/lorentz_ions/figures/fig2e/p
.png ---
l. 579 --- needs --- my_figure/home/yj/project_new/lorentz_ions/figures/fig2/p.
png ---
l. 582 Writing guiding_center_motion.idv[47] (guiding_center_motion46x.png)
 [31

] [32

] [33

]
l. 594 --- needs --- my_figure/home/yj/project_new/lorentz_ions/figures/fig2c/p
.png ---
l. 594 --- needs --- my_figure/home/yj/project_new/lorentz_ions/figures/fig2f/p
.png ---
l. 596 --- needs --- my_figure/home/yj/project_new/lorentz_ions/figures/fig2b/p
.png ---
l. 596 --- needs --- my_figure/home/yj/project_new/lorentz_ions/figures/fig2d/p
.png ---
l. 599 Writing guiding_center_motion.idv[48] (guiding_center_motion47x.png)
 [34

] [35

]
--- file guiding_center_motionse3.html ---
l. 609 Writing guiding_center_motion.idv[49] (guiding_center_motion48x.png)
l. 609 Writing guiding_center_motion.idv[50] (guiding_center_motion49x.png)
l. 611 Writing guiding_center_motion.idv[51] (guiding_center_motion50x.png)
l. 619 Writing guiding_center_motion.idv[52] (guiding_center_motion51x.png)
l. 627 Writing guiding_center_motion.idv[53] (guiding_center_motion52x.png)
 [36

]
l. 633 Writing guiding_center_motion.idv[54] (guiding_center_motion53x.png)
l. 639 Writing guiding_center_motion.idv[55] (guiding_center_motion54x.png)
 [37]
l. 649 Writing guiding_center_motion.idv[56] (guiding_center_motion55x.png)
l. 657 Writing guiding_center_motion.idv[57] (guiding_center_motion56x.png)
l. 665 Writing guiding_center_motion.idv[58] (guiding_center_motion57x.png)
l. 673 Writing guiding_center_motion.idv[59] (guiding_center_motion58x.png)
l. 673 Writing guiding_center_motion.idv[60] (guiding_center_motion59x.png)
l. 674 Writing guiding_center_motion.idv[61] (guiding_center_motion60x.png)
l. 675 Writing guiding_center_motion.idv[62] (guiding_center_motion61x.png)
 [38]
l. 701 Writing guiding_center_motion.idv[63] (guiding_center_motion62x.png)
l. 707 Writing guiding_center_motion.idv[64] (guiding_center_motion63x.png)
 [39]
l. 715 Writing guiding_center_motion.idv[65] (guiding_center_motion64x.png)
l. 721 Writing guiding_center_motion.idv[66] (guiding_center_motion65x.png)
l. 726 Writing guiding_center_motion.idv[67] (guiding_center_motion66x.png)
 [40]
--- file guiding_center_motionse4.html ---
l. 744 Writing guiding_center_motion.idv[68] (guiding_center_motion67x.png)
l. 749 Writing guiding_center_motion.idv[69] (guiding_center_motion68x.png)
 [41

]
l. 754 Writing guiding_center_motion.idv[70] (guiding_center_motion69x.png)
l. 760 Writing guiding_center_motion.idv[71] (guiding_center_motion70x.png)
 [42]
l. 774 Writing guiding_center_motion.idv[72] (guiding_center_motion71x.png)
l. 777 Writing guiding_center_motion.idv[73] (guiding_center_motion72x.png)
l. 782 Writing guiding_center_motion.idv[74] (guiding_center_motion73x.png)
l. 786 Writing guiding_center_motion.idv[75] (guiding_center_motion74x.png)

[43] [44] [45

]
l. 798 --- needs --- my_figure/home/yj/project_new/guiding_center_motion/fig31b
/p.png ---
l. 798 --- needs --- my_figure/home/yj/project_new/guiding_center_motion/fig31/
p.png ---
l. 798 --- needs --- my_figure/home/yj/project_new/guiding_center_motion/fig31c
/p.png ---
 [46

] [47

]
--- file guiding_center_motionse5.html ---
l. 825 Writing guiding_center_motion.idv[76] (guiding_center_motion75x.png)
l. 829 Writing guiding_center_motion.idv[77] (guiding_center_motion76x.png)
 [48

]
l. 832 Writing guiding_center_motion.idv[78] (guiding_center_motion77x.png)
l. 846 Writing guiding_center_motion.idv[79] (guiding_center_motion78x.png)
l. 853 Writing guiding_center_motion.idv[80] (guiding_center_motion79x.png)
 [49]
l. 858 Writing guiding_center_motion.idv[81] (guiding_center_motion80x.png)
l. 863 Writing guiding_center_motion.idv[82] (guiding_center_motion81x.png)
l. 879 Writing guiding_center_motion.idv[83] (guiding_center_motion82x.png)
 [50] [51] [52

]
l. 890 --- needs --- my_figure/home/yj/theory/nbi/paper3/fig1b/p.png ---
 [53

]
l. 901 Writing guiding_center_motion.idv[84] (guiding_center_motion83x.png)
l. 906 Writing guiding_center_motion.idv[85] (guiding_center_motion84x.png)
 [54

] [55

]
l. 926 --- needs --- my_figure/home/yj/theory/nbi/paper3/fig2/p2.png ---
 [56

] [57

]
[58

]
l. 952 --- needs --- my_figure/home/yj/theory/nbi/paper3/fig2/p3.png ---
 [59

] [60

] [61

]
l. 961 --- needs --- my_figure/home/yj/theory/nbi/paper3/fig2/p.png ---
 [62

] [63

] [64

]
l. 976 --- needs --- my_figure/home/yj/theory/nbi/paper3/fig3/p.png ---
 [65

] [66

] [67

]
l. 987 --- needs --- my_figure/home/yj/theory/nbi/paper3/fig3b/p.png ---
 [68

]
l. 995 Writing guiding_center_motion.idv[86] (guiding_center_motion85x.png)
l. 998 Writing guiding_center_motion.idv[87] (guiding_center_motion86x.png)
l. 998 Writing guiding_center_motion.idv[88] (guiding_center_motion87x.png)
l. 1000 Writing guiding_center_motion.idv[89] (guiding_center_motion88x.png)
 [69

]
l. 1022 Writing guiding_center_motion.idv[90] (guiding_center_motion89x.png)
l. 1026 Writing guiding_center_motion.idv[91] (guiding_center_motion90x.png)
 [70]
l. 1030 Writing guiding_center_motion.idv[92] (guiding_center_motion91x.png)
l. 1034 Writing guiding_center_motion.idv[93] (guiding_center_motion92x.png)
 [71] [72

]
l. 1054 --- needs --- my_figure/home/yj/project_new/guiding_center_motion/fig32
/p.png ---

[73

]
l. 1066 Writing guiding_center_motion.idv[94] (guiding_center_motion93x.png)
l. 1075 Writing guiding_center_motion.idv[95] (guiding_center_motion94x.png)
l. 1079 Writing guiding_center_motion.idv[96] (guiding_center_motion95x.png)
 [74

] [75] [76

]
l. 1092 --- needs --- my_figure/home/yj/theory/figures/passing_trapped/p_proces
sed.png ---
 [77

] [78

] [79

]
l. 1111 --- needs --- my_figure/home/yj/project_new/guiding_center_motion/fig8/
p3.png ---
 [80

] [81

] [82

]
l. 1125 --- needs --- my_figure/home/yj/theory/figures/passing-trapped.png ---
 [83

]
l. 1143 Writing guiding_center_motion.idv[97] (guiding_center_motion96x.png)
l. 1153 Writing guiding_center_motion.idv[98] (guiding_center_motion97x.png)
l. 1161 Writing guiding_center_motion.idv[99] (guiding_center_motion98x.png)
 [84

]
l. 1165 Writing guiding_center_motion.idv[100] (guiding_center_motion99x.png)
l. 1173 Writing guiding_center_motion.idv[101] (guiding_center_motion100x.png)
 [85]
l. 1183 Writing guiding_center_motion.idv[102] (guiding_center_motion101x.png)
l. 1192 Writing guiding_center_motion.idv[103] (guiding_center_motion102x.png)
l. 1201 Writing guiding_center_motion.idv[104] (guiding_center_motion103x.png)
 [86]
l. 1215 Writing guiding_center_motion.idv[105] (guiding_center_motion104x.png)
l. 1220 Writing guiding_center_motion.idv[106] (guiding_center_motion105x.png)
l. 1220 Writing guiding_center_motion.idv[107] (guiding_center_motion106x.png)
 [87]
l. 1222 Writing guiding_center_motion.idv[108] (guiding_center_motion107x.png)
l. 1229 Writing guiding_center_motion.idv[109] (guiding_center_motion108x.png)
l. 1233 Writing guiding_center_motion.idv[110] (guiding_center_motion109x.png)

[88]
l. 1237 Writing guiding_center_motion.idv[111] (guiding_center_motion110x.png)
l. 1242 Writing guiding_center_motion.idv[112] (guiding_center_motion111x.png)
l. 1248 Writing guiding_center_motion.idv[113] (guiding_center_motion112x.png)
 [89]
l. 1257 Writing guiding_center_motion.idv[114] (guiding_center_motion113x.png)
l. 1265 Writing guiding_center_motion.idv[115] (guiding_center_motion114x.png)
l. 1271 Writing guiding_center_motion.idv[116] (guiding_center_motion115x.png)
 [90]
l. 1276 Writing guiding_center_motion.idv[117] (guiding_center_motion116x.png)
l. 1284 Writing guiding_center_motion.idv[118] (guiding_center_motion117x.png)
 [91]
l. 1300 Writing guiding_center_motion.idv[119] (guiding_center_motion118x.png)
l. 1304 Writing guiding_center_motion.idv[120] (guiding_center_motion119x.png)
l. 1309 Writing guiding_center_motion.idv[121] (guiding_center_motion120x.png)
l. 1315 Writing guiding_center_motion.idv[122] (guiding_center_motion121x.png)
l. 1316 Writing guiding_center_motion.idv[123] (guiding_center_motion122x.png)
 [92]
l. 1319 Writing guiding_center_motion.idv[124] (guiding_center_motion123x.png)
l. 1340 Writing guiding_center_motion.idv[125] (guiding_center_motion124x.png)
 [93] [94

]
l. 1351 --- needs --- my_figure/home/yj/project_new/guiding_center_motion/fig26
/p.png ---
l. 1351 --- needs --- my_figure/home/yj/project_new/guiding_center_motion/fig26
b/p.png ---
l. 1353 --- needs --- my_figure/home/yj/project_new/guiding_center_motion/fig26
c/p.png ---
l. 1353 --- needs --- my_figure/home/yj/project_new/guiding_center_motion/fig26
d/p.png ---
 [95

] [96

] [97

]
l. 1379 --- needs --- my_figure/home/yj/project_new/guiding_center_motion/fig27
/p.png ---
l. 1379 --- needs --- my_figure/home/yj/project_new/guiding_center_motion/fig27
b/p.png ---
l. 1381 --- needs --- my_figure/home/yj/project_new/guiding_center_motion/fig27
c/p.png ---
l. 1381 --- needs --- my_figure/home/yj/project_new/guiding_center_motion/fig27
d/p.png ---
 [98

] [99

] [100

]
l. 1399 --- needs --- my_figure/home/yj/project_new/guiding_center_motion/fig28
/p.png ---
l. 1399 --- needs --- my_figure/home/yj/project_new/guiding_center_motion/fig28
b/p.png ---
l. 1401 --- needs --- my_figure/home/yj/project_new/guiding_center_motion/fig28
c/p.png ---
l. 1401 --- needs --- my_figure/home/yj/project_new/guiding_center_motion/fig28
d/p.png ---
 [101

]
[102

] [103

]
l. 1458 --- needs --- my_figure/home/yj/project_new/read_gfile/fig162/p.png ---

 [104

] [105

] [106

]
l. 1477 --- needs --- my_figure/home/yj/project_new/read_gfile/fig162b/p.png --
-
 [107

] [108

] [109

]
l. 1492 --- needs --- my_figure/home/yj/project_new/read_gfile/fig162c/p.png --
-
 [110

] [111

] [112

]
l. 1508 --- needs --- my_figure/home/yj/project_new/read_gfile/fig162f/p.png --
-

l.1508 --- TeX4ht warning --- File `"/home/yj/project_new/read_gfile/fig162f/fi
g2/p2.xbb"' not found ---
l.1508 --- TeX4ht warning --- Cannot determine size of graphic in "/home/yj/pro
ject_new/read_gfile/fig162f/fig2/p2.xbb" (no BoundingBox) ---
l. 1508 --- needs --- /home/yj/project_new/read_gfile/fig162f/fig2/p2.png ---
[113

] [114

] [115

]
l. 1524 --- needs --- my_figure/home/yj/project_new/guiding_center_motion/fig11
/p.png ---
l. 1524 --- needs --- my_figure/home/yj/project_new/guiding_center_motion/fig11
/p2.png ---
 [116

]
l. 1540 Writing guiding_center_motion.idv[126] (guiding_center_motion125x.png)
l. 1545 Writing guiding_center_motion.idv[127] (guiding_center_motion126x.png)
l. 1552 Writing guiding_center_motion.idv[128] (guiding_center_motion127x.png)
 [117

]
l. 1564 Writing guiding_center_motion.idv[129] (guiding_center_motion128x.png)
l. 1564 Writing guiding_center_motion.idv[130] (guiding_center_motion129x.png)
l. 1565 Writing guiding_center_motion.idv[131] (guiding_center_motion130x.png)
l. 1567 Writing guiding_center_motion.idv[132] (guiding_center_motion131x.png)
l. 1567 Writing guiding_center_motion.idv[133] (guiding_center_motion132x.png)
l. 1567 Writing guiding_center_motion.idv[134] (guiding_center_motion133x.png)
 [118]
l. 1570 Writing guiding_center_motion.idv[135] (guiding_center_motion134x.png)
l. 1570 Writing guiding_center_motion.idv[136] (guiding_center_motion135x.png)
l. 1571 Writing guiding_center_motion.idv[137] (guiding_center_motion136x.png)
l. 1576 Writing guiding_center_motion.idv[138] (guiding_center_motion137x.png)
l. 1583 Writing guiding_center_motion.idv[139] (guiding_center_motion138x.png)
 [119]
l. 1587 Writing guiding_center_motion.idv[140] (guiding_center_motion139x.png)
l. 1587 Writing guiding_center_motion.idv[141] (guiding_center_motion140x.png)
l. 1588 Writing guiding_center_motion.idv[142] (guiding_center_motion141x.png)
l. 1590 Writing guiding_center_motion.idv[143] (guiding_center_motion142x.png)
l. 1590 Writing guiding_center_motion.idv[144] (guiding_center_motion143x.png)
l. 1590 Writing guiding_center_motion.idv[145] (guiding_center_motion144x.png)
l. 1595 Writing guiding_center_motion.idv[146] (guiding_center_motion145x.png)
 [120]
l. 1598 Writing guiding_center_motion.idv[147] (guiding_center_motion146x.png)
l. 1599 Writing guiding_center_motion.idv[148] (guiding_center_motion147x.png)
l. 1600 Writing guiding_center_motion.idv[149] (guiding_center_motion148x.png)
l. 1612 Writing guiding_center_motion.idv[150] (guiding_center_motion149x.png)
l. 1618 Writing guiding_center_motion.idv[151] (guiding_center_motion150x.png)
 [121]
l. 1621 Writing guiding_center_motion.idv[152] (guiding_center_motion151x.png)
l. 1627 Writing guiding_center_motion.idv[153] (guiding_center_motion152x.png)
l. 1634 Writing guiding_center_motion.idv[154] (guiding_center_motion153x.png)
 [122]
l. 1638 Writing guiding_center_motion.idv[155] (guiding_center_motion154x.png)
l. 1642 Writing guiding_center_motion.idv[156] (guiding_center_motion155x.png)
l. 1647 Writing guiding_center_motion.idv[157] (guiding_center_motion156x.png)
l. 1653 Writing guiding_center_motion.idv[158] (guiding_center_motion157x.png)
 [123]
l. 1666 Writing guiding_center_motion.idv[159] (guiding_center_motion158x.png)
l. 1674 Writing guiding_center_motion.idv[160] (guiding_center_motion159x.png)
l. 1678 Writing guiding_center_motion.idv[161] (guiding_center_motion160x.png)
 [124]
[125] [126

]
l. 1694 --- needs --- my_figure/home/yj/project_new/guiding_center_motion/fig7/
p4.png ---
l. 1694 --- needs --- my_figure/home/yj/project_new/guiding_center_motion/fig6/
p4.png ---
 [127

] [128

] [129

]
l.1714 --- TeX4ht warning --- File `"/home/yj/project_new/guiding_center_motion
/fig14c/3d_orbit.xbb"' not found ---
l.1714 --- TeX4ht warning --- Cannot determine size of graphic in "/home/yj/pro
ject_new/guiding_center_motion/fig14c/3d_orbit.xbb" (no BoundingBox) ---
l. 1714 --- needs --- /home/yj/project_new/guiding_center_motion/fig14c/3d_orbi
t.png ---
[130

] [131

]
--- file guiding_center_motionse6.html ---
l. 1725 Writing guiding_center_motion.idv[162] (guiding_center_motion161x.png)
 [132

] [133

]
l. 1743 --- needs --- my_figure/home/yj/project_new/guiding_center_motion/fig23
b/p.png ---
 [134

]
l. 1750 Writing guiding_center_motion.idv[163] (guiding_center_motion162x.png)
l. 1752 Writing guiding_center_motion.idv[164] (guiding_center_motion163x.png)
 [135

]
--- file guiding_center_motionse7.html ---
l. 1774 Writing guiding_center_motion.idv[165] (guiding_center_motion164x.png)
l. 1777 Writing guiding_center_motion.idv[166] (guiding_center_motion165x.png)
 [136

]
l. 1780 Writing guiding_center_motion.idv[167] (guiding_center_motion166x.png)
l. 1797 Writing guiding_center_motion.idv[168] (guiding_center_motion167x.png)
l. 1802 Writing guiding_center_motion.idv[169] (guiding_center_motion168x.png)
 [137]
l. 1807 Writing guiding_center_motion.idv[170] (guiding_center_motion169x.png)
l. 1811 Writing guiding_center_motion.idv[171] (guiding_center_motion170x.png)
 [138]
l. 1818 Writing guiding_center_motion.idv[172] (guiding_center_motion171x.png)
l. 1826 Writing guiding_center_motion.idv[173] (guiding_center_motion172x.png)
l. 1832 Writing guiding_center_motion.idv[174] (guiding_center_motion173x.png)
 [139]
l. 1853 Writing guiding_center_motion.idv[175] (guiding_center_motion174x.png)
l. 1856 Writing guiding_center_motion.idv[176] (guiding_center_motion175x.png)
 [140]
l. 1866 Writing guiding_center_motion.idv[177] (guiding_center_motion176x.png)
l. 1877 Writing guiding_center_motion.idv[178] (guiding_center_motion177x.png)
l. 1879 Writing guiding_center_motion.idv[179] (guiding_center_motion178x.png)
l. 1889 Writing guiding_center_motion.idv[180] (guiding_center_motion179x.png)
 [141]
l. 1894 Writing guiding_center_motion.idv[181] (guiding_center_motion180x.png)
l. 1898 Writing guiding_center_motion.idv[182] (guiding_center_motion181x.png)
l. 1903 Writing guiding_center_motion.idv[183] (guiding_center_motion182x.png)

[142]
l. 1907 Writing guiding_center_motion.idv[184] (guiding_center_motion183x.png)
l. 1914 Writing guiding_center_motion.idv[185] (guiding_center_motion184x.png)
l. 1925 Writing guiding_center_motion.idv[186] (guiding_center_motion185x.png)
 [143]
l. 1929 Writing guiding_center_motion.idv[187] (guiding_center_motion186x.png)
l. 1937 Writing guiding_center_motion.idv[188] (guiding_center_motion187x.png)
l. 1940 Writing guiding_center_motion.idv[189] (guiding_center_motion188x.png)
l. 1947 Writing guiding_center_motion.idv[190] (guiding_center_motion189x.png)
 [144]
l. 1953 Writing guiding_center_motion.idv[191] (guiding_center_motion190x.png)
l. 1959 Writing guiding_center_motion.idv[192] (guiding_center_motion191x.png)
l. 1962 Writing guiding_center_motion.idv[193] (guiding_center_motion192x.png)
 [145]
l. 1966 Writing guiding_center_motion.idv[194] (guiding_center_motion193x.png)
l. 1975 Writing guiding_center_motion.idv[195] (guiding_center_motion194x.png)
 [146] [147

]
l. 1987 --- needs --- my_figure/home/yj/project_new/orbit_loss_model/fig1/a.png
 ---
 [148

]

LaTeX Warning: Reference `11-19-1' on page 149 undefined on input line 1999.

l. 2014 Writing guiding_center_motion.idv[196] (guiding_center_motion195x.png)
l. 2025 Writing guiding_center_motion.idv[197] (guiding_center_motion196x.png)
[149

] [150]
--- file guiding_center_motionse8.html ---
l. 2060 Writing guiding_center_motion.idv[198] (guiding_center_motion197x.png)
l. 2066 Writing guiding_center_motion.idv[199] (guiding_center_motion198x.png)
l. 2071 Writing guiding_center_motion.idv[200] (guiding_center_motion199x.png)
 [151

]
l. 2073 Writing guiding_center_motion.idv[201] (guiding_center_motion200x.png)
l. 2083 Writing guiding_center_motion.idv[202] (guiding_center_motion201x.png)
l. 2087 Writing guiding_center_motion.idv[203] (guiding_center_motion202x.png)
l. 2096 Writing guiding_center_motion.idv[204] (guiding_center_motion203x.png)
 [152]
l. 2110 Writing guiding_center_motion.idv[205] (guiding_center_motion204x.png)
l. 2122 Writing guiding_center_motion.idv[206] (guiding_center_motion205x.png)
 [153]
l. 2130 Writing guiding_center_motion.idv[207] (guiding_center_motion206x.png)
l. 2133 Writing guiding_center_motion.idv[208] (guiding_center_motion207x.png)
l. 2136 Writing guiding_center_motion.idv[209] (guiding_center_motion208x.png)
 [154]
l. 2140 Writing guiding_center_motion.idv[210] (guiding_center_motion209x.png)
l. 2145 Writing guiding_center_motion.idv[211] (guiding_center_motion210x.png)
l. 2149 Writing guiding_center_motion.idv[212] (guiding_center_motion211x.png)
 [155]
l. 2153 Writing guiding_center_motion.idv[213] (guiding_center_motion212x.png)
l. 2158 Writing guiding_center_motion.idv[214] (guiding_center_motion213x.png)
l. 2162 Writing guiding_center_motion.idv[215] (guiding_center_motion214x.png)
 [156]
l. 2169 Writing guiding_center_motion.idv[216] (guiding_center_motion215x.png)
l. 2174 Writing guiding_center_motion.idv[217] (guiding_center_motion216x.png)
l. 2186 Writing guiding_center_motion.idv[218] (guiding_center_motion217x.png)
 [157]
l. 2215 Writing guiding_center_motion.idv[219] (guiding_center_motion218x.png)
l. 2221 Writing guiding_center_motion.idv[220] (guiding_center_motion219x.png)
 [158]
l. 2227 Writing guiding_center_motion.idv[221] (guiding_center_motion220x.png)
l. 2231 Writing guiding_center_motion.idv[222] (guiding_center_motion221x.png)
l. 2236 Writing guiding_center_motion.idv[223] (guiding_center_motion222x.png)
 [159] [160]
--- file guiding_center_motionli1.html ---

[161

] [162

] (./guiding_center_motion.aux)

LaTeX Warning: There were undefined references.

 ) 
Here is how much of TeX's memory you used:
 8594 strings out of 481240
 118676 string characters out of 5920403
 493617 words of memory out of 5000000
 23624 multiletter control sequences out of 15000+600000
 543009 words of font info for 63 fonts, out of 8000000 for 9000
 1141 hyphenation exceptions out of 8191
 33i,14n,40p,1738b,518s stack positions out of 5000i,500n,10000p,200000b,80000s

Output written on guiding_center_motion.dvi (162 pages, 378628 bytes).
