This is pdfTeX, Version 3.1415926-2.5-1.40.14 (TeX Live 2013/Debian) (format=latex 2018.1.4)  29 APR 2018 10:54
entering extended mode
 restricted \write18 enabled.
 %&-line parsing enabled.
**torus.tex
(./torus.tex
LaTeX2e <2011/06/27>
Babel <3.9h> and hyphenation patterns for 2 languages loaded.

! LaTeX Error: Environment tikzpicture undefined.

See the LaTeX manual or LaTeX Companion for explanation.
Type  H <return>  for immediate help.
 ...                                              
                                                  
l.4 \begin{tikzpicture}
                       [line join=round]
? X
 
Here is how much of TeX's memory you used:
 7 strings out of 495029
 278 string characters out of 6181524
 45941 words of memory out of 5000000
 3316 multiletter control sequences out of 15000+600000
 3640 words of font info for 14 fonts, out of 8000000 for 9000
 14 hyphenation exceptions out of 8191
 5i,0n,4p,76b,16s stack positions out of 5000i,500n,10000p,200000b,80000s
No pages of output.
