This is pdfTeX, Version 3.1415926-1.40.10 (TeX Live 2009/Debian) (format=latex 2011.5.9)  19 MAY 2014 09:38
entering extended mode
 %&-line parsing enabled.
**./images.tex
(./images.tex
LaTeX2e <2009/09/24>
Babel <v3.8l> and hyphenation patterns for english, usenglishmax, dumylang, noh
yphenation, loaded.

(/usr/share/texmf-texlive/tex/latex/base/article.cls
Document Class: article 2007/10/19 v1.4h Standard LaTeX document class
(/usr/share/texmf-texlive/tex/latex/base/size10.clo
File: size10.clo 2007/10/19 v1.4h Standard LaTeX file (size option)
)
\c@part=\count79
\c@section=\count80
\c@subsection=\count81
\c@subsubsection=\count82
\c@paragraph=\count83
\c@subparagraph=\count84
\c@figure=\count85
\c@table=\count86
\abovecaptionskip=\skip41
\belowcaptionskip=\skip42
\bibindent=\dimen102
) (/usr/share/texmf-texlive/tex/latex/base/ifthen.sty
Package: ifthen 2001/05/26 v1.1c Standard LaTeX ifthen package (DPC)
) (/usr/share/texmf-texlive/tex/latex/amsmath/amsmath.sty
Package: amsmath 2000/07/18 v2.13 AMS math features
\@mathmargin=\skip43
For additional information on amsmath, use the `?' option.
(/usr/share/texmf-texlive/tex/latex/amsmath/amstext.sty
Package: amstext 2000/06/29 v2.01
(/usr/share/texmf-texlive/tex/latex/amsmath/amsgen.sty
File: amsgen.sty 1999/11/30 v2.0
\@emptytoks=\toks14
\ex@=\dimen103
)) (/usr/share/texmf-texlive/tex/latex/amsmath/amsbsy.sty
Package: amsbsy 1999/11/29 v1.2d
\pmbraise@=\dimen104
) (/usr/share/texmf-texlive/tex/latex/amsmath/amsopn.sty
Package: amsopn 1999/12/14 v2.01 operator names
)
\inf@bad=\count87
LaTeX Info: Redefining \frac on input line 211.
\uproot@=\count88
\leftroot@=\count89
LaTeX Info: Redefining \overline on input line 307.
\classnum@=\count90
\DOTSCASE@=\count91
LaTeX Info: Redefining \ldots on input line 379.
LaTeX Info: Redefining \dots on input line 382.
LaTeX Info: Redefining \cdots on input line 467.
\Mathstrutbox@=\box26
\strutbox@=\box27
\big@size=\dimen105
LaTeX Font Info:    Redeclaring font encoding OML on input line 567.
LaTeX Font Info:    Redeclaring font encoding OMS on input line 568.
\macc@depth=\count92
\c@MaxMatrixCols=\count93
\dotsspace@=\muskip10
\c@parentequation=\count94
\dspbrk@lvl=\count95
\tag@help=\toks15
\row@=\count96
\column@=\count97
\maxfields@=\count98
\andhelp@=\toks16
\eqnshift@=\dimen106
\alignsep@=\dimen107
\tagshift@=\dimen108
\tagwidth@=\dimen109
\totwidth@=\dimen110
\lineht@=\dimen111
\@envbody=\toks17
\multlinegap=\skip44
\multlinetaggap=\skip45
\mathdisplay@stack=\toks18
LaTeX Info: Redefining \[ on input line 2666.
LaTeX Info: Redefining \] on input line 2667.
) (/usr/share/texmf-texlive/tex/latex/graphics/color.sty
Package: color 2005/11/14 v1.0j Standard LaTeX Color (DPC)
(/etc/texmf/tex/latex/config/color.cfg
File: color.cfg 2007/01/18 v1.5 color configuration of teTeX/TeXLive
)
Package color Info: Driver file: dvips.def on input line 130.
(/usr/share/texmf-texlive/tex/latex/graphics/dvips.def
File: dvips.def 1999/02/16 v3.0i Driver-dependant file (DPC,SPQR)
) (/usr/share/texmf-texlive/tex/latex/graphics/dvipsnam.def
File: dvipsnam.def 1999/02/16 v3.0i Driver-dependant file (DPC,SPQR)
)) (/usr/share/texmf-texlive/tex/latex/base/inputenc.sty
Package: inputenc 2008/03/30 v1.1d Input encoding file
\inpenc@prehook=\toks19
\inpenc@posthook=\toks20
)
\sizebox=\box28
\lthtmlwrite=\write3
(./images.aux

LaTeX Warning: Label `2-14-1' multiply defined.


LaTeX Warning: Label `1-6-8' multiply defined.

)
\openout1 = `images.aux'.

LaTeX Font Info:    Checking defaults for OML/cmm/m/it on input line 136.
LaTeX Font Info:    ... okay on input line 136.
LaTeX Font Info:    Checking defaults for T1/cmr/m/n on input line 136.
LaTeX Font Info:    ... okay on input line 136.
LaTeX Font Info:    Checking defaults for OT1/cmr/m/n on input line 136.
LaTeX Font Info:    ... okay on input line 136.
LaTeX Font Info:    Checking defaults for OMS/cmsy/m/n on input line 136.
LaTeX Font Info:    ... okay on input line 136.
LaTeX Font Info:    Checking defaults for OMX/cmex/m/n on input line 136.
LaTeX Font Info:    ... okay on input line 136.
LaTeX Font Info:    Checking defaults for U/cmr/m/n on input line 136.
LaTeX Font Info:    ... okay on input line 136.

latex2htmlLength hsize=349.0pt

latex2htmlLength vsize=633.0pt

latex2htmlLength hoffset=0.0pt

latex2htmlLength voffset=0.0pt

latex2htmlLength topmargin=0.0pt

latex2htmlLength topskip=0.00003pt

latex2htmlLength headheight=0.0pt

latex2htmlLength headsep=0.0pt

latex2htmlLength parskip=0.0pt plus 1.0pt

latex2htmlLength oddsidemargin=62.0pt

latex2htmlLength evensidemargin=62.0pt

l2hSize :tex2html_wrap_inline9923:8.64003pt::8.64003pt::49.47226pt.
[1



]
l2hSize :tex2html_wrap_inline9925:6.95831pt::6.95831pt::12.09727pt.
[2


]
l2hSize :tex2html_wrap_inline9931:6.83331pt::0.0pt::8.0417pt.
[3


]
l2hSize :tex2html_wrap_inline9933:6.45831pt::0.0pt::5.1563pt.
[4


]
l2hSize :tex2html_wrap_indisplay9963:7.33331pt::7.33331pt::30.2673pt.
[5


]
l2hSize :tex2html_wrap_indisplay9981:9.73416pt::9.73416pt::48.73584pt.
[6


]
l2hSize :tex2html_wrap_indisplay10015:15.0001pt::15.0001pt::318.27246pt.
[7


]
l2hSize :tex2html_wrap_indisplay10017:11.57062pt::11.57062pt::80.97964pt.
[8


]
l2hSize :tex2html_wrap_indisplay10021:14.91093pt::14.91093pt::102.99557pt.
[9


]
l2hSize :tex2html_wrap_indisplay10023:11.57062pt::11.57062pt::102.44139pt.
[10


]
l2hSize :tex2html_wrap_indisplay10042:14.20952pt::14.20952pt::333.6931pt.
[11


]
l2hSize :tex2html_wrap_indisplay10048:14.20952pt::14.20952pt::83.90746pt.
[12


]
l2hSize :tex2html_wrap_indisplay10050:9.73416pt::9.73416pt::220.48773pt.
[13


]
l2hSize :tex2html_wrap_indisplay10054:9.73416pt::9.73416pt::169.80266pt.
[14


]
l2hSize :tex2html_wrap_indisplay10063:14.20952pt::14.20952pt::134.82428pt.
[15


]
l2hSize :tex2html_wrap_indisplay10069:15.0001pt::15.0001pt::234.77492pt.
[16


]
l2hSize :tex2html_wrap_indisplay10078:7.17859pt::7.17859pt::5.76163pt.
[17


]
l2hSize :tex2html_wrap_indisplay10082:14.20952pt::14.20952pt::22.21718pt.
[18


]
l2hSize :tex2html_wrap_indisplay10086:15.0001pt::15.0001pt::85.38016pt.
[19


]
l2hSize :tex2html_wrap_inline10088:6.45831pt::0.0pt::5.16321pt.
[20


]
l2hSize :tex2html_wrap_inline10106:8.0pt::8.0pt::38.92015pt.
[21


]
l2hSize :tex2html_wrap_indisplay10131:14.20952pt::14.20952pt::203.03043pt.
[22


]
l2hSize :tex2html_wrap_indisplay10164:8.0pt::8.0pt::92.68555pt.
[23


]
l2hSize :tex2html_wrap_indisplay10183:16.49924pt::16.49924pt::199.15778pt.
[24


]
l2hSize :tex2html_wrap_indisplay10227:15.0001pt::15.0001pt::211.63147pt.
[25


]
l2hSize :tex2html_wrap_indisplay10229:15.0001pt::15.0001pt::446.9064pt.

Overfull \hbox (100.90642pt too wide) in paragraph at lines 317--318
[]|[] 
 []

[26


]
l2hSize :tex2html_wrap_inline10235:9.37892pt::9.37892pt::83.43024pt.
[27


]
l2hSize :tex2html_wrap_inline10237:7.44444pt::7.44444pt::54.19658pt.
[28


]
l2hSize :tex2html_wrap_indisplay10247:11.57062pt::11.57062pt::62.12828pt.
[29


]
l2hSize :tex2html_wrap_inline10249:8.01782pt::8.01782pt::45.32286pt.
[30


]
l2hSize :tex2html_wrap_inline10251:8.0pt::8.0pt::41.67882pt.
[31


]
l2hSize :tex2html_wrap_indisplay10254:15.0001pt::15.0001pt::273.84753pt.
[32


]
l2hSize :tex2html_wrap_indisplay10278:15.0001pt::15.0001pt::226.43494pt.
[33


]
l2hSize :tex2html_wrap_indisplay10280:15.0001pt::15.0001pt::263.14291pt.
[34


]
l2hSize :tex2html_wrap_indisplay10282:15.0001pt::15.0001pt::208.58774pt.
[35


]
l2hSize :tex2html_wrap_indisplay10284:15.0001pt::15.0001pt::181.71284pt.
[36


]
l2hSize :tex2html_wrap_indisplay10286:15.0001pt::15.0001pt::227.28221pt.
[37


]
l2hSize :tex2html_wrap_indisplay10288:15.0001pt::15.0001pt::218.16417pt.
[38


]
l2hSize :tex2html_wrap_indisplay10298:12.26105pt::12.26105pt::89.20528pt.
[39


]
l2hSize :tex2html_wrap_indisplay10300:8.0pt::8.0pt::155.99464pt.
[40


]
l2hSize :tex2html_wrap_inline10302:7.44444pt::7.44444pt::57.02748pt.
[41


]
l2hSize :tex2html_wrap_indisplay10304:13.70952pt::13.70952pt::199.39494pt.
[42


]
l2hSize :tex2html_wrap_indisplay10307:17.51096pt::17.51096pt::346.55563pt.

Overfull \hbox (0.55565pt too wide) in paragraph at lines 440--441
[]|[] 
 []

[43


]
l2hSize :tex2html_wrap_indisplay10309:14.20952pt::14.20952pt::357.14125pt.

Overfull \hbox (11.14127pt too wide) in paragraph at lines 446--447
[]|[] 
 []

[44


]
l2hSize :tex2html_wrap_inline10311:8.0pt::8.0pt::65.14575pt.
[45


]
l2hSize :tex2html_wrap_indisplay10313:13.70952pt::13.70952pt::302.17136pt.
[46


]
l2hSize :tex2html_wrap_indisplay10315:12.26105pt::12.26105pt::119.92041pt.
[47


]
l2hSize :tex2html_wrap_inline10319:7.64586pt::0.0pt::52.69246pt.
[48


]
l2hSize :tex2html_wrap_indisplay10321:14.09839pt::14.09839pt::283.06862pt.
[49


]
l2hSize :tex2html_wrap_indisplay10323:12.26105pt::12.26105pt::120.22731pt.
[50


]
l2hSize :tex2html_wrap_indisplay10325:14.09839pt::14.09839pt::195.16524pt.
[51


]
l2hSize :tex2html_wrap_inline10327:7.38586pt::7.38586pt::11.13426pt.
[52


]
l2hSize :tex2html_wrap_indisplay10336:9.73416pt::9.73416pt::198.38371pt.
[53


]
l2hSize :tex2html_wrap_inline10338:9.23416pt::0.0pt::24.64796pt.
[54


]
l2hSize :tex2html_wrap_indisplay10341:9.73416pt::9.73416pt::43.12024pt.
[55


]
l2hSize :tex2html_wrap_indisplay10345:17.51096pt::17.51096pt::205.17221pt.
[56


]
l2hSize :tex2html_wrap_indisplay10349:17.51096pt::17.51096pt::268.42642pt.
[57


]
l2hSize :tex2html_wrap_indisplay10353:17.51096pt::17.51096pt::356.10768pt.

Overfull \hbox (10.1077pt too wide) in paragraph at lines 545--546
[]|[] 
 []

[58


]
l2hSize :tex2html_wrap_indisplay10355:17.51096pt::17.51096pt::511.37115pt.

Overfull \hbox (165.37117pt too wide) in paragraph at lines 558--559
[]|[] 
 []

[59


]
l2hSize :tex2html_wrap_indisplay10357:18.00014pt::18.00014pt::463.95573pt.

Overfull \hbox (117.95575pt too wide) in paragraph at lines 570--571
[]|[] 
 []

[60


]
l2hSize :tex2html_wrap_indisplay10359:8.0pt::8.0pt::127.09239pt.
[61


]
l2hSize :tex2html_wrap_indisplay10362:14.20952pt::14.20952pt::33.5215pt.
[62


]
l2hSize :tex2html_wrap_indisplay10368:14.20952pt::14.20952pt::150.94388pt.
[63


]
l2hSize :tex2html_wrap_indisplay10405:14.20952pt::14.20952pt::183.67633pt.
[64


]
l2hSize :tex2html_wrap_indisplay10560:18.00014pt::18.00014pt::396.30139pt.

Overfull \hbox (50.3014pt too wide) in paragraph at lines 602--603
[]|[] 
 []

[65


]
l2hSize :tex2html_wrap_indisplay10597:14.20952pt::14.20952pt::74.27728pt.
[66


]
l2hSize :tex2html_wrap_inline10618:12.51196pt::12.51196pt::62.87729pt.
[67


]
l2hSize :tex2html_wrap_inline10620:8.64003pt::8.64003pt::25.49242pt.
[68


]
l2hSize :tex2html_wrap_indisplay10622:14.09839pt::14.09839pt::179.15244pt.
[69


]
l2hSize :tex2html_wrap_indisplay10629:12.51196pt::12.51196pt::21.48611pt.
[70


]
l2hSize :tex2html_wrap_indisplay10633:15.0001pt::15.0001pt::171.6484pt.
[71


]
l2hSize :tex2html_wrap_indisplay10637:7.44444pt::7.44444pt::38.0748pt.
[72


]
l2hSize :tex2html_wrap_inline10639:8.64003pt::8.64003pt::48.2701pt.
[73


]
l2hSize :tex2html_wrap_inline10641:8.0pt::8.0pt::43.84961pt.
[74


]
l2hSize :tex2html_wrap_indisplay10646:13.70952pt::13.70952pt::10.98683pt.
[75


]
l2hSize :tex2html_wrap_indisplay10650:17.80008pt::17.80008pt::128.13254pt.
[76


]
l2hSize :tex2html_wrap_indisplay10654:15.0001pt::15.0001pt::152.60371pt.
[77


]
l2hSize :tex2html_wrap_indisplay10657:7.44444pt::7.44444pt::5.70833pt.
[78


]
l2hSize :tex2html_wrap_indisplay10661:16.90399pt::16.90399pt::48.6395pt.
[79


]
l2hSize :tex2html_wrap_indisplay10665:15.0001pt::15.0001pt::226.9543pt.
[80


]
l2hSize :tex2html_wrap_indisplay10669:16.90399pt::16.90399pt::142.49594pt.
[81


]
l2hSize :tex2html_wrap_indisplay10673:18.00014pt::18.00014pt::144.84494pt.
[82


]
l2hSize :tex2html_wrap_indisplay10676:10.22224pt::10.22224pt::16.44449pt.
[83


]
l2hSize :tex2html_wrap_indisplay10680:18.00014pt::18.00014pt::121.67836pt.
[84


]
l2hSize :tex2html_wrap_indisplay10685:12.51196pt::12.51196pt::62.87729pt.
[85


]
l2hSize :tex2html_wrap_indisplay10689:16.90399pt::16.90399pt::212.65822pt.
[86


]
l2hSize :tex2html_wrap_indisplay10693:10.22224pt::10.22224pt::72.59102pt.
[87


]
l2hSize :tex2html_wrap_inline10695:8.0pt::8.0pt::21.00629pt.
[88


]
l2hSize :tex2html_wrap_inline10697:10.22224pt::10.22224pt::50.28397pt.
[89


]
l2hSize :tex2html_wrap_inline10699:8.0pt::8.0pt::45.03938pt.
[90


]
l2hSize :tex2html_wrap_inline10707:8.87892pt::0.0pt::19.323pt.
[91


]
l2hSize :tex2html_wrap_inline10711:10.94443pt::10.94443pt::75.70648pt.
[92


]
l2hSize :tex2html_wrap_indisplay10735:15.0001pt::15.0001pt::194.59422pt.
[93


]
l2hSize :tex2html_wrap_indisplay10742:16.90399pt::16.90399pt::67.93283pt.
[94


]
l2hSize :tex2html_wrap_indisplay10746:10.22224pt::10.22224pt::67.84364pt.
[95


]
l2hSize :tex2html_wrap_indisplay10750:10.94443pt::10.94443pt::43.61635pt.
[96


]
l2hSize :tex2html_wrap_indisplay10754:14.09839pt::14.09839pt::179.15244pt.
[97


]
l2hSize :tex2html_wrap_indisplay10765:8.51782pt::8.51782pt::67.11447pt.
[98


]
l2hSize :tex2html_wrap_inline10767:8.0pt::8.0pt::56.23488pt.
[99


]
l2hSize :tex2html_wrap_indisplay10776:16.15013pt::16.15013pt::182.35245pt.
[100


]
l2hSize :tex2html_wrap_indisplay10809:10.22224pt::10.22224pt::43.5503pt.
[101


]
l2hSize :tex2html_wrap_indisplay10813:10.22224pt::10.22224pt::222.02206pt.
[102


]
l2hSize :tex2html_wrap_indisplay10815:12.00008pt::12.00008pt::271.40044pt.
[103


]
l2hSize :tex2html_wrap_indisplay10868:14.09839pt::14.09839pt::176.37465pt.
[104


]
l2hSize :tex2html_wrap_indisplay10870:14.09839pt::14.09839pt::204.37973pt.
[105


]
l2hSize :tex2html_wrap_inline10872:12.01196pt::0.0pt::21.48611pt.
[106


]
l2hSize :tex2html_wrap_indisplay10879:15.0001pt::15.0001pt::409.81155pt.

Overfull \hbox (63.81157pt too wide) in paragraph at lines 886--887
[]|[] 
 []

[107


]
l2hSize :tex2html_wrap_indisplay10883:15.0001pt::15.0001pt::378.42973pt.

Overfull \hbox (32.42975pt too wide) in paragraph at lines 896--897
[]|[] 
 []

[108


]
l2hSize :tex2html_wrap_indisplay10887:15.0001pt::15.0001pt::379.81868pt.

Overfull \hbox (33.8187pt too wide) in paragraph at lines 906--907
[]|[] 
 []

[109


]
l2hSize :tex2html_wrap_indisplay10891:15.0001pt::15.0001pt::409.38246pt.

Overfull \hbox (63.38248pt too wide) in paragraph at lines 916--917
[]|[] 
 []

[110


]
l2hSize :tex2html_wrap_indisplay10895:15.0001pt::15.0001pt::337.25806pt.
[111


]
l2hSize :tex2html_wrap_indisplay10899:14.09839pt::14.09839pt::302.25266pt.
[112


]
l2hSize :tex2html_wrap_indisplay10903:12.00008pt::12.00008pt::258.0568pt.
[113


]
l2hSize :tex2html_wrap_indisplay11055:15.0001pt::15.0001pt::327.48029pt.
[114


]
l2hSize :tex2html_wrap_indisplay11180:15.0001pt::15.0001pt::76.08537pt.
[115


]
l2hSize :tex2html_wrap_indisplay11182:15.0001pt::15.0001pt::74.53957pt.
[116


]
l2hSize :tex2html_wrap_indisplay11184:15.0001pt::15.0001pt::75.82841pt.
[117


]
l2hSize :tex2html_wrap_inline11239:8.0pt::8.0pt::34.35182pt.
[118


] (./images.aux)

LaTeX Warning: There were multiply-defined labels.

 ) 
Here is how much of TeX's memory you used:
 1340 strings out of 495062
 15688 string characters out of 1182645
 64864 words of memory out of 3000000
 4558 multiletter control sequences out of 15000+50000
 6851 words of font info for 25 fonts, out of 3000000 for 9000
 28 hyphenation exceptions out of 8191
 27i,9n,20p,799b,151s stack positions out of 5000i,500n,10000p,200000b,50000s

Output written on images.dvi (118 pages, 48896 bytes).
