This is pdfTeX, Version 3.141592653-2.6-1.40.25 (TeX Live 2023/Debian) (preloaded format=latex 2026.2.3)  3 FEB 2026 22:32
entering extended mode
 restricted \write18 enabled.
 %&-line parsing enabled.
**\makeatletter\def\HCode{\futurelet\HCode\HChar}\def\HChar{\ifx"\HCode\def\HCo
de"##1"{\Link##1}\expandafter\HCode\else\expandafter\Link\fi}\def\Link#1.a.b.c.
{\g@addto@macro\@documentclasshook{\RequirePackage[#1,html]{tex4ht}}\let\HCode\
documentstyle\def\documentstyle{\let\documentstyle\HCode\expandafter\def\csname
 tex4ht\endcsname{#1,html}\def\HCode####1{\documentstyle[tex4ht,}\@ifnextchar[{
\HCode}{\documentstyle[tex4ht]}}}\makeatother\HCode myconfig, xhtml, 3, charset
=utf-8.a.b.c.\input  ../nonlinear_gyrokinetic_equation.tex
(../nonlinear_gyrokinetic_equation.tex (./llncs.cls
Document Class: llncs 2022/09/05 v2.22 
 LaTeX document class for Lecture Notes in Computer Science
(/usr/share/texlive/texmf-dist/tex/latex/base/article.cls
Document Class: article 2023/05/17 v1.4n Standard LaTeX document class
(/usr/share/texlive/texmf-dist/tex/latex/base/size10.clo
File: size10.clo 2023/05/17 v1.4n Standard LaTeX file (size option)
)
\c@part=\count187
\c@section=\count188
\c@subsection=\count189
\c@subsubsection=\count190
\c@paragraph=\count191
\c@subparagraph=\count192
\c@figure=\count193
\c@table=\count194
\abovecaptionskip=\skip48
\belowcaptionskip=\skip49
\bibindent=\dimen140
)
(/usr/share/texlive/texmf-dist/tex/latex/tools/multicol.sty
Package: multicol 2023/03/30 v1.9f multicolumn formatting (FMi)
\c@tracingmulticols=\count195
\mult@box=\box51
\multicol@leftmargin=\dimen141
\c@unbalance=\count196
\c@collectmore=\count197
\doublecol@number=\count198
\multicoltolerance=\count199
\multicolpretolerance=\count266
\full@width=\dimen142
\page@free=\dimen143
\premulticols=\dimen144
\postmulticols=\dimen145
\multicolsep=\skip50
\multicolbaselineskip=\skip51
\partial@page=\box52
\last@line=\box53
\mc@boxedresult=\box54
\maxbalancingoverflow=\dimen146
\mult@rightbox=\box55
\mult@grightbox=\box56
\mult@firstbox=\box57
\mult@gfirstbox=\box58
\@tempa=\box59
\@tempa=\box60
\@tempa=\box61
\@tempa=\box62
\@tempa=\box63
\@tempa=\box64
\@tempa=\box65
\@tempa=\box66
\@tempa=\box67
\@tempa=\box68
\@tempa=\box69
\@tempa=\box70
\@tempa=\box71
\@tempa=\box72
\@tempa=\box73
\@tempa=\box74
\@tempa=\box75
\@tempa=\box76
\@tempa=\box77
\@tempa=\box78
\@tempa=\box79
\@tempa=\box80
\@tempa=\box81
\@tempa=\box82
\@tempa=\box83
\@tempa=\box84
\@tempa=\box85
\@tempa=\box86
\@tempa=\box87
\@tempa=\box88
\@tempa=\box89
\@tempa=\box90
\@tempa=\box91
\@tempa=\box92
\@tempa=\box93
\@tempa=\box94
\c@minrows=\count267
\c@columnbadness=\count268
\c@finalcolumnbadness=\count269
\last@try=\dimen147
\multicolovershoot=\dimen148
\multicolundershoot=\dimen149
\mult@nat@firstbox=\box95
\colbreak@box=\box96
\mc@col@check@num=\count270
)
(/usr/share/texlive/texmf-dist/tex/latex/oberdiek/aliascnt.sty
Package: aliascnt 2018/09/07 v1.5 Alias counters (HO)
)
\c@chapter=\count271
LaTeX Font Info:    Redeclaring math symbol \Gamma on input line 362.
LaTeX Font Info:    Redeclaring math symbol \Delta on input line 363.
LaTeX Font Info:    Redeclaring math symbol \Theta on input line 364.
LaTeX Font Info:    Redeclaring math symbol \Lambda on input line 365.
LaTeX Font Info:    Redeclaring math symbol \Xi on input line 366.
LaTeX Font Info:    Redeclaring math symbol \Pi on input line 367.
LaTeX Font Info:    Redeclaring math symbol \Sigma on input line 368.
LaTeX Font Info:    Redeclaring math symbol \Upsilon on input line 369.
LaTeX Font Info:    Redeclaring math symbol \Phi on input line 370.
LaTeX Font Info:    Redeclaring math symbol \Psi on input line 371.
LaTeX Font Info:    Redeclaring math symbol \Omega on input line 372.
LaTeX Info: Redefining \vec on input line 377.
\tocchpnum=\dimen150
\tocsecnum=\dimen151
\tocsectotal=\dimen152
\tocsubsecnum=\dimen153
\tocsubsectotal=\dimen154
\tocsubsubsecnum=\dimen155
\tocsubsubsectotal=\dimen156
\tocparanum=\dimen157
\tocparatotal=\dimen158
\tocsubparanum=\dimen159
\@tempcntc=\count272
\fnindent=\dimen160
\c@@inst=\count273
\c@@auth=\count274
\c@auco=\count275
\instindent=\dimen161
\authrun=\box97
\authorrunning=\toks17
\tocauthor=\toks18
\titrun=\box98
\titlerunning=\toks19
\toctitle=\toks20
\c@theorem=\count276
\c@case=\count277
\c@conjecture=\count278
\c@corollary=\count279
\c@definition=\count280
\c@example=\count281
\c@exercise=\count282
\c@lemma=\count283
\c@note=\count284
\c@problem=\count285
\c@property=\count286
\c@proposition=\count287
\c@question=\count288
\c@solution=\count289
\c@remark=\count290
\headlineindent=\dimen162
)
(/usr/share/texlive/texmf-dist/tex/generic/tex4ht/tex4ht.sty
version 2024-01-23-13:44
Package: tex4ht 
--------------------------------------
--- Note --- for _ at preamble, use the command line option `early_'
--------------------------------------
--------------------------------------
--- Note --- for ^ at preamble, use the command line option `early^'
--------------------------------------
\tmp:toks=\toks21
)
(/usr/share/texlive/texmf-dist/tex/generic/tex4ht/usepackage.4ht
version 2024-01-22-12:49
)
(/usr/share/texlive/texmf-dist/tex/generic/tex4ht/babel-sty-hooks.4ht
version 2022-11-21-13:02
)
(/usr/share/texlive/texmf-dist/tex/generic/babel/babel.sty
Package: babel 2024/01/07 v24.1 The Babel package
\babel@savecnt=\count291
\U@D=\dimen163
\l@unhyphenated=\language89

(/usr/share/texlive/texmf-dist/tex/generic/babel/txtbabel.def)
\bbl@readstream=\read2
\bbl@dirlevel=\count292

(/usr/share/texlive/texmf-dist/tex/generic/babel-english/english.ldf
Language: english 2017/06/06 v3.3r English support from the babel system
Package babel Info: Hyphen rules for 'canadian' set to \l@english
(babel)             (\language0). Reported on input line 102.
Package babel Info: Hyphen rules for 'australian' set to \l@ukenglish
(babel)             (\language35). Reported on input line 105.
Package babel Info: Hyphen rules for 'newzealand' set to \l@ukenglish
(babel)             (\language35). Reported on input line 108.
))
(/usr/share/texlive/texmf-dist/tex/generic/babel/locale/en/babel-english.tex
Package babel Info: Importing font and identification data for english
(babel)             from babel-en.ini. Reported on input line 11.
)
(/usr/share/texlive/texmf-dist/tex/latex/geometry/geometry.sty
Package: geometry 2020/01/02 v5.9 Page Geometry

(/usr/share/texlive/texmf-dist/tex/latex/graphics/keyval.sty
Package: keyval 2022/05/29 v1.15 key=value parser (DPC)
\KV@toks@=\toks22
)
(/usr/share/texlive/texmf-dist/tex/generic/iftex/ifvtex.sty
Package: ifvtex 2019/10/25 v1.7 ifvtex legacy package. Use iftex instead.

(/usr/share/texlive/texmf-dist/tex/generic/iftex/iftex.sty
Package: iftex 2022/02/03 v1.0f TeX engine tests
))
\Gm@cnth=\count293
\Gm@cntv=\count294
\c@Gm@tempcnt=\count295
\Gm@bindingoffset=\dimen164
\Gm@wd@mp=\dimen165
\Gm@odd@mp=\dimen166
\Gm@even@mp=\dimen167
\Gm@layoutwidth=\dimen168
\Gm@layoutheight=\dimen169
\Gm@layouthoffset=\dimen170
\Gm@layoutvoffset=\dimen171
\Gm@dimlist=\toks23
)
(/usr/share/texlive/texmf-dist/tex/latex/amsmath/amsmath.sty
Package: amsmath 2023/05/13 v2.17o AMS math features
\@mathmargin=\skip52

For additional information on amsmath, use the `?' option.
(/usr/share/texlive/texmf-dist/tex/latex/amsmath/amstext.sty
Package: amstext 2021/08/26 v2.01 AMS text

(/usr/share/texlive/texmf-dist/tex/latex/amsmath/amsgen.sty
File: amsgen.sty 1999/11/30 v2.0 generic functions
\@emptytoks=\toks24
\ex@=\dimen172
))
(/usr/share/texlive/texmf-dist/tex/latex/amsmath/amsbsy.sty
Package: amsbsy 1999/11/29 v1.2d Bold Symbols
\pmbraise@=\dimen173
)
(/usr/share/texlive/texmf-dist/tex/latex/amsmath/amsopn.sty
Package: amsopn 2022/04/08 v2.04 operator names
)
\inf@bad=\count296
LaTeX Info: Redefining \frac on input line 234.
\uproot@=\count297
\leftroot@=\count298
LaTeX Info: Redefining \overline on input line 399.
LaTeX Info: Redefining \colon on input line 410.
\classnum@=\count299
\DOTSCASE@=\count300
LaTeX Info: Redefining \ldots on input line 496.
LaTeX Info: Redefining \dots on input line 499.
LaTeX Info: Redefining \cdots on input line 620.
\Mathstrutbox@=\box99
\strutbox@=\box100
LaTeX Info: Redefining \big on input line 722.
LaTeX Info: Redefining \Big on input line 723.
LaTeX Info: Redefining \bigg on input line 724.
LaTeX Info: Redefining \Bigg on input line 725.
\big@size=\dimen174
LaTeX Font Info:    Redeclaring font encoding OML on input line 743.
LaTeX Font Info:    Redeclaring font encoding OMS on input line 744.


Package amsmath Warning: Unable to redefine math accent \vec.

\macc@depth=\count301
LaTeX Info: Redefining \bmod on input line 905.
LaTeX Info: Redefining \pmod on input line 910.
LaTeX Info: Redefining \smash on input line 940.
LaTeX Info: Redefining \relbar on input line 970.
LaTeX Info: Redefining \Relbar on input line 971.
\c@MaxMatrixCols=\count302
\dotsspace@=\muskip16
\c@parentequation=\count303
\dspbrk@lvl=\count304
\tag@help=\toks25
\row@=\count305
\column@=\count306
\maxfields@=\count307
\andhelp@=\toks26
\eqnshift@=\dimen175
\alignsep@=\dimen176
\tagshift@=\dimen177
\tagwidth@=\dimen178
\totwidth@=\dimen179
\lineht@=\dimen180
\@envbody=\toks27
\multlinegap=\skip53
\multlinetaggap=\skip54
\mathdisplay@stack=\toks28
LaTeX Info: Redefining \[ on input line 2953.
LaTeX Info: Redefining \] on input line 2954.
) (/usr/share/texlive/texmf-dist/tex/latex/amsfonts/amssymb.sty
Package: amssymb 2013/01/14 v3.01 AMS font symbols

(/usr/share/texlive/texmf-dist/tex/latex/amsfonts/amsfonts.sty
Package: amsfonts 2013/01/14 v3.01 Basic AMSFonts support
\symAMSa=\mathgroup4
\symAMSb=\mathgroup5
LaTeX Font Info:    Redeclaring math symbol \hbar on input line 98.
LaTeX Font Info:    Overwriting math alphabet `\mathfrak' in version `bold'
(Font)                  U/euf/m/n --> U/euf/b/n on input line 106.
))
(/usr/share/texlive/texmf-dist/tex/latex/graphics/graphicx.sty
Package: graphicx 2021/09/16 v1.2d Enhanced LaTeX Graphics (DPC,SPQR)

(/usr/share/texlive/texmf-dist/tex/generic/tex4ht/graphics-hooks.4ht
version 2022-08-17-14:25
)
(/usr/share/texlive/texmf-dist/tex/latex/graphics/graphics.sty
Package: graphics 2022/03/10 v1.4e Standard LaTeX Graphics (DPC,SPQR)

(/usr/share/texlive/texmf-dist/tex/latex/graphics/trig.sty
Package: trig 2021/08/11 v1.11 sin cos tan (DPC)
)
(/usr/share/texlive/texmf-dist/tex/latex/graphics-cfg/graphics.cfg
File: graphics.cfg 2016/06/04 v1.11 sample graphics configuration
)
Package graphics Info: Driver file: dvips.def on input line 107.

(/usr/share/texlive/texmf-dist/tex/latex/graphics-def/dvips.def
File: dvips.def 2022/09/22 v3.1e Graphics/color driver for dvips
))
\Gin@req@height=\dimen181
\Gin@req@width=\dimen182
)
(/usr/share/texlive/texmf-dist/tex/generic/tex4ht/hyperref-hooks.4ht
version 2023-09-17-08:01
)
(/usr/share/texlive/texmf-dist/tex/latex/hyperref/hyperref.sty
Package: hyperref 2024-01-20 v7.01h Hypertext links for LaTeX

(/usr/share/texlive/texmf-dist/tex/latex/kvsetkeys/kvsetkeys.sty
Package: kvsetkeys 2022-10-05 v1.19 Key value parser (HO)
)
(/usr/share/texlive/texmf-dist/tex/generic/kvdefinekeys/kvdefinekeys.sty
Package: kvdefinekeys 2019-12-19 v1.6 Define keys (HO)
)
(/usr/share/texlive/texmf-dist/tex/generic/pdfescape/pdfescape.sty
Package: pdfescape 2019/12/09 v1.15 Implements pdfTeX's escape features (HO)

(/usr/share/texlive/texmf-dist/tex/generic/ltxcmds/ltxcmds.sty
Package: ltxcmds 2023-12-04 v1.26 LaTeX kernel commands for general use (HO)
)
(/usr/share/texlive/texmf-dist/tex/generic/pdftexcmds/pdftexcmds.sty
Package: pdftexcmds 2020-06-27 v0.33 Utility functions of pdfTeX for LuaTeX (HO
)

(/usr/share/texlive/texmf-dist/tex/generic/infwarerr/infwarerr.sty
Package: infwarerr 2019/12/03 v1.5 Providing info/warning/error messages (HO)
)
Package pdftexcmds Info: \pdf@primitive is available.
Package pdftexcmds Info: \pdf@ifprimitive is available.
Package pdftexcmds Info: \pdfdraftmode is ignored in DVI mode.
))
(/usr/share/texlive/texmf-dist/tex/latex/hycolor/hycolor.sty
Package: hycolor 2020-01-27 v1.10 Color options for hyperref/bookmark (HO)
)
(/usr/share/texlive/texmf-dist/tex/latex/auxhook/auxhook.sty
Package: auxhook 2019-12-17 v1.6 Hooks for auxiliary files (HO)


Package auxhook Warning: Cannot patch \document,
(auxhook)                using \AtBeginDocument instead.

) (/usr/share/texlive/texmf-dist/tex/latex/hyperref/nameref.sty
Package: nameref 2023-11-26 v2.56 Cross-referencing by name of section

(/usr/share/texlive/texmf-dist/tex/latex/refcount/refcount.sty
Package: refcount 2019/12/15 v3.6 Data extraction from label references (HO)
)
(/usr/share/texlive/texmf-dist/tex/generic/gettitlestring/gettitlestring.sty
Package: gettitlestring 2019/12/15 v1.6 Cleanup title references (HO)

(/usr/share/texlive/texmf-dist/tex/latex/kvoptions/kvoptions.sty
Package: kvoptions 2022-06-15 v3.15 Key value format for package options (HO)
))
\c@section@level=\count308
)
(/usr/share/texlive/texmf-dist/tex/latex/etoolbox/etoolbox.sty
Package: etoolbox 2020/10/05 v2.5k e-TeX tools for LaTeX (JAW)
\etb@tempcnta=\count309
)
\@linkdim=\dimen183
\Hy@linkcounter=\count310
\Hy@pagecounter=\count311

(/usr/share/texlive/texmf-dist/tex/latex/hyperref/pd1enc.def
File: pd1enc.def 2024-01-20 v7.01h Hyperref: PDFDocEncoding definition (HO)
Now handling font encoding PD1 ...
... no UTF-8 mapping file for font encoding PD1
)
(/usr/share/texlive/texmf-dist/tex/generic/intcalc/intcalc.sty
Package: intcalc 2019/12/15 v1.3 Expandable calculations with integers (HO)
)
\Hy@SavedSpaceFactor=\count312

(/usr/share/texlive/texmf-dist/tex/latex/hyperref/puenc.def
File: puenc.def 2024-01-20 v7.01h Hyperref: PDF Unicode definition (HO)
Now handling font encoding PU ...
... no UTF-8 mapping file for font encoding PU
)
Package hyperref Info: Option `colorlinks' set `true' on input line 4062.
Package hyperref Info: Hyper figures OFF on input line 4179.
Package hyperref Info: Link nesting OFF on input line 4184.
Package hyperref Info: Hyper index ON on input line 4187.
Package hyperref Info: Plain pages OFF on input line 4194.
Package hyperref Info: Backreferencing OFF on input line 4199.
Package hyperref Info: Implicit mode ON; LaTeX internals redefined.
Package hyperref Info: Bookmarks ON on input line 4446.
\c@Hy@tempcnt=\count313

(/usr/share/texlive/texmf-dist/tex/latex/url/url.sty
\Urlmuskip=\muskip17
Package: url 2013/09/16  ver 3.4  Verb mode for urls, etc.
)
LaTeX Info: Redefining \url on input line 4784.
\XeTeXLinkMargin=\dimen184

(/usr/share/texlive/texmf-dist/tex/generic/bitset/bitset.sty
Package: bitset 2019/12/09 v1.3 Handle bit-vector datatype (HO)

(/usr/share/texlive/texmf-dist/tex/generic/bigintcalc/bigintcalc.sty
Package: bigintcalc 2019/12/15 v1.5 Expandable calculations on big integers (HO
)
))
\Fld@menulength=\count314
\Field@Width=\dimen185
\Fld@charsize=\dimen186
\Field@toks=\toks29
Package hyperref Info: Hyper figures OFF on input line 6063.
Package hyperref Info: Link nesting OFF on input line 6068.
Package hyperref Info: Hyper index ON on input line 6071.
Package hyperref Info: backreferencing OFF on input line 6078.
Package hyperref Info: Link coloring ON on input line 6081.
Package hyperref Info: Link coloring with OCG OFF on input line 6088.
Package hyperref Info: PDF/A mode OFF on input line 6093.

(/usr/share/texlive/texmf-dist/tex/latex/base/atbegshi-ltx.sty
Package: atbegshi-ltx 2021/01/10 v1.0c Emulation of the original atbegshi
package with kernel methods
)
\Hy@abspage=\count315


Package hyperref Message: Stopped early.

)
Package hyperref Info: Driver: htex4ht.
 (/usr/share/texlive/texmf-dist/tex/latex/hyperref/htex4ht.def
File: htex4ht.def 2024-01-20 v7.01h Hyperref driver for TeX4ht
Package hyperref Info: tex4ht is already loaded.
)
(/usr/share/texlive/texmf-dist/tex/generic/tex4ht/xcolor-hooks.4ht
version 2020-10-17-13:53
)
(/usr/share/texlive/texmf-dist/tex/latex/xcolor/xcolor.sty
Package: xcolor 2023/11/15 v3.01 LaTeX color extensions (UK)

(/usr/share/texlive/texmf-dist/tex/latex/graphics-cfg/color.cfg
File: color.cfg 2016/01/02 v1.6 sample color configuration
)
Package xcolor Info: Driver file: dvips.def on input line 274.

(/usr/share/texlive/texmf-dist/tex/latex/graphics/mathcolor.ltx)
Package xcolor Info: Model `cmy' substituted by `cmy0' on input line 1350.
Package xcolor Info: Model `RGB' extended on input line 1366.
Package xcolor Info: Model `HTML' substituted by `rgb' on input line 1368.
Package xcolor Info: Model `Hsb' substituted by `hsb' on input line 1369.
Package xcolor Info: Model `tHsb' substituted by `hsb' on input line 1370.
Package xcolor Info: Model `HSB' substituted by `hsb' on input line 1371.
Package xcolor Info: Model `Gray' substituted by `gray' on input line 1372.
Package xcolor Info: Model `wave' substituted by `hsb' on input line 1373.
)
(./myconfig.cfg (/usr/share/texlive/texmf-dist/tex/generic/tex4ht/tex4ht.4ht
version 2024-01-10-14:44
--------------------------------------
--- Note --- for additional information, use the command line option `info'
--------------------------------------

::::::::::::::::::::::::::::::::::::::::::
 TeX4ht info is available in the log file 
::::::::::::::::::::::::::::::::::::::::::
) (/usr/share/texlive/texmf-dist/tex/generic/tex4ht/tex4ht.sty
version 2024-01-23-13:44

l.870 --- TeX4ht warning --- nonprimitive \everypar ---
--- needs --- tex4ht nonlinear_gyrokinetic_equation ---
\tmp:cnt=\count316
\openout15 = `nonlinear_gyrokinetic_equation.tmp'.

(./nonlinear_gyrokinetic_equation.tmp)
\tmp:dim=\skip55
 (./nonlinear_gyrokinetic_equation.xref)
\:refout=\write3
\openout3 = `nonlinear_gyrokinetic_equation.xref'.


(/usr/share/texlive/texmf-dist/tex/generic/tex4ht/html4.4ht
version 2024-01-30-13:46
--------------------------------------
--- Note --- to remove the <?xml version=...?> processing instruction use the c
ommand line option `no-VERSION'
--------------------------------------
--------------------------------------
--- Note --- to remove the DOCTYPE declaration use the command line option `no-
DOCTYPE'
--------------------------------------
)
(/usr/share/texlive/texmf-dist/tex/generic/tex4ht/html4-math.4ht
version 2022-10-25-13:59
)
--------------------------------------
--- Note --- for marking of the base font, use the command line option `fonts+'

--------------------------------------
--------------------------------------
--- Note --- for non active _, use the command line option `no_'
--------------------------------------
--------------------------------------
--- Note --- for _ of catcode 13, use the command line option `_13'
--------------------------------------
--------------------------------------
--- Note --- for non active ^, use the command line option `no^'
--------------------------------------
--------------------------------------
--- Note --- for ^ of catcode 13, use the command line option `^13'
--------------------------------------

(/usr/share/texlive/texmf-dist/tex/generic/tex4ht/html4.4ht
version 2024-01-30-13:46
--------------------------------------
--- Note --- For section filenames that reflect on their titles use the command
 line option `sec-filename'
--------------------------------------
--------------------------------------
--- Note --- For section filenames that use full jobname and section type use t
he command line option `cut-fullname'
--------------------------------------
--------------------------------------
--- Note --- to ignore CSS font decoration, use the `NoFonts' command line opti
on
--------------------------------------
--------------------------------------
--- Note --- for jpg bitmaps of pictures, use the `jpg' command line option. (C
haracter bitmaps are controled only by `g' records of tex4ht.env and `-g' switc
hes of tex4ht.c) 
--------------------------------------
--------------------------------------
--- Note --- for gif bitmaps of pictures, use the `gif' command line option. (C
haracter bitmaps are controled only by `g' records of tex4ht.env and `-g' switc
hes of tex4ht.c) 
--------------------------------------
--------------------------------------
--- Note --- for content and toc in 2 frames, use the command line option `fram
es'
--------------------------------------
--------------------------------------
--- Note --- for content, toc, and footnotes in 3 frames, use the command line 
option `frames-fn'
--------------------------------------
--------------------------------------
--- Note --- for file extension name xht, use the command line option `xht'
--------------------------------------
TeX4ht package options: xhtml,3,charset=utf-8,html
--------------------------------------
--- Note --- To print a timestamp, use the command line option timestamp
--------------------------------------
--------------------------------------
--- Note --- to ignore CSS code, use the command line option `-css
--------------------------------------
--------------------------------------
--- Note --- for inline CSS code, use the command line option `css-in'
--------------------------------------
--------------------------------------
--- Note --- for pop ups on mouse over, use the command line option `mouseover'

--------------------------------------
--------------------------------------
--- Note --- for addressing images in a subdirectory, use the command line opti
on `imgdir:.../'
--------------------------------------
)
(/usr/share/texlive/texmf-dist/tex/generic/tex4ht/html4-math.4ht
version 2022-10-25-13:59
)
\:tokwrite=\toks30
\:tokpage=\toks31
--------------------------------------
--- Note --- for back links to toc, use the command line option `sections+'
--------------------------------------
--------------------------------------
--- Note --- for linear crosslinks of pages, use the command line option `next'

--------------------------------------
\openout15 = `nonlinear_gyrokinetic_equation.4ct'.

\:tocout=\write4
\openout4 = `nonlinear_gyrokinetic_equation.4tc'.


(nonlinear_gyrokinetic_equation.4tc)
(/usr/share/texlive/texmf-dist/tex/generic/tex4ht/html4.4ht
version 2024-01-30-13:46
)
(/usr/share/texlive/texmf-dist/tex/generic/tex4ht/html4-math.4ht
version 2022-10-25-13:59
)
(/usr/share/texlive/texmf-dist/tex/generic/tex4ht/latex.4ht
version 2023-11-09-13:34
LaTeX Info: Redefining \_ on input line 180.
LaTeX Info: Redefining \begin on input line 598.
LaTeX Info: Redefining \end on input line 646.
LaTeX Info: Redefining \, on input line 808.
LaTeX Info: Redefining \; on input line 809.
LaTeX Info: Redefining \! on input line 810.
LaTeX Info: Redefining \: on input line 811.
LaTeX Info: Redefining \> on input line 812.
--------------------------------------
--- Note --- for links into captions, instead of float heads, use the command l
ine option `refcaption'
--------------------------------------

(/usr/share/texlive/texmf-dist/tex/generic/tex4ht/html4.4ht
version 2024-01-30-13:46
)
(/usr/share/texlive/texmf-dist/tex/generic/tex4ht/html4-math.4ht
version 2022-10-25-13:59
)
(/usr/share/texlive/texmf-dist/tex/generic/tex4ht/html4.4ht
version 2024-01-30-13:46
--------------------------------------
--- Note --- For mini tocs immediately aftter the header use the command line o
ption `minitoc<'
--------------------------------------
--------------------------------------
--- Note --- for enumerated list elements with valued data, use the command lin
e option `enumerate+'
--------------------------------------
--------------------------------------
--- Note --- for enumerated list elements li's with value attributes, use the c
ommand line option `enumerate-'
--------------------------------------
--------------------------------------
--- Note --- for CSS2 code, use the command line option `css2'
--------------------------------------
--------------------------------------
--- Note --- for pictorial tabular, use the command line option `pic-tabular'
--------------------------------------
--------------------------------------
--- Note --- for bitmap fbox'es, use the command line option `pic-fbox'
--------------------------------------
--------------------------------------
--- Note --- for bitmap framebox'es, use the command line option `pic-framebox'

--------------------------------------
--------------------------------------
--- Note --- for inline footnotes use command line option `fn-in'
--------------------------------------
--------------------------------------
--- Note --- for tracing of latex font commands, use the command line option `f
onts'
--------------------------------------
--------------------------------------
--- Note --- for width specifications of tabular p entries, use the `p-width' c
ommand line option or a configuration similar to \Configure{HColWidth}{\HCode{ 
style="width:\HColWidth"}}
--------------------------------------
)
(/usr/share/texlive/texmf-dist/tex/generic/tex4ht/html4-math.4ht
version 2022-10-25-13:59
--------------------------------------
--- Note --- for pictorial eqnarray, use the command line option `pic-eqnarray'

--------------------------------------
--------------------------------------
--- Note --- for pictorial array, use the command line option `pic-array'
--------------------------------------
--------------------------------------
--- Note --- for pictorial $...$ environments, use the command line option `pic
-m' (not recommended!!)
--------------------------------------
--------------------------------------
--- Note --- for pictorial $...$ and $$...$$ environments with latex alt, use t
he command line option `pic-m+' (not safe!!)
--------------------------------------
--------------------------------------
--- Note --- for pictorial array, use the command line option `pic-array'
--------------------------------------
))
(/usr/share/texlive/texmf-dist/tex/generic/tex4ht/fontmath.4ht
version 2022-10-25-13:59

(/usr/share/texlive/texmf-dist/tex/generic/tex4ht/html4.4ht
version 2024-01-30-13:46
)
(/usr/share/texlive/texmf-dist/tex/generic/tex4ht/html4-math.4ht
version 2022-10-25-13:59
))
(/usr/share/texlive/texmf-dist/tex/generic/tex4ht/llncs.4ht
version 2009-05-21-09:32
)
(/usr/share/texlive/texmf-dist/tex/generic/tex4ht/article.4ht
version 2023-04-10-13:46

(/usr/share/texlive/texmf-dist/tex/generic/tex4ht/html4.4ht
version 2024-01-30-13:46
--------------------------------------
--- Note --- for tocs without * entries, use command line option `notoc*'
--------------------------------------
--------------------------------------
--- Note --- for tocs without * entries, use command line option `notoc*'
--------------------------------------
--------------------------------------
--- Note --- for tocs without * entries, use command line option `notoc*'
--------------------------------------
--------------------------------------
--- Note --- to eliminate mini tables of contents, use the command line option 
`nominitoc'
--------------------------------------
--------------------------------------
--- Note --- to eliminate mini tables of contents, use the command line option 
`nominitoc'
--------------------------------------
--------------------------------------
--- Note --- for frames-like object-based table of contents, use the command li
ne option `obj-toc'
--------------------------------------
--------------------------------------
--- Note --- for files named derived from section titles, use the command line 
option `sec-filename'
--------------------------------------
--------------------------------------
--- Note --- for i-columns index, use the command line option `index=i' (e.g., 
index=2)
--------------------------------------
)
(/usr/share/texlive/texmf-dist/tex/generic/tex4ht/html4-math.4ht
version 2022-10-25-13:59
))
(/usr/share/texlive/texmf-dist/tex/generic/tex4ht/multicol.4ht
version 2022-04-29-14:33

(/usr/share/texlive/texmf-dist/tex/generic/tex4ht/html4.4ht
version 2024-01-30-13:46
)
(/usr/share/texlive/texmf-dist/tex/generic/tex4ht/html4-math.4ht
version 2022-10-25-13:59
))
(/usr/share/texlive/texmf-dist/tex/generic/tex4ht/babel.4ht
version 2022-07-24-13:45

(/usr/share/texlive/texmf-dist/tex/generic/tex4ht/html4.4ht
version 2024-01-30-13:46
)
(/usr/share/texlive/texmf-dist/tex/generic/tex4ht/html4-math.4ht
version 2022-10-25-13:59
))
(/usr/share/texlive/texmf-dist/tex/generic/tex4ht/english.4ht
version 2009-05-21-09:32

(/usr/share/texlive/texmf-dist/tex/generic/tex4ht/html4.4ht
version 2024-01-30-13:46
)
(/usr/share/texlive/texmf-dist/tex/generic/tex4ht/html4-math.4ht
version 2022-10-25-13:59
))
(/usr/share/texlive/texmf-dist/tex/generic/tex4ht/geometry.4ht
version 2016-07-01-08:55

(/usr/share/texlive/texmf-dist/tex/generic/tex4ht/html4.4ht
version 2024-01-30-13:46
)
(/usr/share/texlive/texmf-dist/tex/generic/tex4ht/html4-math.4ht
version 2022-10-25-13:59
))
(/usr/share/texlive/texmf-dist/tex/generic/tex4ht/amsmath.4ht
version 2023-08-13-13:20
\tmp:muskip=\muskip18

(/usr/share/texlive/texmf-dist/tex/generic/tex4ht/html4.4ht
version 2024-01-30-13:46
)
(/usr/share/texlive/texmf-dist/tex/generic/tex4ht/html4-math.4ht
version 2022-10-25-13:59
LaTeX Info: Redefining \[ on input line 507.
LaTeX Info: Redefining \] on input line 507.
))
(/usr/share/texlive/texmf-dist/tex/generic/tex4ht/amstext.4ht
version 2009-05-21-09:32

(/usr/share/texlive/texmf-dist/tex/generic/tex4ht/html4.4ht
version 2024-01-30-13:46
)
(/usr/share/texlive/texmf-dist/tex/generic/tex4ht/html4-math.4ht
version 2022-10-25-13:59
))
(/usr/share/texlive/texmf-dist/tex/generic/tex4ht/amsbsy.4ht
version 2009-05-21-09:32

(/usr/share/texlive/texmf-dist/tex/generic/tex4ht/html4.4ht
version 2024-01-30-13:46
)
(/usr/share/texlive/texmf-dist/tex/generic/tex4ht/html4-math.4ht
version 2022-10-25-13:59
))
(/usr/share/texlive/texmf-dist/tex/generic/tex4ht/amsopn.4ht
version 2009-05-21-09:32

(/usr/share/texlive/texmf-dist/tex/generic/tex4ht/html4.4ht
version 2024-01-30-13:46
)
(/usr/share/texlive/texmf-dist/tex/generic/tex4ht/html4-math.4ht
version 2022-10-25-13:59
))
(/usr/share/texlive/texmf-dist/tex/generic/tex4ht/amssymb.4ht
version 2009-05-21-09:32

(/usr/share/texlive/texmf-dist/tex/generic/tex4ht/html4.4ht
version 2024-01-30-13:46
)
(/usr/share/texlive/texmf-dist/tex/generic/tex4ht/html4-math.4ht
version 2022-10-25-13:59
))
(/usr/share/texlive/texmf-dist/tex/generic/tex4ht/amsfonts.4ht
version 2009-05-21-09:32

(/usr/share/texlive/texmf-dist/tex/generic/tex4ht/html4.4ht
version 2024-01-30-13:46
)
(/usr/share/texlive/texmf-dist/tex/generic/tex4ht/html4-math.4ht
version 2022-10-25-13:59
))
(/usr/share/texlive/texmf-dist/tex/generic/tex4ht/graphicx.4ht
version 2022-01-12-13:53

(/usr/share/texlive/texmf-dist/tex/generic/tex4ht/html4.4ht
version 2024-01-30-13:46
)
(/usr/share/texlive/texmf-dist/tex/generic/tex4ht/html4-math.4ht
version 2022-10-25-13:59
))
(/usr/share/texlive/texmf-dist/tex/generic/tex4ht/graphics.4ht
version 2022-03-20-14:29

(/usr/share/texlive/texmf-dist/tex/generic/tex4ht/html4.4ht
version 2024-01-30-13:46
--------------------------------------
--- Note --- if included graphics are of degraded quality, try the command line
 options `graphics-num' or `graphics-'. The `num' should provide the density of
 pixels in the bitmaps (e.g., 110). 
--------------------------------------
--------------------------------------
--- Note --- for setting image dimensions, try the option `Gin-dim'; to use per
cents instead of units, use `Gin-perecent'; for key dimensions when bounding bo
x is unavailable try `Gin-dim+'; neither is recommended
--------------------------------------
)
(/usr/share/texlive/texmf-dist/tex/generic/tex4ht/html4-math.4ht
version 2022-10-25-13:59
))
(/usr/share/texlive/texmf-dist/tex/generic/tex4ht/dvips.4ht
version 2009-05-21-09:32

(/usr/share/texlive/texmf-dist/tex/generic/tex4ht/html4.4ht
version 2024-01-30-13:46
)
(/usr/share/texlive/texmf-dist/tex/generic/tex4ht/html4-math.4ht
version 2022-10-25-13:59
))
(/usr/share/texlive/texmf-dist/tex/generic/tex4ht/hyperref.4ht
version 2024-01-16-13:47
LaTeX Info: Redefining \autoref on input line 88.
\Hy@SectionHShift=\skip56

(/usr/share/texlive/texmf-dist/tex/generic/tex4ht/html4.4ht
version 2024-01-30-13:46
)
(/usr/share/texlive/texmf-dist/tex/generic/tex4ht/html4-math.4ht
version 2022-10-25-13:59
))
(/usr/share/texlive/texmf-dist/tex/generic/tex4ht/nameref.4ht
version 2022-12-30-15:46

(/usr/share/texlive/texmf-dist/tex/generic/tex4ht/html4.4ht
version 2024-01-30-13:46
)
(/usr/share/texlive/texmf-dist/tex/generic/tex4ht/html4-math.4ht
version 2022-10-25-13:59
))
(/usr/share/texlive/texmf-dist/tex/generic/tex4ht/pd1enc.4ht
version 2009-05-21-09:32

(/usr/share/texlive/texmf-dist/tex/generic/tex4ht/html4.4ht
version 2024-01-30-13:46
)
(/usr/share/texlive/texmf-dist/tex/generic/tex4ht/html4-math.4ht
version 2022-10-25-13:59
))
(/usr/share/texlive/texmf-dist/tex/generic/tex4ht/url.4ht
version 2023-02-19-10:11

(/usr/share/texlive/texmf-dist/tex/generic/tex4ht/html4.4ht
version 2024-01-30-13:46
--------------------------------------
--- Note --- for URL encoding within href use the command line option `url-enc'

--------------------------------------
)
(/usr/share/texlive/texmf-dist/tex/generic/tex4ht/html4-math.4ht
version 2022-10-25-13:59
))
(/usr/share/texlive/texmf-dist/tex/generic/tex4ht/xcolor.4ht
version 2023-12-03-13:24

(/usr/share/texlive/texmf-dist/tex/generic/tex4ht/color.4ht
version 2022-02-01-14:27

(/usr/share/texlive/texmf-dist/tex/generic/tex4ht/html4.4ht
version 2024-01-30-13:46
)
(/usr/share/texlive/texmf-dist/tex/generic/tex4ht/html4-math.4ht
version 2022-10-25-13:59
))
(/usr/share/texlive/texmf-dist/tex/generic/tex4ht/html4.4ht
version 2024-01-30-13:46
)
(/usr/share/texlive/texmf-dist/tex/generic/tex4ht/html4-math.4ht
version 2022-10-25-13:59
))
(/usr/share/texlive/texmf-dist/tex/generic/tex4ht/color.4ht
version 2022-02-01-14:27
)
(/usr/share/texlive/texmf-dist/tex/generic/tex4ht/llncs-a.4ht
version 2009-05-21-09:32

(/usr/share/texlive/texmf-dist/tex/generic/tex4ht/html4.4ht
version 2024-01-30-13:46
)
(/usr/share/texlive/texmf-dist/tex/generic/tex4ht/html4-math.4ht
version 2022-10-25-13:59
))
(/usr/share/texlive/texmf-dist/tex/generic/tex4ht/html4.4ht
version 2024-01-30-13:46
)
(/usr/share/texlive/texmf-dist/tex/generic/tex4ht/html4-math.4ht
version 2022-10-25-13:59
))
(/usr/share/texlive/texmf-dist/tex/latex/l3backend/l3backend-dvips.def
File: l3backend-dvips.def 2024-01-04 L3 backend support: dvips
\l__pdf_internal_box=\box101
\g__pdf_backend_object_int=\count317
\l__pdf_backend_content_box=\box102
\l__pdf_backend_model_box=\box103
\g__pdf_backend_annotation_int=\count318
\g__pdf_backend_link_int=\count319
\g__pdf_backend_link_sf_int=\count320
)
(./nonlinear_gyrokinetic_equation.aux)
\openout1 = `nonlinear_gyrokinetic_equation.aux'.

LaTeX Font Info:    Checking defaults for OML/cmm/m/it on input line 18.
LaTeX Font Info:    ... okay on input line 18.
LaTeX Font Info:    Checking defaults for OMS/cmsy/m/n on input line 18.
LaTeX Font Info:    ... okay on input line 18.
LaTeX Font Info:    Checking defaults for OT1/cmr/m/n on input line 18.
LaTeX Font Info:    ... okay on input line 18.
LaTeX Font Info:    Checking defaults for T1/cmr/m/n on input line 18.
LaTeX Font Info:    ... okay on input line 18.
LaTeX Font Info:    Checking defaults for TS1/cmr/m/n on input line 18.
LaTeX Font Info:    ... okay on input line 18.
LaTeX Font Info:    Checking defaults for OMX/cmex/m/n on input line 18.
LaTeX Font Info:    ... okay on input line 18.
LaTeX Font Info:    Checking defaults for U/cmr/m/n on input line 18.
LaTeX Font Info:    ... okay on input line 18.
LaTeX Font Info:    Checking defaults for PD1/pdf/m/n on input line 18.
LaTeX Font Info:    ... okay on input line 18.
LaTeX Font Info:    Checking defaults for PU/pdf/m/n on input line 18.
LaTeX Font Info:    ... okay on input line 18.

*geometry* driver: auto-detecting
*geometry* detected driver: dvips
*geometry* verbose mode - [ preamble ] result:
* driver: dvips
* paper: a4paper
* layout: <same size as paper>
* layoutoffset:(h,v)=(0.0pt,0.0pt)
* modes: twoside 
* h-part:(L,W,R)=(71.70166pt, 418.25368pt, 107.55254pt)
* v-part:(T,H,B)=(101.40665pt, 591.5302pt, 152.11pt)
* \paperwidth=597.50787pt
* \paperheight=845.04684pt
* \textwidth=418.25368pt
* \textheight=591.5302pt
* \oddsidemargin=0.0pt
* \evensidemargin=0.0pt
* \topmargin=1.13666pt
* \headheight=12.0pt
* \headsep=16.0pt
* \topskip=10.0pt
* \footskip=30.0pt
* \marginparwidth=90.0pt
* \marginparsep=11.0pt
* \columnsep=10.0pt
* \skip\footins=9.0pt plus 4.0pt minus 2.0pt
* \hoffset=0.0pt
* \voffset=0.0pt
* \mag=1000
* \@twocolumnfalse
* \@twosidetrue
* \@mparswitchtrue
* \@reversemarginfalse
* (1in=72.27pt=25.4mm, 1cm=28.453pt)

Package hyperref Info: Link coloring ON on input line 18.
--- file nonlinear_gyrokinetic_equation.css ---
) [1

] [2] [3]
LaTeX Font Info:    Trying to load font information for U+msa on input line 33.

 (/usr/share/texlive/texmf-dist/tex/latex/amsfonts/umsa.fd
File: umsa.fd 2013/01/14 v3.01 AMS symbols A
)
LaTeX Font Info:    Trying to load font information for U+msb on input line 33.


(/usr/share/texlive/texmf-dist/tex/latex/amsfonts/umsb.fd
File: umsb.fd 2013/01/14 v3.01 AMS symbols B
)
(./nonlinear_gyrokinetic_equation.4ct)
--- file nonlinear_gyrokinetic_equationse1.html ---
 [4]
l. 76 Writing nonlinear_gyrokinetic_equation.idv[1] (nonlinear_gyrokinetic_equa
tion0x.png)
 [5]
l. 90 Writing nonlinear_gyrokinetic_equation.idv[2] (nonlinear_gyrokinetic_equa
tion1x.png)
l. 105 Writing nonlinear_gyrokinetic_equation.idv[3] (nonlinear_gyrokinetic_equ
ation2x.png)
l. 115 Writing nonlinear_gyrokinetic_equation.idv[4] (nonlinear_gyrokinetic_equ
ation3x.png)
l. 121 Writing nonlinear_gyrokinetic_equation.idv[5] (nonlinear_gyrokinetic_equ
ation4x.png)
 [6]
l. 132 Writing nonlinear_gyrokinetic_equation.idv[6] (nonlinear_gyrokinetic_equ
ation5x.png)
l. 141 Writing nonlinear_gyrokinetic_equation.idv[7] (nonlinear_gyrokinetic_equ
ation6x.png)
 [7]
l. 146 Writing nonlinear_gyrokinetic_equation.idv[8] (nonlinear_gyrokinetic_equ
ation7x.png)
l. 152 Writing nonlinear_gyrokinetic_equation.idv[9] (nonlinear_gyrokinetic_equ
ation8x.png)
l. 158 Writing nonlinear_gyrokinetic_equation.idv[10] (nonlinear_gyrokinetic_eq
uation9x.png)
l. 169 Writing nonlinear_gyrokinetic_equation.idv[11] (nonlinear_gyrokinetic_eq
uation10x.png)
l. 170 Writing nonlinear_gyrokinetic_equation.idv[12] (nonlinear_gyrokinetic_eq
uation11x.png)
l. 171 Writing nonlinear_gyrokinetic_equation.idv[13] (nonlinear_gyrokinetic_eq
uation12x.png)
 [8]
l. 188 Writing nonlinear_gyrokinetic_equation.idv[14] (nonlinear_gyrokinetic_eq
uation13x.png)
l. 193 Writing nonlinear_gyrokinetic_equation.idv[15] (nonlinear_gyrokinetic_eq
uation14x.png)
 [9]
l. 200 Writing nonlinear_gyrokinetic_equation.idv[16] (nonlinear_gyrokinetic_eq
uation15x.png)
l. 216 Writing nonlinear_gyrokinetic_equation.idv[17] (nonlinear_gyrokinetic_eq
uation16x.png)
l. 234 Writing nonlinear_gyrokinetic_equation.idv[18] (nonlinear_gyrokinetic_eq
uation17x.png)
 [10]
l. 238 Writing nonlinear_gyrokinetic_equation.idv[19] (nonlinear_gyrokinetic_eq
uation18x.png)
l. 252 Writing nonlinear_gyrokinetic_equation.idv[20] (nonlinear_gyrokinetic_eq
uation19x.png)
 [11]
l. 266 Writing nonlinear_gyrokinetic_equation.idv[21] (nonlinear_gyrokinetic_eq
uation20x.png)
l. 271 Writing nonlinear_gyrokinetic_equation.idv[22] (nonlinear_gyrokinetic_eq
uation21x.png)
l. 280 Writing nonlinear_gyrokinetic_equation.idv[23] (nonlinear_gyrokinetic_eq
uation22x.png)

[12]
l. 291 Writing nonlinear_gyrokinetic_equation.idv[24] (nonlinear_gyrokinetic_eq
uation23x.png)
l. 296 Writing nonlinear_gyrokinetic_equation.idv[25] (nonlinear_gyrokinetic_eq
uation24x.png)
l. 305 Writing nonlinear_gyrokinetic_equation.idv[26] (nonlinear_gyrokinetic_eq
uation25x.png)
 [13]
l. 312 Writing nonlinear_gyrokinetic_equation.idv[27] (nonlinear_gyrokinetic_eq
uation26x.png)
l. 320 Writing nonlinear_gyrokinetic_equation.idv[28] (nonlinear_gyrokinetic_eq
uation27x.png)
 [14]
--- file nonlinear_gyrokinetic_equationse2.html ---
l. 348 Writing nonlinear_gyrokinetic_equation.idv[29] (nonlinear_gyrokinetic_eq
uation28x.png)
l. 379 Writing nonlinear_gyrokinetic_equation.idv[30] (nonlinear_gyrokinetic_eq
uation29x.png)
 [15

]
l. 379 Writing nonlinear_gyrokinetic_equation.idv[31] (nonlinear_gyrokinetic_eq
uation30x.png)
 [16]
l. 440 Writing nonlinear_gyrokinetic_equation.idv[32] (nonlinear_gyrokinetic_eq
uation31x.png)
l. 445 Writing nonlinear_gyrokinetic_equation.idv[33] (nonlinear_gyrokinetic_eq
uation32x.png)
 [17]
l. 473 Writing nonlinear_gyrokinetic_equation.idv[34] (nonlinear_gyrokinetic_eq
uation33x.png)
l. 486 Writing nonlinear_gyrokinetic_equation.idv[35] (nonlinear_gyrokinetic_eq
uation34x.png)
 [18]
l. 509 Writing nonlinear_gyrokinetic_equation.idv[36] (nonlinear_gyrokinetic_eq
uation35x.png)
 [19]
l. 539 Writing nonlinear_gyrokinetic_equation.idv[37] (nonlinear_gyrokinetic_eq
uation36x.png)
l. 549 Writing nonlinear_gyrokinetic_equation.idv[38] (nonlinear_gyrokinetic_eq
uation37x.png)
l. 556 Writing nonlinear_gyrokinetic_equation.idv[39] (nonlinear_gyrokinetic_eq
uation38x.png)
 [20]
l. 562 Writing nonlinear_gyrokinetic_equation.idv[40] (nonlinear_gyrokinetic_eq
uation39x.png)
l. 576 Writing nonlinear_gyrokinetic_equation.idv[41] (nonlinear_gyrokinetic_eq
uation40x.png)
l. 577 Writing nonlinear_gyrokinetic_equation.idv[42] (nonlinear_gyrokinetic_eq
uation41x.png)
l. 581 Writing nonlinear_gyrokinetic_equation.idv[43] (nonlinear_gyrokinetic_eq
uation42x.png)
l. 588 Writing nonlinear_gyrokinetic_equation.idv[44] (nonlinear_gyrokinetic_eq
uation43x.png)
 [21]
l. 594 Writing nonlinear_gyrokinetic_equation.idv[45] (nonlinear_gyrokinetic_eq
uation44x.png)
l. 601 Writing nonlinear_gyrokinetic_equation.idv[46] (nonlinear_gyrokinetic_eq
uation45x.png)
l. 612 Writing nonlinear_gyrokinetic_equation.idv[47] (nonlinear_gyrokinetic_eq
uation46x.png)
 [22]
l. 622 Writing nonlinear_gyrokinetic_equation.idv[48] (nonlinear_gyrokinetic_eq
uation47x.png)
l. 631 Writing nonlinear_gyrokinetic_equation.idv[49] (nonlinear_gyrokinetic_eq
uation48x.png)
l. 635 Writing nonlinear_gyrokinetic_equation.idv[50] (nonlinear_gyrokinetic_eq
uation49x.png)
 [23]
l. 639 Writing nonlinear_gyrokinetic_equation.idv[51] (nonlinear_gyrokinetic_eq
uation50x.png)
l. 645 Writing nonlinear_gyrokinetic_equation.idv[52] (nonlinear_gyrokinetic_eq
uation51x.png)
l. 650 Writing nonlinear_gyrokinetic_equation.idv[53] (nonlinear_gyrokinetic_eq
uation52x.png)
 [24]
l. 663 Writing nonlinear_gyrokinetic_equation.idv[54] (nonlinear_gyrokinetic_eq
uation53x.png)
l. 677 Writing nonlinear_gyrokinetic_equation.idv[55] (nonlinear_gyrokinetic_eq
uation54x.png)
 [25]
l. 685 Writing nonlinear_gyrokinetic_equation.idv[56] (nonlinear_gyrokinetic_eq
uation55x.png)
l. 701 Writing nonlinear_gyrokinetic_equation.idv[57] (nonlinear_gyrokinetic_eq
uation56x.png)
 [26]
--- file nonlinear_gyrokinetic_equationse3.html ---
l. 728 Writing nonlinear_gyrokinetic_equation.idv[58] (nonlinear_gyrokinetic_eq
uation57x.png)
l. 732 Writing nonlinear_gyrokinetic_equation.idv[59] (nonlinear_gyrokinetic_eq
uation58x.png)

[27

]
l. 738 Writing nonlinear_gyrokinetic_equation.idv[60] (nonlinear_gyrokinetic_eq
uation59x.png)
l. 756 Writing nonlinear_gyrokinetic_equation.idv[61] (nonlinear_gyrokinetic_eq
uation60x.png)
l. 768 Writing nonlinear_gyrokinetic_equation.idv[62] (nonlinear_gyrokinetic_eq
uation61x.png)
 [28]
l. 778 Writing nonlinear_gyrokinetic_equation.idv[63] (nonlinear_gyrokinetic_eq
uation62x.png)
l. 789 Writing nonlinear_gyrokinetic_equation.idv[64] (nonlinear_gyrokinetic_eq
uation63x.png)
l. 805 Writing nonlinear_gyrokinetic_equation.idv[65] (nonlinear_gyrokinetic_eq
uation64x.png)
 [29]
l. 821 Writing nonlinear_gyrokinetic_equation.idv[66] (nonlinear_gyrokinetic_eq
uation65x.png)
l. 829 Writing nonlinear_gyrokinetic_equation.idv[67] (nonlinear_gyrokinetic_eq
uation66x.png)
 [30]
l. 833 Writing nonlinear_gyrokinetic_equation.idv[68] (nonlinear_gyrokinetic_eq
uation67x.png)
l. 882 Writing nonlinear_gyrokinetic_equation.idv[69] (nonlinear_gyrokinetic_eq
uation68x.png)
l. 882 Writing nonlinear_gyrokinetic_equation.idv[70] (nonlinear_gyrokinetic_eq
uation69x.png)
 [31]
l. 887 Writing nonlinear_gyrokinetic_equation.idv[71] (nonlinear_gyrokinetic_eq
uation70x.png)
l. 891 Writing nonlinear_gyrokinetic_equation.idv[72] (nonlinear_gyrokinetic_eq
uation71x.png)
 [32]
l. 896 Writing nonlinear_gyrokinetic_equation.idv[73] (nonlinear_gyrokinetic_eq
uation72x.png)
l. 913 Writing nonlinear_gyrokinetic_equation.idv[74] (nonlinear_gyrokinetic_eq
uation73x.png)
l. 915 Writing nonlinear_gyrokinetic_equation.idv[75] (nonlinear_gyrokinetic_eq
uation74x.png)
l. 919 Writing nonlinear_gyrokinetic_equation.idv[76] (nonlinear_gyrokinetic_eq
uation75x.png)
 [33]
l. 923 Writing nonlinear_gyrokinetic_equation.idv[77] (nonlinear_gyrokinetic_eq
uation76x.png)
l. 928 Writing nonlinear_gyrokinetic_equation.idv[78] (nonlinear_gyrokinetic_eq
uation77x.png)
 [34]
l. 937 Writing nonlinear_gyrokinetic_equation.idv[79] (nonlinear_gyrokinetic_eq
uation78x.png)
l. 941 Writing nonlinear_gyrokinetic_equation.idv[80] (nonlinear_gyrokinetic_eq
uation79x.png)
l. 948 Writing nonlinear_gyrokinetic_equation.idv[81] (nonlinear_gyrokinetic_eq
uation80x.png)
 [35]
l. 954 Writing nonlinear_gyrokinetic_equation.idv[82] (nonlinear_gyrokinetic_eq
uation81x.png)
l. 960 Writing nonlinear_gyrokinetic_equation.idv[83] (nonlinear_gyrokinetic_eq
uation82x.png)
l. 965 Writing nonlinear_gyrokinetic_equation.idv[84] (nonlinear_gyrokinetic_eq
uation83x.png)
 [36]
l. 987 Writing nonlinear_gyrokinetic_equation.idv[85] (nonlinear_gyrokinetic_eq
uation84x.png)
l. 987 Writing nonlinear_gyrokinetic_equation.idv[86] (nonlinear_gyrokinetic_eq
uation85x.png)
l. 987 Writing nonlinear_gyrokinetic_equation.idv[87] (nonlinear_gyrokinetic_eq
uation86x.png)
 [37]
l. 993 Writing nonlinear_gyrokinetic_equation.idv[88] (nonlinear_gyrokinetic_eq
uation87x.png)
l. 1005 Writing nonlinear_gyrokinetic_equation.idv[89] (nonlinear_gyrokinetic_e
quation88x.png)
l. 1009 Writing nonlinear_gyrokinetic_equation.idv[90] (nonlinear_gyrokinetic_e
quation89x.png)
 [38]
l. 1024 Writing nonlinear_gyrokinetic_equation.idv[91] (nonlinear_gyrokinetic_e
quation90x.png)
l. 1029 Writing nonlinear_gyrokinetic_equation.idv[92] (nonlinear_gyrokinetic_e
quation91x.png)
l. 1037 Writing nonlinear_gyrokinetic_equation.idv[93] (nonlinear_gyrokinetic_e
quation92x.png)
 [39]
l. 1052 Writing nonlinear_gyrokinetic_equation.idv[94] (nonlinear_gyrokinetic_e
quation93x.png)
l. 1055 Writing nonlinear_gyrokinetic_equation.idv[95] (nonlinear_gyrokinetic_e
quation94x.png)
l. 1062 Writing nonlinear_gyrokinetic_equation.idv[96] (nonlinear_gyrokinetic_e
quation95x.png)
 [40]
l. 1069 Writing nonlinear_gyrokinetic_equation.idv[97] (nonlinear_gyrokinetic_e
quation96x.png)
l. 1076 Writing nonlinear_gyrokinetic_equation.idv[98] (nonlinear_gyrokinetic_e
quation97x.png)
l. 1085 Writing nonlinear_gyrokinetic_equation.idv[99] (nonlinear_gyrokinetic_e
quation98x.png)
 [41]
l. 1093 Writing nonlinear_gyrokinetic_equation.idv[100] (nonlinear_gyrokinetic_
equation99x.png)
l. 1105 Writing nonlinear_gyrokinetic_equation.idv[101] (nonlinear_gyrokinetic_
equation100x.png)

[42]
l. 1126 Writing nonlinear_gyrokinetic_equation.idv[102] (nonlinear_gyrokinetic_
equation101x.png)
l. 1133 Writing nonlinear_gyrokinetic_equation.idv[103] (nonlinear_gyrokinetic_
equation102x.png)
l. 1140 Writing nonlinear_gyrokinetic_equation.idv[104] (nonlinear_gyrokinetic_
equation103x.png)
 [43]
l. 1151 Writing nonlinear_gyrokinetic_equation.idv[105] (nonlinear_gyrokinetic_
equation104x.png)
l. 1162 Writing nonlinear_gyrokinetic_equation.idv[106] (nonlinear_gyrokinetic_
equation105x.png)
l. 1182 Writing nonlinear_gyrokinetic_equation.idv[107] (nonlinear_gyrokinetic_
equation106x.png)
 [44]
l. 1186 Writing nonlinear_gyrokinetic_equation.idv[108] (nonlinear_gyrokinetic_
equation107x.png)
l. 1193 Writing nonlinear_gyrokinetic_equation.idv[109] (nonlinear_gyrokinetic_
equation108x.png)
l. 1204 Writing nonlinear_gyrokinetic_equation.idv[110] (nonlinear_gyrokinetic_
equation109x.png)
 [45]
l. 1225 Writing nonlinear_gyrokinetic_equation.idv[111] (nonlinear_gyrokinetic_
equation110x.png)
l. 1251 Writing nonlinear_gyrokinetic_equation.idv[112] (nonlinear_gyrokinetic_
equation111x.png)
 [46]
l. 1286 Writing nonlinear_gyrokinetic_equation.idv[113] (nonlinear_gyrokinetic_
equation112x.png)
 [47]
l. 1292 Writing nonlinear_gyrokinetic_equation.idv[114] (nonlinear_gyrokinetic_
equation113x.png)
l. 1301 Writing nonlinear_gyrokinetic_equation.idv[115] (nonlinear_gyrokinetic_
equation114x.png)
l. 1309 Writing nonlinear_gyrokinetic_equation.idv[116] (nonlinear_gyrokinetic_
equation115x.png)
l. 1317 Writing nonlinear_gyrokinetic_equation.idv[117] (nonlinear_gyrokinetic_
equation116x.png)
 [48]
l. 1326 Writing nonlinear_gyrokinetic_equation.idv[118] (nonlinear_gyrokinetic_
equation117x.png)
l. 1331 Writing nonlinear_gyrokinetic_equation.idv[119] (nonlinear_gyrokinetic_
equation118x.png)
 [49]
l. 1343 Writing nonlinear_gyrokinetic_equation.idv[120] (nonlinear_gyrokinetic_
equation119x.png)
l. 1352 Writing nonlinear_gyrokinetic_equation.idv[121] (nonlinear_gyrokinetic_
equation120x.png)
l. 1365 Writing nonlinear_gyrokinetic_equation.idv[122] (nonlinear_gyrokinetic_
equation121x.png)
 [50]
l. 1369 Writing nonlinear_gyrokinetic_equation.idv[123] (nonlinear_gyrokinetic_
equation122x.png)
l. 1376 Writing nonlinear_gyrokinetic_equation.idv[124] (nonlinear_gyrokinetic_
equation123x.png)
l. 1392 Writing nonlinear_gyrokinetic_equation.idv[125] (nonlinear_gyrokinetic_
equation124x.png)
 [51]
l. 1402 Writing nonlinear_gyrokinetic_equation.idv[126] (nonlinear_gyrokinetic_
equation125x.png)
l. 1418 Writing nonlinear_gyrokinetic_equation.idv[127] (nonlinear_gyrokinetic_
equation126x.png)
l. 1421 Writing nonlinear_gyrokinetic_equation.idv[128] (nonlinear_gyrokinetic_
equation127x.png)
 [52]
l. 1430 Writing nonlinear_gyrokinetic_equation.idv[129] (nonlinear_gyrokinetic_
equation128x.png)
l. 1438 Writing nonlinear_gyrokinetic_equation.idv[130] (nonlinear_gyrokinetic_
equation129x.png)
l. 1454 Writing nonlinear_gyrokinetic_equation.idv[131] (nonlinear_gyrokinetic_
equation130x.png)
 [53]
l. 1463 Writing nonlinear_gyrokinetic_equation.idv[132] (nonlinear_gyrokinetic_
equation131x.png)
l. 1489 Writing nonlinear_gyrokinetic_equation.idv[133] (nonlinear_gyrokinetic_
equation132x.png)
 [54]
l. 1497 Writing nonlinear_gyrokinetic_equation.idv[134] (nonlinear_gyrokinetic_
equation133x.png)
l. 1511 Writing nonlinear_gyrokinetic_equation.idv[135] (nonlinear_gyrokinetic_
equation134x.png)
l. 1517 Writing nonlinear_gyrokinetic_equation.idv[136] (nonlinear_gyrokinetic_
equation135x.png)
 [55]
l. 1531 Writing nonlinear_gyrokinetic_equation.idv[137] (nonlinear_gyrokinetic_
equation136x.png)
l. 1539 Writing nonlinear_gyrokinetic_equation.idv[138] (nonlinear_gyrokinetic_
equation137x.png)
l. 1550 Writing nonlinear_gyrokinetic_equation.idv[139] (nonlinear_gyrokinetic_
equation138x.png)
 [56]
l. 1562 Writing nonlinear_gyrokinetic_equation.idv[140] (nonlinear_gyrokinetic_
equation139x.png)
l. 1568 Writing nonlinear_gyrokinetic_equation.idv[141] (nonlinear_gyrokinetic_
equation140x.png)

[57]
l. 1580 Writing nonlinear_gyrokinetic_equation.idv[142] (nonlinear_gyrokinetic_
equation141x.png)
l. 1596 Writing nonlinear_gyrokinetic_equation.idv[143] (nonlinear_gyrokinetic_
equation142x.png)
l. 1610 Writing nonlinear_gyrokinetic_equation.idv[144] (nonlinear_gyrokinetic_
equation143x.png)
 [58]
l. 1618 Writing nonlinear_gyrokinetic_equation.idv[145] (nonlinear_gyrokinetic_
equation144x.png)
l. 1667 Writing nonlinear_gyrokinetic_equation.idv[146] (nonlinear_gyrokinetic_
equation145x.png)
 [59]
l. 1667 Writing nonlinear_gyrokinetic_equation.idv[147] (nonlinear_gyrokinetic_
equation146x.png)
 [60]
--- file nonlinear_gyrokinetic_equationse4.html ---
l. 1692 Writing nonlinear_gyrokinetic_equation.idv[148] (nonlinear_gyrokinetic_
equation147x.png)
l. 1698 Writing nonlinear_gyrokinetic_equation.idv[149] (nonlinear_gyrokinetic_
equation148x.png)
 [61

]
l. 1721 Writing nonlinear_gyrokinetic_equation.idv[150] (nonlinear_gyrokinetic_
equation149x.png)
l. 1741 Writing nonlinear_gyrokinetic_equation.idv[151] (nonlinear_gyrokinetic_
equation150x.png)
 [62]
l. 1745 Writing nonlinear_gyrokinetic_equation.idv[152] (nonlinear_gyrokinetic_
equation151x.png)
l. 1770 Writing nonlinear_gyrokinetic_equation.idv[153] (nonlinear_gyrokinetic_
equation152x.png)
 [63]
l. 1779 Writing nonlinear_gyrokinetic_equation.idv[154] (nonlinear_gyrokinetic_
equation153x.png)
l. 1784 Writing nonlinear_gyrokinetic_equation.idv[155] (nonlinear_gyrokinetic_
equation154x.png)
l. 1791 Writing nonlinear_gyrokinetic_equation.idv[156] (nonlinear_gyrokinetic_
equation155x.png)
 [64]
l. 1817 Writing nonlinear_gyrokinetic_equation.idv[157] (nonlinear_gyrokinetic_
equation156x.png)
l. 1832 Writing nonlinear_gyrokinetic_equation.idv[158] (nonlinear_gyrokinetic_
equation157x.png)
l. 1845 Writing nonlinear_gyrokinetic_equation.idv[159] (nonlinear_gyrokinetic_
equation158x.png)
 [65]
l. 1855 Writing nonlinear_gyrokinetic_equation.idv[160] (nonlinear_gyrokinetic_
equation159x.png)
l. 1861 Writing nonlinear_gyrokinetic_equation.idv[161] (nonlinear_gyrokinetic_
equation160x.png)
l. 1875 Writing nonlinear_gyrokinetic_equation.idv[162] (nonlinear_gyrokinetic_
equation161x.png)
 [66]
l. 1897 Writing nonlinear_gyrokinetic_equation.idv[163] (nonlinear_gyrokinetic_
equation162x.png)
 [67]
l. 1929 Writing nonlinear_gyrokinetic_equation.idv[164] (nonlinear_gyrokinetic_
equation163x.png)
l. 1934 Writing nonlinear_gyrokinetic_equation.idv[165] (nonlinear_gyrokinetic_
equation164x.png)
l. 1953 Writing nonlinear_gyrokinetic_equation.idv[166] (nonlinear_gyrokinetic_
equation165x.png)
l. 1954 Writing nonlinear_gyrokinetic_equation.idv[167] (nonlinear_gyrokinetic_
equation166x.png)
 [68]
l. 1958 Writing nonlinear_gyrokinetic_equation.idv[168] (nonlinear_gyrokinetic_
equation167x.png)
l. 1963 Writing nonlinear_gyrokinetic_equation.idv[169] (nonlinear_gyrokinetic_
equation168x.png)
l. 1967 Writing nonlinear_gyrokinetic_equation.idv[170] (nonlinear_gyrokinetic_
equation169x.png)
l. 1967 Writing nonlinear_gyrokinetic_equation.idv[171] (nonlinear_gyrokinetic_
equation170x.png)
l. 1969 Writing nonlinear_gyrokinetic_equation.idv[172] (nonlinear_gyrokinetic_
equation171x.png)
 [69]
l. 1975 Writing nonlinear_gyrokinetic_equation.idv[173] (nonlinear_gyrokinetic_
equation172x.png)
l. 1984 Writing nonlinear_gyrokinetic_equation.idv[174] (nonlinear_gyrokinetic_
equation173x.png)
l. 2000 Writing nonlinear_gyrokinetic_equation.idv[175] (nonlinear_gyrokinetic_
equation174x.png)
 [70]
l. 2002 Writing nonlinear_gyrokinetic_equation.idv[176] (nonlinear_gyrokinetic_
equation175x.png)
l. 2020 Writing nonlinear_gyrokinetic_equation.idv[177] (nonlinear_gyrokinetic_
equation176x.png)
l. 2026 Writing nonlinear_gyrokinetic_equation.idv[178] (nonlinear_gyrokinetic_
equation177x.png)
 [71]
l. 2036 Writing nonlinear_gyrokinetic_equation.idv[179] (nonlinear_gyrokinetic_
equation178x.png)
l. 2042 Writing nonlinear_gyrokinetic_equation.idv[180] (nonlinear_gyrokinetic_
equation179x.png)
l. 2048 Writing nonlinear_gyrokinetic_equation.idv[181] (nonlinear_gyrokinetic_
equation180x.png)

[72]
l. 2056 Writing nonlinear_gyrokinetic_equation.idv[182] (nonlinear_gyrokinetic_
equation181x.png)
l. 2070 Writing nonlinear_gyrokinetic_equation.idv[183] (nonlinear_gyrokinetic_
equation182x.png)
l. 2074 Writing nonlinear_gyrokinetic_equation.idv[184] (nonlinear_gyrokinetic_
equation183x.png)
 [73]
l. 2099 Writing nonlinear_gyrokinetic_equation.idv[185] (nonlinear_gyrokinetic_
equation184x.png)
l. 2105 Writing nonlinear_gyrokinetic_equation.idv[186] (nonlinear_gyrokinetic_
equation185x.png)
 [74]
l. 2115 Writing nonlinear_gyrokinetic_equation.idv[187] (nonlinear_gyrokinetic_
equation186x.png)
l. 2136 Writing nonlinear_gyrokinetic_equation.idv[188] (nonlinear_gyrokinetic_
equation187x.png)
 [75]
l. 2146 Writing nonlinear_gyrokinetic_equation.idv[189] (nonlinear_gyrokinetic_
equation188x.png)
l. 2153 Writing nonlinear_gyrokinetic_equation.idv[190] (nonlinear_gyrokinetic_
equation189x.png)
l. 2158 Writing nonlinear_gyrokinetic_equation.idv[191] (nonlinear_gyrokinetic_
equation190x.png)
l. 2169 Writing nonlinear_gyrokinetic_equation.idv[192] (nonlinear_gyrokinetic_
equation191x.png)
l. 2169 Writing nonlinear_gyrokinetic_equation.idv[193] (nonlinear_gyrokinetic_
equation192x.png)
l. 2170 Writing nonlinear_gyrokinetic_equation.idv[194] (nonlinear_gyrokinetic_
equation193x.png)
l. 2170 Writing nonlinear_gyrokinetic_equation.idv[195] (nonlinear_gyrokinetic_
equation194x.png)
 [76]
l. 2173 Writing nonlinear_gyrokinetic_equation.idv[196] (nonlinear_gyrokinetic_
equation195x.png)
l. 2191 Writing nonlinear_gyrokinetic_equation.idv[197] (nonlinear_gyrokinetic_
equation196x.png)
l. 2248 Writing nonlinear_gyrokinetic_equation.idv[198] (nonlinear_gyrokinetic_
equation197x.png)
 [77]
l. 2248 Writing nonlinear_gyrokinetic_equation.idv[199] (nonlinear_gyrokinetic_
equation198x.png)
l. 2248 Writing nonlinear_gyrokinetic_equation.idv[200] (nonlinear_gyrokinetic_
equation199x.png)
l. 2248 Writing nonlinear_gyrokinetic_equation.idv[201] (nonlinear_gyrokinetic_
equation200x.png)
l. 2248 Writing nonlinear_gyrokinetic_equation.idv[202] (nonlinear_gyrokinetic_
equation201x.png)
 [78]
l. 2251 Writing nonlinear_gyrokinetic_equation.idv[203] (nonlinear_gyrokinetic_
equation202x.png)
l. 2259 Writing nonlinear_gyrokinetic_equation.idv[204] (nonlinear_gyrokinetic_
equation203x.png)
l. 2277 Writing nonlinear_gyrokinetic_equation.idv[205] (nonlinear_gyrokinetic_
equation204x.png)
l. 2278 Writing nonlinear_gyrokinetic_equation.idv[206] (nonlinear_gyrokinetic_
equation205x.png)
l. 2280 Writing nonlinear_gyrokinetic_equation.idv[207] (nonlinear_gyrokinetic_
equation206x.png)
 [79]
l. 2287 Writing nonlinear_gyrokinetic_equation.idv[208] (nonlinear_gyrokinetic_
equation207x.png)
l. 2312 Writing nonlinear_gyrokinetic_equation.idv[209] (nonlinear_gyrokinetic_
equation208x.png)
 [80]
l. 2339 Writing nonlinear_gyrokinetic_equation.idv[210] (nonlinear_gyrokinetic_
equation209x.png)
l. 2345 Writing nonlinear_gyrokinetic_equation.idv[211] (nonlinear_gyrokinetic_
equation210x.png)
l. 2358 Writing nonlinear_gyrokinetic_equation.idv[212] (nonlinear_gyrokinetic_
equation211x.png)
 [81]
l. 2363 Writing nonlinear_gyrokinetic_equation.idv[213] (nonlinear_gyrokinetic_
equation212x.png)
l. 2368 Writing nonlinear_gyrokinetic_equation.idv[214] (nonlinear_gyrokinetic_
equation213x.png)
l. 2377 Writing nonlinear_gyrokinetic_equation.idv[215] (nonlinear_gyrokinetic_
equation214x.png)
 [82]
l. 2393 Writing nonlinear_gyrokinetic_equation.idv[216] (nonlinear_gyrokinetic_
equation215x.png)
l. 2408 Writing nonlinear_gyrokinetic_equation.idv[217] (nonlinear_gyrokinetic_
equation216x.png)
 [83]
l. 2421 Writing nonlinear_gyrokinetic_equation.idv[218] (nonlinear_gyrokinetic_
equation217x.png)
l. 2434 Writing nonlinear_gyrokinetic_equation.idv[219] (nonlinear_gyrokinetic_
equation218x.png)
l. 2447 Writing nonlinear_gyrokinetic_equation.idv[220] (nonlinear_gyrokinetic_
equation219x.png)
 [84]
l. 2452 Writing nonlinear_gyrokinetic_equation.idv[221] (nonlinear_gyrokinetic_
equation220x.png)
l. 2469 Writing nonlinear_gyrokinetic_equation.idv[222] (nonlinear_gyrokinetic_
equation221x.png)
l. 2479 Writing nonlinear_gyrokinetic_equation.idv[223] (nonlinear_gyrokinetic_
equation222x.png)
 [85]
l. 2491 Writing nonlinear_gyrokinetic_equation.idv[224] (nonlinear_gyrokinetic_
equation223x.png)
l. 2503 Writing nonlinear_gyrokinetic_equation.idv[225] (nonlinear_gyrokinetic_
equation224x.png)
l. 2516 Writing nonlinear_gyrokinetic_equation.idv[226] (nonlinear_gyrokinetic_
equation225x.png)
 [86]
l. 2534 Writing nonlinear_gyrokinetic_equation.idv[227] (nonlinear_gyrokinetic_
equation226x.png)
l. 2539 Writing nonlinear_gyrokinetic_equation.idv[228] (nonlinear_gyrokinetic_
equation227x.png)

[87]
l. 2545 Writing nonlinear_gyrokinetic_equation.idv[229] (nonlinear_gyrokinetic_
equation228x.png)
l. 2559 Writing nonlinear_gyrokinetic_equation.idv[230] (nonlinear_gyrokinetic_
equation229x.png)
l. 2576 Writing nonlinear_gyrokinetic_equation.idv[231] (nonlinear_gyrokinetic_
equation230x.png)
 [88]
l. 2585 Writing nonlinear_gyrokinetic_equation.idv[232] (nonlinear_gyrokinetic_
equation231x.png)
l. 2599 Writing nonlinear_gyrokinetic_equation.idv[233] (nonlinear_gyrokinetic_
equation232x.png)
 [89]
l. 2612 Writing nonlinear_gyrokinetic_equation.idv[234] (nonlinear_gyrokinetic_
equation233x.png)
l. 2619 Writing nonlinear_gyrokinetic_equation.idv[235] (nonlinear_gyrokinetic_
equation234x.png)
l. 2634 Writing nonlinear_gyrokinetic_equation.idv[236] (nonlinear_gyrokinetic_
equation235x.png)
 [90]
l. 2646 Writing nonlinear_gyrokinetic_equation.idv[237] (nonlinear_gyrokinetic_
equation236x.png)
l. 2657 Writing nonlinear_gyrokinetic_equation.idv[238] (nonlinear_gyrokinetic_
equation237x.png)
 [91]
l. 2662 Writing nonlinear_gyrokinetic_equation.idv[239] (nonlinear_gyrokinetic_
equation238x.png)
l. 2667 Writing nonlinear_gyrokinetic_equation.idv[240] (nonlinear_gyrokinetic_
equation239x.png)
l. 2674 Writing nonlinear_gyrokinetic_equation.idv[241] (nonlinear_gyrokinetic_
equation240x.png)
 [92]
l. 2689 Writing nonlinear_gyrokinetic_equation.idv[242] (nonlinear_gyrokinetic_
equation241x.png)
l. 2723 Writing nonlinear_gyrokinetic_equation.idv[243] (nonlinear_gyrokinetic_
equation242x.png)
 [93]
l. 2758 Writing nonlinear_gyrokinetic_equation.idv[244] (nonlinear_gyrokinetic_
equation243x.png)
 [94]
l. 2776 Writing nonlinear_gyrokinetic_equation.idv[245] (nonlinear_gyrokinetic_
equation244x.png)
l. 2795 Writing nonlinear_gyrokinetic_equation.idv[246] (nonlinear_gyrokinetic_
equation245x.png)
 [95]
l. 2803 Writing nonlinear_gyrokinetic_equation.idv[247] (nonlinear_gyrokinetic_
equation246x.png)
l. 2826 Writing nonlinear_gyrokinetic_equation.idv[248] (nonlinear_gyrokinetic_
equation247x.png)
l. 2847 Writing nonlinear_gyrokinetic_equation.idv[249] (nonlinear_gyrokinetic_
equation248x.png)
 [96]
l. 2864 Writing nonlinear_gyrokinetic_equation.idv[250] (nonlinear_gyrokinetic_
equation249x.png)
l. 2880 Writing nonlinear_gyrokinetic_equation.idv[251] (nonlinear_gyrokinetic_
equation250x.png)
l. 2881 Writing nonlinear_gyrokinetic_equation.idv[252] (nonlinear_gyrokinetic_
equation251x.png)
l. 2885 Writing nonlinear_gyrokinetic_equation.idv[253] (nonlinear_gyrokinetic_
equation252x.png)
 [97]
l. 2891 Writing nonlinear_gyrokinetic_equation.idv[254] (nonlinear_gyrokinetic_
equation253x.png)
l. 2898 Writing nonlinear_gyrokinetic_equation.idv[255] (nonlinear_gyrokinetic_
equation254x.png)
 [98]
l. 2920 Writing nonlinear_gyrokinetic_equation.idv[256] (nonlinear_gyrokinetic_
equation255x.png)
 [99]
--- file nonlinear_gyrokinetic_equationse5.html ---
l. 2942 Writing nonlinear_gyrokinetic_equation.idv[257] (nonlinear_gyrokinetic_
equation256x.png)
l. 2951 Writing nonlinear_gyrokinetic_equation.idv[258] (nonlinear_gyrokinetic_
equation257x.png)
 [100

]
l. 2965 Writing nonlinear_gyrokinetic_equation.idv[259] (nonlinear_gyrokinetic_
equation258x.png)
l. 2979 Writing nonlinear_gyrokinetic_equation.idv[260] (nonlinear_gyrokinetic_
equation259x.png)
l. 2987 Writing nonlinear_gyrokinetic_equation.idv[261] (nonlinear_gyrokinetic_
equation260x.png)
 [101]
[102]
--- file nonlinear_gyrokinetic_equationse6.html ---
l. 3051 Writing nonlinear_gyrokinetic_equation.idv[262] (nonlinear_gyrokinetic_
equation261x.png)
l. 3063 Writing nonlinear_gyrokinetic_equation.idv[263] (nonlinear_gyrokinetic_
equation262x.png)
 [103

]
l. 3067 Writing nonlinear_gyrokinetic_equation.idv[264] (nonlinear_gyrokinetic_
equation263x.png)
l. 3076 Writing nonlinear_gyrokinetic_equation.idv[265] (nonlinear_gyrokinetic_
equation264x.png)
l. 3089 Writing nonlinear_gyrokinetic_equation.idv[266] (nonlinear_gyrokinetic_
equation265x.png)
 [104]
l. 3099 Writing nonlinear_gyrokinetic_equation.idv[267] (nonlinear_gyrokinetic_
equation266x.png)
l. 3105 Writing nonlinear_gyrokinetic_equation.idv[268] (nonlinear_gyrokinetic_
equation267x.png)
l. 3108 Writing nonlinear_gyrokinetic_equation.idv[269] (nonlinear_gyrokinetic_
equation268x.png)
 [105]
l. 3114 Writing nonlinear_gyrokinetic_equation.idv[270] (nonlinear_gyrokinetic_
equation269x.png)
l. 3135 Writing nonlinear_gyrokinetic_equation.idv[271] (nonlinear_gyrokinetic_
equation270x.png)
 [106]
l. 3142 Writing nonlinear_gyrokinetic_equation.idv[272] (nonlinear_gyrokinetic_
equation271x.png)
l. 3155 Writing nonlinear_gyrokinetic_equation.idv[273] (nonlinear_gyrokinetic_
equation272x.png)
l. 3156 Writing nonlinear_gyrokinetic_equation.idv[274] (nonlinear_gyrokinetic_
equation273x.png)
l. 3157 Writing nonlinear_gyrokinetic_equation.idv[275] (nonlinear_gyrokinetic_
equation274x.png)
l. 3157 Writing nonlinear_gyrokinetic_equation.idv[276] (nonlinear_gyrokinetic_
equation275x.png)
l. 3159 Writing nonlinear_gyrokinetic_equation.idv[277] (nonlinear_gyrokinetic_
equation276x.png)
l. 3159 Writing nonlinear_gyrokinetic_equation.idv[278] (nonlinear_gyrokinetic_
equation277x.png)
l. 3162 Writing nonlinear_gyrokinetic_equation.idv[279] (nonlinear_gyrokinetic_
equation278x.png)
l. 3173 Writing nonlinear_gyrokinetic_equation.idv[280] (nonlinear_gyrokinetic_
equation279x.png)
 [107]
l. 3181 Writing nonlinear_gyrokinetic_equation.idv[281] (nonlinear_gyrokinetic_
equation280x.png)
l. 3184 Writing nonlinear_gyrokinetic_equation.idv[282] (nonlinear_gyrokinetic_
equation281x.png)
l. 3198 Writing nonlinear_gyrokinetic_equation.idv[283] (nonlinear_gyrokinetic_
equation282x.png)
l. 3204 Writing nonlinear_gyrokinetic_equation.idv[284] (nonlinear_gyrokinetic_
equation283x.png)
 [108]
l. 3205 Writing nonlinear_gyrokinetic_equation.idv[285] (nonlinear_gyrokinetic_
equation284x.png)
LaTeX Font Info:    Font shape `OT1/cmtt/bx/n' in size <10> not available
(Font)              Font shape `OT1/cmtt/m/n' tried instead on input line 3220.

l. 3224 Writing nonlinear_gyrokinetic_equation.idv[286] (nonlinear_gyrokinetic_
equation285x.png)
l. 3239 Writing nonlinear_gyrokinetic_equation.idv[287] (nonlinear_gyrokinetic_
equation286x.png)
 [109]
l. 3245 Writing nonlinear_gyrokinetic_equation.idv[288] (nonlinear_gyrokinetic_
equation287x.png)
l. 3254 Writing nonlinear_gyrokinetic_equation.idv[289] (nonlinear_gyrokinetic_
equation288x.png)
 [110]
l. 3260 Writing nonlinear_gyrokinetic_equation.idv[290] (nonlinear_gyrokinetic_
equation289x.png)
l. 3265 Writing nonlinear_gyrokinetic_equation.idv[291] (nonlinear_gyrokinetic_
equation290x.png)
l. 3274 Writing nonlinear_gyrokinetic_equation.idv[292] (nonlinear_gyrokinetic_
equation291x.png)
 [111]
l. 3282 Writing nonlinear_gyrokinetic_equation.idv[293] (nonlinear_gyrokinetic_
equation292x.png)
l. 3288 Writing nonlinear_gyrokinetic_equation.idv[294] (nonlinear_gyrokinetic_
equation293x.png)
l. 3292 Writing nonlinear_gyrokinetic_equation.idv[295] (nonlinear_gyrokinetic_
equation294x.png)
 [112]
l. 3304 Writing nonlinear_gyrokinetic_equation.idv[296] (nonlinear_gyrokinetic_
equation295x.png)
 [113]
[114

]
l. 3311 --- needs --- my_figure/home/yj/theory/figures/pade/p.png ---
 [115

]
l. 3319 Writing nonlinear_gyrokinetic_equation.idv[297] (nonlinear_gyrokinetic_
equation296x.png)
l. 3329 Writing nonlinear_gyrokinetic_equation.idv[298] (nonlinear_gyrokinetic_
equation297x.png)
l. 3336 Writing nonlinear_gyrokinetic_equation.idv[299] (nonlinear_gyrokinetic_
equation298x.png)
 [116

]
l. 3362 Writing nonlinear_gyrokinetic_equation.idv[300] (nonlinear_gyrokinetic_
equation299x.png)
l. 3368 Writing nonlinear_gyrokinetic_equation.idv[301] (nonlinear_gyrokinetic_
equation300x.png)
 [117]
l. 3373 Writing nonlinear_gyrokinetic_equation.idv[302] (nonlinear_gyrokinetic_
equation301x.png)
l. 3377 Writing nonlinear_gyrokinetic_equation.idv[303] (nonlinear_gyrokinetic_
equation302x.png)
l. 3378 Writing nonlinear_gyrokinetic_equation.idv[304] (nonlinear_gyrokinetic_
equation303x.png)
l. 3379 Writing nonlinear_gyrokinetic_equation.idv[305] (nonlinear_gyrokinetic_
equation304x.png)
l. 3379 Writing nonlinear_gyrokinetic_equation.idv[306] (nonlinear_gyrokinetic_
equation305x.png)
l. 3380 Writing nonlinear_gyrokinetic_equation.idv[307] (nonlinear_gyrokinetic_
equation306x.png)
l. 3381 Writing nonlinear_gyrokinetic_equation.idv[308] (nonlinear_gyrokinetic_
equation307x.png)
l. 3386 Writing nonlinear_gyrokinetic_equation.idv[309] (nonlinear_gyrokinetic_
equation308x.png)
 [118]
l. 3393 Writing nonlinear_gyrokinetic_equation.idv[310] (nonlinear_gyrokinetic_
equation309x.png)
l. 3400 Writing nonlinear_gyrokinetic_equation.idv[311] (nonlinear_gyrokinetic_
equation310x.png)
l. 3407 Writing nonlinear_gyrokinetic_equation.idv[312] (nonlinear_gyrokinetic_
equation311x.png)
 [119]
l. 3433 Writing nonlinear_gyrokinetic_equation.idv[313] (nonlinear_gyrokinetic_
equation312x.png)
l. 3448 Writing nonlinear_gyrokinetic_equation.idv[314] (nonlinear_gyrokinetic_
equation313x.png)
 [120]
l. 3455 Writing nonlinear_gyrokinetic_equation.idv[315] (nonlinear_gyrokinetic_
equation314x.png)
 [121] [122

]
l.3466 --- TeX4ht warning --- File `"/home/yj/theory/figures/double_gyro/p-1.xb
b"' not found ---
l.3466 --- TeX4ht warning --- Cannot determine size of graphic in "/home/yj/the
ory/figures/double_gyro/p-1.xbb" (no BoundingBox) ---
l. 3466 --- needs --- /home/yj/theory/figures/double_gyro/p-1-.png ---
[123

]
l. 3491 Writing nonlinear_gyrokinetic_equation.idv[316] (nonlinear_gyrokinetic_
equation315x.png)
l. 3510 Writing nonlinear_gyrokinetic_equation.idv[317] (nonlinear_gyrokinetic_
equation316x.png)
 [124

]
l. 3514 Writing nonlinear_gyrokinetic_equation.idv[318] (nonlinear_gyrokinetic_
equation317x.png)
l. 3517 Writing nonlinear_gyrokinetic_equation.idv[319] (nonlinear_gyrokinetic_
equation318x.png)
l. 3536 Writing nonlinear_gyrokinetic_equation.idv[320] (nonlinear_gyrokinetic_
equation319x.png)
 [125]
l. 3547 Writing nonlinear_gyrokinetic_equation.idv[321] (nonlinear_gyrokinetic_
equation320x.png)
l. 3553 Writing nonlinear_gyrokinetic_equation.idv[322] (nonlinear_gyrokinetic_
equation321x.png)
 [126]
l. 3570 Writing nonlinear_gyrokinetic_equation.idv[323] (nonlinear_gyrokinetic_
equation322x.png)
l. 3579 Writing nonlinear_gyrokinetic_equation.idv[324] (nonlinear_gyrokinetic_
equation323x.png)
l. 3593 Writing nonlinear_gyrokinetic_equation.idv[325] (nonlinear_gyrokinetic_
equation324x.png)
l. 3595 Writing nonlinear_gyrokinetic_equation.idv[326] (nonlinear_gyrokinetic_
equation325x.png)
 [127]
l. 3605 Writing nonlinear_gyrokinetic_equation.idv[327] (nonlinear_gyrokinetic_
equation326x.png)
l. 3610 Writing nonlinear_gyrokinetic_equation.idv[328] (nonlinear_gyrokinetic_
equation327x.png)
 [128]
l. 3620 Writing nonlinear_gyrokinetic_equation.idv[329] (nonlinear_gyrokinetic_
equation328x.png)
l. 3625 Writing nonlinear_gyrokinetic_equation.idv[330] (nonlinear_gyrokinetic_
equation329x.png)
 [129]
--- file nonlinear_gyrokinetic_equationse7.html ---
 [130

] [131

]
l. 3648 Writing nonlinear_gyrokinetic_equation.idv[331] (nonlinear_gyrokinetic_
equation330x.png)
l. 3648 Writing nonlinear_gyrokinetic_equation.idv[332] (nonlinear_gyrokinetic_
equation331x.png)
l. 3667 Writing nonlinear_gyrokinetic_equation.idv[333] (nonlinear_gyrokinetic_
equation332x.png)
 [132

]
l. 3671 Writing nonlinear_gyrokinetic_equation.idv[334] (nonlinear_gyrokinetic_
equation333x.png)
l. 3674 Writing nonlinear_gyrokinetic_equation.idv[335] (nonlinear_gyrokinetic_
equation334x.png)
l. 3678 Writing nonlinear_gyrokinetic_equation.idv[336] (nonlinear_gyrokinetic_
equation335x.png)
 [133

]
l. 3684 Writing nonlinear_gyrokinetic_equation.idv[337] (nonlinear_gyrokinetic_
equation336x.png)
l. 3695 Writing nonlinear_gyrokinetic_equation.idv[338] (nonlinear_gyrokinetic_
equation337x.png)
l. 3700 Writing nonlinear_gyrokinetic_equation.idv[339] (nonlinear_gyrokinetic_
equation338x.png)
 [134]
[135] [136

]
l. 3715 --- needs --- my_figure/home/yj/project_new/fig_lorentz/etg/fig3b/p.png
 ---
 [137

] [138

] [139

]
l.3726 --- TeX4ht warning --- File `"/home/yj/theory/tek/cbc/fig5d/spectrum.xbb
"' not found ---
l.3726 --- TeX4ht warning --- Cannot determine size of graphic in "/home/yj/the
ory/tek/cbc/fig5d/spectrum.xbb" (no BoundingBox) ---
l. 3726 --- needs --- /home/yj/theory/tek/cbc/fig5d/spectrum.png ---
[140

] [141

] [142

]
l.3738 --- TeX4ht warning --- File `"/home/yj/theory/tek/cbc/fig1v/spectrum.xbb
"' not found ---
l.3738 --- TeX4ht warning --- Cannot determine size of graphic in "/home/yj/the
ory/tek/cbc/fig1v/spectrum.xbb" (no BoundingBox) ---
l. 3738 --- needs --- /home/yj/theory/tek/cbc/fig1v/spectrum.png ---
[143

] [144

] [145

]
l.3749 --- TeX4ht warning --- File `"/home/yj/theory/tek/cbc/fig4d/poloidal_pla
ne_t004001Phi_nonzonal.xbb"' not found ---
l.3749 --- TeX4ht warning --- Cannot determine size of graphic in "/home/yj/the
ory/tek/cbc/fig4d/poloidal_plane_t004001Phi_nonzonal.xbb" (no BoundingBox) ---
l. 3749 --- needs --- /home/yj/theory/tek/cbc/fig4d/poloidal_plane_t004001Phi_n
onzonal.png ---
l.3749 --- TeX4ht warning --- File `"/home/yj/theory/tek/cbc/fig4d/poloidal_pla
ne_t004001Apara_nonzonal.xbb"' not found ---
l.3749 --- TeX4ht warning --- Cannot determine size of graphic in "/home/yj/the
ory/tek/cbc/fig4d/poloidal_plane_t004001Apara_nonzonal.xbb" (no BoundingBox) --
-
l. 3749 --- needs --- /home/yj/theory/tek/cbc/fig4d/poloidal_plane_t004001Apara
_nonzonal.png ---
l.3751 --- TeX4ht warning --- File `"/home/yj/theory/tek/cbc/fig4d/poloidal_pla
ne_t004001Phi_nonzonal1d.xbb"' not found ---
l.3751 --- TeX4ht warning --- Cannot determine size of graphic in "/home/yj/the
ory/tek/cbc/fig4d/poloidal_plane_t004001Phi_nonzonal1d.xbb" (no BoundingBox) --
-
l. 3751 --- needs --- /home/yj/theory/tek/cbc/fig4d/poloidal_plane_t004001Phi_n
onzonal1d.png ---
l.3751 --- TeX4ht warning --- File `"/home/yj/theory/tek/cbc/fig4d/poloidal_pla
ne_t004001Apara_nonzonal1d.xbb"' not found ---
l.3751 --- TeX4ht warning --- Cannot determine size of graphic in "/home/yj/the
ory/tek/cbc/fig4d/poloidal_plane_t004001Apara_nonzonal1d.xbb" (no BoundingBox) 
---
l. 3751 --- needs --- /home/yj/theory/tek/cbc/fig4d/poloidal_plane_t004001Apara
_nonzonal1d.png ---
l.3753 --- TeX4ht warning --- File `"/home/yj/theory/tek/cbc/fig4d/poloidal_pla
ne_t004001Phi_nonzonal1d_theta.xbb"' not found ---
l.3753 --- TeX4ht warning --- Cannot determine size of graphic in "/home/yj/the
ory/tek/cbc/fig4d/poloidal_plane_t004001Phi_nonzonal1d_theta.xbb" (no BoundingB
ox) ---
l. 3753 --- needs --- /home/yj/theory/tek/cbc/fig4d/poloidal_plane_t004001Phi_n
onzonal1d_theta.png ---
l.3753 --- TeX4ht warning --- File `"/home/yj/theory/tek/cbc/fig4d/poloidal_pla
ne_t004001Apara_nonzonal1d_theta.xbb"' not found ---
l.3753 --- TeX4ht warning --- Cannot determine size of graphic in "/home/yj/the
ory/tek/cbc/fig4d/poloidal_plane_t004001Apara_nonzonal1d_theta.xbb" (no Boundin
gBox) ---
l. 3753 --- needs --- /home/yj/theory/tek/cbc/fig4d/poloidal_plane_t004001Apara
_nonzonal1d_theta.png ---
[146

] [147

] [148

]
l.3764 --- TeX4ht warning --- File `"/home/yj/theory/tek/cbc/fig2b/p008001.xbb"
' not found ---
l.3764 --- TeX4ht warning --- Cannot determine size of graphic in "/home/yj/the
ory/tek/cbc/fig2b/p008001.xbb" (no BoundingBox) ---
l. 3764 --- needs --- /home/yj/theory/tek/cbc/fig2b/p008001.png ---
l.3764 --- TeX4ht warning --- File `"/home/yj/theory/tek/cbc/fig2/p008001.xbb"'
 not found ---
l.3764 --- TeX4ht warning --- Cannot determine size of graphic in "/home/yj/the
ory/tek/cbc/fig2/p008001.xbb" (no BoundingBox) ---
l. 3764 --- needs --- /home/yj/theory/tek/cbc/fig2/p008001.png ---
[149

] [150

] [151

]
l.3773 --- TeX4ht warning --- File `"/home/yj/theory/tek/cbc/fig3b/p008001.xbb"
' not found ---
l.3773 --- TeX4ht warning --- Cannot determine size of graphic in "/home/yj/the
ory/tek/cbc/fig3b/p008001.xbb" (no BoundingBox) ---
l. 3773 --- needs --- /home/yj/theory/tek/cbc/fig3b/p008001.png ---
l.3773 --- TeX4ht warning --- File `"/home/yj/theory/tek/cbc/fig3/p008001.xbb"'
 not found ---
l.3773 --- TeX4ht warning --- Cannot determine size of graphic in "/home/yj/the
ory/tek/cbc/fig3/p008001.xbb" (no BoundingBox) ---
l. 3773 --- needs --- /home/yj/theory/tek/cbc/fig3/p008001.png ---
[152

] [153

] [154

]
l.3785 --- TeX4ht warning --- File `"/home/yj/theory/tek/cbc/fig3d/poloidal_pla
ne_t004001Phi_nonzonal.xbb"' not found ---
l.3785 --- TeX4ht warning --- Cannot determine size of graphic in "/home/yj/the
ory/tek/cbc/fig3d/poloidal_plane_t004001Phi_nonzonal.xbb" (no BoundingBox) ---
l. 3785 --- needs --- /home/yj/theory/tek/cbc/fig3d/poloidal_plane_t004001Phi_n
onzonal.png ---
l.3785 --- TeX4ht warning --- File `"/home/yj/theory/tek/cbc/fig3d/poloidal_pla
ne_t004001Apara_nonzonal.xbb"' not found ---
l.3785 --- TeX4ht warning --- Cannot determine size of graphic in "/home/yj/the
ory/tek/cbc/fig3d/poloidal_plane_t004001Apara_nonzonal.xbb" (no BoundingBox) --
-
l. 3785 --- needs --- /home/yj/theory/tek/cbc/fig3d/poloidal_plane_t004001Apara
_nonzonal.png ---
l.3787 --- TeX4ht warning --- File `"/home/yj/theory/tek/cbc/fig3d/poloidal_pla
ne_t004001Phi_nonzonal1d.xbb"' not found ---
l.3787 --- TeX4ht warning --- Cannot determine size of graphic in "/home/yj/the
ory/tek/cbc/fig3d/poloidal_plane_t004001Phi_nonzonal1d.xbb" (no BoundingBox) --
-
l. 3787 --- needs --- /home/yj/theory/tek/cbc/fig3d/poloidal_plane_t004001Phi_n
onzonal1d.png ---
l.3787 --- TeX4ht warning --- File `"/home/yj/theory/tek/cbc/fig3d/poloidal_pla
ne_t004001Apara_nonzonal1d.xbb"' not found ---
l.3787 --- TeX4ht warning --- Cannot determine size of graphic in "/home/yj/the
ory/tek/cbc/fig3d/poloidal_plane_t004001Apara_nonzonal1d.xbb" (no BoundingBox) 
---
l. 3787 --- needs --- /home/yj/theory/tek/cbc/fig3d/poloidal_plane_t004001Apara
_nonzonal1d.png ---
l.3789 --- TeX4ht warning --- File `"/home/yj/theory/tek/cbc/fig3d/poloidal_pla
ne_t004001Phi_nonzonal1d_theta.xbb"' not found ---
l.3789 --- TeX4ht warning --- Cannot determine size of graphic in "/home/yj/the
ory/tek/cbc/fig3d/poloidal_plane_t004001Phi_nonzonal1d_theta.xbb" (no BoundingB
ox) ---
l. 3789 --- needs --- /home/yj/theory/tek/cbc/fig3d/poloidal_plane_t004001Phi_n
onzonal1d_theta.png ---
l.3789 --- TeX4ht warning --- File `"/home/yj/theory/tek/cbc/fig3d/poloidal_pla
ne_t004001Apara_nonzonal1d_theta.xbb"' not found ---
l.3789 --- TeX4ht warning --- Cannot determine size of graphic in "/home/yj/the
ory/tek/cbc/fig3d/poloidal_plane_t004001Apara_nonzonal1d_theta.xbb" (no Boundin
gBox) ---
l. 3789 --- needs --- /home/yj/theory/tek/cbc/fig3d/poloidal_plane_t004001Apara
_nonzonal1d_theta.png ---
[155

] [156

] [157

]
l.3799 --- TeX4ht warning --- File `"/home/yj/theory/tek/cbc/fig3e/poloidal_pla
ne_t004001Phi_nonzonal.xbb"' not found ---
l.3799 --- TeX4ht warning --- Cannot determine size of graphic in "/home/yj/the
ory/tek/cbc/fig3e/poloidal_plane_t004001Phi_nonzonal.xbb" (no BoundingBox) ---
l. 3799 --- needs --- /home/yj/theory/tek/cbc/fig3e/poloidal_plane_t004001Phi_n
onzonal.png ---
l.3799 --- TeX4ht warning --- File `"/home/yj/theory/tek/cbc/fig3e/poloidal_pla
ne_t004001Apara_nonzonal.xbb"' not found ---
l.3799 --- TeX4ht warning --- Cannot determine size of graphic in "/home/yj/the
ory/tek/cbc/fig3e/poloidal_plane_t004001Apara_nonzonal.xbb" (no BoundingBox) --
-
l. 3799 --- needs --- /home/yj/theory/tek/cbc/fig3e/poloidal_plane_t004001Apara
_nonzonal.png ---
l.3801 --- TeX4ht warning --- File `"/home/yj/theory/tek/cbc/fig3e/poloidal_pla
ne_t004001Phi_nonzonal1d.xbb"' not found ---
l.3801 --- TeX4ht warning --- Cannot determine size of graphic in "/home/yj/the
ory/tek/cbc/fig3e/poloidal_plane_t004001Phi_nonzonal1d.xbb" (no BoundingBox) --
-
l. 3801 --- needs --- /home/yj/theory/tek/cbc/fig3e/poloidal_plane_t004001Phi_n
onzonal1d.png ---
l.3801 --- TeX4ht warning --- File `"/home/yj/theory/tek/cbc/fig3e/poloidal_pla
ne_t004001Apara_nonzonal1d.xbb"' not found ---
l.3801 --- TeX4ht warning --- Cannot determine size of graphic in "/home/yj/the
ory/tek/cbc/fig3e/poloidal_plane_t004001Apara_nonzonal1d.xbb" (no BoundingBox) 
---
l. 3801 --- needs --- /home/yj/theory/tek/cbc/fig3e/poloidal_plane_t004001Apara
_nonzonal1d.png ---
l.3803 --- TeX4ht warning --- File `"/home/yj/theory/tek/cbc/fig3e/poloidal_pla
ne_t004001Phi_nonzonal1d_theta.xbb"' not found ---
l.3803 --- TeX4ht warning --- Cannot determine size of graphic in "/home/yj/the
ory/tek/cbc/fig3e/poloidal_plane_t004001Phi_nonzonal1d_theta.xbb" (no BoundingB
ox) ---
l. 3803 --- needs --- /home/yj/theory/tek/cbc/fig3e/poloidal_plane_t004001Phi_n
onzonal1d_theta.png ---
l.3803 --- TeX4ht warning --- File `"/home/yj/theory/tek/cbc/fig3e/poloidal_pla
ne_t004001Apara_nonzonal1d_theta.xbb"' not found ---
l.3803 --- TeX4ht warning --- Cannot determine size of graphic in "/home/yj/the
ory/tek/cbc/fig3e/poloidal_plane_t004001Apara_nonzonal1d_theta.xbb" (no Boundin
gBox) ---
l. 3803 --- needs --- /home/yj/theory/tek/cbc/fig3e/poloidal_plane_t004001Apara
_nonzonal1d_theta.png ---
[158

] [159

]
--- file nonlinear_gyrokinetic_equationse8.html ---
l. 3815 Writing nonlinear_gyrokinetic_equation.idv[340] (nonlinear_gyrokinetic_
equation339x.png)
l. 3821 Writing nonlinear_gyrokinetic_equation.idv[341] (nonlinear_gyrokinetic_
equation340x.png)
l. 3833 Writing nonlinear_gyrokinetic_equation.idv[342] (nonlinear_gyrokinetic_
equation341x.png)
 [160

]
l. 3840 Writing nonlinear_gyrokinetic_equation.idv[343] (nonlinear_gyrokinetic_
equation342x.png)
l. 3845 Writing nonlinear_gyrokinetic_equation.idv[344] (nonlinear_gyrokinetic_
equation343x.png)
 [161]
l. 3851 Writing nonlinear_gyrokinetic_equation.idv[345] (nonlinear_gyrokinetic_
equation344x.png)
l. 3870 Writing nonlinear_gyrokinetic_equation.idv[346] (nonlinear_gyrokinetic_
equation345x.png)
l. 3870 Writing nonlinear_gyrokinetic_equation.idv[347] (nonlinear_gyrokinetic_
equation346x.png)
l. 3878 Writing nonlinear_gyrokinetic_equation.idv[348] (nonlinear_gyrokinetic_
equation347x.png)
l. 3882 Writing nonlinear_gyrokinetic_equation.idv[349] (nonlinear_gyrokinetic_
equation348x.png)
 [162]
l. 3885 Writing nonlinear_gyrokinetic_equation.idv[350] (nonlinear_gyrokinetic_
equation349x.png)
l. 3898 Writing nonlinear_gyrokinetic_equation.idv[351] (nonlinear_gyrokinetic_
equation350x.png)
l. 3903 Writing nonlinear_gyrokinetic_equation.idv[352] (nonlinear_gyrokinetic_
equation351x.png)
 [163]
l. 3908 Writing nonlinear_gyrokinetic_equation.idv[353] (nonlinear_gyrokinetic_
equation352x.png)
 [164]
--- file nonlinear_gyrokinetic_equationse9.html ---
l. 3915 Writing nonlinear_gyrokinetic_equation.idv[354] (nonlinear_gyrokinetic_
equation353x.png)
l. 3926 Writing nonlinear_gyrokinetic_equation.idv[355] (nonlinear_gyrokinetic_
equation354x.png)
 [165

]
l. 3932 Writing nonlinear_gyrokinetic_equation.idv[356] (nonlinear_gyrokinetic_
equation355x.png)
l. 3938 Writing nonlinear_gyrokinetic_equation.idv[357] (nonlinear_gyrokinetic_
equation356x.png)
l. 3945 Writing nonlinear_gyrokinetic_equation.idv[358] (nonlinear_gyrokinetic_
equation357x.png)
 [166]
l. 3957 Writing nonlinear_gyrokinetic_equation.idv[359] (nonlinear_gyrokinetic_
equation358x.png)
l. 3974 Writing nonlinear_gyrokinetic_equation.idv[360] (nonlinear_gyrokinetic_
equation359x.png)
l. 3985 Writing nonlinear_gyrokinetic_equation.idv[361] (nonlinear_gyrokinetic_
equation360x.png)
 [167] [168]
--- file nonlinear_gyrokinetic_equationse10.html ---
l. 4003 Writing nonlinear_gyrokinetic_equation.idv[362] (nonlinear_gyrokinetic_
equation361x.png)
l. 4007 Writing nonlinear_gyrokinetic_equation.idv[363] (nonlinear_gyrokinetic_
equation362x.png)
l. 4010 Writing nonlinear_gyrokinetic_equation.idv[364] (nonlinear_gyrokinetic_
equation363x.png)
 [169

]
l. 4019 Writing nonlinear_gyrokinetic_equation.idv[365] (nonlinear_gyrokinetic_
equation364x.png)
l. 4025 Writing nonlinear_gyrokinetic_equation.idv[366] (nonlinear_gyrokinetic_
equation365x.png)
l. 4030 Writing nonlinear_gyrokinetic_equation.idv[367] (nonlinear_gyrokinetic_
equation366x.png)

[170]
l. 4039 Writing nonlinear_gyrokinetic_equation.idv[368] (nonlinear_gyrokinetic_
equation367x.png)
l. 4043 Writing nonlinear_gyrokinetic_equation.idv[369] (nonlinear_gyrokinetic_
equation368x.png)
l. 4048 Writing nonlinear_gyrokinetic_equation.idv[370] (nonlinear_gyrokinetic_
equation369x.png)
 [171]
l. 4053 Writing nonlinear_gyrokinetic_equation.idv[371] (nonlinear_gyrokinetic_
equation370x.png)
l. 4063 Writing nonlinear_gyrokinetic_equation.idv[372] (nonlinear_gyrokinetic_
equation371x.png)
l. 4069 Writing nonlinear_gyrokinetic_equation.idv[373] (nonlinear_gyrokinetic_
equation372x.png)
 [172]
l. 4073 Writing nonlinear_gyrokinetic_equation.idv[374] (nonlinear_gyrokinetic_
equation373x.png)
l. 4077 Writing nonlinear_gyrokinetic_equation.idv[375] (nonlinear_gyrokinetic_
equation374x.png)
l. 4093 Writing nonlinear_gyrokinetic_equation.idv[376] (nonlinear_gyrokinetic_
equation375x.png)
 [173] [174]
--- file nonlinear_gyrokinetic_equationse11.html ---
l. 4113 Writing nonlinear_gyrokinetic_equation.idv[377] (nonlinear_gyrokinetic_
equation376x.png)
l. 4126 Writing nonlinear_gyrokinetic_equation.idv[378] (nonlinear_gyrokinetic_
equation377x.png)
 [175

]
l. 4140 Writing nonlinear_gyrokinetic_equation.idv[379] (nonlinear_gyrokinetic_
equation378x.png)
l. 4152 Writing nonlinear_gyrokinetic_equation.idv[380] (nonlinear_gyrokinetic_
equation379x.png)
l. 4159 Writing nonlinear_gyrokinetic_equation.idv[381] (nonlinear_gyrokinetic_
equation380x.png)
 [176]
l. 4169 Writing nonlinear_gyrokinetic_equation.idv[382] (nonlinear_gyrokinetic_
equation381x.png)
l. 4177 Writing nonlinear_gyrokinetic_equation.idv[383] (nonlinear_gyrokinetic_
equation382x.png)
l. 4182 Writing nonlinear_gyrokinetic_equation.idv[384] (nonlinear_gyrokinetic_
equation383x.png)
 [177]
l. 4190 Writing nonlinear_gyrokinetic_equation.idv[385] (nonlinear_gyrokinetic_
equation384x.png)
l. 4197 Writing nonlinear_gyrokinetic_equation.idv[386] (nonlinear_gyrokinetic_
equation385x.png)
l. 4216 Writing nonlinear_gyrokinetic_equation.idv[387] (nonlinear_gyrokinetic_
equation386x.png)
 [178]
l. 4226 Writing nonlinear_gyrokinetic_equation.idv[388] (nonlinear_gyrokinetic_
equation387x.png)
l. 4237 Writing nonlinear_gyrokinetic_equation.idv[389] (nonlinear_gyrokinetic_
equation388x.png)
 [179]
l. 4249 Writing nonlinear_gyrokinetic_equation.idv[390] (nonlinear_gyrokinetic_
equation389x.png)
l. 4255 Writing nonlinear_gyrokinetic_equation.idv[391] (nonlinear_gyrokinetic_
equation390x.png)
l. 4269 Writing nonlinear_gyrokinetic_equation.idv[392] (nonlinear_gyrokinetic_
equation391x.png)
 [180]
l. 4275 Writing nonlinear_gyrokinetic_equation.idv[393] (nonlinear_gyrokinetic_
equation392x.png)
l. 4288 Writing nonlinear_gyrokinetic_equation.idv[394] (nonlinear_gyrokinetic_
equation393x.png)
 [181]
l. 4305 Writing nonlinear_gyrokinetic_equation.idv[395] (nonlinear_gyrokinetic_
equation394x.png)
l. 4323 Writing nonlinear_gyrokinetic_equation.idv[396] (nonlinear_gyrokinetic_
equation395x.png)
l. 4341 Writing nonlinear_gyrokinetic_equation.idv[397] (nonlinear_gyrokinetic_
equation396x.png)

[182]
l. 4365 Writing nonlinear_gyrokinetic_equation.idv[398] (nonlinear_gyrokinetic_
equation397x.png)
l. 4374 Writing nonlinear_gyrokinetic_equation.idv[399] (nonlinear_gyrokinetic_
equation398x.png)
 [183]
l. 4388 Writing nonlinear_gyrokinetic_equation.idv[400] (nonlinear_gyrokinetic_
equation399x.png)
l. 4398 Writing nonlinear_gyrokinetic_equation.idv[401] (nonlinear_gyrokinetic_
equation400x.png)
l. 4416 Writing nonlinear_gyrokinetic_equation.idv[402] (nonlinear_gyrokinetic_
equation401x.png)
 [184]
l. 4452 Writing nonlinear_gyrokinetic_equation.idv[403] (nonlinear_gyrokinetic_
equation402x.png)
 [185]
--- file nonlinear_gyrokinetic_equationse12.html ---
 [186

] [187

]
l.4501 --- TeX4ht warning --- File `"/home/yj/theory/figures/my_grids_and_gem_g
rids/poloidal_grids/a-1.xbb"' not found ---
l.4501 --- TeX4ht warning --- Cannot determine size of graphic in "/home/yj/the
ory/figures/my_grids_and_gem_grids/poloidal_grids/a-1.xbb" (no BoundingBox) ---

l. 4501 --- needs --- /home/yj/theory/figures/my_grids_and_gem_grids/poloidal_g
rids/a-1-.png ---
[188

] [189

] [190

]
l. 4546 --- needs --- my_figure/home/yj/theory/figures/my_grids_and_gem_grids/t
oroidal_grids/a-1.png ---
 [191

] [192

] [193

]
l. 4561 --- needs --- my_figure/home/yj/theory/figures/my_grids_and_gem_grids/r
adial_grids/a-1.png ---
 [194

] [195

]
--- file nonlinear_gyrokinetic_equationse13.html ---
l. 4589 Writing nonlinear_gyrokinetic_equation.idv[404] (nonlinear_gyrokinetic_
equation403x.png)
l. 4592 Writing nonlinear_gyrokinetic_equation.idv[405] (nonlinear_gyrokinetic_
equation404x.png)
 [196

]
l. 4598 Writing nonlinear_gyrokinetic_equation.idv[406] (nonlinear_gyrokinetic_
equation405x.png)
l. 4604 Writing nonlinear_gyrokinetic_equation.idv[407] (nonlinear_gyrokinetic_
equation406x.png)
l. 4609 Writing nonlinear_gyrokinetic_equation.idv[408] (nonlinear_gyrokinetic_
equation407x.png)
l. 4618 Writing nonlinear_gyrokinetic_equation.idv[409] (nonlinear_gyrokinetic_
equation408x.png)
 [197] [198]
l. 4754 Writing nonlinear_gyrokinetic_equation.idv[410] (nonlinear_gyrokinetic_
equation409x.png)
 [199]
l. 4763 Writing nonlinear_gyrokinetic_equation.idv[411] (nonlinear_gyrokinetic_
equation410x.png)
l. 4772 Writing nonlinear_gyrokinetic_equation.idv[412] (nonlinear_gyrokinetic_
equation411x.png)
l. 4779 Writing nonlinear_gyrokinetic_equation.idv[413] (nonlinear_gyrokinetic_
equation412x.png)

[200]
l. 4787 Writing nonlinear_gyrokinetic_equation.idv[414] (nonlinear_gyrokinetic_
equation413x.png)
l. 4807 Writing nonlinear_gyrokinetic_equation.idv[415] (nonlinear_gyrokinetic_
equation414x.png)
 [201] [202] [203

]
l. 4837 --- needs --- my_figure/home/yj/theory/figures/grids_cells/grids-3.png 
---
 [204

] [205

]
l. 4936 Writing nonlinear_gyrokinetic_equation.idv[416] (nonlinear_gyrokinetic_
equation415x.png)
l. 4946 Writing nonlinear_gyrokinetic_equation.idv[417] (nonlinear_gyrokinetic_
equation416x.png)
l. 4958 Writing nonlinear_gyrokinetic_equation.idv[418] (nonlinear_gyrokinetic_
equation417x.png)
 [206]
l. 4971 Writing nonlinear_gyrokinetic_equation.idv[419] (nonlinear_gyrokinetic_
equation418x.png)
l. 4982 Writing nonlinear_gyrokinetic_equation.idv[420] (nonlinear_gyrokinetic_
equation419x.png)
 [207]
l. 4997 Writing nonlinear_gyrokinetic_equation.idv[421] (nonlinear_gyrokinetic_
equation420x.png)
 [208]
--- file nonlinear_gyrokinetic_equationse14.html ---
l. 5019 Writing nonlinear_gyrokinetic_equation.idv[422] (nonlinear_gyrokinetic_
equation421x.png)
l. 5027 Writing nonlinear_gyrokinetic_equation.idv[423] (nonlinear_gyrokinetic_
equation422x.png)
 [209

]
l. 5035 Writing nonlinear_gyrokinetic_equation.idv[424] (nonlinear_gyrokinetic_
equation423x.png)
l. 5041 Writing nonlinear_gyrokinetic_equation.idv[425] (nonlinear_gyrokinetic_
equation424x.png)
l. 5047 Writing nonlinear_gyrokinetic_equation.idv[426] (nonlinear_gyrokinetic_
equation425x.png)
 [210]
l. 5055 Writing nonlinear_gyrokinetic_equation.idv[427] (nonlinear_gyrokinetic_
equation426x.png)
l. 5061 Writing nonlinear_gyrokinetic_equation.idv[428] (nonlinear_gyrokinetic_
equation427x.png)
l. 5071 Writing nonlinear_gyrokinetic_equation.idv[429] (nonlinear_gyrokinetic_
equation428x.png)
l. 5078 Writing nonlinear_gyrokinetic_equation.idv[430] (nonlinear_gyrokinetic_
equation429x.png)
l. 5082 Writing nonlinear_gyrokinetic_equation.idv[431] (nonlinear_gyrokinetic_
equation430x.png)
l. 5082 Writing nonlinear_gyrokinetic_equation.idv[432] (nonlinear_gyrokinetic_
equation431x.png)
 [211]
l. 5085 Writing nonlinear_gyrokinetic_equation.idv[433] (nonlinear_gyrokinetic_
equation432x.png)
l. 5090 Writing nonlinear_gyrokinetic_equation.idv[434] (nonlinear_gyrokinetic_
equation433x.png)
l. 5100 Writing nonlinear_gyrokinetic_equation.idv[435] (nonlinear_gyrokinetic_
equation434x.png)

[212]
l. 5124 Writing nonlinear_gyrokinetic_equation.idv[436] (nonlinear_gyrokinetic_
equation435x.png)
 [213]
--- file nonlinear_gyrokinetic_equationse15.html ---
l. 5145 Writing nonlinear_gyrokinetic_equation.idv[437] (nonlinear_gyrokinetic_
equation436x.png)
l. 5154 Writing nonlinear_gyrokinetic_equation.idv[438] (nonlinear_gyrokinetic_
equation437x.png)
l. 5167 Writing nonlinear_gyrokinetic_equation.idv[439] (nonlinear_gyrokinetic_
equation438x.png)
 [214

]
l. 5179 Writing nonlinear_gyrokinetic_equation.idv[440] (nonlinear_gyrokinetic_
equation439x.png)
l. 5195 Writing nonlinear_gyrokinetic_equation.idv[441] (nonlinear_gyrokinetic_
equation440x.png)
 [215]
l. 5217 Writing nonlinear_gyrokinetic_equation.idv[442] (nonlinear_gyrokinetic_
equation441x.png)
l. 5230 Writing nonlinear_gyrokinetic_equation.idv[443] (nonlinear_gyrokinetic_
equation442x.png)
l. 5248 Writing nonlinear_gyrokinetic_equation.idv[444] (nonlinear_gyrokinetic_
equation443x.png)
 [216]
l. 5268 Writing nonlinear_gyrokinetic_equation.idv[445] (nonlinear_gyrokinetic_
equation444x.png)
l. 5274 Writing nonlinear_gyrokinetic_equation.idv[446] (nonlinear_gyrokinetic_
equation445x.png)
 [217]
l. 5281 Writing nonlinear_gyrokinetic_equation.idv[447] (nonlinear_gyrokinetic_
equation446x.png)
l. 5294 Writing nonlinear_gyrokinetic_equation.idv[448] (nonlinear_gyrokinetic_
equation447x.png)
l. 5301 Writing nonlinear_gyrokinetic_equation.idv[449] (nonlinear_gyrokinetic_
equation448x.png)
 [218]
l. 5305 Writing nonlinear_gyrokinetic_equation.idv[450] (nonlinear_gyrokinetic_
equation449x.png)
l. 5312 Writing nonlinear_gyrokinetic_equation.idv[451] (nonlinear_gyrokinetic_
equation450x.png)
l. 5323 Writing nonlinear_gyrokinetic_equation.idv[452] (nonlinear_gyrokinetic_
equation451x.png)
 [219]
l. 5329 Writing nonlinear_gyrokinetic_equation.idv[453] (nonlinear_gyrokinetic_
equation452x.png)
l. 5353 Writing nonlinear_gyrokinetic_equation.idv[454] (nonlinear_gyrokinetic_
equation453x.png)
 [220]
--- file nonlinear_gyrokinetic_equationse16.html ---
l. 5385 Writing nonlinear_gyrokinetic_equation.idv[455] (nonlinear_gyrokinetic_
equation454x.png)
l. 5401 Writing nonlinear_gyrokinetic_equation.idv[456] (nonlinear_gyrokinetic_
equation455x.png)
 [221

]
l. 5414 Writing nonlinear_gyrokinetic_equation.idv[457] (nonlinear_gyrokinetic_
equation456x.png)
l. 5441 Writing nonlinear_gyrokinetic_equation.idv[458] (nonlinear_gyrokinetic_
equation457x.png)
 [222]
l. 5444 Writing nonlinear_gyrokinetic_equation.idv[459] (nonlinear_gyrokinetic_
equation458x.png)
l. 5448 Writing nonlinear_gyrokinetic_equation.idv[460] (nonlinear_gyrokinetic_
equation459x.png)
l. 5453 Writing nonlinear_gyrokinetic_equation.idv[461] (nonlinear_gyrokinetic_
equation460x.png)
 [223]
l. 5466 Writing nonlinear_gyrokinetic_equation.idv[462] (nonlinear_gyrokinetic_
equation461x.png)
l. 5478 Writing nonlinear_gyrokinetic_equation.idv[463] (nonlinear_gyrokinetic_
equation462x.png)
l. 5498 Writing nonlinear_gyrokinetic_equation.idv[464] (nonlinear_gyrokinetic_
equation463x.png)

[224]
l. 5520 Writing nonlinear_gyrokinetic_equation.idv[465] (nonlinear_gyrokinetic_
equation464x.png)
l. 5528 Writing nonlinear_gyrokinetic_equation.idv[466] (nonlinear_gyrokinetic_
equation465x.png)
 [225]
l. 5544 Writing nonlinear_gyrokinetic_equation.idv[467] (nonlinear_gyrokinetic_
equation466x.png)
l. 5566 Writing nonlinear_gyrokinetic_equation.idv[468] (nonlinear_gyrokinetic_
equation467x.png)
 [226]
l. 5580 Writing nonlinear_gyrokinetic_equation.idv[469] (nonlinear_gyrokinetic_
equation468x.png)
l. 5594 Writing nonlinear_gyrokinetic_equation.idv[470] (nonlinear_gyrokinetic_
equation469x.png)
 [227]
l. 5607 Writing nonlinear_gyrokinetic_equation.idv[471] (nonlinear_gyrokinetic_
equation470x.png)
l. 5610 Writing nonlinear_gyrokinetic_equation.idv[472] (nonlinear_gyrokinetic_
equation471x.png)
l. 5627 Writing nonlinear_gyrokinetic_equation.idv[473] (nonlinear_gyrokinetic_
equation472x.png)
 [228]
l. 5632 Writing nonlinear_gyrokinetic_equation.idv[474] (nonlinear_gyrokinetic_
equation473x.png)
l. 5636 Writing nonlinear_gyrokinetic_equation.idv[475] (nonlinear_gyrokinetic_
equation474x.png)
l. 5641 Writing nonlinear_gyrokinetic_equation.idv[476] (nonlinear_gyrokinetic_
equation475x.png)
l. 5663 Writing nonlinear_gyrokinetic_equation.idv[477] (nonlinear_gyrokinetic_
equation476x.png)
 [229]
l. 5677 Writing nonlinear_gyrokinetic_equation.idv[478] (nonlinear_gyrokinetic_
equation477x.png)
l. 5683 Writing nonlinear_gyrokinetic_equation.idv[479] (nonlinear_gyrokinetic_
equation478x.png)
 [230]
l. 5687 Writing nonlinear_gyrokinetic_equation.idv[480] (nonlinear_gyrokinetic_
equation479x.png)
l. 5705 Writing nonlinear_gyrokinetic_equation.idv[481] (nonlinear_gyrokinetic_
equation480x.png)
 [231]
l. 5717 Writing nonlinear_gyrokinetic_equation.idv[482] (nonlinear_gyrokinetic_
equation481x.png)
l. 5733 Writing nonlinear_gyrokinetic_equation.idv[483] (nonlinear_gyrokinetic_
equation482x.png)
l. 5741 Writing nonlinear_gyrokinetic_equation.idv[484] (nonlinear_gyrokinetic_
equation483x.png)
 [232]
l. 5752 Writing nonlinear_gyrokinetic_equation.idv[485] (nonlinear_gyrokinetic_
equation484x.png)
l. 5761 Writing nonlinear_gyrokinetic_equation.idv[486] (nonlinear_gyrokinetic_
equation485x.png)
l. 5771 Writing nonlinear_gyrokinetic_equation.idv[487] (nonlinear_gyrokinetic_
equation486x.png)
 [233]
l. 5798 Writing nonlinear_gyrokinetic_equation.idv[488] (nonlinear_gyrokinetic_
equation487x.png)
 [234]
l. 5825 Writing nonlinear_gyrokinetic_equation.idv[489] (nonlinear_gyrokinetic_
equation488x.png)
l. 5831 Writing nonlinear_gyrokinetic_equation.idv[490] (nonlinear_gyrokinetic_
equation489x.png)
 [235]
l. 5848 Writing nonlinear_gyrokinetic_equation.idv[491] (nonlinear_gyrokinetic_
equation490x.png)
l. 5859 Writing nonlinear_gyrokinetic_equation.idv[492] (nonlinear_gyrokinetic_
equation491x.png)

[236] [237]
--- file nonlinear_gyrokinetic_equationse17.html ---
l. 5906 Writing nonlinear_gyrokinetic_equation.idv[493] (nonlinear_gyrokinetic_
equation492x.png)
l. 5915 Writing nonlinear_gyrokinetic_equation.idv[494] (nonlinear_gyrokinetic_
equation493x.png)
l. 5922 Writing nonlinear_gyrokinetic_equation.idv[495] (nonlinear_gyrokinetic_
equation494x.png)
 [238

]
l. 5929 Writing nonlinear_gyrokinetic_equation.idv[496] (nonlinear_gyrokinetic_
equation495x.png)
l. 5939 Writing nonlinear_gyrokinetic_equation.idv[497] (nonlinear_gyrokinetic_
equation496x.png)
l. 5948 Writing nonlinear_gyrokinetic_equation.idv[498] (nonlinear_gyrokinetic_
equation497x.png)
 [239] [240]
--- file nonlinear_gyrokinetic_equationse18.html ---
l. 5985 Writing nonlinear_gyrokinetic_equation.idv[499] (nonlinear_gyrokinetic_
equation498x.png)
l. 5991 Writing nonlinear_gyrokinetic_equation.idv[500] (nonlinear_gyrokinetic_
equation499x.png)
 [241

]
l. 5997 Writing nonlinear_gyrokinetic_equation.idv[501] (nonlinear_gyrokinetic_
equation500x.png)
 [242]
--- file nonlinear_gyrokinetic_equationse19.html ---
LaTeX Font Info:    Trying to load font information for OMS+cmr on input line 6
045.

(/usr/share/texlive/texmf-dist/tex/latex/base/omscmr.fd
File: omscmr.fd 2023/04/13 v2.5m Standard LaTeX font definitions
)
LaTeX Font Info:    Font shape `OMS/cmr/m/n' in size <10> not available
(Font)              Font shape `OMS/cmsy/m/n' tried instead on input line 6045.

 [243

]
--- file nonlinear_gyrokinetic_equationli1.html ---
 [244

] [245]
[246

] (./nonlinear_gyrokinetic_equation.aux)
 ***********
LaTeX2e <2023-11-01> patch level 1
L3 programming layer <2024-01-22>
 ***********
 ) 
Here is how much of TeX's memory you used:
 17380 strings out of 474223
 264651 string characters out of 5748760
 1941972 words of memory out of 5000000
 39266 multiletter control sequences out of 15000+600000
 568842 words of font info for 76 fonts, out of 8000000 for 9000
 1141 hyphenation exceptions out of 8191
 80i,23n,96p,2182b,648s stack positions out of 10000i,1000n,20000p,200000b,200000s

Output written on nonlinear_gyrokinetic_equation.dvi (246 pages, 870912 bytes).

