This is pdfTeX, Version 3.1415926-2.5-1.40.14 (TeX Live 2013/Debian) (format=latex 2018.1.4)  24 JAN 2019 14:02
entering extended mode
 restricted \write18 enabled.
 %&-line parsing enabled.
**\makeatletter\def\HCode{\futurelet\HCode\HChar}\def\HChar{\ifx"\HCode\def\HCo
de"##1"{\Link##1}\expandafter\HCode\else\expandafter\Link\fi}\def\Link#1.a.b.c.
{\g@addto@macro\@documentclasshook{\RequirePackage[#1,html]{tex4ht}}\let\HCode\
documentstyle\def\documentstyle{\let\documentstyle\HCode\expandafter\def\csname
 tex4ht\endcsname{#1,html}\def\HCode####1{\documentstyle[tex4ht,}\@ifnextchar[{
\HCode}{\documentstyle[tex4ht]}}}\makeatother\HCode myconfig, xhtml,4, charset=
utf-8.a.b.c.\input  particle_simulation.tex
(./particle_simulation.tex
(/usr/share/texlive/texmf-dist/tex/latex/base/article.cls
Document Class: article 2007/10/19 v1.4h Standard LaTeX document class
(/usr/share/texlive/texmf-dist/tex/latex/base/size10.clo
File: size10.clo 2007/10/19 v1.4h Standard LaTeX file (size option)
)
\c@part=\count79
\c@section=\count80
\c@subsection=\count81
\c@subsubsection=\count82
\c@paragraph=\count83
\c@subparagraph=\count84
\c@figure=\count85
\c@table=\count86
\abovecaptionskip=\skip41
\belowcaptionskip=\skip42
\bibindent=\dimen102
)
(/usr/share/texmf/tex/generic/tex4ht/tex4ht.sty
version 2008-10-27-17:23
Package: tex4ht 
--------------------------------------
--- Note --- for _ at preamble, use the command line option `early_'
--------------------------------------
--------------------------------------
--- Note --- for ^ at preamble, use the command line option `early^'
--------------------------------------
\tmp:toks=\toks14
)
(/usr/share/texmf/tex/generic/tex4ht/usepackage.4ht
version 2009-05-21-09:32
)
(/usr/share/texlive/texmf-dist/tex/generic/babel/babel.sty
Package: babel 2013/12/03 3.9h The Babel package

(/usr/share/texlive/texmf-dist/tex/generic/babel-english/english.ldf
Language: english 2012/08/20 v3.3p English support from the babel system

(/usr/share/texlive/texmf-dist/tex/generic/babel/babel.def
File: babel.def 2013/12/03 3.9h Babel common definitions
\babel@savecnt=\count87
\U@D=\dimen103
)
\l@british = a dialect from \language\l@english 
\l@UKenglish = a dialect from \language\l@english 
\l@canadian = a dialect from \language\l@american 
\l@australian = a dialect from \language\l@british 
\l@newzealand = a dialect from \language\l@british 
))
(/usr/share/texlive/texmf-dist/tex/latex/geometry/geometry.sty
Package: geometry 2010/09/12 v5.6 Page Geometry

(/usr/share/texlive/texmf-dist/tex/latex/graphics/keyval.sty
Package: keyval 1999/03/16 v1.13 key=value parser (DPC)
\KV@toks@=\toks15
)
(/usr/share/texlive/texmf-dist/tex/generic/oberdiek/ifpdf.sty
Package: ifpdf 2011/01/30 v2.3 Provides the ifpdf switch (HO)
Package ifpdf Info: pdfTeX in PDF mode is not detected.
)
(/usr/share/texlive/texmf-dist/tex/generic/oberdiek/ifvtex.sty
Package: ifvtex 2010/03/01 v1.5 Detect VTeX and its facilities (HO)
Package ifvtex Info: VTeX not detected.
)
(/usr/share/texlive/texmf-dist/tex/generic/ifxetex/ifxetex.sty
Package: ifxetex 2010/09/12 v0.6 Provides ifxetex conditional
)
\Gm@cnth=\count88
\Gm@cntv=\count89
\c@Gm@tempcnt=\count90
\Gm@bindingoffset=\dimen104
\Gm@wd@mp=\dimen105
\Gm@odd@mp=\dimen106
\Gm@even@mp=\dimen107
\Gm@layoutwidth=\dimen108
\Gm@layoutheight=\dimen109
\Gm@layouthoffset=\dimen110
\Gm@layoutvoffset=\dimen111
\Gm@dimlist=\toks16
)
(/usr/share/texlive/texmf-dist/tex/latex/amsmath/amsmath.sty
Package: amsmath 2013/01/14 v2.14 AMS math features
\@mathmargin=\skip43

For additional information on amsmath, use the `?' option.
(/usr/share/texlive/texmf-dist/tex/latex/amsmath/amstext.sty
Package: amstext 2000/06/29 v2.01

(/usr/share/texlive/texmf-dist/tex/latex/amsmath/amsgen.sty
File: amsgen.sty 1999/11/30 v2.0
\@emptytoks=\toks17
\ex@=\dimen112
))
(/usr/share/texlive/texmf-dist/tex/latex/amsmath/amsbsy.sty
Package: amsbsy 1999/11/29 v1.2d
\pmbraise@=\dimen113
)
(/usr/share/texlive/texmf-dist/tex/latex/amsmath/amsopn.sty
Package: amsopn 1999/12/14 v2.01 operator names
)
\inf@bad=\count91
LaTeX Info: Redefining \frac on input line 210.
\uproot@=\count92
\leftroot@=\count93
LaTeX Info: Redefining \overline on input line 306.
\classnum@=\count94
\DOTSCASE@=\count95
LaTeX Info: Redefining \ldots on input line 378.
LaTeX Info: Redefining \dots on input line 381.
LaTeX Info: Redefining \cdots on input line 466.
\Mathstrutbox@=\box26
\strutbox@=\box27
\big@size=\dimen114
LaTeX Font Info:    Redeclaring font encoding OML on input line 566.
LaTeX Font Info:    Redeclaring font encoding OMS on input line 567.
\macc@depth=\count96
\c@MaxMatrixCols=\count97
\dotsspace@=\muskip10
\c@parentequation=\count98
\dspbrk@lvl=\count99
\tag@help=\toks18
\row@=\count100
\column@=\count101
\maxfields@=\count102
\andhelp@=\toks19
\eqnshift@=\dimen115
\alignsep@=\dimen116
\tagshift@=\dimen117
\tagwidth@=\dimen118
\totwidth@=\dimen119
\lineht@=\dimen120
\@envbody=\toks20
\multlinegap=\skip44
\multlinetaggap=\skip45
\mathdisplay@stack=\toks21
LaTeX Info: Redefining \[ on input line 2665.
LaTeX Info: Redefining \] on input line 2666.
)
(/usr/share/texlive/texmf-dist/tex/latex/amsfonts/amssymb.sty
Package: amssymb 2013/01/14 v3.01 AMS font symbols

(/usr/share/texlive/texmf-dist/tex/latex/amsfonts/amsfonts.sty
Package: amsfonts 2013/01/14 v3.01 Basic AMSFonts support
\symAMSa=\mathgroup4
\symAMSb=\mathgroup5
LaTeX Font Info:    Overwriting math alphabet `\mathfrak' in version `bold'
(Font)                  U/euf/m/n --> U/euf/b/n on input line 106.
))
(/usr/share/texlive/texmf-dist/tex/latex/graphics/graphicx.sty
Package: graphicx 1999/02/16 v1.0f Enhanced LaTeX Graphics (DPC,SPQR)

(/usr/share/texlive/texmf-dist/tex/latex/graphics/graphics.sty
Package: graphics 2009/02/05 v1.0o Standard LaTeX Graphics (DPC,SPQR)

(/usr/share/texlive/texmf-dist/tex/latex/graphics/trig.sty
Package: trig 1999/03/16 v1.09 sin cos tan (DPC)
)
(/usr/share/texlive/texmf-dist/tex/latex/latexconfig/graphics.cfg
File: graphics.cfg 2010/04/23 v1.9 graphics configuration of TeX Live
)
Package graphics Info: Driver file: dvips.def on input line 91.

(/usr/share/texlive/texmf-dist/tex/latex/graphics/dvips.def
File: dvips.def 1999/02/16 v3.0i Driver-dependant file (DPC,SPQR)
))
\Gin@req@height=\dimen121
\Gin@req@width=\dimen122
)
(/usr/share/texlive/texmf-dist/tex/latex/base/alltt.sty
Package: alltt 1997/06/16 v2.0g defines alltt environment
) (./myconfig.cfg
(/usr/share/texmf/tex/generic/tex4ht/tex4ht.4ht
version 2009-01-07-07:11
--------------------------------------
--- Note --- for additional information, use the command line option `info'
--------------------------------------

::::::::::::::::::::::::::::::::::::::::::
 TeX4ht info is available in the log file 
::::::::::::::::::::::::::::::::::::::::::
) (/usr/share/texmf/tex/generic/tex4ht/tex4ht.sty
version 2008-10-27-17:23

--- needs --- tex4ht particle_simulation ---
\tmp:cnt=\count103
\openout15 = `particle_simulation.tmp'.

(./particle_simulation.tmp)
\tmp:dim=\skip46
 (./particle_simulation.xref)
\:refout=\write3
\openout3 = `particle_simulation.xref'.


(/usr/share/texmf/tex/generic/tex4ht/html4.4ht
version 2009-05-18-23:01
--------------------------------------
--- Note --- to remove the <?xml version=...?> processing instruction use the c
ommand line option `no-VERSION'
--------------------------------------
--------------------------------------
--- Note --- to remove the DOCTYPE declaration use the command line option `no-
DOCTYPE'
--------------------------------------
)
(/usr/share/texmf/tex/generic/tex4ht/html4-math.4ht
version 2009-05-18-23:01
)
--------------------------------------
--- Note --- for marking of the base font, use the command line option `fonts+'

--------------------------------------
--------------------------------------
--- Note --- for non active _, use the command line option `no_'
--------------------------------------
--------------------------------------
--- Note --- for _ of catcode 13, use the command line option `_13'
--------------------------------------
--------------------------------------
--- Note --- for non active ^, use the command line option `no^'
--------------------------------------
--------------------------------------
--- Note --- for ^ of catcode 13, use the command line option `^13'
--------------------------------------

(/usr/share/texmf/tex/generic/tex4ht/html4.4ht
version 2009-05-18-23:01
--------------------------------------
--- Note --- For section filenames that reflect on their titles use the command
 line option `sec-filename'
--------------------------------------
--------------------------------------
--- Note --- to ignore CSS font decoration, use the `NoFonts' command line opti
on
--------------------------------------
--------------------------------------
--- Note --- for jpg bitmaps of pictures, use the `jpg' command line option. (C
haracter bitmaps are controled only by `g' records of tex4ht.env and `-g' switc
hes of tex4ht.c) 
--------------------------------------
--------------------------------------
--- Note --- for gif bitmaps of pictures, use the `gif' command line option. (C
haracter bitmaps are controled only by `g' records of tex4ht.env and `-g' switc
hes of tex4ht.c) 
--------------------------------------
--------------------------------------
--- Note --- for content and toc in 2 frames, use the command line option `fram
es'
--------------------------------------
--------------------------------------
--- Note --- for content, toc, and footnotes in 3 frames, use the command line 
option `frames-fn'
--------------------------------------
--------------------------------------
--- Note --- for file extension name xht, use the command line option `xht'
--------------------------------------
TeX4ht package options: xhtml,4,charset=utf-8,html
--------------------------------------
--- Note --- to ignore CSS code, use the command line option `-css
--------------------------------------
--------------------------------------
--- Note --- for inline CSS code, use the command line option `css-in'
--------------------------------------
--------------------------------------
--- Note --- for pop ups on mouse over, use the command line option `mouseover'

--------------------------------------
--------------------------------------
--- Note --- for addressing images in a subdirectory, use the command line opti
on `imgdir:.../'
--------------------------------------
)
(/usr/share/texmf/tex/generic/tex4ht/html4-math.4ht
version 2009-05-18-23:01
)
\:tokwrite=\toks22
\:tokpage=\toks23
--------------------------------------
--- Note --- for back links to toc, use the command line option `sections+'
--------------------------------------
--------------------------------------
--- Note --- for linear crosslinks of pages, use the command line option `next'

--------------------------------------
\openout15 = `particle_simulation.4ct'.

\:tocout=\write4
\openout4 = `particle_simulation.4tc'.


(/usr/share/texmf/tex/generic/tex4ht/html4.4ht
version 2009-05-18-23:01
)
(/usr/share/texmf/tex/generic/tex4ht/html4-math.4ht
version 2009-05-18-23:01
)
(/usr/share/texmf/tex/generic/tex4ht/latex.4ht
version 2009-05-21-09:32
--------------------------------------
--- Note --- for links into captions, instead of float heads, use the command l
ine option `refcaption'
--------------------------------------

(/usr/share/texmf/tex/generic/tex4ht/html4.4ht
version 2009-05-18-23:01
--------------------------------------
--- Note --- For mini tocs immediately aftter the header use the command line o
ption `minitoc<'
--------------------------------------
--------------------------------------
--- Note --- for enumerated list elements with valued data, use the command lin
e option `enumerate+'
--------------------------------------
--------------------------------------
--- Note --- for enumerated list elements li's with value attributes, use the c
ommand line option `enumerate-'
--------------------------------------
--------------------------------------
--- Note --- for CSS2 code, use the command line option `css2'
--------------------------------------
--------------------------------------
--- Note --- for pictorial tabular, use the command line option `pic-tabular'
--------------------------------------
--------------------------------------
--- Note --- for bitmap fbox'es, use the command line option `pic-fbox'
--------------------------------------
--------------------------------------
--- Note --- for bitmap framebox'es, use the command line option `pic-framebox'

--------------------------------------
--------------------------------------
--- Note --- for inline footnotes use command line option `fn-in'
--------------------------------------
--------------------------------------
--- Note --- for tracing of latex font commands, use the command line option `f
onts'
--------------------------------------
--------------------------------------
--- Note --- for width specifications of tabular p entries, use the `p-width' c
ommand line option or a configuration similar to \Configure{HColWidth}{\HCode{ 
style="width:\HColWidth"}}
--------------------------------------
)
(/usr/share/texmf/tex/generic/tex4ht/html4-math.4ht
version 2009-05-18-23:01
--------------------------------------
--- Note --- for pictorial eqnarray, use the command line option `pic-eqnarray'

--------------------------------------
--------------------------------------
--- Note --- for pictorial array, use the command line option `pic-array'
--------------------------------------
--------------------------------------
--- Note --- for pictorial $...$ environments, use the command line option `pic
-m' (not recommended!!)
--------------------------------------
--------------------------------------
--- Note --- for pictorial $...$ and $$...$$ environments with latex alt, use t
he command line option `pic-m+' (not safe!!)
--------------------------------------
--------------------------------------
--- Note --- for pictorial array, use the command line option `pic-array'
--------------------------------------
))
(/usr/share/texmf/tex/generic/tex4ht/fontmath.4ht
version 2009-05-21-09:32

(/usr/share/texmf/tex/generic/tex4ht/html4.4ht
version 2009-05-18-23:01
)
(/usr/share/texmf/tex/generic/tex4ht/html4-math.4ht
version 2009-05-18-23:01
))
(/usr/share/texmf/tex/generic/tex4ht/article.4ht
version 2009-05-21-09:32

(/usr/share/texmf/tex/generic/tex4ht/html4.4ht
version 2009-05-18-23:01
--------------------------------------
--- Note --- for tocs without * entries, use command line option `notoc*'
--------------------------------------
--------------------------------------
--- Note --- for tocs without * entries, use command line option `notoc*'
--------------------------------------
--------------------------------------
--- Note --- for tocs without * entries, use command line option `notoc*'
--------------------------------------
--------------------------------------
--- Note --- to eliminate mini tables of contents, use the command line option 
`nominitoc'
--------------------------------------
--------------------------------------
--- Note --- to eliminate mini tables of contents, use the command line option 
`nominitoc'
--------------------------------------
--------------------------------------
--- Note --- for frames-like object-based table of contents, use the command li
ne option `obj-toc'
--------------------------------------
--------------------------------------
--- Note --- for files named derived from section titles, use the command line 
option `sec-filename'
--------------------------------------
--------------------------------------
--- Note --- for i-columns index, use the command line option `index=i' (e.g., 
index=2)
--------------------------------------
)
(/usr/share/texmf/tex/generic/tex4ht/html4-math.4ht
version 2009-05-18-23:01
))
(/usr/share/texmf/tex/generic/tex4ht/babel.4ht
version 2009-05-21-09:32

(/usr/share/texmf/tex/generic/tex4ht/html4.4ht
version 2009-05-18-23:01
)
(/usr/share/texmf/tex/generic/tex4ht/html4-math.4ht
version 2009-05-18-23:01
))
(/usr/share/texmf/tex/generic/tex4ht/english.4ht
version 2009-05-21-09:32

(/usr/share/texmf/tex/generic/tex4ht/html4.4ht
version 2009-05-18-23:01
)
(/usr/share/texmf/tex/generic/tex4ht/html4-math.4ht
version 2009-05-18-23:01
))
(/usr/share/texmf/tex/generic/tex4ht/amsmath.4ht
version 2009-05-21-09:32
\tmp:muskip=\muskip11

(/usr/share/texmf/tex/generic/tex4ht/html4.4ht
version 2009-05-18-23:01
)
(/usr/share/texmf/tex/generic/tex4ht/html4-math.4ht
version 2009-05-18-23:01
))
(/usr/share/texmf/tex/generic/tex4ht/amstext.4ht
version 2009-05-21-09:32

(/usr/share/texmf/tex/generic/tex4ht/html4.4ht
version 2009-05-18-23:01
)
(/usr/share/texmf/tex/generic/tex4ht/html4-math.4ht
version 2009-05-18-23:01
))
(/usr/share/texmf/tex/generic/tex4ht/amsbsy.4ht
version 2009-05-21-09:32

(/usr/share/texmf/tex/generic/tex4ht/html4.4ht
version 2009-05-18-23:01
)
(/usr/share/texmf/tex/generic/tex4ht/html4-math.4ht
version 2009-05-18-23:01
))
(/usr/share/texmf/tex/generic/tex4ht/amsopn.4ht
version 2009-05-21-09:32

(/usr/share/texmf/tex/generic/tex4ht/html4.4ht
version 2009-05-18-23:01
)
(/usr/share/texmf/tex/generic/tex4ht/html4-math.4ht
version 2009-05-18-23:01
))
(/usr/share/texmf/tex/generic/tex4ht/amssymb.4ht
version 2009-05-21-09:32

(/usr/share/texmf/tex/generic/tex4ht/html4.4ht
version 2009-05-18-23:01
)
(/usr/share/texmf/tex/generic/tex4ht/html4-math.4ht
version 2009-05-18-23:01
))
(/usr/share/texmf/tex/generic/tex4ht/amsfonts.4ht
version 2009-05-21-09:32

(/usr/share/texmf/tex/generic/tex4ht/html4.4ht
version 2009-05-18-23:01
)
(/usr/share/texmf/tex/generic/tex4ht/html4-math.4ht
version 2009-05-18-23:01
))
(/usr/share/texmf/tex/generic/tex4ht/graphicx.4ht
version 2009-05-21-09:32

(/usr/share/texmf/tex/generic/tex4ht/html4.4ht
version 2009-05-18-23:01
)
(/usr/share/texmf/tex/generic/tex4ht/html4-math.4ht
version 2009-05-18-23:01
))
(/usr/share/texmf/tex/generic/tex4ht/graphics.4ht
version 2009-05-21-09:32

(/usr/share/texmf/tex/generic/tex4ht/html4.4ht
version 2009-05-18-23:01
--------------------------------------
--- Note --- if included graphics are of degraded quality, try the command line
 options `graphics-num' or `graphics-'. The `num' should provide the density of
 pixels in the bitmaps (e.g., 110). 
--------------------------------------
--------------------------------------
--- Note --- for key dimensions try the option `Gin-dim'; for key dimensions wh
en bounding box is unavailable try `Gin-dim+'; neither is recommended
--------------------------------------
)
(/usr/share/texmf/tex/generic/tex4ht/html4-math.4ht
version 2009-05-18-23:01
))
(/usr/share/texmf/tex/generic/tex4ht/dvips.4ht
version 2009-05-21-09:32

(/usr/share/texmf/tex/generic/tex4ht/html4.4ht
version 2009-05-18-23:01
)
(/usr/share/texmf/tex/generic/tex4ht/html4-math.4ht
version 2009-05-18-23:01
))
(/usr/share/texmf/tex/generic/tex4ht/alltt.4ht
version 2009-05-21-09:32

(/usr/share/texmf/tex/generic/tex4ht/html4.4ht
version 2009-05-18-23:01
)
(/usr/share/texmf/tex/generic/tex4ht/html4-math.4ht
version 2009-05-18-23:01
))
(/usr/share/texmf/tex/generic/tex4ht/html4.4ht
version 2009-05-18-23:01
)
(/usr/share/texmf/tex/generic/tex4ht/html4-math.4ht
version 2009-05-18-23:01
))
(./particle_simulation.aux)
\openout1 = `particle_simulation.aux'.

LaTeX Font Info:    Checking defaults for OML/cmm/m/it on input line 18.
LaTeX Font Info:    ... okay on input line 18.
LaTeX Font Info:    Checking defaults for T1/cmr/m/n on input line 18.
LaTeX Font Info:    ... okay on input line 18.
LaTeX Font Info:    Checking defaults for OT1/cmr/m/n on input line 18.
LaTeX Font Info:    ... okay on input line 18.
LaTeX Font Info:    Checking defaults for OMS/cmsy/m/n on input line 18.
LaTeX Font Info:    ... okay on input line 18.
LaTeX Font Info:    Checking defaults for OMX/cmex/m/n on input line 18.
LaTeX Font Info:    ... okay on input line 18.
LaTeX Font Info:    Checking defaults for U/cmr/m/n on input line 18.
LaTeX Font Info:    ... okay on input line 18.

*geometry* driver: auto-detecting
*geometry* detected driver: dvips
*geometry* verbose mode - [ preamble ] result:
* driver: dvips
* paper: b4paper
* layout: <same size as paper>
* layoutoffset:(h,v)=(0.0pt,0.0pt)
* modes: 
* h-part:(L,W,R)=(106.69891pt, 497.92105pt, 106.69893pt)
* v-part:(T,H,B)=(120.5271pt, 703.06453pt, 180.79065pt)
* \paperwidth=711.3189pt
* \paperheight=1004.38228pt
* \textwidth=497.92105pt
* \textheight=703.06453pt
* \oddsidemargin=0.0pt
* \evensidemargin=0.0pt
* \topmargin=11.25711pt
* \headheight=12.0pt
* \headsep=25.0pt
* \topskip=10.0pt
* \footskip=30.0pt
* \marginparwidth=65.0pt
* \marginparsep=11.0pt
* \columnsep=10.0pt
* \skip\footins=9.0pt plus 4.0pt minus 2.0pt
* \hoffset=0.0pt
* \voffset=0.0pt
* \mag=1000
* \@twocolumnfalse
* \@twosidefalse
* \@mparswitchfalse
* \@reversemarginfalse
* (1in=72.27pt=25.4mm, 1cm=28.453pt)

--- file particle_simulation.css ---
) [1

] [2]
LaTeX Font Info:    Try loading font information for U+msa on input line 31.
 (/usr/share/texlive/texmf-dist/tex/latex/amsfonts/umsa.fd
File: umsa.fd 2013/01/14 v3.01 AMS symbols A
)
LaTeX Font Info:    Try loading font information for U+msb on input line 31.

(/usr/share/texlive/texmf-dist/tex/latex/amsfonts/umsb.fd
File: umsb.fd 2013/01/14 v3.01 AMS symbols B
)
(./particle_simulation.4ct [3])
--- file particle_simulationse1.html ---
 [4] (./particle_simulation.4ct)
--- file particle_simulationsu1.html ---
 [5] [6

]
--- file particle_simulationse2.html ---

(./particle_simulation.4ct)
--- file particle_simulationsu2.html ---
l. 129 Writing particle_simulation.idv[1] (particle_simulation0x.png)
l. 142 Writing particle_simulation.idv[2] (particle_simulation1x.png)
 [7

]
l. 149 Writing particle_simulation.idv[3] (particle_simulation2x.png)
l. 154 Writing particle_simulation.idv[4] (particle_simulation3x.png)
l. 160 Writing particle_simulation.idv[5] (particle_simulation4x.png)
 [8]
l. 165 Writing particle_simulation.idv[6] (particle_simulation5x.png)
l. 169 Writing particle_simulation.idv[7] (particle_simulation6x.png)
l. 174 Writing particle_simulation.idv[8] (particle_simulation7x.png)
l. 179 Writing particle_simulation.idv[9] (particle_simulation8x.png)
 [9]
l. 184 Writing particle_simulation.idv[10] (particle_simulation9x.png)
l. 197 Writing particle_simulation.idv[11] (particle_simulation10x.png)
 [10]
l. 211 Writing particle_simulation.idv[12] (particle_simulation11x.png)
l. 224 Writing particle_simulation.idv[13] (particle_simulation12x.png)
 [11]
--- file particle_simulationsu3.html ---
l. 247 Writing particle_simulation.idv[14] (particle_simulation13x.png)
l. 251 Writing particle_simulation.idv[15] (particle_simulation14x.png)
l. 255 Writing particle_simulation.idv[16] (particle_simulation15x.png)
 [12

]
l. 268 Writing particle_simulation.idv[17] (particle_simulation16x.png)


LaTeX Warning: Citation `ben2016' on page 13 undefined on input line 279.

l. 286 Writing particle_simulation.idv[18] (particle_simulation17x.png)
l. 292 Writing particle_simulation.idv[19] (particle_simulation18x.png)
[13]
l. 300 Writing particle_simulation.idv[20] (particle_simulation19x.png)
l. 309 Writing particle_simulation.idv[21] (particle_simulation20x.png)
 [14] [15

]
--- file particle_simulationse3.html ---
l. 321 Writing particle_simulation.idv[22] (particle_simulation21x.png)
l. 335 Writing particle_simulation.idv[23] (particle_simulation22x.png)
l. 343 Writing particle_simulation.idv[24] (particle_simulation23x.png)
 [16

]
l. 366 Writing particle_simulation.idv[25] (particle_simulation24x.png)
l. 380 Writing particle_simulation.idv[26] (particle_simulation25x.png)
l. 387 Writing particle_simulation.idv[27] (particle_simulation26x.png)
 [17]
l. 391 Writing particle_simulation.idv[28] (particle_simulation27x.png)
l. 406 Writing particle_simulation.idv[29] (particle_simulation28x.png)
l. 411 Writing particle_simulation.idv[30] (particle_simulation29x.png)
 [18]
l. 422 Writing particle_simulation.idv[31] (particle_simulation30x.png)
 [19] [20

]
l. 435 --- needs --- my_figure/home/yj/theory/particle_simulation/figures/fig1/
p.png ---
 [21

]
l. 441 Writing particle_simulation.idv[32] (particle_simulation31x.png)
l. 459 Writing particle_simulation.idv[33] (particle_simulation32x.png)
 (./particle_simulation.4ct)
--- file particle_simulationsu4.html ---

[22

]
l. 467 Writing particle_simulation.idv[34] (particle_simulation33x.png)
l. 473 Writing particle_simulation.idv[35] (particle_simulation34x.png)
l. 480 Writing particle_simulation.idv[36] (particle_simulation35x.png)
 [23]
--- file particle_simulationsu5.html ---
 [24

] [25

]
l. 497 --- needs --- my_figure/home/yj/theory/figures/grids_cells/grids-1.png -
--
 [26

]
l. 505 Writing particle_simulation.idv[37] (particle_simulation36x.png)
l. 517 Writing particle_simulation.idv[38] (particle_simulation37x.png)
l. 525 Writing particle_simulation.idv[39] (particle_simulation38x.png)
 [27

]
l. 540 Writing particle_simulation.idv[40] (particle_simulation39x.png)
l. 547 Writing particle_simulation.idv[41] (particle_simulation40x.png)
l. 558 Writing particle_simulation.idv[42] (particle_simulation41x.png)
l. 566 Writing particle_simulation.idv[43] (particle_simulation42x.png)
l. 568 Writing particle_simulation.idv[44] (particle_simulation43x.png)
 [28]
l. 576 Writing particle_simulation.idv[45] (particle_simulation44x.png)
 [29]
--- file particle_simulationsu6.html ---
l. 600 Writing particle_simulation.idv[46] (particle_simulation45x.png)
l. 610 Writing particle_simulation.idv[47] (particle_simulation46x.png)
l. 616 Writing particle_simulation.idv[48] (particle_simulation47x.png)
 [30

]
l. 627 Writing particle_simulation.idv[49] (particle_simulation48x.png)
l. 640 Writing particle_simulation.idv[50] (particle_simulation49x.png)
 [31] [32]
--- file particle_simulationsu7.html ---


LaTeX Warning: Reference `3-24-a1' on page 33 undefined on input line 667.

l. 670 Writing particle_simulation.idv[51] (particle_simulation50x.png)

LaTeX Warning: Reference `3-24-a1' on page 33 undefined on input line 677.

[33

]
--- file particle_simulationsu8.html ---
l. 686 Writing particle_simulation.idv[52] (particle_simulation51x.png)
l. 694 Writing particle_simulation.idv[53] (particle_simulation52x.png)
 [34

]
--- file particle_simulationsu9.html ---
l. 719 Writing particle_simulation.idv[54] (particle_simulation53x.png)
l. 727 Writing particle_simulation.idv[55] (particle_simulation54x.png)
l. 734 Writing particle_simulation.idv[56] (particle_simulation55x.png)
 [35

]
l. 742 Writing particle_simulation.idv[57] (particle_simulation56x.png)
l. 756 Writing particle_simulation.idv[58] (particle_simulation57x.png)
l. 764 Writing particle_simulation.idv[59] (particle_simulation58x.png)
 [36] [37]
--- file particle_simulationsu10.html ---
l. 775 Writing particle_simulation.idv[60] (particle_simulation59x.png)
 [38

]
--- file particle_simulationsu11.html ---
 [39

]
--- file particle_simulationsu12.html ---
 [40

] [41

]
--- file particle_simulationse4.html ---
 (./particle_simulation.4ct)
--- file particle_simulationsu13.html ---
l. 903 Writing particle_simulation.idv[61] (particle_simulation60x.png)
l. 909 Writing particle_simulation.idv[62] (particle_simulation61x.png)

[42

]
l. 913 Writing particle_simulation.idv[63] (particle_simulation62x.png)
l. 918 Writing particle_simulation.idv[64] (particle_simulation63x.png)
l. 933 Writing particle_simulation.idv[65] (particle_simulation64x.png)
 [43]
l. 937 Writing particle_simulation.idv[66] (particle_simulation65x.png)
l. 945 Writing particle_simulation.idv[67] (particle_simulation66x.png)
l. 959 Writing particle_simulation.idv[68] (particle_simulation67x.png)
 [44]
l. 965 Writing particle_simulation.idv[69] (particle_simulation68x.png)
l. 972 Writing particle_simulation.idv[70] (particle_simulation69x.png)
l. 978 Writing particle_simulation.idv[71] (particle_simulation70x.png)
 [45]
--- file particle_simulationsu14.html ---
l. 994 Writing particle_simulation.idv[72] (particle_simulation71x.png)
l. 1007 Writing particle_simulation.idv[73] (particle_simulation72x.png)
 [46

]
--- file particle_simulationsu15.html ---


LaTeX Warning: Reference `16-8-19-p1' on page 47 undefined on input line 1024.

l. 1038 Writing particle_simulation.idv[74] (particle_simulation73x.png)
[47

] [48

]
--- file particle_simulationse5.html ---
 (./particle_simulation.4ct)
--- file particle_simulationsu16.html ---


LaTeX Warning: Reference `10-13-1a' on page 49 undefined on input line 1056.

l. 1058 Writing particle_simulation.idv[75] (particle_simulation74x.png)
l. 1065 Writing particle_simulation.idv[76] (particle_simulation75x.png)
[49

]
l. 1070 Writing particle_simulation.idv[77] (particle_simulation76x.png)
l. 1078 Writing particle_simulation.idv[78] (particle_simulation77x.png)
l. 1082 Writing particle_simulation.idv[79] (particle_simulation78x.png)
 [50]
l. 1086 Writing particle_simulation.idv[80] (particle_simulation79x.png)
 [51]
--- file particle_simulationsu17.html ---
l. 1096 Writing particle_simulation.idv[81] (particle_simulation80x.png)
 [52

]
--- file particle_simulationsu18.html ---
l. 1106 Writing particle_simulation.idv[82] (particle_simulation81x.png)
l. 1112 Writing particle_simulation.idv[83] (particle_simulation82x.png)
l. 1121 Writing particle_simulation.idv[84] (particle_simulation83x.png)
 [53

]
l. 1128 Writing particle_simulation.idv[85] (particle_simulation84x.png)
 [54]
--- file particle_simulationsu19.html ---
l. 1139 Writing particle_simulation.idv[86] (particle_simulation85x.png)
l. 1144 Writing particle_simulation.idv[87] (particle_simulation86x.png)
l. 1148 Writing particle_simulation.idv[88] (particle_simulation87x.png)
 [55

]
l. 1154 Writing particle_simulation.idv[89] (particle_simulation88x.png)
l. 1161 Writing particle_simulation.idv[90] (particle_simulation89x.png)
 [56]
--- file particle_simulationsu20.html ---
l. 1178 Writing particle_simulation.idv[91] (particle_simulation90x.png)
l. 1182 Writing particle_simulation.idv[92] (particle_simulation91x.png)
l. 1187 Writing particle_simulation.idv[93] (particle_simulation92x.png)
 [57

]
l. 1194 Writing particle_simulation.idv[94] (particle_simulation93x.png)
l. 1198 Writing particle_simulation.idv[95] (particle_simulation94x.png)
l. 1207 Writing particle_simulation.idv[96] (particle_simulation95x.png)
l. 1210 Writing particle_simulation.idv[97] (particle_simulation96x.png)
 [58]
l. 1216 Writing particle_simulation.idv[98] (particle_simulation97x.png)
l. 1223 Writing particle_simulation.idv[99] (particle_simulation98x.png)
l. 1228 Writing particle_simulation.idv[100] (particle_simulation99x.png)
 [59]
--- file particle_simulationsu21.html ---
 [60

]
--- file particle_simulationsu22.html ---
 [61

]
--- file particle_simulationsu23.html ---
l. 1258 Writing particle_simulation.idv[101] (particle_simulation100x.png)
 [62

]
--- file particle_simulationsu24.html ---
l. 1284 Writing particle_simulation.idv[102] (particle_simulation101x.png)
l. 1293 Writing particle_simulation.idv[103] (particle_simulation102x.png)
l. 1298 Writing particle_simulation.idv[104] (particle_simulation103x.png)
l. 1300 Writing particle_simulation.idv[105] (particle_simulation104x.png)
 [63

]
l. 1304 Writing particle_simulation.idv[106] (particle_simulation105x.png)
l. 1308 Writing particle_simulation.idv[107] (particle_simulation106x.png)
l. 1311 Writing particle_simulation.idv[108] (particle_simulation107x.png)

[64] [65

]
l. 1323 --- needs --- my_figure/home/yj/project_new/fft/fig2d/MyFigure.png ---
 [66

]
l. 1328 Writing particle_simulation.idv[109] (particle_simulation108x.png)
l. 1329 Writing particle_simulation.idv[110] (particle_simulation109x.png)
l. 1330 Writing particle_simulation.idv[111] (particle_simulation110x.png)
l. 1331 Writing particle_simulation.idv[112] (particle_simulation111x.png)
l. 1332 Writing particle_simulation.idv[113] (particle_simulation112x.png)
l. 1337 Writing particle_simulation.idv[114] (particle_simulation113x.png)
l. 1342 Writing particle_simulation.idv[115] (particle_simulation114x.png)
l. 1349 Writing particle_simulation.idv[116] (particle_simulation115x.png)
l. 1349 Writing particle_simulation.idv[117] (particle_simulation116x.png)
l. 1350 Writing particle_simulation.idv[118] (particle_simulation117x.png)
l. 1355 Writing particle_simulation.idv[119] (particle_simulation118x.png)
 [67

]
l. 1367 Writing particle_simulation.idv[120] (particle_simulation119x.png)
l. 1372 Writing particle_simulation.idv[121] (particle_simulation120x.png)
l. 1377 Writing particle_simulation.idv[122] (particle_simulation121x.png)
 [68]
l. 1387 Writing particle_simulation.idv[123] (particle_simulation122x.png)
l. 1392 Writing particle_simulation.idv[124] (particle_simulation123x.png)
l. 1397 Writing particle_simulation.idv[125] (particle_simulation124x.png)
 [69]
--- file particle_simulationsu25.html ---
l. 1407 Writing particle_simulation.idv[126] (particle_simulation125x.png)
l. 1412 Writing particle_simulation.idv[127] (particle_simulation126x.png)
l. 1416 Writing particle_simulation.idv[128] (particle_simulation127x.png)
 [70

] [71]
--- file particle_simulationsu26.html ---
l. 1441 Writing particle_simulation.idv[129] (particle_simulation128x.png)
 [72

]
--- file particle_simulationsu27.html ---
l. 1449 Writing particle_simulation.idv[130] (particle_simulation129x.png)
l. 1452 Writing particle_simulation.idv[131] (particle_simulation130x.png)
 [73

]
l. 1486 Writing particle_simulation.idv[132] (particle_simulation131x.png)
l. 1489 Writing particle_simulation.idv[133] (particle_simulation132x.png)
l. 1495 Writing particle_simulation.idv[134] (particle_simulation133x.png)
l. 1499 Writing particle_simulation.idv[135] (particle_simulation134x.png)
 [74] [75]
--- file particle_simulationsu28.html ---
 [76

]
--- file particle_simulationsu29.html ---
l. 1536 Writing particle_simulation.idv[136] (particle_simulation135x.png)
l. 1542 Writing particle_simulation.idv[137] (particle_simulation136x.png)
 [77

] [78

]
l. 1553 --- needs --- my_figure/home/yj/project_new/pic_delta-f/fig1/p.png ---
l. 1553 --- needs --- my_figure/home/yj/project_new/pic_delta-f/fig1b/p.png ---

l. 1568 Writing particle_simulation.idv[138] (particle_simulation137x.png)
l. 1568 Writing particle_simulation.idv[139] (particle_simulation138x.png)
l. 1568 Writing particle_simulation.idv[140] (particle_simulation139x.png)
l. 1568 Writing particle_simulation.idv[141] (particle_simulation140x.png)
l. 1568 Writing particle_simulation.idv[142] (particle_simulation141x.png)

[79

] [80

] [81

]
l. 1583 --- needs --- my_figure/home/yj/project_new/pic_delta-f/fig3/p.png ---
l. 1590 Writing particle_simulation.idv[143] (particle_simulation142x.png)
 [82

]
l. 1595 Writing particle_simulation.idv[144] (particle_simulation143x.png)
 [83

]
--- file particle_simulationsu30.html ---
l. 1626 Writing particle_simulation.idv[145] (particle_simulation144x.png)
 [84

] [85

]
l. 1637 --- needs --- my_figure/home/yj/project_new/pic_delta-f/fig2e_b/fig1/ma
p.png ---
l. 1637 --- needs --- my_figure/home/yj/project_new/pic_delta-f/fig2e_b/fig2/ma
p.png ---
l. 1642 Writing particle_simulation.idv[146] (particle_simulation145x.png)
 [86

] [87

] [88

]
l. 1646 --- needs --- my_figure/home/yj/project_new/pic_delta-f/fig2e_b/fig3/ma
p.png ---
l. 1646 --- needs --- my_figure/home/yj/project_new/pic_delta-f/fig2e_b/fig4/ma
p.png ---
l. 1657 Writing particle_simulation.idv[147] (particle_simulation146x.png)
l. 1657 Writing particle_simulation.idv[148] (particle_simulation147x.png)
 [89

]
l. 1660 Writing particle_simulation.idv[149] (particle_simulation148x.png)
 [90

] [91

]
l. 1669 --- needs --- my_figure/home/yj/project_new/pic_delta-f/fig2/p.png ---
l. 1669 --- needs --- my_figure/home/yj/project_new/pic_delta-f/fig2b/p.png ---

l. 1683 Writing particle_simulation.idv[150] (particle_simulation149x.png)
l. 1683 Writing particle_simulation.idv[151] (particle_simulation150x.png)
l. 1683 Writing particle_simulation.idv[152] (particle_simulation151x.png)
 [92

] [93

]
--- file particle_simulationsu31.html ---
l. 1699 Writing particle_simulation.idv[153] (particle_simulation152x.png)
l. 1706 Writing particle_simulation.idv[154] (particle_simulation153x.png)
l. 1710 Writing particle_simulation.idv[155] (particle_simulation154x.png)

[94

]
l. 1716 Writing particle_simulation.idv[156] (particle_simulation155x.png)
l. 1726 Writing particle_simulation.idv[157] (particle_simulation156x.png)
l. 1731 Writing particle_simulation.idv[158] (particle_simulation157x.png)
 [95] [96

]
l. 1741 --- needs --- my_figure/home/yj/project_new/pic_full-f/fig16/t.png ---
 [97

] [98

] [99

]
l. 1754 --- needs --- my_figure/home/yj/project_new/pic_full-f/fig15/t.png ---
 [100

] [101

]
--- file particle_simulationsu32.html ---
l. 1769 Writing particle_simulation.idv[159] (particle_simulation158x.png)
 [102

] [103

]
l. 1797 --- needs --- my_figure/home/yj/project_new/pic_full-f/fig1/a.png ---
l. 1797 --- needs --- my_figure/home/yj/project_new/pic_full-f/fig1/p2.png ---
 [104

] [105

] [106

]
--- file particle_simulationse6.html ---

[107

]
--- file particle_simulationse7.html ---
 (./particle_simulation.4ct)
--- file particle_simulationsu33.html ---
l. 1830 Writing particle_simulation.idv[160] (particle_simulation159x.png)
 [108

] [109

]
l. 1845 --- needs --- my_figure/home/yj/project_new/pic_code/fig2/tmp.png ---
 [110

] [111

] [112

]
l. 1867 --- needs --- my_figure/home/yj/project_new/pic_code/fig3/tmp.png ---
 [113

] [114

]
--- file particle_simulationsu34.html ---
l. 1888 Writing particle_simulation.idv[161] (particle_simulation160x.png)
l. 1892 Writing particle_simulation.idv[162] (particle_simulation161x.png)

[115

]
l. 1900 Writing particle_simulation.idv[163] (particle_simulation162x.png)
l. 1932 Writing particle_simulation.idv[164] (particle_simulation163x.png)
 [116] [117] [118

]
l. 1944 --- needs --- my_figure/home/yj/project_new/pic_code/fig1/tmp.png ---
 [119

] [120

] [121

]
l. 1968 --- needs --- my_figure/home/yj/project_new/pic_code/fig4/tmp.png ---
 [122

] [123

] [124

]
--- file particle_simulationse8.html ---

(./particle_simulation.4ct)
--- file particle_simulationsu35.html ---
 [125

] [126

]
--- file particle_simulationse9.html ---
 (./particle_simulation.4ct)
--- file particle_simulationsu36.html ---
l. 2020 Writing particle_simulation.idv[165] (particle_simulation164x.png)
l. 2023 Writing particle_simulation.idv[166] (particle_simulation165x.png)
 [127

]
--- file particle_simulationsu37.html ---

[128

]
--- file particle_simulationsu38.html ---
l. 2040 Writing particle_simulation.idv[167] (particle_simulation166x.png)
l. 2044 Writing particle_simulation.idv[168] (particle_simulation167x.png)
l. 2055 Writing particle_simulation.idv[169] (particle_simulation168x.png)
 [129

]
l. 2058 Writing particle_simulation.idv[170] (particle_simulation169x.png)
l. 2061 Writing particle_simulation.idv[171] (particle_simulation170x.png)
l. 2064 Writing particle_simulation.idv[172] (particle_simulation171x.png)
l. 2069 Writing particle_simulation.idv[173] (particle_simulation172x.png)
 [130]
l. 2072 Writing particle_simulation.idv[174] (particle_simulation173x.png)
 [131] [132

]
--- file particle_simulationse10.html ---
l. 2111 Writing particle_simulation.idv[175] (particle_simulation174x.png)
l. 2119 Writing particle_simulation.idv[176] (particle_simulation175x.png)
 [133

]
l. 2145 Writing particle_simulation.idv[177] (particle_simulation176x.png)
l. 2149 Writing particle_simulation.idv[178] (particle_simulation177x.png)
l. 2170 Writing particle_simulation.idv[179] (particle_simulation178x.png)
 [134]
l. 2199 Writing particle_simulation.idv[180] (particle_simulation179x.png)
 [135]
--- file particle_simulationli1.html ---
 [136

] [137

]
(./particle_simulation.aux)

LaTeX Warning: There were undefined references.

 ) 
Here is how much of TeX's memory you used:
 7530 strings out of 495029
 97761 string characters out of 6181524
 285153 words of memory out of 5000000
 10548 multiletter control sequences out of 15000+600000
 14006 words of font info for 52 fonts, out of 8000000 for 9000
 14 hyphenation exceptions out of 8191
 31i,10n,36p,1806b,518s stack positions out of 5000i,500n,10000p,200000b,80000s

Output written on particle_simulation.dvi (137 pages, 436780 bytes).
