This is pdfTeX, Version 3.1415926-2.5-1.40.14 (TeX Live 2013/Debian) (format=latex 2018.1.4)  24 JAN 2019 14:36
entering extended mode
 restricted \write18 enabled.
 %&-line parsing enabled.
**\makeatletter\def\HCode{\futurelet\HCode\HChar}\def\HChar{\ifx"\HCode\def\HCo
de"##1"{\Link##1}\expandafter\HCode\else\expandafter\Link\fi}\def\Link#1.a.b.c.
{\g@addto@macro\@documentclasshook{\RequirePackage[#1,html]{tex4ht}}\let\HCode\
documentstyle\def\documentstyle{\let\documentstyle\HCode\expandafter\def\csname
 tex4ht\endcsname{#1,html}\def\HCode####1{\documentstyle[tex4ht,}\@ifnextchar[{
\HCode}{\documentstyle[tex4ht]}}}\makeatother\HCode myconfig, xhtml,4, charset=
utf-8.a.b.c.\input  tmp.tex
(./tmp.tex (/usr/share/texlive/texmf-dist/tex/latex/base/article.cls
Document Class: article 2007/10/19 v1.4h Standard LaTeX document class
(/usr/share/texlive/texmf-dist/tex/latex/base/size10.clo
File: size10.clo 2007/10/19 v1.4h Standard LaTeX file (size option)
)
\c@part=\count79
\c@section=\count80
\c@subsection=\count81
\c@subsubsection=\count82
\c@paragraph=\count83
\c@subparagraph=\count84
\c@figure=\count85
\c@table=\count86
\abovecaptionskip=\skip41
\belowcaptionskip=\skip42
\bibindent=\dimen102
)
(/usr/share/texmf/tex/generic/tex4ht/tex4ht.sty
version 2008-10-27-17:23
Package: tex4ht 
--------------------------------------
--- Note --- for _ at preamble, use the command line option `early_'
--------------------------------------
--------------------------------------
--- Note --- for ^ at preamble, use the command line option `early^'
--------------------------------------
\tmp:toks=\toks14
)
(/usr/share/texmf/tex/generic/tex4ht/usepackage.4ht
version 2009-05-21-09:32
)
(/usr/share/texlive/texmf-dist/tex/generic/babel/babel.sty
Package: babel 2013/12/03 3.9h The Babel package

(/usr/share/texlive/texmf-dist/tex/generic/babel-english/english.ldf
Language: english 2012/08/20 v3.3p English support from the babel system

(/usr/share/texlive/texmf-dist/tex/generic/babel/babel.def
File: babel.def 2013/12/03 3.9h Babel common definitions
\babel@savecnt=\count87
\U@D=\dimen103
)
\l@british = a dialect from \language\l@english 
\l@UKenglish = a dialect from \language\l@english 
\l@canadian = a dialect from \language\l@american 
\l@australian = a dialect from \language\l@british 
\l@newzealand = a dialect from \language\l@british 
))
(/usr/share/texlive/texmf-dist/tex/latex/geometry/geometry.sty
Package: geometry 2010/09/12 v5.6 Page Geometry

(/usr/share/texlive/texmf-dist/tex/latex/graphics/keyval.sty
Package: keyval 1999/03/16 v1.13 key=value parser (DPC)
\KV@toks@=\toks15
)
(/usr/share/texlive/texmf-dist/tex/generic/oberdiek/ifpdf.sty
Package: ifpdf 2011/01/30 v2.3 Provides the ifpdf switch (HO)
Package ifpdf Info: pdfTeX in PDF mode is not detected.
)
(/usr/share/texlive/texmf-dist/tex/generic/oberdiek/ifvtex.sty
Package: ifvtex 2010/03/01 v1.5 Detect VTeX and its facilities (HO)
Package ifvtex Info: VTeX not detected.
)
(/usr/share/texlive/texmf-dist/tex/generic/ifxetex/ifxetex.sty
Package: ifxetex 2010/09/12 v0.6 Provides ifxetex conditional
)
\Gm@cnth=\count88
\Gm@cntv=\count89
\c@Gm@tempcnt=\count90
\Gm@bindingoffset=\dimen104
\Gm@wd@mp=\dimen105
\Gm@odd@mp=\dimen106
\Gm@even@mp=\dimen107
\Gm@layoutwidth=\dimen108
\Gm@layoutheight=\dimen109
\Gm@layouthoffset=\dimen110
\Gm@layoutvoffset=\dimen111
\Gm@dimlist=\toks16
)
(/usr/share/texlive/texmf-dist/tex/latex/amsmath/amsmath.sty
Package: amsmath 2013/01/14 v2.14 AMS math features
\@mathmargin=\skip43

For additional information on amsmath, use the `?' option.
(/usr/share/texlive/texmf-dist/tex/latex/amsmath/amstext.sty
Package: amstext 2000/06/29 v2.01

(/usr/share/texlive/texmf-dist/tex/latex/amsmath/amsgen.sty
File: amsgen.sty 1999/11/30 v2.0
\@emptytoks=\toks17
\ex@=\dimen112
))
(/usr/share/texlive/texmf-dist/tex/latex/amsmath/amsbsy.sty
Package: amsbsy 1999/11/29 v1.2d
\pmbraise@=\dimen113
)
(/usr/share/texlive/texmf-dist/tex/latex/amsmath/amsopn.sty
Package: amsopn 1999/12/14 v2.01 operator names
)
\inf@bad=\count91
LaTeX Info: Redefining \frac on input line 210.
\uproot@=\count92
\leftroot@=\count93
LaTeX Info: Redefining \overline on input line 306.
\classnum@=\count94
\DOTSCASE@=\count95
LaTeX Info: Redefining \ldots on input line 378.
LaTeX Info: Redefining \dots on input line 381.
LaTeX Info: Redefining \cdots on input line 466.
\Mathstrutbox@=\box26
\strutbox@=\box27
\big@size=\dimen114
LaTeX Font Info:    Redeclaring font encoding OML on input line 566.
LaTeX Font Info:    Redeclaring font encoding OMS on input line 567.
\macc@depth=\count96
\c@MaxMatrixCols=\count97
\dotsspace@=\muskip10
\c@parentequation=\count98
\dspbrk@lvl=\count99
\tag@help=\toks18
\row@=\count100
\column@=\count101
\maxfields@=\count102
\andhelp@=\toks19
\eqnshift@=\dimen115
\alignsep@=\dimen116
\tagshift@=\dimen117
\tagwidth@=\dimen118
\totwidth@=\dimen119
\lineht@=\dimen120
\@envbody=\toks20
\multlinegap=\skip44
\multlinetaggap=\skip45
\mathdisplay@stack=\toks21
LaTeX Info: Redefining \[ on input line 2665.
LaTeX Info: Redefining \] on input line 2666.
)
(/usr/share/texlive/texmf-dist/tex/latex/amsfonts/amssymb.sty
Package: amssymb 2013/01/14 v3.01 AMS font symbols

(/usr/share/texlive/texmf-dist/tex/latex/amsfonts/amsfonts.sty
Package: amsfonts 2013/01/14 v3.01 Basic AMSFonts support
\symAMSa=\mathgroup4
\symAMSb=\mathgroup5
LaTeX Font Info:    Overwriting math alphabet `\mathfrak' in version `bold'
(Font)                  U/euf/m/n --> U/euf/b/n on input line 106.
))
(/usr/share/texlive/texmf-dist/tex/latex/graphics/graphicx.sty
Package: graphicx 1999/02/16 v1.0f Enhanced LaTeX Graphics (DPC,SPQR)

(/usr/share/texlive/texmf-dist/tex/latex/graphics/graphics.sty
Package: graphics 2009/02/05 v1.0o Standard LaTeX Graphics (DPC,SPQR)

(/usr/share/texlive/texmf-dist/tex/latex/graphics/trig.sty
Package: trig 1999/03/16 v1.09 sin cos tan (DPC)
)
(/usr/share/texlive/texmf-dist/tex/latex/latexconfig/graphics.cfg
File: graphics.cfg 2010/04/23 v1.9 graphics configuration of TeX Live
)
Package graphics Info: Driver file: dvips.def on input line 91.

(/usr/share/texlive/texmf-dist/tex/latex/graphics/dvips.def
File: dvips.def 1999/02/16 v3.0i Driver-dependant file (DPC,SPQR)
))
\Gin@req@height=\dimen121
\Gin@req@width=\dimen122
)
(/usr/share/texlive/texmf-dist/tex/latex/base/alltt.sty
Package: alltt 1997/06/16 v2.0g defines alltt environment
) (./myconfig.cfg
(/usr/share/texmf/tex/generic/tex4ht/tex4ht.4ht
version 2009-01-07-07:11
--------------------------------------
--- Note --- for additional information, use the command line option `info'
--------------------------------------

::::::::::::::::::::::::::::::::::::::::::
 TeX4ht info is available in the log file 
::::::::::::::::::::::::::::::::::::::::::
) (/usr/share/texmf/tex/generic/tex4ht/tex4ht.sty
version 2008-10-27-17:23

--- needs --- tex4ht tmp ---
\tmp:cnt=\count103
\openout15 = `tmp.tmp'.

(./tmp.tmp)
\tmp:dim=\skip46
 (./tmp.xref)
\:refout=\write3
\openout3 = `tmp.xref'.

 (/usr/share/texmf/tex/generic/tex4ht/html4.4ht
version 2009-05-18-23:01
--------------------------------------
--- Note --- to remove the <?xml version=...?> processing instruction use the c
ommand line option `no-VERSION'
--------------------------------------
--------------------------------------
--- Note --- to remove the DOCTYPE declaration use the command line option `no-
DOCTYPE'
--------------------------------------
)
(/usr/share/texmf/tex/generic/tex4ht/html4-math.4ht
version 2009-05-18-23:01
)
--------------------------------------
--- Note --- for marking of the base font, use the command line option `fonts+'

--------------------------------------
--------------------------------------
--- Note --- for non active _, use the command line option `no_'
--------------------------------------
--------------------------------------
--- Note --- for _ of catcode 13, use the command line option `_13'
--------------------------------------
--------------------------------------
--- Note --- for non active ^, use the command line option `no^'
--------------------------------------
--------------------------------------
--- Note --- for ^ of catcode 13, use the command line option `^13'
--------------------------------------

(/usr/share/texmf/tex/generic/tex4ht/html4.4ht
version 2009-05-18-23:01
--------------------------------------
--- Note --- For section filenames that reflect on their titles use the command
 line option `sec-filename'
--------------------------------------
--------------------------------------
--- Note --- to ignore CSS font decoration, use the `NoFonts' command line opti
on
--------------------------------------
--------------------------------------
--- Note --- for jpg bitmaps of pictures, use the `jpg' command line option. (C
haracter bitmaps are controled only by `g' records of tex4ht.env and `-g' switc
hes of tex4ht.c) 
--------------------------------------
--------------------------------------
--- Note --- for gif bitmaps of pictures, use the `gif' command line option. (C
haracter bitmaps are controled only by `g' records of tex4ht.env and `-g' switc
hes of tex4ht.c) 
--------------------------------------
--------------------------------------
--- Note --- for content and toc in 2 frames, use the command line option `fram
es'
--------------------------------------
--------------------------------------
--- Note --- for content, toc, and footnotes in 3 frames, use the command line 
option `frames-fn'
--------------------------------------
--------------------------------------
--- Note --- for file extension name xht, use the command line option `xht'
--------------------------------------
TeX4ht package options: xhtml,4,charset=utf-8,html
--------------------------------------
--- Note --- to ignore CSS code, use the command line option `-css
--------------------------------------
--------------------------------------
--- Note --- for inline CSS code, use the command line option `css-in'
--------------------------------------
--------------------------------------
--- Note --- for pop ups on mouse over, use the command line option `mouseover'

--------------------------------------
--------------------------------------
--- Note --- for addressing images in a subdirectory, use the command line opti
on `imgdir:.../'
--------------------------------------
)
(/usr/share/texmf/tex/generic/tex4ht/html4-math.4ht
version 2009-05-18-23:01
)
\:tokwrite=\toks22
\:tokpage=\toks23
--------------------------------------
--- Note --- for back links to toc, use the command line option `sections+'
--------------------------------------
--------------------------------------
--- Note --- for linear crosslinks of pages, use the command line option `next'

--------------------------------------
\openout15 = `tmp.4ct'.

\:tocout=\write4
\openout4 = `tmp.4tc'.


(/usr/share/texmf/tex/generic/tex4ht/html4.4ht
version 2009-05-18-23:01
)
(/usr/share/texmf/tex/generic/tex4ht/html4-math.4ht
version 2009-05-18-23:01
)
(/usr/share/texmf/tex/generic/tex4ht/latex.4ht
version 2009-05-21-09:32
--------------------------------------
--- Note --- for links into captions, instead of float heads, use the command l
ine option `refcaption'
--------------------------------------

(/usr/share/texmf/tex/generic/tex4ht/html4.4ht
version 2009-05-18-23:01
--------------------------------------
--- Note --- For mini tocs immediately aftter the header use the command line o
ption `minitoc<'
--------------------------------------
--------------------------------------
--- Note --- for enumerated list elements with valued data, use the command lin
e option `enumerate+'
--------------------------------------
--------------------------------------
--- Note --- for enumerated list elements li's with value attributes, use the c
ommand line option `enumerate-'
--------------------------------------
--------------------------------------
--- Note --- for CSS2 code, use the command line option `css2'
--------------------------------------
--------------------------------------
--- Note --- for pictorial tabular, use the command line option `pic-tabular'
--------------------------------------
--------------------------------------
--- Note --- for bitmap fbox'es, use the command line option `pic-fbox'
--------------------------------------
--------------------------------------
--- Note --- for bitmap framebox'es, use the command line option `pic-framebox'

--------------------------------------
--------------------------------------
--- Note --- for inline footnotes use command line option `fn-in'
--------------------------------------
--------------------------------------
--- Note --- for tracing of latex font commands, use the command line option `f
onts'
--------------------------------------
--------------------------------------
--- Note --- for width specifications of tabular p entries, use the `p-width' c
ommand line option or a configuration similar to \Configure{HColWidth}{\HCode{ 
style="width:\HColWidth"}}
--------------------------------------
)
(/usr/share/texmf/tex/generic/tex4ht/html4-math.4ht
version 2009-05-18-23:01
--------------------------------------
--- Note --- for pictorial eqnarray, use the command line option `pic-eqnarray'

--------------------------------------
--------------------------------------
--- Note --- for pictorial array, use the command line option `pic-array'
--------------------------------------
--------------------------------------
--- Note --- for pictorial $...$ environments, use the command line option `pic
-m' (not recommended!!)
--------------------------------------
--------------------------------------
--- Note --- for pictorial $...$ and $$...$$ environments with latex alt, use t
he command line option `pic-m+' (not safe!!)
--------------------------------------
--------------------------------------
--- Note --- for pictorial array, use the command line option `pic-array'
--------------------------------------
))
(/usr/share/texmf/tex/generic/tex4ht/fontmath.4ht
version 2009-05-21-09:32

(/usr/share/texmf/tex/generic/tex4ht/html4.4ht
version 2009-05-18-23:01
)
(/usr/share/texmf/tex/generic/tex4ht/html4-math.4ht
version 2009-05-18-23:01
))
(/usr/share/texmf/tex/generic/tex4ht/article.4ht
version 2009-05-21-09:32

(/usr/share/texmf/tex/generic/tex4ht/html4.4ht
version 2009-05-18-23:01
--------------------------------------
--- Note --- for tocs without * entries, use command line option `notoc*'
--------------------------------------
--------------------------------------
--- Note --- for tocs without * entries, use command line option `notoc*'
--------------------------------------
--------------------------------------
--- Note --- for tocs without * entries, use command line option `notoc*'
--------------------------------------
--------------------------------------
--- Note --- to eliminate mini tables of contents, use the command line option 
`nominitoc'
--------------------------------------
--------------------------------------
--- Note --- to eliminate mini tables of contents, use the command line option 
`nominitoc'
--------------------------------------
--------------------------------------
--- Note --- for frames-like object-based table of contents, use the command li
ne option `obj-toc'
--------------------------------------
--------------------------------------
--- Note --- for files named derived from section titles, use the command line 
option `sec-filename'
--------------------------------------
--------------------------------------
--- Note --- for i-columns index, use the command line option `index=i' (e.g., 
index=2)
--------------------------------------
)
(/usr/share/texmf/tex/generic/tex4ht/html4-math.4ht
version 2009-05-18-23:01
))
(/usr/share/texmf/tex/generic/tex4ht/babel.4ht
version 2009-05-21-09:32

(/usr/share/texmf/tex/generic/tex4ht/html4.4ht
version 2009-05-18-23:01
)
(/usr/share/texmf/tex/generic/tex4ht/html4-math.4ht
version 2009-05-18-23:01
))
(/usr/share/texmf/tex/generic/tex4ht/english.4ht
version 2009-05-21-09:32

(/usr/share/texmf/tex/generic/tex4ht/html4.4ht
version 2009-05-18-23:01
)
(/usr/share/texmf/tex/generic/tex4ht/html4-math.4ht
version 2009-05-18-23:01
))
(/usr/share/texmf/tex/generic/tex4ht/amsmath.4ht
version 2009-05-21-09:32
\tmp:muskip=\muskip11

(/usr/share/texmf/tex/generic/tex4ht/html4.4ht
version 2009-05-18-23:01
)
(/usr/share/texmf/tex/generic/tex4ht/html4-math.4ht
version 2009-05-18-23:01
))
(/usr/share/texmf/tex/generic/tex4ht/amstext.4ht
version 2009-05-21-09:32

(/usr/share/texmf/tex/generic/tex4ht/html4.4ht
version 2009-05-18-23:01
)
(/usr/share/texmf/tex/generic/tex4ht/html4-math.4ht
version 2009-05-18-23:01
))
(/usr/share/texmf/tex/generic/tex4ht/amsbsy.4ht
version 2009-05-21-09:32

(/usr/share/texmf/tex/generic/tex4ht/html4.4ht
version 2009-05-18-23:01
)
(/usr/share/texmf/tex/generic/tex4ht/html4-math.4ht
version 2009-05-18-23:01
))
(/usr/share/texmf/tex/generic/tex4ht/amsopn.4ht
version 2009-05-21-09:32

(/usr/share/texmf/tex/generic/tex4ht/html4.4ht
version 2009-05-18-23:01
)
(/usr/share/texmf/tex/generic/tex4ht/html4-math.4ht
version 2009-05-18-23:01
))
(/usr/share/texmf/tex/generic/tex4ht/amssymb.4ht
version 2009-05-21-09:32

(/usr/share/texmf/tex/generic/tex4ht/html4.4ht
version 2009-05-18-23:01
)
(/usr/share/texmf/tex/generic/tex4ht/html4-math.4ht
version 2009-05-18-23:01
))
(/usr/share/texmf/tex/generic/tex4ht/amsfonts.4ht
version 2009-05-21-09:32

(/usr/share/texmf/tex/generic/tex4ht/html4.4ht
version 2009-05-18-23:01
)
(/usr/share/texmf/tex/generic/tex4ht/html4-math.4ht
version 2009-05-18-23:01
))
(/usr/share/texmf/tex/generic/tex4ht/graphicx.4ht
version 2009-05-21-09:32

(/usr/share/texmf/tex/generic/tex4ht/html4.4ht
version 2009-05-18-23:01
)
(/usr/share/texmf/tex/generic/tex4ht/html4-math.4ht
version 2009-05-18-23:01
))
(/usr/share/texmf/tex/generic/tex4ht/graphics.4ht
version 2009-05-21-09:32

(/usr/share/texmf/tex/generic/tex4ht/html4.4ht
version 2009-05-18-23:01
--------------------------------------
--- Note --- if included graphics are of degraded quality, try the command line
 options `graphics-num' or `graphics-'. The `num' should provide the density of
 pixels in the bitmaps (e.g., 110). 
--------------------------------------
--------------------------------------
--- Note --- for key dimensions try the option `Gin-dim'; for key dimensions wh
en bounding box is unavailable try `Gin-dim+'; neither is recommended
--------------------------------------
)
(/usr/share/texmf/tex/generic/tex4ht/html4-math.4ht
version 2009-05-18-23:01
))
(/usr/share/texmf/tex/generic/tex4ht/dvips.4ht
version 2009-05-21-09:32

(/usr/share/texmf/tex/generic/tex4ht/html4.4ht
version 2009-05-18-23:01
)
(/usr/share/texmf/tex/generic/tex4ht/html4-math.4ht
version 2009-05-18-23:01
))
(/usr/share/texmf/tex/generic/tex4ht/alltt.4ht
version 2009-05-21-09:32

(/usr/share/texmf/tex/generic/tex4ht/html4.4ht
version 2009-05-18-23:01
)
(/usr/share/texmf/tex/generic/tex4ht/html4-math.4ht
version 2009-05-18-23:01
))
(/usr/share/texmf/tex/generic/tex4ht/html4.4ht
version 2009-05-18-23:01
)
(/usr/share/texmf/tex/generic/tex4ht/html4-math.4ht
version 2009-05-18-23:01
)) (./tmp.aux)
\openout1 = `tmp.aux'.

LaTeX Font Info:    Checking defaults for OML/cmm/m/it on input line 18.
LaTeX Font Info:    ... okay on input line 18.
LaTeX Font Info:    Checking defaults for T1/cmr/m/n on input line 18.
LaTeX Font Info:    ... okay on input line 18.
LaTeX Font Info:    Checking defaults for OT1/cmr/m/n on input line 18.
LaTeX Font Info:    ... okay on input line 18.
LaTeX Font Info:    Checking defaults for OMS/cmsy/m/n on input line 18.
LaTeX Font Info:    ... okay on input line 18.
LaTeX Font Info:    Checking defaults for OMX/cmex/m/n on input line 18.
LaTeX Font Info:    ... okay on input line 18.
LaTeX Font Info:    Checking defaults for U/cmr/m/n on input line 18.
LaTeX Font Info:    ... okay on input line 18.

*geometry* driver: auto-detecting
*geometry* detected driver: dvips
*geometry* verbose mode - [ preamble ] result:
* driver: dvips
* paper: b4paper
* layout: <same size as paper>
* layoutoffset:(h,v)=(0.0pt,0.0pt)
* modes: 
* h-part:(L,W,R)=(106.69891pt, 497.92105pt, 106.69893pt)
* v-part:(T,H,B)=(120.5271pt, 703.06453pt, 180.79065pt)
* \paperwidth=711.3189pt
* \paperheight=1004.38228pt
* \textwidth=497.92105pt
* \textheight=703.06453pt
* \oddsidemargin=0.0pt
* \evensidemargin=0.0pt
* \topmargin=11.25711pt
* \headheight=12.0pt
* \headsep=25.0pt
* \topskip=10.0pt
* \footskip=30.0pt
* \marginparwidth=65.0pt
* \marginparsep=11.0pt
* \columnsep=10.0pt
* \skip\footins=9.0pt plus 4.0pt minus 2.0pt
* \hoffset=0.0pt
* \voffset=0.0pt
* \mag=1000
* \@twocolumnfalse
* \@twosidefalse
* \@mparswitchfalse
* \@reversemarginfalse
* (1in=72.27pt=25.4mm, 1cm=28.453pt)

--- file tmp.css ---
) [1

] [2]
LaTeX Font Info:    Try loading font information for U+msa on input line 30.
 (/usr/share/texlive/texmf-dist/tex/latex/amsfonts/umsa.fd
File: umsa.fd 2013/01/14 v3.01 AMS symbols A
)
LaTeX Font Info:    Try loading font information for U+msb on input line 30.

(/usr/share/texlive/texmf-dist/tex/latex/amsfonts/umsb.fd
File: umsb.fd 2013/01/14 v3.01 AMS symbols B
) (./tmp.4ct [3])
--- file tmpse1.html ---

[4] (./tmp.4ct)
--- file tmpsu1.html ---
 [5] [6

]
--- file tmpse2.html ---
 (./tmp.4ct)
--- file tmpsu2.html ---
l. 128 Writing tmp.idv[1] (tmp0x.png)
l. 141 Writing tmp.idv[2] (tmp1x.png)
 [7

]
l. 148 Writing tmp.idv[3] (tmp2x.png)
l. 153 Writing tmp.idv[4] (tmp3x.png)
l. 159 Writing tmp.idv[5] (tmp4x.png)
 [8]
l. 164 Writing tmp.idv[6] (tmp5x.png)
l. 168 Writing tmp.idv[7] (tmp6x.png)
l. 173 Writing tmp.idv[8] (tmp7x.png)
l. 178 Writing tmp.idv[9] (tmp8x.png)
 [9]
l. 183 Writing tmp.idv[10] (tmp9x.png)
l. 196 Writing tmp.idv[11] (tmp10x.png)
 [10]
l. 210 Writing tmp.idv[12] (tmp11x.png)
l. 223 Writing tmp.idv[13] (tmp12x.png)
 [11]
--- file tmpsu3.html ---
l. 246 Writing tmp.idv[14] (tmp13x.png)
l. 250 Writing tmp.idv[15] (tmp14x.png)
l. 254 Writing tmp.idv[16] (tmp15x.png)
 [12

]
l. 267 Writing tmp.idv[17] (tmp16x.png)


LaTeX Warning: Citation `ben2016' on page 13 undefined on input line 278.

l. 285 Writing tmp.idv[18] (tmp17x.png)
l. 291 Writing tmp.idv[19] (tmp18x.png)
[13]
l. 299 Writing tmp.idv[20] (tmp19x.png)
l. 308 Writing tmp.idv[21] (tmp20x.png)
 [14] [15

]
--- file tmpse3.html ---
l. 320 Writing tmp.idv[22] (tmp21x.png)
l. 334 Writing tmp.idv[23] (tmp22x.png)
l. 342 Writing tmp.idv[24] (tmp23x.png)
 [16

]
l. 365 Writing tmp.idv[25] (tmp24x.png)
l. 379 Writing tmp.idv[26] (tmp25x.png)
l. 386 Writing tmp.idv[27] (tmp26x.png)
 [17]
l. 390 Writing tmp.idv[28] (tmp27x.png)
l. 405 Writing tmp.idv[29] (tmp28x.png)
l. 410 Writing tmp.idv[30] (tmp29x.png)
 [18]
l. 421 Writing tmp.idv[31] (tmp30x.png)
 [19] [20

]
l. 434 --- needs --- my_figure/home/yj/theory/particle_simulation/figures/fig1/
p.png ---
 [21

]
l. 440 Writing tmp.idv[32] (tmp31x.png)
l. 458 Writing tmp.idv[33] (tmp32x.png)
 (./tmp.4ct)
--- file tmpsu4.html ---
 [22

]
l. 466 Writing tmp.idv[34] (tmp33x.png)
l. 472 Writing tmp.idv[35] (tmp34x.png)
l. 479 Writing tmp.idv[36] (tmp35x.png)
 [23]
--- file tmpsu5.html ---
 [24

]
[25

]
l. 496 --- needs --- my_figure/home/yj/theory/figures/grids_cells/grids-1.png -
--
 [26

]
l. 504 Writing tmp.idv[37] (tmp36x.png)
l. 516 Writing tmp.idv[38] (tmp37x.png)
l. 524 Writing tmp.idv[39] (tmp38x.png)
 [27

]
l. 539 Writing tmp.idv[40] (tmp39x.png)
l. 546 Writing tmp.idv[41] (tmp40x.png)
l. 557 Writing tmp.idv[42] (tmp41x.png)
l. 565 Writing tmp.idv[43] (tmp42x.png)
l. 567 Writing tmp.idv[44] (tmp43x.png)
 [28]
l. 575 Writing tmp.idv[45] (tmp44x.png)
 [29]
--- file tmpsu6.html ---
l. 599 Writing tmp.idv[46] (tmp45x.png)
l. 609 Writing tmp.idv[47] (tmp46x.png)
l. 615 Writing tmp.idv[48] (tmp47x.png)
 [30

]
l. 626 Writing tmp.idv[49] (tmp48x.png)
l. 639 Writing tmp.idv[50] (tmp49x.png)
 [31] [32]
--- file tmpsu7.html ---


LaTeX Warning: Reference `3-24-a1' on page 33 undefined on input line 666.

l. 669 Writing tmp.idv[51] (tmp50x.png)

LaTeX Warning: Reference `3-24-a1' on page 33 undefined on input line 676.

[33

]
--- file tmpsu8.html ---
l. 685 Writing tmp.idv[52] (tmp51x.png)
l. 693 Writing tmp.idv[53] (tmp52x.png)
 [34

]
--- file tmpsu9.html ---
l. 718 Writing tmp.idv[54] (tmp53x.png)
l. 726 Writing tmp.idv[55] (tmp54x.png)
l. 733 Writing tmp.idv[56] (tmp55x.png)
 [35

]
l. 741 Writing tmp.idv[57] (tmp56x.png)
l. 755 Writing tmp.idv[58] (tmp57x.png)
l. 763 Writing tmp.idv[59] (tmp58x.png)
 [36] [37]
--- file tmpsu10.html ---
l. 774 Writing tmp.idv[60] (tmp59x.png)
 [38

]
--- file tmpsu11.html ---
 [39

]
--- file tmpsu12.html ---
 [40

] [41

]
--- file tmpse4.html ---
 (./tmp.4ct)
--- file tmpsu13.html ---
l. 902 Writing tmp.idv[61] (tmp60x.png)
l. 908 Writing tmp.idv[62] (tmp61x.png)
 [42

]
l. 912 Writing tmp.idv[63] (tmp62x.png)
l. 917 Writing tmp.idv[64] (tmp63x.png)
l. 932 Writing tmp.idv[65] (tmp64x.png)
 [43]
l. 936 Writing tmp.idv[66] (tmp65x.png)
l. 944 Writing tmp.idv[67] (tmp66x.png)
l. 958 Writing tmp.idv[68] (tmp67x.png)
 [44]
l. 964 Writing tmp.idv[69] (tmp68x.png)
l. 971 Writing tmp.idv[70] (tmp69x.png)
l. 977 Writing tmp.idv[71] (tmp70x.png)

[45]
--- file tmpsu14.html ---
l. 993 Writing tmp.idv[72] (tmp71x.png)
l. 1006 Writing tmp.idv[73] (tmp72x.png)
 [46

]
--- file tmpsu15.html ---


LaTeX Warning: Reference `16-8-19-p1' on page 47 undefined on input line 1023.

l. 1037 Writing tmp.idv[74] (tmp73x.png)
[47

] [48

]
--- file tmpse5.html ---
 (./tmp.4ct)
--- file tmpsu16.html ---


LaTeX Warning: Reference `10-13-1a' on page 49 undefined on input line 1055.

l. 1057 Writing tmp.idv[75] (tmp74x.png)
l. 1064 Writing tmp.idv[76] (tmp75x.png)
[49

]
l. 1069 Writing tmp.idv[77] (tmp76x.png)
l. 1077 Writing tmp.idv[78] (tmp77x.png)
l. 1081 Writing tmp.idv[79] (tmp78x.png)
 [50]
l. 1085 Writing tmp.idv[80] (tmp79x.png)
 [51]
--- file tmpsu17.html ---
l. 1095 Writing tmp.idv[81] (tmp80x.png)
 [52

]
--- file tmpsu18.html ---
l. 1105 Writing tmp.idv[82] (tmp81x.png)
l. 1111 Writing tmp.idv[83] (tmp82x.png)
l. 1120 Writing tmp.idv[84] (tmp83x.png)
 [53

]
l. 1127 Writing tmp.idv[85] (tmp84x.png)
 [54]
--- file tmpsu19.html ---
l. 1138 Writing tmp.idv[86] (tmp85x.png)
l. 1143 Writing tmp.idv[87] (tmp86x.png)
l. 1147 Writing tmp.idv[88] (tmp87x.png)
 [55

]
l. 1153 Writing tmp.idv[89] (tmp88x.png)
l. 1160 Writing tmp.idv[90] (tmp89x.png)
 [56]
--- file tmpsu20.html ---
l. 1177 Writing tmp.idv[91] (tmp90x.png)
l. 1181 Writing tmp.idv[92] (tmp91x.png)
l. 1186 Writing tmp.idv[93] (tmp92x.png)
 [57

]
l. 1193 Writing tmp.idv[94] (tmp93x.png)
l. 1197 Writing tmp.idv[95] (tmp94x.png)
l. 1206 Writing tmp.idv[96] (tmp95x.png)
l. 1209 Writing tmp.idv[97] (tmp96x.png)
 [58]
l. 1215 Writing tmp.idv[98] (tmp97x.png)
l. 1222 Writing tmp.idv[99] (tmp98x.png)
l. 1227 Writing tmp.idv[100] (tmp99x.png)
 [59]
--- file tmpsu21.html ---
 [60

]
--- file tmpsu22.html ---
 [61

]
--- file tmpsu23.html ---
l. 1257 Writing tmp.idv[101] (tmp100x.png)
 [62

]
--- file tmpsu24.html ---
l. 1283 Writing tmp.idv[102] (tmp101x.png)
l. 1292 Writing tmp.idv[103] (tmp102x.png)
l. 1297 Writing tmp.idv[104] (tmp103x.png)
l. 1299 Writing tmp.idv[105] (tmp104x.png)
 [63

]
l. 1303 Writing tmp.idv[106] (tmp105x.png)
l. 1307 Writing tmp.idv[107] (tmp106x.png)
l. 1310 Writing tmp.idv[108] (tmp107x.png)

[64] [65

]
l. 1322 --- needs --- my_figure/home/yj/project_new/fft/fig2d/MyFigure.png ---
 [66

]
l. 1327 Writing tmp.idv[109] (tmp108x.png)
l. 1328 Writing tmp.idv[110] (tmp109x.png)
l. 1329 Writing tmp.idv[111] (tmp110x.png)
l. 1330 Writing tmp.idv[112] (tmp111x.png)
l. 1331 Writing tmp.idv[113] (tmp112x.png)
l. 1336 Writing tmp.idv[114] (tmp113x.png)
l. 1341 Writing tmp.idv[115] (tmp114x.png)
l. 1348 Writing tmp.idv[116] (tmp115x.png)
l. 1348 Writing tmp.idv[117] (tmp116x.png)
l. 1349 Writing tmp.idv[118] (tmp117x.png)
l. 1354 Writing tmp.idv[119] (tmp118x.png)
 [67

]
l. 1366 Writing tmp.idv[120] (tmp119x.png)
l. 1371 Writing tmp.idv[121] (tmp120x.png)
l. 1376 Writing tmp.idv[122] (tmp121x.png)
 [68]
l. 1386 Writing tmp.idv[123] (tmp122x.png)
l. 1391 Writing tmp.idv[124] (tmp123x.png)
l. 1396 Writing tmp.idv[125] (tmp124x.png)
 [69]
--- file tmpsu25.html ---
l. 1406 Writing tmp.idv[126] (tmp125x.png)
l. 1411 Writing tmp.idv[127] (tmp126x.png)
l. 1415 Writing tmp.idv[128] (tmp127x.png)
 [70

] [71]
--- file tmpsu26.html ---
l. 1440 Writing tmp.idv[129] (tmp128x.png)
 [72

]
--- file tmpsu27.html ---
l. 1448 Writing tmp.idv[130] (tmp129x.png)
l. 1451 Writing tmp.idv[131] (tmp130x.png)
 [73

]
l. 1485 Writing tmp.idv[132] (tmp131x.png)
l. 1488 Writing tmp.idv[133] (tmp132x.png)
l. 1494 Writing tmp.idv[134] (tmp133x.png)
l. 1498 Writing tmp.idv[135] (tmp134x.png)
 [74] [75]
--- file tmpsu28.html ---
 [76

]
--- file tmpsu29.html ---
l. 1535 Writing tmp.idv[136] (tmp135x.png)
l. 1541 Writing tmp.idv[137] (tmp136x.png)
 [77

] [78

]
l. 1552 --- needs --- my_figure/home/yj/project_new/pic_delta-f/fig1/p.png ---
l. 1552 --- needs --- my_figure/home/yj/project_new/pic_delta-f/fig1b/p.png ---

l. 1567 Writing tmp.idv[138] (tmp137x.png)
l. 1567 Writing tmp.idv[139] (tmp138x.png)
l. 1567 Writing tmp.idv[140] (tmp139x.png)
l. 1567 Writing tmp.idv[141] (tmp140x.png)
l. 1567 Writing tmp.idv[142] (tmp141x.png)

[79

] [80

] [81

]
l. 1582 --- needs --- my_figure/home/yj/project_new/pic_delta-f/fig3/p.png ---
l. 1589 Writing tmp.idv[143] (tmp142x.png)
 [82

]
l. 1594 Writing tmp.idv[144] (tmp143x.png)
 [83

]
--- file tmpsu30.html ---
l. 1625 Writing tmp.idv[145] (tmp144x.png)
 [84

] [85

]
l. 1636 --- needs --- my_figure/home/yj/project_new/pic_delta-f/fig2e_b/fig1/ma
p.png ---
l. 1636 --- needs --- my_figure/home/yj/project_new/pic_delta-f/fig2e_b/fig2/ma
p.png ---
l. 1641 Writing tmp.idv[146] (tmp145x.png)
 [86

] [87

] [88

]
l. 1645 --- needs --- my_figure/home/yj/project_new/pic_delta-f/fig2e_b/fig3/ma
p.png ---
l. 1645 --- needs --- my_figure/home/yj/project_new/pic_delta-f/fig2e_b/fig4/ma
p.png ---
l. 1656 Writing tmp.idv[147] (tmp146x.png)
l. 1656 Writing tmp.idv[148] (tmp147x.png)
 [89

]
l. 1659 Writing tmp.idv[149] (tmp148x.png)
 [90

] [91

]
l. 1668 --- needs --- my_figure/home/yj/project_new/pic_delta-f/fig2/p.png ---
l. 1668 --- needs --- my_figure/home/yj/project_new/pic_delta-f/fig2b/p.png ---

l. 1682 Writing tmp.idv[150] (tmp149x.png)
l. 1682 Writing tmp.idv[151] (tmp150x.png)
l. 1682 Writing tmp.idv[152] (tmp151x.png)
 [92

] [93

]
--- file tmpsu31.html ---
l. 1698 Writing tmp.idv[153] (tmp152x.png)
l. 1705 Writing tmp.idv[154] (tmp153x.png)
l. 1709 Writing tmp.idv[155] (tmp154x.png)

[94

]
l. 1715 Writing tmp.idv[156] (tmp155x.png)
l. 1725 Writing tmp.idv[157] (tmp156x.png)
l. 1730 Writing tmp.idv[158] (tmp157x.png)
 [95] [96

]
l. 1740 --- needs --- my_figure/home/yj/project_new/pic_full-f/fig16/t.png ---
 [97

] [98

] [99

]
l. 1753 --- needs --- my_figure/home/yj/project_new/pic_full-f/fig15/t.png ---
 [100

] [101

]
--- file tmpsu32.html ---
l. 1768 Writing tmp.idv[159] (tmp158x.png)
 [102

] [103

]
l. 1796 --- needs --- my_figure/home/yj/project_new/pic_full-f/fig1/a.png ---
l. 1796 --- needs --- my_figure/home/yj/project_new/pic_full-f/fig1/p2.png ---
 [104

] [105

] [106

]
--- file tmpse6.html ---

[107

]
--- file tmpse7.html ---
 (./tmp.4ct)
--- file tmpsu33.html ---
l. 1829 Writing tmp.idv[160] (tmp159x.png)
 [108

] [109

]
l. 1844 --- needs --- my_figure/home/yj/project_new/pic_code/fig2/tmp.png ---
 [110

] [111

] [112

]
l. 1866 --- needs --- my_figure/home/yj/project_new/pic_code/fig3/tmp.png ---
 [113

] [114

]
--- file tmpsu34.html ---
l. 1887 Writing tmp.idv[161] (tmp160x.png)
l. 1891 Writing tmp.idv[162] (tmp161x.png)
 [115

]
l. 1899 Writing tmp.idv[163] (tmp162x.png)
l. 1931 Writing tmp.idv[164] (tmp163x.png)
 [116]
[117] [118

]
l. 1943 --- needs --- my_figure/home/yj/project_new/pic_code/fig1/tmp.png ---
 [119

] [120

] [121

]
l. 1967 --- needs --- my_figure/home/yj/project_new/pic_code/fig4/tmp.png ---
 [122

] [123

] [124

]
--- file tmpse8.html ---
 (./tmp.4ct)
--- file tmpsu35.html ---
 [125

] [126

]
--- file tmpse9.html ---

(./tmp.4ct)
--- file tmpsu36.html ---
l. 2019 Writing tmp.idv[165] (tmp164x.png)
l. 2022 Writing tmp.idv[166] (tmp165x.png)
 [127

]
--- file tmpsu37.html ---
 [128

]
--- file tmpsu38.html ---
l. 2039 Writing tmp.idv[167] (tmp166x.png)
l. 2043 Writing tmp.idv[168] (tmp167x.png)
l. 2054 Writing tmp.idv[169] (tmp168x.png)
 [129

]
l. 2057 Writing tmp.idv[170] (tmp169x.png)
l. 2060 Writing tmp.idv[171] (tmp170x.png)
l. 2063 Writing tmp.idv[172] (tmp171x.png)
l. 2068 Writing tmp.idv[173] (tmp172x.png)
 [130]
l. 2071 Writing tmp.idv[174] (tmp173x.png)
 [131] [132

]
--- file tmpse10.html ---
l. 2110 Writing tmp.idv[175] (tmp174x.png)
l. 2118 Writing tmp.idv[176] (tmp175x.png)
 [133

]
l. 2144 Writing tmp.idv[177] (tmp176x.png)
l. 2148 Writing tmp.idv[178] (tmp177x.png)
l. 2169 Writing tmp.idv[179] (tmp178x.png)
 [134]
l. 2198 Writing tmp.idv[180] (tmp179x.png)
 [135]
--- file tmpli1.html ---
 [136

]
[137

] (./tmp.aux)

LaTeX Warning: There were undefined references.

 ) 
Here is how much of TeX's memory you used:
 7529 strings out of 495029
 94078 string characters out of 6181524
 281313 words of memory out of 5000000
 10548 multiletter control sequences out of 15000+600000
 14006 words of font info for 52 fonts, out of 8000000 for 9000
 14 hyphenation exceptions out of 8191
 31i,10n,36p,1790b,518s stack positions out of 5000i,500n,10000p,200000b,80000s

Output written on tmp.dvi (137 pages, 414304 bytes).
