\BOOKMARK [1][-]{section.1}{Introduction}{}% 1
\BOOKMARK [2][-]{subsection.1.1}{Gyrokinetic?}{section.1}% 2
\BOOKMARK [2][-]{subsection.1.2}{Vlasov equation and guiding-center coordinates}{section.1}% 3
\BOOKMARK [1][-]{section.2}{Transform Vlasov equation from particle coordinates to guiding-center coordinates}{}% 4
\BOOKMARK [2][-]{subsection.2.1}{Guiding-center transformation}{section.2}% 5
\BOOKMARK [2][-]{subsection.2.2}{Choosing velocity coordinates}{section.2}% 6
\BOOKMARK [2][-]{subsection.2.3}{Summary of the phase-space coordinate transform}{section.2}% 7
\BOOKMARK [2][-]{subsection.2.4}{Distribution function in terms of guiding-center variables}{section.2}% 8
\BOOKMARK [2][-]{subsection.2.5}{Spatial gradient operator in guiding-center coordinates}{section.2}% 9
\BOOKMARK [2][-]{subsection.2.6}{Velocity gradient operator in guiding-center coordinates}{section.2}% 10
\BOOKMARK [2][-]{subsection.2.7}{Time derivatives in guiding-center coordinates}{section.2}% 11
\BOOKMARK [2][-]{subsection.2.8}{Final form of Vlasov equation in guiding-center coordinates}{section.2}% 12
\BOOKMARK [1][-]{section.3}{Perturbed Vlasov equation in guiding-center variables}{}% 13
\BOOKMARK [2][-]{subsection.3.1}{Electromagnetic field perturbation}{section.3}% 14
\BOOKMARK [2][-]{subsection.3.2}{Distribution function perturbation}{section.3}% 15
\BOOKMARK [2][-]{subsection.3.3}{Gyrokinetic orderings}{section.3}% 16
\BOOKMARK [3][-]{subsubsection.3.3.1}{Assumptions for macroscopic quantities}{subsection.3.3}% 17
\BOOKMARK [3][-]{subsubsection.3.3.2}{Assumptions for microscopic quantities}{subsection.3.3}% 18
\BOOKMARK [2][-]{subsection.3.4}{Equation for macroscopic distribution function Fg}{section.3}% 19
\BOOKMARK [2][-]{subsection.3.5}{Equation for perturbed distribution function Fg}{section.3}% 20
\BOOKMARK [3][-]{subsubsection.3.5.1}{Balance on order O \(1\): adiabatic response}{subsection.3.5}% 21
\BOOKMARK [3][-]{subsubsection.3.5.2}{Separate Fg into adiabatic and non-adiabatic part}{subsection.3.5}% 22
\BOOKMARK [3][-]{subsubsection.3.5.3}{Linear term expressed in terms of \040and A}{subsection.3.5}% 23
\BOOKMARK [2][-]{subsection.3.6}{Equation for the non-adiabatic part G}{section.3}% 24
\BOOKMARK [3][-]{subsubsection.3.6.1}{Expansion of G}{subsection.3.6}% 25
\BOOKMARK [3][-]{subsubsection.3.6.2}{Gyro-averaging}{subsection.3.6}% 26
\BOOKMARK [3][-]{subsubsection.3.6.3}{Simplification of the nonlinear term}{subsection.3.6}% 27
\BOOKMARK [3][-]{subsubsection.3.6.4}{Final equation for the non-adiabatic part of the perturbed distribution function}{subsection.3.6}% 28
\BOOKMARK [1][-]{section.4}{Characteristic curves of Frieman-Chen nonlinear gyrokinetic equation}{}% 29
\BOOKMARK [2][-]{subsection.4.1}{Time evolution equation for v}{section.4}% 30
\BOOKMARK [1][-]{section.5}{Gyrokinetic equation in forms amenable to numerical computation}{}% 31
\BOOKMARK [2][-]{subsection.5.1}{Eliminate \040/ t term on the right-hand side of Eq. \(142\)}{section.5}% 32
\BOOKMARK [2][-]{subsection.5.2}{Eliminate v A \040/ t term on the right-hand side of GK equation}{section.5}% 33
\BOOKMARK [3][-]{subsubsection.5.2.1}{For special case A A e}{subsection.5.2}% 34
\BOOKMARK [2][-]{subsection.5.3}{Summary of split of the distribution function}{section.5}% 35
\BOOKMARK [2][-]{subsection.5.4}{Velocity space moment of qm v A \040F0}{section.5}% 36
\BOOKMARK [3][-]{subsubsection.5.4.1}{Parallel Ampere's Law}{subsection.5.4}% 37
\BOOKMARK [2][-]{subsection.5.5}{Split-weight scheme for electrons}{section.5}% 38
\BOOKMARK [3][-]{subsubsection.5.5.1}{special case of g = 1}{subsection.5.5}% 39
\BOOKMARK [2][-]{subsection.5.6}{Comments on how to split the distribution function}{section.5}% 40
\BOOKMARK [1][-]{section.6}{Coordinate system and grid in TEK code}{}% 41
\BOOKMARK [1][-]{section.7}{Poisson's equation and polarization density}{}% 42
\BOOKMARK [2][-]{subsection.7.1}{Discussion on cancellation scheme}{section.7}% 43
\BOOKMARK [2][-]{subsection.7.2}{Adiabatic electron response ** need to check the derivation}{section.7}% 44
\BOOKMARK [2][-]{subsection.7.3}{Poisson's equation with adiabatic electron response}{section.7}% 45
\BOOKMARK [1][-]{section.8}{Polarization density with the velocity integration performed}{}% 46
\BOOKMARK [2][-]{subsection.8.1}{Gyro-averaging of \040in guiding-center coordinates}{section.8}% 47
\BOOKMARK [2][-]{subsection.8.2}{Gryo-angle integration in particle coordinates}{section.8}% 48
\BOOKMARK [3][-]{subsubsection.8.2.1}{The remaining velocity integration can be performed analytically if F0 is Maxwellian}{subsection.8.2}% 49
\BOOKMARK [3][-]{subsubsection.8.2.2}{Final form of polarization density}{subsection.8.2}% 50
\BOOKMARK [2][-]{subsection.8.3}{Pade approximation}{section.8}% 51
\BOOKMARK [3][-]{subsubsection.8.3.1}{Long wavelength approximation of the polarization density}{subsection.8.3}% 52
\BOOKMARK [3][-]{subsubsection.8.3.2}{Polarization density expressed in terms of Laplacian operator}{subsection.8.3}% 53
\BOOKMARK [1][-]{section.9}{Polarization density matrix obtained by numerically integrating in phase space using grid}{}% 54
\BOOKMARK [2][-]{subsection.9.1}{Direct evaluation of the double gyrophase integration}{section.9}% 55
\BOOKMARK [2][-]{subsection.9.2}{Performing the parallel velocity integration}{section.9}% 56
\BOOKMARK [2][-]{subsection.9.3}{Toroidal Fourier transform of polarization density in field-aligned coordinates}{section.9}% 57
\BOOKMARK [2][-]{subsection.9.4}{Using MC integration, to be continued, not necessary}{section.9}% 58
\BOOKMARK [1][-]{appendix.A}{Implementation of gyrokinetics in particle-in-cell \(PIC\) codes}{}% 59
\BOOKMARK [2][-]{subsection.A.1}{Monte-Carlo evaluation of distribution function moment at grid-points}{appendix.A}% 60
\BOOKMARK [2][-]{subsection.A.2}{Monte-Carlo sampling of 6D guiding-center phase-space }{appendix.A}% 61
\BOOKMARK [2][-]{subsection.A.3}{Distribution function transform**check}{appendix.A}% 62
\BOOKMARK [2][-]{subsection.A.4}{Moments of distribution function expressed as integration over guiding-center variables}{appendix.A}% 63
\BOOKMARK [1][-]{appendix.B}{Diamagnetic flow **check**}{}% 64
\BOOKMARK [1][-]{appendix.C}{Transform gyrokinetic equation from \(X, , , \) to \(X, , v, \) coordinates}{}% 65
\BOOKMARK [1][-]{appendix.D}{Transform gyrokinetic equation from \(, A\) to \(E, B\)}{}% 66
\BOOKMARK [2][-]{subsection.D.1}{Expression of B in terms of A}{appendix.D}% 67
\BOOKMARK [2][-]{subsection.D.2}{Expression of B in terms of A}{appendix.D}% 68
\BOOKMARK [2][-]{subsection.D.3}{Expressing the perturbed drift in terms of E and B}{appendix.D}% 69
\BOOKMARK [2][-]{subsection.D.4}{Expressing the coefficient before F0 / \040in terms of E and B}{appendix.D}% 70
\BOOKMARK [1][-]{appendix.E}{Drift-kinetic limit}{}% 71
\BOOKMARK [2][-]{subsection.E.1}{Linear case}{appendix.E}% 72
\BOOKMARK [2][-]{subsection.E.2}{Transform from \(X, , \) to \(X, , v\) coordinates}{appendix.E}% 73
\BOOKMARK [2][-]{subsection.E.3}{Parallel momentum equation}{appendix.E}% 74
\BOOKMARK [2][-]{subsection.E.4}{Special case in uniform magnetic field}{appendix.E}% 75
\BOOKMARK [2][-]{subsection.E.5}{Electron perpendicular flow}{appendix.E}% 76
\BOOKMARK [3][-]{subsubsection.E.5.1}{Drift kinetic equation}{subsection.E.5}% 77
\BOOKMARK [3][-]{subsubsection.E.5.2}{Parallel momentum equation}{subsection.E.5}% 78
\BOOKMARK [1][-]{appendix.F}{Derivation of Eq. \(111\), not finished}{}% 79
\BOOKMARK [1][-]{appendix.G}{Modern view of gyrokinetic equation **wrong**}{}% 80
\BOOKMARK [1][-]{appendix.H}{About this document}{}% 81
