This is pdfTeX, Version 3.14159265-2.6-1.40.20 (TeX Live 2019/Debian) (preloaded format=latex 2024.6.27)  11 DEC 2024 09:12
entering extended mode
 restricted \write18 enabled.
 %&-line parsing enabled.
**\makeatletter\def\HCode{\futurelet\HCode\HChar}\def\HChar{\ifx"\HCode\def\HCo
de"##1"{\Link##1}\expandafter\HCode\else\expandafter\Link\fi}\def\Link#1.a.b.c.
{\g@addto@macro\@documentclasshook{\RequirePackage[#1,html]{tex4ht}}\let\HCode\
documentstyle\def\documentstyle{\let\documentstyle\HCode\expandafter\def\csname
 tex4ht\endcsname{#1,html}\def\HCode####1{\documentstyle[tex4ht,}\@ifnextchar[{
\HCode}{\documentstyle[tex4ht]}}}\makeatother\HCode myconfig, xhtml,2, charset=
utf-8.a.b.c.\input  nonlinear_gyrokinetic_equation.tex
 (./nonlinear_gyrokinetic_equation.tex
(./llncs.cls
Document Class: llncs 2022/09/05 v2.22 
 LaTeX document class for Lecture Notes in Computer Science
(/usr/share/texlive/texmf-dist/tex/latex/base/article.cls
Document Class: article 2019/12/20 v1.4l Standard LaTeX document class
(/usr/share/texlive/texmf-dist/tex/latex/base/size10.clo
File: size10.clo 2019/12/20 v1.4l Standard LaTeX file (size option)
)
\c@part=\count167
\c@section=\count168
\c@subsection=\count169
\c@subsubsection=\count170
\c@paragraph=\count171
\c@subparagraph=\count172
\c@figure=\count173
\c@table=\count174
\abovecaptionskip=\skip47
\belowcaptionskip=\skip48
\bibindent=\dimen134
)
(/usr/share/texlive/texmf-dist/tex/latex/tools/multicol.sty
Package: multicol 2019/12/09 v1.8y multicolumn formatting (FMi)
\c@tracingmulticols=\count175
\mult@box=\box45
\multicol@leftmargin=\dimen135
\c@unbalance=\count176
\c@collectmore=\count177
\doublecol@number=\count178
\multicoltolerance=\count179
\multicolpretolerance=\count180
\full@width=\dimen136
\page@free=\dimen137
\premulticols=\dimen138
\postmulticols=\dimen139
\multicolsep=\skip49
\multicolbaselineskip=\skip50
\partial@page=\box46
\last@line=\box47
\maxbalancingoverflow=\dimen140
\mult@rightbox=\box48
\mult@grightbox=\box49
\mult@gfirstbox=\box50
\mult@firstbox=\box51
\@tempa=\box52
\@tempa=\box53
\@tempa=\box54
\@tempa=\box55
\@tempa=\box56
\@tempa=\box57
\@tempa=\box58
\@tempa=\box59
\@tempa=\box60
\@tempa=\box61
\@tempa=\box62
\@tempa=\box63
\@tempa=\box64
\@tempa=\box65
\@tempa=\box66
\@tempa=\box67
\@tempa=\box68
\@tempa=\box69
\@tempa=\box70
\@tempa=\box71
\@tempa=\box72
\@tempa=\box73
\@tempa=\box74
\@tempa=\box75
\@tempa=\box76
\@tempa=\box77
\@tempa=\box78
\@tempa=\box79
\@tempa=\box80
\@tempa=\box81
\@tempa=\box82
\@tempa=\box83
\@tempa=\box84
\@tempa=\box85
\@tempa=\box86
\@tempa=\box87
\@tempa=\box88
\c@minrows=\count181
\c@columnbadness=\count182
\c@finalcolumnbadness=\count183
\last@try=\dimen141
\multicolovershoot=\dimen142
\multicolundershoot=\dimen143
\mult@nat@firstbox=\box89
\colbreak@box=\box90
\mc@col@check@num=\count184
)
(/usr/share/texlive/texmf-dist/tex/latex/oberdiek/aliascnt.sty
Package: aliascnt 2018/09/07 v1.5 Alias counters (HO)
)
\c@chapter=\count185
LaTeX Font Info:    Redeclaring math symbol \Gamma on input line 362.
LaTeX Font Info:    Redeclaring math symbol \Delta on input line 363.
LaTeX Font Info:    Redeclaring math symbol \Theta on input line 364.
LaTeX Font Info:    Redeclaring math symbol \Lambda on input line 365.
LaTeX Font Info:    Redeclaring math symbol \Xi on input line 366.
LaTeX Font Info:    Redeclaring math symbol \Pi on input line 367.
LaTeX Font Info:    Redeclaring math symbol \Sigma on input line 368.
LaTeX Font Info:    Redeclaring math symbol \Upsilon on input line 369.
LaTeX Font Info:    Redeclaring math symbol \Phi on input line 370.
LaTeX Font Info:    Redeclaring math symbol \Psi on input line 371.
LaTeX Font Info:    Redeclaring math symbol \Omega on input line 372.
LaTeX Info: Redefining \vec on input line 377.
\tocchpnum=\dimen144
\tocsecnum=\dimen145
\tocsectotal=\dimen146
\tocsubsecnum=\dimen147
\tocsubsectotal=\dimen148
\tocsubsubsecnum=\dimen149
\tocsubsubsectotal=\dimen150
\tocparanum=\dimen151
\tocparatotal=\dimen152
\tocsubparanum=\dimen153
\@tempcntc=\count186
\fnindent=\dimen154
\c@@inst=\count187
\c@@auth=\count188
\c@auco=\count189
\instindent=\dimen155
\authrun=\box91
\authorrunning=\toks14
\tocauthor=\toks15
\titrun=\box92
\titlerunning=\toks16
\toctitle=\toks17
\c@theorem=\count190
\c@case=\count191
\c@conjecture=\count192
\c@corollary=\count193
\c@definition=\count194
\c@example=\count195
\c@exercise=\count196
\c@lemma=\count197
\c@note=\count198
\c@problem=\count199
\c@property=\count266
\c@proposition=\count267
\c@question=\count268
\c@solution=\count269
\c@remark=\count270
\headlineindent=\dimen156
)
(/usr/share/texlive/texmf-dist/tex/generic/tex4ht/tex4ht.sty
version 2019-03-18-15:24
Package: tex4ht 
--------------------------------------
--- Note --- for _ at preamble, use the command line option `early_'
--------------------------------------
--------------------------------------
--- Note --- for ^ at preamble, use the command line option `early^'
--------------------------------------
\tmp:toks=\toks18
)
(/usr/share/texlive/texmf-dist/tex/generic/tex4ht/usepackage.4ht
version 2019-12-19-14:27
)
(/usr/share/texlive/texmf-dist/tex/generic/babel/babel.sty
Package: babel 2020/02/14 3.40 The Babel package

(/usr/share/texlive/texmf-dist/tex/generic/babel/switch.def
File: switch.def 2020/02/14 3.40 Babel switching mechanism
)
(/usr/share/texlive/texmf-dist/tex/generic/babel-english/english.ldf
Language: english 2017/06/06 v3.3r English support from the babel system

(/usr/share/texlive/texmf-dist/tex/generic/babel/babel.def
File: babel.def 2020/02/14 3.40 Babel common definitions
\babel@savecnt=\count271
\U@D=\dimen157

(/usr/share/texlive/texmf-dist/tex/generic/babel/txtbabel.def)
\bbl@readstream=\read2
\bbl@dirlevel=\count272
)
Package babel Info: \l@canadian = using hyphenrules for english
(babel)             (\language0) on input line 102.
Package babel Info: \l@australian = using hyphenrules for ukenglish
(babel)             (\language79) on input line 105.
Package babel Info: \l@newzealand = using hyphenrules for ukenglish
(babel)             (\language79) on input line 108.
))
(/usr/share/texlive/texmf-dist/tex/latex/geometry/geometry.sty
Package: geometry 2020/01/02 v5.9 Page Geometry

(/usr/share/texlive/texmf-dist/tex/latex/graphics/keyval.sty
Package: keyval 2014/10/28 v1.15 key=value parser (DPC)
\KV@toks@=\toks19
)
(/usr/share/texlive/texmf-dist/tex/generic/iftex/ifvtex.sty
Package: ifvtex 2019/10/25 v1.7 ifvtex legacy package. Use iftex instead.

(/usr/share/texlive/texmf-dist/tex/generic/iftex/iftex.sty
Package: iftex 2019/11/07 v1.0c TeX engine tests
))
\Gm@cnth=\count273
\Gm@cntv=\count274
\c@Gm@tempcnt=\count275
\Gm@bindingoffset=\dimen158
\Gm@wd@mp=\dimen159
\Gm@odd@mp=\dimen160
\Gm@even@mp=\dimen161
\Gm@layoutwidth=\dimen162
\Gm@layoutheight=\dimen163
\Gm@layouthoffset=\dimen164
\Gm@layoutvoffset=\dimen165
\Gm@dimlist=\toks20
)
(/usr/share/texlive/texmf-dist/tex/latex/amsmath/amsmath.sty
Package: amsmath 2020/01/20 v2.17e AMS math features
\@mathmargin=\skip51

For additional information on amsmath, use the `?' option.
(/usr/share/texlive/texmf-dist/tex/latex/amsmath/amstext.sty
Package: amstext 2000/06/29 v2.01 AMS text

(/usr/share/texlive/texmf-dist/tex/latex/amsmath/amsgen.sty
File: amsgen.sty 1999/11/30 v2.0 generic functions
\@emptytoks=\toks21
\ex@=\dimen166
))
(/usr/share/texlive/texmf-dist/tex/latex/amsmath/amsbsy.sty
Package: amsbsy 1999/11/29 v1.2d Bold Symbols
\pmbraise@=\dimen167
)
(/usr/share/texlive/texmf-dist/tex/latex/amsmath/amsopn.sty
Package: amsopn 2016/03/08 v2.02 operator names
)
\inf@bad=\count276
LaTeX Info: Redefining \frac on input line 227.
\uproot@=\count277
\leftroot@=\count278
LaTeX Info: Redefining \overline on input line 389.
\classnum@=\count279
\DOTSCASE@=\count280
LaTeX Info: Redefining \ldots on input line 486.
LaTeX Info: Redefining \dots on input line 489.
LaTeX Info: Redefining \cdots on input line 610.
\Mathstrutbox@=\box93
\strutbox@=\box94
\big@size=\dimen168
LaTeX Font Info:    Redeclaring font encoding OML on input line 733.
LaTeX Font Info:    Redeclaring font encoding OMS on input line 734.


Package amsmath Warning: Unable to redefine math accent \vec.

\macc@depth=\count281
\c@MaxMatrixCols=\count282
\dotsspace@=\muskip16
\c@parentequation=\count283
\dspbrk@lvl=\count284
\tag@help=\toks22
\row@=\count285
\column@=\count286
\maxfields@=\count287
\andhelp@=\toks23
\eqnshift@=\dimen169
\alignsep@=\dimen170
\tagshift@=\dimen171
\tagwidth@=\dimen172
\totwidth@=\dimen173
\lineht@=\dimen174
\@envbody=\toks24
\multlinegap=\skip52
\multlinetaggap=\skip53
\mathdisplay@stack=\toks25
LaTeX Info: Redefining \[ on input line 2859.
LaTeX Info: Redefining \] on input line 2860.
) (/usr/share/texlive/texmf-dist/tex/latex/graphics/graphicx.sty
Package: graphicx 2019/11/30 v1.2a Enhanced LaTeX Graphics (DPC,SPQR)

(/usr/share/texlive/texmf-dist/tex/generic/tex4ht/usepackage.4ht
version 2019-12-19-14:27
)
(/usr/share/texlive/texmf-dist/tex/latex/graphics/graphics.sty
Package: graphics 2019/11/30 v1.4a Standard LaTeX Graphics (DPC,SPQR)

(/usr/share/texlive/texmf-dist/tex/latex/graphics/trig.sty
Package: trig 2016/01/03 v1.10 sin cos tan (DPC)
)
(/usr/share/texlive/texmf-dist/tex/latex/graphics-cfg/graphics.cfg
File: graphics.cfg 2016/06/04 v1.11 sample graphics configuration
)
Package graphics Info: Driver file: dvips.def on input line 105.

(/usr/share/texlive/texmf-dist/tex/latex/graphics-def/dvips.def
File: dvips.def 2017/06/20 v3.1d Graphics/color driver for dvips
))
\Gin@req@height=\dimen175
\Gin@req@width=\dimen176
)
(/usr/share/texlive/texmf-dist/tex/latex/hyperref/hyperref.sty
Package: hyperref 2020/01/14 v7.00d Hypertext links for LaTeX

(/usr/share/texlive/texmf-dist/tex/generic/ltxcmds/ltxcmds.sty
Package: ltxcmds 2019/12/15 v1.24 LaTeX kernel commands for general use (HO)
)
(/usr/share/texlive/texmf-dist/tex/latex/pdftexcmds/pdftexcmds.sty
Package: pdftexcmds 2019/11/24 v0.31 Utility functions of pdfTeX for LuaTeX (HO
)

(/usr/share/texlive/texmf-dist/tex/generic/infwarerr/infwarerr.sty
Package: infwarerr 2019/12/03 v1.5 Providing info/warning/error messages (HO)
)
Package pdftexcmds Info: \pdf@primitive is available.
Package pdftexcmds Info: \pdf@ifprimitive is available.
Package pdftexcmds Info: \pdfdraftmode is ignored in DVI mode.
)
(/usr/share/texlive/texmf-dist/tex/generic/kvsetkeys/kvsetkeys.sty
Package: kvsetkeys 2019/12/15 v1.18 Key value parser (HO)
)
(/usr/share/texlive/texmf-dist/tex/generic/kvdefinekeys/kvdefinekeys.sty
Package: kvdefinekeys 2019-12-19 v1.6 Define keys (HO)
)
(/usr/share/texlive/texmf-dist/tex/generic/pdfescape/pdfescape.sty
Package: pdfescape 2019/12/09 v1.15 Implements pdfTeX's escape features (HO)
)
(/usr/share/texlive/texmf-dist/tex/latex/hycolor/hycolor.sty
Package: hycolor 2020-01-27 v1.10 Color options for hyperref/bookmark (HO)
)
(/usr/share/texlive/texmf-dist/tex/latex/letltxmacro/letltxmacro.sty
Package: letltxmacro 2019/12/03 v1.6 Let assignment for LaTeX macros (HO)
)
(/usr/share/texlive/texmf-dist/tex/latex/auxhook/auxhook.sty
Package: auxhook 2019-12-17 v1.6 Hooks for auxiliary files (HO)


Package auxhook Warning: Cannot patch \document,
(auxhook)                using \AtBeginDocument instead.

) (/usr/share/texlive/texmf-dist/tex/latex/kvoptions/kvoptions.sty
Package: kvoptions 2019/11/29 v3.13 Key value format for package options (HO)
)
\@linkdim=\dimen177
\Hy@linkcounter=\count288
\Hy@pagecounter=\count289

(/usr/share/texlive/texmf-dist/tex/latex/hyperref/pd1enc.def
File: pd1enc.def 2020/01/14 v7.00d Hyperref: PDFDocEncoding definition (HO)
Now handling font encoding PD1 ...
... no UTF-8 mapping file for font encoding PD1
)
(/usr/share/texlive/texmf-dist/tex/generic/intcalc/intcalc.sty
Package: intcalc 2019/12/15 v1.3 Expandable calculations with integers (HO)
)
(/usr/share/texlive/texmf-dist/tex/generic/etexcmds/etexcmds.sty
Package: etexcmds 2019/12/15 v1.7 Avoid name clashes with e-TeX commands (HO)
)
\Hy@SavedSpaceFactor=\count290
\pdfmajorversion=\count291
Package hyperref Info: Option `colorlinks' set `true' on input line 4421.
Package hyperref Info: Hyper figures OFF on input line 4547.
Package hyperref Info: Link nesting OFF on input line 4552.
Package hyperref Info: Hyper index ON on input line 4555.
Package hyperref Info: Plain pages OFF on input line 4562.
Package hyperref Info: Backreferencing OFF on input line 4567.
Package hyperref Info: Implicit mode ON; LaTeX internals redefined.
Package hyperref Info: Bookmarks ON on input line 4800.
\c@Hy@tempcnt=\count292

(/usr/share/texlive/texmf-dist/tex/latex/url/url.sty
\Urlmuskip=\muskip17
Package: url 2013/09/16  ver 3.4  Verb mode for urls, etc.
)
LaTeX Info: Redefining \url on input line 5159.
\XeTeXLinkMargin=\dimen178

(/usr/share/texlive/texmf-dist/tex/generic/bitset/bitset.sty
Package: bitset 2019/12/09 v1.3 Handle bit-vector datatype (HO)

(/usr/share/texlive/texmf-dist/tex/generic/bigintcalc/bigintcalc.sty
Package: bigintcalc 2019/12/15 v1.5 Expandable calculations on big integers (HO
)
))
\Fld@menulength=\count293
\Field@Width=\dimen179
\Fld@charsize=\dimen180
\Field@toks=\toks26
Package hyperref Info: Hyper figures OFF on input line 6430.
Package hyperref Info: Link nesting OFF on input line 6435.
Package hyperref Info: Hyper index ON on input line 6438.
Package hyperref Info: backreferencing OFF on input line 6445.
Package hyperref Info: Link coloring ON on input line 6448.
Package hyperref Info: Link coloring with OCG OFF on input line 6455.
Package hyperref Info: PDF/A mode OFF on input line 6460.
LaTeX Info: Redefining \ref on input line 6500.
LaTeX Info: Redefining \pageref on input line 6504.

(/usr/share/texlive/texmf-dist/tex/generic/atbegshi/atbegshi.sty
Package: atbegshi 2019/12/05 v1.19 At begin shipout hook (HO)
)
\Hy@abspage=\count294


Package hyperref Message: Stopped early.

)
Package hyperref Info: Driver: htex4ht.
 (/usr/share/texlive/texmf-dist/tex/latex/hyperref/htex4ht.def
File: htex4ht.def 2020/01/14 v7.00d Hyperref driver for TeX4ht
Package hyperref Info: tex4ht is already loaded.
)
(/usr/share/texlive/texmf-dist/tex/generic/tex4ht/usepackage.4ht
version 2019-12-19-14:27
)
(/usr/share/texlive/texmf-dist/tex/latex/xcolor/xcolor.sty
Package: xcolor 2016/05/11 v2.12 LaTeX color extensions (UK)

(/usr/share/texlive/texmf-dist/tex/latex/graphics-cfg/color.cfg
File: color.cfg 2016/01/02 v1.6 sample color configuration
)
Package xcolor Info: Driver file: dvips.def on input line 225.
Package xcolor Info: Model `cmy' substituted by `cmy0' on input line 1348.
Package xcolor Info: Model `RGB' extended on input line 1364.
Package xcolor Info: Model `HTML' substituted by `rgb' on input line 1366.
Package xcolor Info: Model `Hsb' substituted by `hsb' on input line 1367.
Package xcolor Info: Model `tHsb' substituted by `hsb' on input line 1368.
Package xcolor Info: Model `HSB' substituted by `hsb' on input line 1369.
Package xcolor Info: Model `Gray' substituted by `gray' on input line 1370.
Package xcolor Info: Model `wave' substituted by `hsb' on input line 1371.
)
(./myconfig.cfg (/usr/share/texlive/texmf-dist/tex/generic/tex4ht/tex4ht.4ht
version 2018-12-30-09:29
--------------------------------------
--- Note --- for additional information, use the command line option `info'
--------------------------------------

::::::::::::::::::::::::::::::::::::::::::
 TeX4ht info is available in the log file 
::::::::::::::::::::::::::::::::::::::::::
) (/usr/share/texlive/texmf-dist/tex/generic/tex4ht/tex4ht.sty
version 2019-03-18-15:24

--- needs --- tex4ht nonlinear_gyrokinetic_equation ---
\tmp:cnt=\count295
\openout15 = `nonlinear_gyrokinetic_equation.tmp'.

(./nonlinear_gyrokinetic_equation.tmp)
\tmp:dim=\skip54
 (./nonlinear_gyrokinetic_equation.xref)
\:refout=\write3
\openout3 = `nonlinear_gyrokinetic_equation.xref'.


(/usr/share/texlive/texmf-dist/tex/generic/tex4ht/html4.4ht
version 2020-02-14-14:21
--------------------------------------
--- Note --- to remove the <?xml version=...?> processing instruction use the c
ommand line option `no-VERSION'
--------------------------------------
--------------------------------------
--- Note --- to remove the DOCTYPE declaration use the command line option `no-
DOCTYPE'
--------------------------------------
)
(/usr/share/texlive/texmf-dist/tex/generic/tex4ht/html4-math.4ht
version 2019-12-16-15:21
)
--------------------------------------
--- Note --- for marking of the base font, use the command line option `fonts+'

--------------------------------------
--------------------------------------
--- Note --- for non active _, use the command line option `no_'
--------------------------------------
--------------------------------------
--- Note --- for _ of catcode 13, use the command line option `_13'
--------------------------------------
--------------------------------------
--- Note --- for non active ^, use the command line option `no^'
--------------------------------------
--------------------------------------
--- Note --- for ^ of catcode 13, use the command line option `^13'
--------------------------------------

(/usr/share/texlive/texmf-dist/tex/generic/tex4ht/html4.4ht
version 2020-02-14-14:21
--------------------------------------
--- Note --- For section filenames that reflect on their titles use the command
 line option `sec-filename'
--------------------------------------
--------------------------------------
--- Note --- to ignore CSS font decoration, use the `NoFonts' command line opti
on
--------------------------------------
--------------------------------------
--- Note --- for jpg bitmaps of pictures, use the `jpg' command line option. (C
haracter bitmaps are controled only by `g' records of tex4ht.env and `-g' switc
hes of tex4ht.c) 
--------------------------------------
--------------------------------------
--- Note --- for gif bitmaps of pictures, use the `gif' command line option. (C
haracter bitmaps are controled only by `g' records of tex4ht.env and `-g' switc
hes of tex4ht.c) 
--------------------------------------
--------------------------------------
--- Note --- for content and toc in 2 frames, use the command line option `fram
es'
--------------------------------------
--------------------------------------
--- Note --- for content, toc, and footnotes in 3 frames, use the command line 
option `frames-fn'
--------------------------------------
--------------------------------------
--- Note --- for file extension name xht, use the command line option `xht'
--------------------------------------
TeX4ht package options: xhtml,2,charset=utf-8,html
--------------------------------------
--- Note --- To print a timestamp, use the command line option timestamp
--------------------------------------
--------------------------------------
--- Note --- to ignore CSS code, use the command line option `-css
--------------------------------------
--------------------------------------
--- Note --- for inline CSS code, use the command line option `css-in'
--------------------------------------
--------------------------------------
--- Note --- for pop ups on mouse over, use the command line option `mouseover'

--------------------------------------
--------------------------------------
--- Note --- for addressing images in a subdirectory, use the command line opti
on `imgdir:.../'
--------------------------------------
)
(/usr/share/texlive/texmf-dist/tex/generic/tex4ht/html4-math.4ht
version 2019-12-16-15:21
)
\:tokwrite=\toks27
\:tokpage=\toks28
--------------------------------------
--- Note --- for back links to toc, use the command line option `sections+'
--------------------------------------
--------------------------------------
--- Note --- for linear crosslinks of pages, use the command line option `next'

--------------------------------------
\openout15 = `nonlinear_gyrokinetic_equation.4ct'.

\:tocout=\write4
\openout4 = `nonlinear_gyrokinetic_equation.4tc'.


(/usr/share/texlive/texmf-dist/tex/generic/tex4ht/html4.4ht
version 2020-02-14-14:21
)
(/usr/share/texlive/texmf-dist/tex/generic/tex4ht/html4-math.4ht
version 2019-12-16-15:21
)
(/usr/share/texlive/texmf-dist/tex/generic/tex4ht/latex.4ht
version 2019-08-26-14:22
LaTeX Info: Redefining \_ on input line 168.
--------------------------------------
--- Note --- for links into captions, instead of float heads, use the command l
ine option `refcaption'
--------------------------------------

(/usr/share/texlive/texmf-dist/tex/generic/tex4ht/html4.4ht
version 2020-02-14-14:21
)
(/usr/share/texlive/texmf-dist/tex/generic/tex4ht/html4-math.4ht
version 2019-12-16-15:21
)
(/usr/share/texlive/texmf-dist/tex/generic/tex4ht/html4.4ht
version 2020-02-14-14:21
--------------------------------------
--- Note --- For mini tocs immediately aftter the header use the command line o
ption `minitoc<'
--------------------------------------
--------------------------------------
--- Note --- for enumerated list elements with valued data, use the command lin
e option `enumerate+'
--------------------------------------
--------------------------------------
--- Note --- for enumerated list elements li's with value attributes, use the c
ommand line option `enumerate-'
--------------------------------------
--------------------------------------
--- Note --- for CSS2 code, use the command line option `css2'
--------------------------------------
--------------------------------------
--- Note --- for pictorial tabular, use the command line option `pic-tabular'
--------------------------------------
--------------------------------------
--- Note --- for bitmap fbox'es, use the command line option `pic-fbox'
--------------------------------------
--------------------------------------
--- Note --- for bitmap framebox'es, use the command line option `pic-framebox'

--------------------------------------
--------------------------------------
--- Note --- for inline footnotes use command line option `fn-in'
--------------------------------------
--------------------------------------
--- Note --- for tracing of latex font commands, use the command line option `f
onts'
--------------------------------------
--------------------------------------
--- Note --- for width specifications of tabular p entries, use the `p-width' c
ommand line option or a configuration similar to \Configure{HColWidth}{\HCode{ 
style="width:\HColWidth"}}
--------------------------------------
)
(/usr/share/texlive/texmf-dist/tex/generic/tex4ht/html4-math.4ht
version 2019-12-16-15:21
--------------------------------------
--- Note --- for pictorial eqnarray, use the command line option `pic-eqnarray'

--------------------------------------
--------------------------------------
--- Note --- for pictorial array, use the command line option `pic-array'
--------------------------------------
--------------------------------------
--- Note --- for pictorial $...$ environments, use the command line option `pic
-m' (not recommended!!)
--------------------------------------
--------------------------------------
--- Note --- for pictorial $...$ and $$...$$ environments with latex alt, use t
he command line option `pic-m+' (not safe!!)
--------------------------------------
--------------------------------------
--- Note --- for pictorial array, use the command line option `pic-array'
--------------------------------------
))
(/usr/share/texlive/texmf-dist/tex/generic/tex4ht/fontmath.4ht
version 2018-11-06-15:55

(/usr/share/texlive/texmf-dist/tex/generic/tex4ht/html4.4ht
version 2020-02-14-14:21
)
(/usr/share/texlive/texmf-dist/tex/generic/tex4ht/html4-math.4ht
version 2019-12-16-15:21
))
(/usr/share/texlive/texmf-dist/tex/generic/tex4ht/llncs.4ht
version 2009-05-21-09:32
)
(/usr/share/texlive/texmf-dist/tex/generic/tex4ht/article.4ht
(/usr/share/texlive/texmf-dist/tex/generic/tex4ht/html4.4ht
version 2020-02-14-14:21
--------------------------------------
--- Note --- for tocs without * entries, use command line option `notoc*'
--------------------------------------
--------------------------------------
--- Note --- for tocs without * entries, use command line option `notoc*'
--------------------------------------
--------------------------------------
--- Note --- to eliminate mini tables of contents, use the command line option 
`nominitoc'
--------------------------------------
--------------------------------------
--- Note --- for frames-like object-based table of contents, use the command li
ne option `obj-toc'
--------------------------------------
--------------------------------------
--- Note --- for files named derived from section titles, use the command line 
option `sec-filename'
--------------------------------------
--------------------------------------
--- Note --- for i-columns index, use the command line option `index=i' (e.g., 
index=2)
--------------------------------------
)
(/usr/share/texlive/texmf-dist/tex/generic/tex4ht/html4-math.4ht
version 2019-12-16-15:21
))
(/usr/share/texlive/texmf-dist/tex/generic/tex4ht/multicol.4ht
version 2013-07-31-09:45

(/usr/share/texlive/texmf-dist/tex/generic/tex4ht/html4.4ht
version 2020-02-14-14:21
)
(/usr/share/texlive/texmf-dist/tex/generic/tex4ht/html4-math.4ht
version 2019-12-16-15:21
))
(/usr/share/texlive/texmf-dist/tex/generic/tex4ht/babel.4ht
(/usr/share/texlive/texmf-dist/tex/generic/tex4ht/html4.4ht
version 2020-02-14-14:21
)
(/usr/share/texlive/texmf-dist/tex/generic/tex4ht/html4-math.4ht
version 2019-12-16-15:21
))
(/usr/share/texlive/texmf-dist/tex/generic/tex4ht/english.4ht
version 2009-05-21-09:32

(/usr/share/texlive/texmf-dist/tex/generic/tex4ht/html4.4ht
version 2020-02-14-14:21
)
(/usr/share/texlive/texmf-dist/tex/generic/tex4ht/html4-math.4ht
version 2019-12-16-15:21
))
(/usr/share/texlive/texmf-dist/tex/generic/tex4ht/geometry.4ht
version 2016-07-01-08:55

(/usr/share/texlive/texmf-dist/tex/generic/tex4ht/html4.4ht
version 2020-02-14-14:21
)
(/usr/share/texlive/texmf-dist/tex/generic/tex4ht/html4-math.4ht
version 2019-12-16-15:21
))
(/usr/share/texlive/texmf-dist/tex/generic/tex4ht/amsmath.4ht
version 2019-12-29-14:17
\tmp:muskip=\muskip18

(/usr/share/texlive/texmf-dist/tex/generic/tex4ht/html4.4ht
version 2020-02-14-14:21
)
(/usr/share/texlive/texmf-dist/tex/generic/tex4ht/html4-math.4ht
version 2019-12-16-15:21
))
(/usr/share/texlive/texmf-dist/tex/generic/tex4ht/amstext.4ht
version 2009-05-21-09:32

(/usr/share/texlive/texmf-dist/tex/generic/tex4ht/html4.4ht
version 2020-02-14-14:21
)
(/usr/share/texlive/texmf-dist/tex/generic/tex4ht/html4-math.4ht
version 2019-12-16-15:21
))
(/usr/share/texlive/texmf-dist/tex/generic/tex4ht/amsbsy.4ht
version 2009-05-21-09:32

(/usr/share/texlive/texmf-dist/tex/generic/tex4ht/html4.4ht
version 2020-02-14-14:21
)
(/usr/share/texlive/texmf-dist/tex/generic/tex4ht/html4-math.4ht
version 2019-12-16-15:21
))
(/usr/share/texlive/texmf-dist/tex/generic/tex4ht/amsopn.4ht
version 2009-05-21-09:32

(/usr/share/texlive/texmf-dist/tex/generic/tex4ht/html4.4ht
version 2020-02-14-14:21
)
(/usr/share/texlive/texmf-dist/tex/generic/tex4ht/html4-math.4ht
version 2019-12-16-15:21
))
(/usr/share/texlive/texmf-dist/tex/generic/tex4ht/graphicx.4ht
version 2018-10-01-14:24

(/usr/share/texlive/texmf-dist/tex/generic/tex4ht/html4.4ht
version 2020-02-14-14:21
)
(/usr/share/texlive/texmf-dist/tex/generic/tex4ht/html4-math.4ht
version 2019-12-16-15:21
))
(/usr/share/texlive/texmf-dist/tex/generic/tex4ht/graphics.4ht
(/usr/share/texlive/texmf-dist/tex/generic/tex4ht/html4.4ht
version 2020-02-14-14:21
--------------------------------------
--- Note --- if included graphics are of degraded quality, try the command line
 options `graphics-num' or `graphics-'. The `num' should provide the density of
 pixels in the bitmaps (e.g., 110). 
--------------------------------------
--------------------------------------
--- Note --- for key dimensions try the option `Gin-dim'; for key dimensions wh
en bounding box is unavailable try `Gin-dim+'; neither is recommended
--------------------------------------
)
(/usr/share/texlive/texmf-dist/tex/generic/tex4ht/html4-math.4ht
version 2019-12-16-15:21
))
(/usr/share/texlive/texmf-dist/tex/generic/tex4ht/dvips.4ht
version 2009-05-21-09:32

(/usr/share/texlive/texmf-dist/tex/generic/tex4ht/html4.4ht
version 2020-02-14-14:21
)
(/usr/share/texlive/texmf-dist/tex/generic/tex4ht/html4-math.4ht
version 2019-12-16-15:21
))
(/usr/share/texlive/texmf-dist/tex/generic/tex4ht/hyperref.4ht
version 2019-09-14-15:17

(/usr/share/texlive/texmf-dist/tex/latex/hyperref/nameref.sty
Package: nameref 2019/09/16 v2.46 Cross-referencing by name of section

(/usr/share/texlive/texmf-dist/tex/latex/refcount/refcount.sty
Package: refcount 2019/12/15 v3.6 Data extraction from label references (HO)
)
(/usr/share/texlive/texmf-dist/tex/generic/gettitlestring/gettitlestring.sty
Package: gettitlestring 2019/12/15 v1.6 Cleanup title references (HO)
)
\c@section@level=\count296
)
(/usr/share/texlive/texmf-dist/tex/generic/tex4ht/nameref.4ht
version 2019-12-23-13:36

(/usr/share/texlive/texmf-dist/tex/generic/tex4ht/html4.4ht
version 2020-02-14-14:21
)
(/usr/share/texlive/texmf-dist/tex/generic/tex4ht/html4-math.4ht
version 2019-12-16-15:21
))
LaTeX Info: Redefining \autoref on input line 95.
\Hy@SectionHShift=\skip55

(/usr/share/texlive/texmf-dist/tex/generic/tex4ht/html4.4ht
version 2020-02-14-14:21
)
(/usr/share/texlive/texmf-dist/tex/generic/tex4ht/html4-math.4ht
version 2019-12-16-15:21
))
(/usr/share/texlive/texmf-dist/tex/generic/tex4ht/pd1enc.4ht
version 2009-05-21-09:32

(/usr/share/texlive/texmf-dist/tex/generic/tex4ht/html4.4ht
version 2020-02-14-14:21
)
(/usr/share/texlive/texmf-dist/tex/generic/tex4ht/html4-math.4ht
version 2019-12-16-15:21
))
(/usr/share/texlive/texmf-dist/tex/generic/tex4ht/url.4ht
version 2009-05-21-09:32

(/usr/share/texlive/texmf-dist/tex/generic/tex4ht/html4.4ht
version 2020-02-14-14:21
--------------------------------------
--- Note --- for URL encoding within href use the command line option `url-enc'

--------------------------------------
)
(/usr/share/texlive/texmf-dist/tex/generic/tex4ht/html4-math.4ht
version 2019-12-16-15:21
))
(/usr/share/texlive/texmf-dist/tex/generic/tex4ht/xcolor.4ht
version 2019-04-09-10:06

(/usr/share/texlive/texmf-dist/tex/generic/tex4ht/color.4ht
(/usr/share/texlive/texmf-dist/tex/generic/tex4ht/html4.4ht
version 2020-02-14-14:21
)
(/usr/share/texlive/texmf-dist/tex/generic/tex4ht/html4-math.4ht
version 2019-12-16-15:21
))
(/usr/share/texlive/texmf-dist/tex/generic/tex4ht/html4.4ht
version 2020-02-14-14:21
)
(/usr/share/texlive/texmf-dist/tex/generic/tex4ht/html4-math.4ht
version 2019-12-16-15:21
))
(/usr/share/texlive/texmf-dist/tex/generic/tex4ht/color.4ht)
(/usr/share/texlive/texmf-dist/tex/generic/tex4ht/llncs-a.4ht
version 2009-05-21-09:32

(/usr/share/texlive/texmf-dist/tex/generic/tex4ht/html4.4ht
version 2020-02-14-14:21
)
(/usr/share/texlive/texmf-dist/tex/generic/tex4ht/html4-math.4ht
version 2019-12-16-15:21
))
(/usr/share/texlive/texmf-dist/tex/generic/tex4ht/html4.4ht
version 2020-02-14-14:21
)
(/usr/share/texlive/texmf-dist/tex/generic/tex4ht/html4-math.4ht
version 2019-12-16-15:21
))
(/usr/share/texlive/texmf-dist/tex/latex/l3backend/l3backend-dvips.def
File: l3backend-dvips.def 2020-02-03 L3 backend support: dvips
\l__pdf_internal_box=\box95
\g__pdf_backend_object_int=\count297
\l__pdf_backend_content_box=\box96
\l__pdf_backend_model_box=\box97
\g__pdf_backend_annotation_int=\count298
\g__pdf_backend_link_int=\count299
\g__pdf_backend_link_sf_int=\count300
)
(./nonlinear_gyrokinetic_equation.aux)
\openout1 = `nonlinear_gyrokinetic_equation.aux'.

LaTeX Font Info:    Checking defaults for OML/cmm/m/it on input line 18.
LaTeX Font Info:    ... okay on input line 18.
LaTeX Font Info:    Checking defaults for OMS/cmsy/m/n on input line 18.
LaTeX Font Info:    ... okay on input line 18.
LaTeX Font Info:    Checking defaults for OT1/cmr/m/n on input line 18.
LaTeX Font Info:    ... okay on input line 18.
LaTeX Font Info:    Checking defaults for T1/cmr/m/n on input line 18.
LaTeX Font Info:    ... okay on input line 18.
LaTeX Font Info:    Checking defaults for TS1/cmr/m/n on input line 18.
LaTeX Font Info:    ... okay on input line 18.
LaTeX Font Info:    Checking defaults for OMX/cmex/m/n on input line 18.
LaTeX Font Info:    ... okay on input line 18.
LaTeX Font Info:    Checking defaults for U/cmr/m/n on input line 18.
LaTeX Font Info:    ... okay on input line 18.
LaTeX Font Info:    Checking defaults for PD1/pdf/m/n on input line 18.
LaTeX Font Info:    ... okay on input line 18.

*geometry* driver: auto-detecting
*geometry* detected driver: dvips
*geometry* verbose mode - [ preamble ] result:
* driver: dvips
* paper: a4paper
* layout: <same size as paper>
* layoutoffset:(h,v)=(0.0pt,0.0pt)
* modes: twoside 
* h-part:(L,W,R)=(71.70166pt, 418.25368pt, 107.55254pt)
* v-part:(T,H,B)=(101.40665pt, 591.5302pt, 152.11pt)
* \paperwidth=597.50787pt
* \paperheight=845.04684pt
* \textwidth=418.25368pt
* \textheight=591.5302pt
* \oddsidemargin=0.0pt
* \evensidemargin=0.0pt
* \topmargin=1.13666pt
* \headheight=12.0pt
* \headsep=16.0pt
* \topskip=10.0pt
* \footskip=30.0pt
* \marginparwidth=90.0pt
* \marginparsep=11.0pt
* \columnsep=10.0pt
* \skip\footins=9.0pt plus 4.0pt minus 2.0pt
* \hoffset=0.0pt
* \voffset=0.0pt
* \mag=1000
* \@twocolumnfalse
* \@twosidetrue
* \@mparswitchtrue
* \@reversemarginfalse
* (1in=72.27pt=25.4mm, 1cm=28.453pt)

\AtBeginShipoutBox=\box98
Package hyperref Info: Link coloring ON on input line 18.
LaTeX Info: Redefining \ref on input line 18.
LaTeX Info: Redefining \pageref on input line 18.
LaTeX Info: Redefining \nameref on input line 18.
--- file nonlinear_gyrokinetic_equation.css ---
) [1

] [2] [3] (./nonlinear_gyrokinetic_equation.4ct) [4]
l. 72 Writing nonlinear_gyrokinetic_equation.idv[1] (nonlinear_gyrokinetic_equa
tion0x.png)
l. 86 Writing nonlinear_gyrokinetic_equation.idv[2] (nonlinear_gyrokinetic_equa
tion1x.png)
 [5]
l. 101 Writing nonlinear_gyrokinetic_equation.idv[3] (nonlinear_gyrokinetic_equ
ation2x.png)
l. 111 Writing nonlinear_gyrokinetic_equation.idv[4] (nonlinear_gyrokinetic_equ
ation3x.png)
l. 117 Writing nonlinear_gyrokinetic_equation.idv[5] (nonlinear_gyrokinetic_equ
ation4x.png)
 [6]
l. 128 Writing nonlinear_gyrokinetic_equation.idv[6] (nonlinear_gyrokinetic_equ
ation5x.png)
l. 137 Writing nonlinear_gyrokinetic_equation.idv[7] (nonlinear_gyrokinetic_equ
ation6x.png)
l. 142 Writing nonlinear_gyrokinetic_equation.idv[8] (nonlinear_gyrokinetic_equ
ation7x.png)
 [7]
l. 148 Writing nonlinear_gyrokinetic_equation.idv[9] (nonlinear_gyrokinetic_equ
ation8x.png)
l. 154 Writing nonlinear_gyrokinetic_equation.idv[10] (nonlinear_gyrokinetic_eq
uation9x.png)
l. 165 Writing nonlinear_gyrokinetic_equation.idv[11] (nonlinear_gyrokinetic_eq
uation10x.png)
l. 166 Writing nonlinear_gyrokinetic_equation.idv[12] (nonlinear_gyrokinetic_eq
uation11x.png)
l. 167 Writing nonlinear_gyrokinetic_equation.idv[13] (nonlinear_gyrokinetic_eq
uation12x.png)
 [8]
l. 184 Writing nonlinear_gyrokinetic_equation.idv[14] (nonlinear_gyrokinetic_eq
uation13x.png)
l. 189 Writing nonlinear_gyrokinetic_equation.idv[15] (nonlinear_gyrokinetic_eq
uation14x.png)

[9]
l. 196 Writing nonlinear_gyrokinetic_equation.idv[16] (nonlinear_gyrokinetic_eq
uation15x.png)
l. 212 Writing nonlinear_gyrokinetic_equation.idv[17] (nonlinear_gyrokinetic_eq
uation16x.png)
l. 230 Writing nonlinear_gyrokinetic_equation.idv[18] (nonlinear_gyrokinetic_eq
uation17x.png)
 [10]
l. 234 Writing nonlinear_gyrokinetic_equation.idv[19] (nonlinear_gyrokinetic_eq
uation18x.png)
l. 248 Writing nonlinear_gyrokinetic_equation.idv[20] (nonlinear_gyrokinetic_eq
uation19x.png)
 [11]
l. 262 Writing nonlinear_gyrokinetic_equation.idv[21] (nonlinear_gyrokinetic_eq
uation20x.png)
l. 267 Writing nonlinear_gyrokinetic_equation.idv[22] (nonlinear_gyrokinetic_eq
uation21x.png)
l. 276 Writing nonlinear_gyrokinetic_equation.idv[23] (nonlinear_gyrokinetic_eq
uation22x.png)
 [12]
l. 287 Writing nonlinear_gyrokinetic_equation.idv[24] (nonlinear_gyrokinetic_eq
uation23x.png)
l. 292 Writing nonlinear_gyrokinetic_equation.idv[25] (nonlinear_gyrokinetic_eq
uation24x.png)
l. 301 Writing nonlinear_gyrokinetic_equation.idv[26] (nonlinear_gyrokinetic_eq
uation25x.png)
 [13]
l. 308 Writing nonlinear_gyrokinetic_equation.idv[27] (nonlinear_gyrokinetic_eq
uation26x.png)
l. 316 Writing nonlinear_gyrokinetic_equation.idv[28] (nonlinear_gyrokinetic_eq
uation27x.png)
 [14]
l. 344 Writing nonlinear_gyrokinetic_equation.idv[29] (nonlinear_gyrokinetic_eq
uation28x.png)
l. 361 Writing nonlinear_gyrokinetic_equation.idv[30] (nonlinear_gyrokinetic_eq
uation29x.png)
 [15]
l. 367 Writing nonlinear_gyrokinetic_equation.idv[31] (nonlinear_gyrokinetic_eq
uation30x.png)
 [16]
l. 437 Writing nonlinear_gyrokinetic_equation.idv[32] (nonlinear_gyrokinetic_eq
uation31x.png)
l. 442 Writing nonlinear_gyrokinetic_equation.idv[33] (nonlinear_gyrokinetic_eq
uation32x.png)
 [17]
l. 470 Writing nonlinear_gyrokinetic_equation.idv[34] (nonlinear_gyrokinetic_eq
uation33x.png)
l. 483 Writing nonlinear_gyrokinetic_equation.idv[35] (nonlinear_gyrokinetic_eq
uation34x.png)
 [18]
l. 506 Writing nonlinear_gyrokinetic_equation.idv[36] (nonlinear_gyrokinetic_eq
uation35x.png)
l. 536 Writing nonlinear_gyrokinetic_equation.idv[37] (nonlinear_gyrokinetic_eq
uation36x.png)
 [19]
l. 546 Writing nonlinear_gyrokinetic_equation.idv[38] (nonlinear_gyrokinetic_eq
uation37x.png)
l. 553 Writing nonlinear_gyrokinetic_equation.idv[39] (nonlinear_gyrokinetic_eq
uation38x.png)
l. 559 Writing nonlinear_gyrokinetic_equation.idv[40] (nonlinear_gyrokinetic_eq
uation39x.png)
 [20]
l. 573 Writing nonlinear_gyrokinetic_equation.idv[41] (nonlinear_gyrokinetic_eq
uation40x.png)
l. 574 Writing nonlinear_gyrokinetic_equation.idv[42] (nonlinear_gyrokinetic_eq
uation41x.png)
l. 578 Writing nonlinear_gyrokinetic_equation.idv[43] (nonlinear_gyrokinetic_eq
uation42x.png)
l. 585 Writing nonlinear_gyrokinetic_equation.idv[44] (nonlinear_gyrokinetic_eq
uation43x.png)
 [21]
l. 591 Writing nonlinear_gyrokinetic_equation.idv[45] (nonlinear_gyrokinetic_eq
uation44x.png)
l. 598 Writing nonlinear_gyrokinetic_equation.idv[46] (nonlinear_gyrokinetic_eq
uation45x.png)
l. 609 Writing nonlinear_gyrokinetic_equation.idv[47] (nonlinear_gyrokinetic_eq
uation46x.png)
 [22]
l. 619 Writing nonlinear_gyrokinetic_equation.idv[48] (nonlinear_gyrokinetic_eq
uation47x.png)
l. 628 Writing nonlinear_gyrokinetic_equation.idv[49] (nonlinear_gyrokinetic_eq
uation48x.png)
l. 632 Writing nonlinear_gyrokinetic_equation.idv[50] (nonlinear_gyrokinetic_eq
uation49x.png)
 [23]
l. 636 Writing nonlinear_gyrokinetic_equation.idv[51] (nonlinear_gyrokinetic_eq
uation50x.png)
l. 642 Writing nonlinear_gyrokinetic_equation.idv[52] (nonlinear_gyrokinetic_eq
uation51x.png)
l. 647 Writing nonlinear_gyrokinetic_equation.idv[53] (nonlinear_gyrokinetic_eq
uation52x.png)

[24]
l. 660 Writing nonlinear_gyrokinetic_equation.idv[54] (nonlinear_gyrokinetic_eq
uation53x.png)
l. 674 Writing nonlinear_gyrokinetic_equation.idv[55] (nonlinear_gyrokinetic_eq
uation54x.png)
 [25]
l. 682 Writing nonlinear_gyrokinetic_equation.idv[56] (nonlinear_gyrokinetic_eq
uation55x.png)
l. 698 Writing nonlinear_gyrokinetic_equation.idv[57] (nonlinear_gyrokinetic_eq
uation56x.png)
 [26]
l. 725 Writing nonlinear_gyrokinetic_equation.idv[58] (nonlinear_gyrokinetic_eq
uation57x.png)
l. 729 Writing nonlinear_gyrokinetic_equation.idv[59] (nonlinear_gyrokinetic_eq
uation58x.png)
l. 735 Writing nonlinear_gyrokinetic_equation.idv[60] (nonlinear_gyrokinetic_eq
uation59x.png)
 [27]
l. 753 Writing nonlinear_gyrokinetic_equation.idv[61] (nonlinear_gyrokinetic_eq
uation60x.png)
l. 765 Writing nonlinear_gyrokinetic_equation.idv[62] (nonlinear_gyrokinetic_eq
uation61x.png)
 [28]
l. 775 Writing nonlinear_gyrokinetic_equation.idv[63] (nonlinear_gyrokinetic_eq
uation62x.png)
l. 786 Writing nonlinear_gyrokinetic_equation.idv[64] (nonlinear_gyrokinetic_eq
uation63x.png)
l. 802 Writing nonlinear_gyrokinetic_equation.idv[65] (nonlinear_gyrokinetic_eq
uation64x.png)
 [29]
l. 818 Writing nonlinear_gyrokinetic_equation.idv[66] (nonlinear_gyrokinetic_eq
uation65x.png)
l. 819 Writing nonlinear_gyrokinetic_equation.idv[67] (nonlinear_gyrokinetic_eq
uation66x.png)
l. 826 Writing nonlinear_gyrokinetic_equation.idv[68] (nonlinear_gyrokinetic_eq
uation67x.png)
l. 830 Writing nonlinear_gyrokinetic_equation.idv[69] (nonlinear_gyrokinetic_eq
uation68x.png)
 [30]
l. 860 Writing nonlinear_gyrokinetic_equation.idv[70] (nonlinear_gyrokinetic_eq
uation69x.png)
l. 874 Writing nonlinear_gyrokinetic_equation.idv[71] (nonlinear_gyrokinetic_eq
uation70x.png)
 [31]
l. 884 Writing nonlinear_gyrokinetic_equation.idv[72] (nonlinear_gyrokinetic_eq
uation71x.png)
l. 888 Writing nonlinear_gyrokinetic_equation.idv[73] (nonlinear_gyrokinetic_eq
uation72x.png)
l. 893 Writing nonlinear_gyrokinetic_equation.idv[74] (nonlinear_gyrokinetic_eq
uation73x.png)
 [32]
l. 910 Writing nonlinear_gyrokinetic_equation.idv[75] (nonlinear_gyrokinetic_eq
uation74x.png)
l. 912 Writing nonlinear_gyrokinetic_equation.idv[76] (nonlinear_gyrokinetic_eq
uation75x.png)
l. 916 Writing nonlinear_gyrokinetic_equation.idv[77] (nonlinear_gyrokinetic_eq
uation76x.png)
 [33]
l. 920 Writing nonlinear_gyrokinetic_equation.idv[78] (nonlinear_gyrokinetic_eq
uation77x.png)
l. 925 Writing nonlinear_gyrokinetic_equation.idv[79] (nonlinear_gyrokinetic_eq
uation78x.png)
l. 933 Writing nonlinear_gyrokinetic_equation.idv[80] (nonlinear_gyrokinetic_eq
uation79x.png)
 [34]
l. 942 Writing nonlinear_gyrokinetic_equation.idv[81] (nonlinear_gyrokinetic_eq
uation80x.png)
l. 948 Writing nonlinear_gyrokinetic_equation.idv[82] (nonlinear_gyrokinetic_eq
uation81x.png)
 [35]
l. 954 Writing nonlinear_gyrokinetic_equation.idv[83] (nonlinear_gyrokinetic_eq
uation82x.png)
l. 959 Writing nonlinear_gyrokinetic_equation.idv[84] (nonlinear_gyrokinetic_eq
uation83x.png)
l. 968 Writing nonlinear_gyrokinetic_equation.idv[85] (nonlinear_gyrokinetic_eq
uation84x.png)
 [36]
l. 972 Writing nonlinear_gyrokinetic_equation.idv[86] (nonlinear_gyrokinetic_eq
uation85x.png)
l. 977 Writing nonlinear_gyrokinetic_equation.idv[87] (nonlinear_gyrokinetic_eq
uation86x.png)
l. 982 Writing nonlinear_gyrokinetic_equation.idv[88] (nonlinear_gyrokinetic_eq
uation87x.png)
l. 988 Writing nonlinear_gyrokinetic_equation.idv[89] (nonlinear_gyrokinetic_eq
uation88x.png)
 [37]
l. 993 Writing nonlinear_gyrokinetic_equation.idv[90] (nonlinear_gyrokinetic_eq
uation89x.png)
l. 1004 Writing nonlinear_gyrokinetic_equation.idv[91] (nonlinear_gyrokinetic_e
quation90x.png)
 [38]
l. 1008 Writing nonlinear_gyrokinetic_equation.idv[92] (nonlinear_gyrokinetic_e
quation91x.png)
l. 1023 Writing nonlinear_gyrokinetic_equation.idv[93] (nonlinear_gyrokinetic_e
quation92x.png)
l. 1028 Writing nonlinear_gyrokinetic_equation.idv[94] (nonlinear_gyrokinetic_e
quation93x.png)

[39]
l. 1036 Writing nonlinear_gyrokinetic_equation.idv[95] (nonlinear_gyrokinetic_e
quation94x.png)
l. 1051 Writing nonlinear_gyrokinetic_equation.idv[96] (nonlinear_gyrokinetic_e
quation95x.png)
l. 1054 Writing nonlinear_gyrokinetic_equation.idv[97] (nonlinear_gyrokinetic_e
quation96x.png)
l. 1061 Writing nonlinear_gyrokinetic_equation.idv[98] (nonlinear_gyrokinetic_e
quation97x.png)
 [40]
l. 1068 Writing nonlinear_gyrokinetic_equation.idv[99] (nonlinear_gyrokinetic_e
quation98x.png)
l. 1075 Writing nonlinear_gyrokinetic_equation.idv[100] (nonlinear_gyrokinetic_
equation99x.png)
l. 1084 Writing nonlinear_gyrokinetic_equation.idv[101] (nonlinear_gyrokinetic_
equation100x.png)
 [41]
l. 1092 Writing nonlinear_gyrokinetic_equation.idv[102] (nonlinear_gyrokinetic_
equation101x.png)
l. 1104 Writing nonlinear_gyrokinetic_equation.idv[103] (nonlinear_gyrokinetic_
equation102x.png)
 [42]
l. 1125 Writing nonlinear_gyrokinetic_equation.idv[104] (nonlinear_gyrokinetic_
equation103x.png)
l. 1132 Writing nonlinear_gyrokinetic_equation.idv[105] (nonlinear_gyrokinetic_
equation104x.png)
l. 1139 Writing nonlinear_gyrokinetic_equation.idv[106] (nonlinear_gyrokinetic_
equation105x.png)
 [43]
l. 1150 Writing nonlinear_gyrokinetic_equation.idv[107] (nonlinear_gyrokinetic_
equation106x.png)
l. 1161 Writing nonlinear_gyrokinetic_equation.idv[108] (nonlinear_gyrokinetic_
equation107x.png)
 [44]
l. 1181 Writing nonlinear_gyrokinetic_equation.idv[109] (nonlinear_gyrokinetic_
equation108x.png)
l. 1185 Writing nonlinear_gyrokinetic_equation.idv[110] (nonlinear_gyrokinetic_
equation109x.png)
l. 1192 Writing nonlinear_gyrokinetic_equation.idv[111] (nonlinear_gyrokinetic_
equation110x.png)
 [45]
l. 1203 Writing nonlinear_gyrokinetic_equation.idv[112] (nonlinear_gyrokinetic_
equation111x.png)
l. 1224 Writing nonlinear_gyrokinetic_equation.idv[113] (nonlinear_gyrokinetic_
equation112x.png)
 [46]
l. 1250 Writing nonlinear_gyrokinetic_equation.idv[114] (nonlinear_gyrokinetic_
equation113x.png)
l. 1285 Writing nonlinear_gyrokinetic_equation.idv[115] (nonlinear_gyrokinetic_
equation114x.png)
 [47]
l. 1291 Writing nonlinear_gyrokinetic_equation.idv[116] (nonlinear_gyrokinetic_
equation115x.png)
l. 1300 Writing nonlinear_gyrokinetic_equation.idv[117] (nonlinear_gyrokinetic_
equation116x.png)
l. 1308 Writing nonlinear_gyrokinetic_equation.idv[118] (nonlinear_gyrokinetic_
equation117x.png)
 [48]
l. 1316 Writing nonlinear_gyrokinetic_equation.idv[119] (nonlinear_gyrokinetic_
equation118x.png)
l. 1325 Writing nonlinear_gyrokinetic_equation.idv[120] (nonlinear_gyrokinetic_
equation119x.png)
l. 1330 Writing nonlinear_gyrokinetic_equation.idv[121] (nonlinear_gyrokinetic_
equation120x.png)
 [49]
l. 1342 Writing nonlinear_gyrokinetic_equation.idv[122] (nonlinear_gyrokinetic_
equation121x.png)
l. 1351 Writing nonlinear_gyrokinetic_equation.idv[123] (nonlinear_gyrokinetic_
equation122x.png)
 [50]
l. 1368 Writing nonlinear_gyrokinetic_equation.idv[124] (nonlinear_gyrokinetic_
equation123x.png)
l. 1375 Writing nonlinear_gyrokinetic_equation.idv[125] (nonlinear_gyrokinetic_
equation124x.png)
 [51]
l. 1391 Writing nonlinear_gyrokinetic_equation.idv[126] (nonlinear_gyrokinetic_
equation125x.png)
l. 1401 Writing nonlinear_gyrokinetic_equation.idv[127] (nonlinear_gyrokinetic_
equation126x.png)
l. 1417 Writing nonlinear_gyrokinetic_equation.idv[128] (nonlinear_gyrokinetic_
equation127x.png)
l. 1420 Writing nonlinear_gyrokinetic_equation.idv[129] (nonlinear_gyrokinetic_
equation128x.png)
 [52]
l. 1429 Writing nonlinear_gyrokinetic_equation.idv[130] (nonlinear_gyrokinetic_
equation129x.png)
l. 1437 Writing nonlinear_gyrokinetic_equation.idv[131] (nonlinear_gyrokinetic_
equation130x.png)
l. 1453 Writing nonlinear_gyrokinetic_equation.idv[132] (nonlinear_gyrokinetic_
equation131x.png)
 [53]
l. 1462 Writing nonlinear_gyrokinetic_equation.idv[133] (nonlinear_gyrokinetic_
equation132x.png)
l. 1488 Writing nonlinear_gyrokinetic_equation.idv[134] (nonlinear_gyrokinetic_
equation133x.png)

[54]
l. 1496 Writing nonlinear_gyrokinetic_equation.idv[135] (nonlinear_gyrokinetic_
equation134x.png)
l. 1510 Writing nonlinear_gyrokinetic_equation.idv[136] (nonlinear_gyrokinetic_
equation135x.png)
l. 1516 Writing nonlinear_gyrokinetic_equation.idv[137] (nonlinear_gyrokinetic_
equation136x.png)
 [55]
l. 1530 Writing nonlinear_gyrokinetic_equation.idv[138] (nonlinear_gyrokinetic_
equation137x.png)
l. 1538 Writing nonlinear_gyrokinetic_equation.idv[139] (nonlinear_gyrokinetic_
equation138x.png)
l. 1549 Writing nonlinear_gyrokinetic_equation.idv[140] (nonlinear_gyrokinetic_
equation139x.png)
 [56]
l. 1561 Writing nonlinear_gyrokinetic_equation.idv[141] (nonlinear_gyrokinetic_
equation140x.png)
l. 1567 Writing nonlinear_gyrokinetic_equation.idv[142] (nonlinear_gyrokinetic_
equation141x.png)
 [57]
l. 1579 Writing nonlinear_gyrokinetic_equation.idv[143] (nonlinear_gyrokinetic_
equation142x.png)
l. 1597 Writing nonlinear_gyrokinetic_equation.idv[144] (nonlinear_gyrokinetic_
equation143x.png)
l. 1608 Writing nonlinear_gyrokinetic_equation.idv[145] (nonlinear_gyrokinetic_
equation144x.png)
 [58]
l. 1616 Writing nonlinear_gyrokinetic_equation.idv[146] (nonlinear_gyrokinetic_
equation145x.png)
l. 1668 Writing nonlinear_gyrokinetic_equation.idv[147] (nonlinear_gyrokinetic_
equation146x.png)
 [59]
l. 1668 Writing nonlinear_gyrokinetic_equation.idv[148] (nonlinear_gyrokinetic_
equation147x.png)
l. 1691 Writing nonlinear_gyrokinetic_equation.idv[149] (nonlinear_gyrokinetic_
equation148x.png)
 [60]
l. 1697 Writing nonlinear_gyrokinetic_equation.idv[150] (nonlinear_gyrokinetic_
equation149x.png)
l. 1721 Writing nonlinear_gyrokinetic_equation.idv[151] (nonlinear_gyrokinetic_
equation150x.png)
 [61]
l. 1741 Writing nonlinear_gyrokinetic_equation.idv[152] (nonlinear_gyrokinetic_
equation151x.png)
l. 1743 Writing nonlinear_gyrokinetic_equation.idv[153] (nonlinear_gyrokinetic_
equation152x.png)
l. 1745 Writing nonlinear_gyrokinetic_equation.idv[154] (nonlinear_gyrokinetic_
equation153x.png)
 [62]
l. 1770 Writing nonlinear_gyrokinetic_equation.idv[155] (nonlinear_gyrokinetic_
equation154x.png)
l. 1779 Writing nonlinear_gyrokinetic_equation.idv[156] (nonlinear_gyrokinetic_
equation155x.png)
l. 1785 Writing nonlinear_gyrokinetic_equation.idv[157] (nonlinear_gyrokinetic_
equation156x.png)
 [63]
l. 1790 Writing nonlinear_gyrokinetic_equation.idv[158] (nonlinear_gyrokinetic_
equation157x.png)
l. 1816 Writing nonlinear_gyrokinetic_equation.idv[159] (nonlinear_gyrokinetic_
equation158x.png)
 [64]
l. 1831 Writing nonlinear_gyrokinetic_equation.idv[160] (nonlinear_gyrokinetic_
equation159x.png)
l. 1842 Writing nonlinear_gyrokinetic_equation.idv[161] (nonlinear_gyrokinetic_
equation160x.png)
l. 1852 Writing nonlinear_gyrokinetic_equation.idv[162] (nonlinear_gyrokinetic_
equation161x.png)
 [65]
l. 1858 Writing nonlinear_gyrokinetic_equation.idv[163] (nonlinear_gyrokinetic_
equation162x.png)
l. 1871 Writing nonlinear_gyrokinetic_equation.idv[164] (nonlinear_gyrokinetic_
equation163x.png)
l. 1893 Writing nonlinear_gyrokinetic_equation.idv[165] (nonlinear_gyrokinetic_
equation164x.png)
 [66]
l. 1915 Writing nonlinear_gyrokinetic_equation.idv[166] (nonlinear_gyrokinetic_
equation165x.png)
l. 1921 Writing nonlinear_gyrokinetic_equation.idv[167] (nonlinear_gyrokinetic_
equation166x.png)
 [67]
l. 1926 Writing nonlinear_gyrokinetic_equation.idv[168] (nonlinear_gyrokinetic_
equation167x.png)
l. 1933 Writing nonlinear_gyrokinetic_equation.idv[169] (nonlinear_gyrokinetic_
equation168x.png)
l. 1948 Writing nonlinear_gyrokinetic_equation.idv[170] (nonlinear_gyrokinetic_
equation169x.png)
 [68]
l. 1971 Writing nonlinear_gyrokinetic_equation.idv[171] (nonlinear_gyrokinetic_
equation170x.png)
l. 1977 Writing nonlinear_gyrokinetic_equation.idv[172] (nonlinear_gyrokinetic_
equation171x.png)
l. 1986 Writing nonlinear_gyrokinetic_equation.idv[173] (nonlinear_gyrokinetic_
equation172x.png)
l. 1988 Writing nonlinear_gyrokinetic_equation.idv[174] (nonlinear_gyrokinetic_
equation173x.png)

[69]
l. 1991 Writing nonlinear_gyrokinetic_equation.idv[175] (nonlinear_gyrokinetic_
equation174x.png)
l. 2006 Writing nonlinear_gyrokinetic_equation.idv[176] (nonlinear_gyrokinetic_
equation175x.png)
 [70]
l. 2012 Writing nonlinear_gyrokinetic_equation.idv[177] (nonlinear_gyrokinetic_
equation176x.png)
l. 2017 Writing nonlinear_gyrokinetic_equation.idv[178] (nonlinear_gyrokinetic_
equation177x.png)
l. 2025 Writing nonlinear_gyrokinetic_equation.idv[179] (nonlinear_gyrokinetic_
equation178x.png)
l. 2026 Writing nonlinear_gyrokinetic_equation.idv[180] (nonlinear_gyrokinetic_
equation179x.png)
l. 2030 Writing nonlinear_gyrokinetic_equation.idv[181] (nonlinear_gyrokinetic_
equation180x.png)
l. 2030 Writing nonlinear_gyrokinetic_equation.idv[182] (nonlinear_gyrokinetic_
equation181x.png)
l. 2031 Writing nonlinear_gyrokinetic_equation.idv[183] (nonlinear_gyrokinetic_
equation182x.png)
l. 2031 Writing nonlinear_gyrokinetic_equation.idv[184] (nonlinear_gyrokinetic_
equation183x.png)
l. 2035 Writing nonlinear_gyrokinetic_equation.idv[185] (nonlinear_gyrokinetic_
equation184x.png)
 [71]
l. 2050 Writing nonlinear_gyrokinetic_equation.idv[186] (nonlinear_gyrokinetic_
equation185x.png)
l. 2056 Writing nonlinear_gyrokinetic_equation.idv[187] (nonlinear_gyrokinetic_
equation186x.png)
l. 2075 Writing nonlinear_gyrokinetic_equation.idv[188] (nonlinear_gyrokinetic_
equation187x.png)
l. 2076 Writing nonlinear_gyrokinetic_equation.idv[189] (nonlinear_gyrokinetic_
equation188x.png)
 [72]
l. 2091 Writing nonlinear_gyrokinetic_equation.idv[190] (nonlinear_gyrokinetic_
equation189x.png)
l. 2114 Writing nonlinear_gyrokinetic_equation.idv[191] (nonlinear_gyrokinetic_
equation190x.png)
 [73]
l. 2124 Writing nonlinear_gyrokinetic_equation.idv[192] (nonlinear_gyrokinetic_
equation191x.png)
l. 2131 Writing nonlinear_gyrokinetic_equation.idv[193] (nonlinear_gyrokinetic_
equation192x.png)
l. 2132 Writing nonlinear_gyrokinetic_equation.idv[194] (nonlinear_gyrokinetic_
equation193x.png)
l. 2138 Writing nonlinear_gyrokinetic_equation.idv[195] (nonlinear_gyrokinetic_
equation194x.png)
 [74]
l. 2145 Writing nonlinear_gyrokinetic_equation.idv[196] (nonlinear_gyrokinetic_
equation195x.png)
l. 2153 Writing nonlinear_gyrokinetic_equation.idv[197] (nonlinear_gyrokinetic_
equation196x.png)
l. 2171 Writing nonlinear_gyrokinetic_equation.idv[198] (nonlinear_gyrokinetic_
equation197x.png)
l. 2172 Writing nonlinear_gyrokinetic_equation.idv[199] (nonlinear_gyrokinetic_
equation198x.png)
l. 2174 Writing nonlinear_gyrokinetic_equation.idv[200] (nonlinear_gyrokinetic_
equation199x.png)
 [75]
l. 2180 Writing nonlinear_gyrokinetic_equation.idv[201] (nonlinear_gyrokinetic_
equation200x.png)
l. 2192 Writing nonlinear_gyrokinetic_equation.idv[202] (nonlinear_gyrokinetic_
equation201x.png)
l. 2192 Writing nonlinear_gyrokinetic_equation.idv[203] (nonlinear_gyrokinetic_
equation202x.png)
l. 2194 Writing nonlinear_gyrokinetic_equation.idv[204] (nonlinear_gyrokinetic_
equation203x.png)
l. 2206 Writing nonlinear_gyrokinetic_equation.idv[205] (nonlinear_gyrokinetic_
equation204x.png)
l. 2206 Writing nonlinear_gyrokinetic_equation.idv[206] (nonlinear_gyrokinetic_
equation205x.png)
l. 2210 Writing nonlinear_gyrokinetic_equation.idv[207] (nonlinear_gyrokinetic_
equation206x.png)
 [76]
l. 2221 Writing nonlinear_gyrokinetic_equation.idv[208] (nonlinear_gyrokinetic_
equation207x.png)
l. 2236 Writing nonlinear_gyrokinetic_equation.idv[209] (nonlinear_gyrokinetic_
equation208x.png)
l. 2249 Writing nonlinear_gyrokinetic_equation.idv[210] (nonlinear_gyrokinetic_
equation209x.png)
 [77]
l. 2262 Writing nonlinear_gyrokinetic_equation.idv[211] (nonlinear_gyrokinetic_
equation210x.png)
l. 2277 Writing nonlinear_gyrokinetic_equation.idv[212] (nonlinear_gyrokinetic_
equation211x.png)
 [78]
l. 2281 Writing nonlinear_gyrokinetic_equation.idv[213] (nonlinear_gyrokinetic_
equation212x.png)
l. 2286 Writing nonlinear_gyrokinetic_equation.idv[214] (nonlinear_gyrokinetic_
equation213x.png)
l. 2302 Writing nonlinear_gyrokinetic_equation.idv[215] (nonlinear_gyrokinetic_
equation214x.png)
 [79]
l. 2316 Writing nonlinear_gyrokinetic_equation.idv[216] (nonlinear_gyrokinetic_
equation215x.png)
l. 2328 Writing nonlinear_gyrokinetic_equation.idv[217] (nonlinear_gyrokinetic_
equation216x.png)
l. 2340 Writing nonlinear_gyrokinetic_equation.idv[218] (nonlinear_gyrokinetic_
equation217x.png)
 [80]
l. 2356 Writing nonlinear_gyrokinetic_equation.idv[219] (nonlinear_gyrokinetic_
equation218x.png)
l. 2374 Writing nonlinear_gyrokinetic_equation.idv[220] (nonlinear_gyrokinetic_
equation219x.png)
 [81]
l. 2378 Writing nonlinear_gyrokinetic_equation.idv[221] (nonlinear_gyrokinetic_
equation220x.png)
l. 2384 Writing nonlinear_gyrokinetic_equation.idv[222] (nonlinear_gyrokinetic_
equation221x.png)
l. 2397 Writing nonlinear_gyrokinetic_equation.idv[223] (nonlinear_gyrokinetic_
equation222x.png)
 [82]
l. 2410 Writing nonlinear_gyrokinetic_equation.idv[224] (nonlinear_gyrokinetic_
equation223x.png)
l. 2420 Writing nonlinear_gyrokinetic_equation.idv[225] (nonlinear_gyrokinetic_
equation224x.png)
l. 2434 Writing nonlinear_gyrokinetic_equation.idv[226] (nonlinear_gyrokinetic_
equation225x.png)
l. 2434 Writing nonlinear_gyrokinetic_equation.idv[227] (nonlinear_gyrokinetic_
equation226x.png)
l. 2434 Writing nonlinear_gyrokinetic_equation.idv[228] (nonlinear_gyrokinetic_
equation227x.png)
l. 2434 Writing nonlinear_gyrokinetic_equation.idv[229] (nonlinear_gyrokinetic_
equation228x.png)
 [83]
l. 2438 Writing nonlinear_gyrokinetic_equation.idv[230] (nonlinear_gyrokinetic_
equation229x.png)
l. 2443 Writing nonlinear_gyrokinetic_equation.idv[231] (nonlinear_gyrokinetic_
equation230x.png)

[84]
l. 2464 Writing nonlinear_gyrokinetic_equation.idv[232] (nonlinear_gyrokinetic_
equation231x.png)
l. 2470 Writing nonlinear_gyrokinetic_equation.idv[233] (nonlinear_gyrokinetic_
equation232x.png)
l. 2488 Writing nonlinear_gyrokinetic_equation.idv[234] (nonlinear_gyrokinetic_
equation233x.png)
l. 2489 Writing nonlinear_gyrokinetic_equation.idv[235] (nonlinear_gyrokinetic_
equation234x.png)
 [85]
l. 2493 Writing nonlinear_gyrokinetic_equation.idv[236] (nonlinear_gyrokinetic_
equation235x.png)
l. 2499 Writing nonlinear_gyrokinetic_equation.idv[237] (nonlinear_gyrokinetic_
equation236x.png)
l. 2504 Writing nonlinear_gyrokinetic_equation.idv[238] (nonlinear_gyrokinetic_
equation237x.png)
l. 2509 Writing nonlinear_gyrokinetic_equation.idv[239] (nonlinear_gyrokinetic_
equation238x.png)
 [86]
l. 2515 Writing nonlinear_gyrokinetic_equation.idv[240] (nonlinear_gyrokinetic_
equation239x.png)
l. 2520 Writing nonlinear_gyrokinetic_equation.idv[241] (nonlinear_gyrokinetic_
equation240x.png)
 [87]
l. 2525 Writing nonlinear_gyrokinetic_equation.idv[242] (nonlinear_gyrokinetic_
equation241x.png)
l. 2529 Writing nonlinear_gyrokinetic_equation.idv[243] (nonlinear_gyrokinetic_
equation242x.png)
l. 2537 Writing nonlinear_gyrokinetic_equation.idv[244] (nonlinear_gyrokinetic_
equation243x.png)
l. 2552 Writing nonlinear_gyrokinetic_equation.idv[245] (nonlinear_gyrokinetic_
equation244x.png)
 [88]
l. 2554 Writing nonlinear_gyrokinetic_equation.idv[246] (nonlinear_gyrokinetic_
equation245x.png)
l. 2560 Writing nonlinear_gyrokinetic_equation.idv[247] (nonlinear_gyrokinetic_
equation246x.png)
l. 2563 Writing nonlinear_gyrokinetic_equation.idv[248] (nonlinear_gyrokinetic_
equation247x.png)
 [89]
l. 2566 Writing nonlinear_gyrokinetic_equation.idv[249] (nonlinear_gyrokinetic_
equation248x.png)
l. 2571 Writing nonlinear_gyrokinetic_equation.idv[250] (nonlinear_gyrokinetic_
equation249x.png)
l. 2578 Writing nonlinear_gyrokinetic_equation.idv[251] (nonlinear_gyrokinetic_
equation250x.png)
 [90]
l. 2594 Writing nonlinear_gyrokinetic_equation.idv[252] (nonlinear_gyrokinetic_
equation251x.png)
l. 2627 Writing nonlinear_gyrokinetic_equation.idv[253] (nonlinear_gyrokinetic_
equation252x.png)
 [91]
l. 2662 Writing nonlinear_gyrokinetic_equation.idv[254] (nonlinear_gyrokinetic_
equation253x.png)
 [92]
l. 2679 Writing nonlinear_gyrokinetic_equation.idv[255] (nonlinear_gyrokinetic_
equation254x.png)
l. 2691 Writing nonlinear_gyrokinetic_equation.idv[256] (nonlinear_gyrokinetic_
equation255x.png)
l. 2697 Writing nonlinear_gyrokinetic_equation.idv[257] (nonlinear_gyrokinetic_
equation256x.png)
 [93]
l. 2709 Writing nonlinear_gyrokinetic_equation.idv[258] (nonlinear_gyrokinetic_
equation257x.png)
l. 2721 Writing nonlinear_gyrokinetic_equation.idv[259] (nonlinear_gyrokinetic_
equation258x.png)
l. 2726 Writing nonlinear_gyrokinetic_equation.idv[260] (nonlinear_gyrokinetic_
equation259x.png)
 [94]
l. 2738 Writing nonlinear_gyrokinetic_equation.idv[261] (nonlinear_gyrokinetic_
equation260x.png)
l. 2748 Writing nonlinear_gyrokinetic_equation.idv[262] (nonlinear_gyrokinetic_
equation261x.png)
 [95]
l. 2758 Writing nonlinear_gyrokinetic_equation.idv[263] (nonlinear_gyrokinetic_
equation262x.png)
l. 2764 Writing nonlinear_gyrokinetic_equation.idv[264] (nonlinear_gyrokinetic_
equation263x.png)
l. 2773 Writing nonlinear_gyrokinetic_equation.idv[265] (nonlinear_gyrokinetic_
equation264x.png)
 [96]
l. 2787 Writing nonlinear_gyrokinetic_equation.idv[266] (nonlinear_gyrokinetic_
equation265x.png)
l. 2801 Writing nonlinear_gyrokinetic_equation.idv[267] (nonlinear_gyrokinetic_
equation266x.png)
 [97]
l. 2809 Writing nonlinear_gyrokinetic_equation.idv[268] (nonlinear_gyrokinetic_
equation267x.png)
 [98]
l. 2865 Writing nonlinear_gyrokinetic_equation.idv[269] (nonlinear_gyrokinetic_
equation268x.png)
l. 2875 Writing nonlinear_gyrokinetic_equation.idv[270] (nonlinear_gyrokinetic_
equation269x.png)

[99]
l. 2884 Writing nonlinear_gyrokinetic_equation.idv[271] (nonlinear_gyrokinetic_
equation270x.png)
l. 2892 Writing nonlinear_gyrokinetic_equation.idv[272] (nonlinear_gyrokinetic_
equation271x.png)
l. 2899 Writing nonlinear_gyrokinetic_equation.idv[273] (nonlinear_gyrokinetic_
equation272x.png)
l. 2915 Writing nonlinear_gyrokinetic_equation.idv[274] (nonlinear_gyrokinetic_
equation273x.png)
l. 2916 Writing nonlinear_gyrokinetic_equation.idv[275] (nonlinear_gyrokinetic_
equation274x.png)
l. 2917 Writing nonlinear_gyrokinetic_equation.idv[276] (nonlinear_gyrokinetic_
equation275x.png)
l. 2918 Writing nonlinear_gyrokinetic_equation.idv[277] (nonlinear_gyrokinetic_
equation276x.png)
l. 2919 Writing nonlinear_gyrokinetic_equation.idv[278] (nonlinear_gyrokinetic_
equation277x.png)
l. 2920 Writing nonlinear_gyrokinetic_equation.idv[279] (nonlinear_gyrokinetic_
equation278x.png)
 [100]
l. 2923 Writing nonlinear_gyrokinetic_equation.idv[280] (nonlinear_gyrokinetic_
equation279x.png)
l. 2935 Writing nonlinear_gyrokinetic_equation.idv[281] (nonlinear_gyrokinetic_
equation280x.png)
l. 2947 Writing nonlinear_gyrokinetic_equation.idv[282] (nonlinear_gyrokinetic_
equation281x.png)
 [101]
l. 2959 Writing nonlinear_gyrokinetic_equation.idv[283] (nonlinear_gyrokinetic_
equation282x.png)
l. 2961 Writing nonlinear_gyrokinetic_equation.idv[284] (nonlinear_gyrokinetic_
equation283x.png)
l. 2969 Writing nonlinear_gyrokinetic_equation.idv[285] (nonlinear_gyrokinetic_
equation284x.png)
l. 2980 Writing nonlinear_gyrokinetic_equation.idv[286] (nonlinear_gyrokinetic_
equation285x.png)
 [102]
l. 2981 Writing nonlinear_gyrokinetic_equation.idv[287] (nonlinear_gyrokinetic_
equation286x.png)
l. 2994 Writing nonlinear_gyrokinetic_equation.idv[288] (nonlinear_gyrokinetic_
equation287x.png)
l. 3008 Writing nonlinear_gyrokinetic_equation.idv[289] (nonlinear_gyrokinetic_
equation288x.png)
l. 3015 Writing nonlinear_gyrokinetic_equation.idv[290] (nonlinear_gyrokinetic_
equation289x.png)
 [103]
l. 3037 Writing nonlinear_gyrokinetic_equation.idv[291] (nonlinear_gyrokinetic_
equation290x.png)
l. 3043 Writing nonlinear_gyrokinetic_equation.idv[292] (nonlinear_gyrokinetic_
equation291x.png)
l. 3044 Writing nonlinear_gyrokinetic_equation.idv[293] (nonlinear_gyrokinetic_
equation292x.png)
 [104]
LaTeX Font Info:    Font shape `OT1/cmtt/bx/n' in size <10> not available
(Font)              Font shape `OT1/cmtt/m/n' tried instead on input line 3058.

l. 3062 Writing nonlinear_gyrokinetic_equation.idv[294] (nonlinear_gyrokinetic_
equation293x.png)
l. 3078 Writing nonlinear_gyrokinetic_equation.idv[295] (nonlinear_gyrokinetic_
equation294x.png)
l. 3084 Writing nonlinear_gyrokinetic_equation.idv[296] (nonlinear_gyrokinetic_
equation295x.png)
 [105]
l. 3094 Writing nonlinear_gyrokinetic_equation.idv[297] (nonlinear_gyrokinetic_
equation296x.png)
l. 3100 Writing nonlinear_gyrokinetic_equation.idv[298] (nonlinear_gyrokinetic_
equation297x.png)
 [106]
l. 3105 Writing nonlinear_gyrokinetic_equation.idv[299] (nonlinear_gyrokinetic_
equation298x.png)
l. 3116 Writing nonlinear_gyrokinetic_equation.idv[300] (nonlinear_gyrokinetic_
equation299x.png)
l. 3124 Writing nonlinear_gyrokinetic_equation.idv[301] (nonlinear_gyrokinetic_
equation300x.png)
 [107]
l. 3130 Writing nonlinear_gyrokinetic_equation.idv[302] (nonlinear_gyrokinetic_
equation301x.png)
l. 3134 Writing nonlinear_gyrokinetic_equation.idv[303] (nonlinear_gyrokinetic_
equation302x.png)
l. 3146 Writing nonlinear_gyrokinetic_equation.idv[304] (nonlinear_gyrokinetic_
equation303x.png)
 [108] [109] [110

]
l. 3153 --- needs --- my_figure/home/yj/theory/figures/pade/p.png ---
 [111

]
l. 3161 Writing nonlinear_gyrokinetic_equation.idv[305] (nonlinear_gyrokinetic_
equation304x.png)
l. 3174 Writing nonlinear_gyrokinetic_equation.idv[306] (nonlinear_gyrokinetic_
equation305x.png)
l. 3181 Writing nonlinear_gyrokinetic_equation.idv[307] (nonlinear_gyrokinetic_
equation306x.png)

[112

]
l. 3207 Writing nonlinear_gyrokinetic_equation.idv[308] (nonlinear_gyrokinetic_
equation307x.png)
l. 3213 Writing nonlinear_gyrokinetic_equation.idv[309] (nonlinear_gyrokinetic_
equation308x.png)
 [113]
l. 3218 Writing nonlinear_gyrokinetic_equation.idv[310] (nonlinear_gyrokinetic_
equation309x.png)
l. 3222 Writing nonlinear_gyrokinetic_equation.idv[311] (nonlinear_gyrokinetic_
equation310x.png)
l. 3223 Writing nonlinear_gyrokinetic_equation.idv[312] (nonlinear_gyrokinetic_
equation311x.png)
l. 3224 Writing nonlinear_gyrokinetic_equation.idv[313] (nonlinear_gyrokinetic_
equation312x.png)
l. 3224 Writing nonlinear_gyrokinetic_equation.idv[314] (nonlinear_gyrokinetic_
equation313x.png)
l. 3225 Writing nonlinear_gyrokinetic_equation.idv[315] (nonlinear_gyrokinetic_
equation314x.png)
l. 3226 Writing nonlinear_gyrokinetic_equation.idv[316] (nonlinear_gyrokinetic_
equation315x.png)
l. 3231 Writing nonlinear_gyrokinetic_equation.idv[317] (nonlinear_gyrokinetic_
equation316x.png)
 [114]
l. 3238 Writing nonlinear_gyrokinetic_equation.idv[318] (nonlinear_gyrokinetic_
equation317x.png)
l. 3245 Writing nonlinear_gyrokinetic_equation.idv[319] (nonlinear_gyrokinetic_
equation318x.png)
l. 3252 Writing nonlinear_gyrokinetic_equation.idv[320] (nonlinear_gyrokinetic_
equation319x.png)
 [115]
l. 3278 Writing nonlinear_gyrokinetic_equation.idv[321] (nonlinear_gyrokinetic_
equation320x.png)
l. 3284 Writing nonlinear_gyrokinetic_equation.idv[322] (nonlinear_gyrokinetic_
equation321x.png)
 [116]
l. 3292 Writing nonlinear_gyrokinetic_equation.idv[323] (nonlinear_gyrokinetic_
equation322x.png)
l. 3298 Writing nonlinear_gyrokinetic_equation.idv[324] (nonlinear_gyrokinetic_
equation323x.png)
 [117]
l. 3308 Writing nonlinear_gyrokinetic_equation.idv[325] (nonlinear_gyrokinetic_
equation324x.png)
l. 3318 Writing nonlinear_gyrokinetic_equation.idv[326] (nonlinear_gyrokinetic_
equation325x.png)
l. 3323 Writing nonlinear_gyrokinetic_equation.idv[327] (nonlinear_gyrokinetic_
equation326x.png)
l. 3329 Writing nonlinear_gyrokinetic_equation.idv[328] (nonlinear_gyrokinetic_
equation327x.png)
 [118]
l. 3351 Writing nonlinear_gyrokinetic_equation.idv[329] (nonlinear_gyrokinetic_
equation328x.png)
 [119]
l. 3382 Writing nonlinear_gyrokinetic_equation.idv[330] (nonlinear_gyrokinetic_
equation329x.png)
l. 3390 Writing nonlinear_gyrokinetic_equation.idv[331] (nonlinear_gyrokinetic_
equation330x.png)
l. 3402 Writing nonlinear_gyrokinetic_equation.idv[332] (nonlinear_gyrokinetic_
equation331x.png)
 [120] [121] [122

]

LaTeX Warning: File `../figures/double_gyro/p-1.pdf' not found on input line 34
19.

l.3419 --- TeX4ht warning --- File `"../figures/double_gyro/p-1.xbb"' not found
 ---
l.3419 --- TeX4ht warning --- Cannot determine size of graphic in "../figures/d
ouble_gyro/p-1.xbb" (no BoundingBox) ---
l. 3419 --- needs --- ../figures/double_gyro/p-1-.png ---
[123

]
l. 3437 Writing nonlinear_gyrokinetic_equation.idv[333] (nonlinear_gyrokinetic_
equation332x.png)
l. 3448 Writing nonlinear_gyrokinetic_equation.idv[334] (nonlinear_gyrokinetic_
equation333x.png)
l. 3462 Writing nonlinear_gyrokinetic_equation.idv[335] (nonlinear_gyrokinetic_
equation334x.png)
 [124

]
l. 3463 Writing nonlinear_gyrokinetic_equation.idv[336] (nonlinear_gyrokinetic_
equation335x.png)
l. 3472 Writing nonlinear_gyrokinetic_equation.idv[337] (nonlinear_gyrokinetic_
equation336x.png)
l. 3476 Writing nonlinear_gyrokinetic_equation.idv[338] (nonlinear_gyrokinetic_
equation337x.png)
l. 3477 Writing nonlinear_gyrokinetic_equation.idv[339] (nonlinear_gyrokinetic_
equation338x.png)
 [125]
l. 3496 Writing nonlinear_gyrokinetic_equation.idv[340] (nonlinear_gyrokinetic_
equation339x.png)
l. 3506 Writing nonlinear_gyrokinetic_equation.idv[341] (nonlinear_gyrokinetic_
equation340x.png)
 [126]
l. 3513 Writing nonlinear_gyrokinetic_equation.idv[342] (nonlinear_gyrokinetic_
equation341x.png)
l. 3529 Writing nonlinear_gyrokinetic_equation.idv[343] (nonlinear_gyrokinetic_
equation342x.png)
l. 3540 Writing nonlinear_gyrokinetic_equation.idv[344] (nonlinear_gyrokinetic_
equation343x.png)
 [127]
l. 3551 Writing nonlinear_gyrokinetic_equation.idv[345] (nonlinear_gyrokinetic_
equation344x.png)
l. 3567 Writing nonlinear_gyrokinetic_equation.idv[346] (nonlinear_gyrokinetic_
equation345x.png)
 [128]
l. 3578 Writing nonlinear_gyrokinetic_equation.idv[347] (nonlinear_gyrokinetic_
equation346x.png)
l. 3584 Writing nonlinear_gyrokinetic_equation.idv[348] (nonlinear_gyrokinetic_
equation347x.png)
l. 3590 Writing nonlinear_gyrokinetic_equation.idv[349] (nonlinear_gyrokinetic_
equation348x.png)
 [129]
l. 3597 Writing nonlinear_gyrokinetic_equation.idv[350] (nonlinear_gyrokinetic_
equation349x.png)
l. 3609 Writing nonlinear_gyrokinetic_equation.idv[351] (nonlinear_gyrokinetic_
equation350x.png)
 [130]
l. 3624 Writing nonlinear_gyrokinetic_equation.idv[352] (nonlinear_gyrokinetic_
equation351x.png)
l. 3640 Writing nonlinear_gyrokinetic_equation.idv[353] (nonlinear_gyrokinetic_
equation352x.png)
l. 3644 Writing nonlinear_gyrokinetic_equation.idv[354] (nonlinear_gyrokinetic_
equation353x.png)
 [131]
l. 3647 Writing nonlinear_gyrokinetic_equation.idv[355] (nonlinear_gyrokinetic_
equation354x.png)
l. 3656 Writing nonlinear_gyrokinetic_equation.idv[356] (nonlinear_gyrokinetic_
equation355x.png)
 [132]
l. 3662 Writing nonlinear_gyrokinetic_equation.idv[357] (nonlinear_gyrokinetic_
equation356x.png)
l. 3667 Writing nonlinear_gyrokinetic_equation.idv[358] (nonlinear_gyrokinetic_
equation357x.png)
l. 3677 Writing nonlinear_gyrokinetic_equation.idv[359] (nonlinear_gyrokinetic_
equation358x.png)
l. 3681 Writing nonlinear_gyrokinetic_equation.idv[360] (nonlinear_gyrokinetic_
equation359x.png)
 [133]
l. 3686 Writing nonlinear_gyrokinetic_equation.idv[361] (nonlinear_gyrokinetic_
equation360x.png)
l. 3691 Writing nonlinear_gyrokinetic_equation.idv[362] (nonlinear_gyrokinetic_
equation361x.png)
l. 3701 Writing nonlinear_gyrokinetic_equation.idv[363] (nonlinear_gyrokinetic_
equation362x.png)
 [134]
l. 3707 Writing nonlinear_gyrokinetic_equation.idv[364] (nonlinear_gyrokinetic_
equation363x.png)
l. 3711 Writing nonlinear_gyrokinetic_equation.idv[365] (nonlinear_gyrokinetic_
equation364x.png)
l. 3715 Writing nonlinear_gyrokinetic_equation.idv[366] (nonlinear_gyrokinetic_
equation365x.png)

[135]
l. 3731 Writing nonlinear_gyrokinetic_equation.idv[367] (nonlinear_gyrokinetic_
equation366x.png)
l. 3751 Writing nonlinear_gyrokinetic_equation.idv[368] (nonlinear_gyrokinetic_
equation367x.png)
 [136]
l. 3764 Writing nonlinear_gyrokinetic_equation.idv[369] (nonlinear_gyrokinetic_
equation368x.png)
l. 3778 Writing nonlinear_gyrokinetic_equation.idv[370] (nonlinear_gyrokinetic_
equation369x.png)
 [137]
l. 3790 Writing nonlinear_gyrokinetic_equation.idv[371] (nonlinear_gyrokinetic_
equation370x.png)
l. 3797 Writing nonlinear_gyrokinetic_equation.idv[372] (nonlinear_gyrokinetic_
equation371x.png)
l. 3807 Writing nonlinear_gyrokinetic_equation.idv[373] (nonlinear_gyrokinetic_
equation372x.png)
 [138]
l. 3815 Writing nonlinear_gyrokinetic_equation.idv[374] (nonlinear_gyrokinetic_
equation373x.png)
l. 3820 Writing nonlinear_gyrokinetic_equation.idv[375] (nonlinear_gyrokinetic_
equation374x.png)
l. 3828 Writing nonlinear_gyrokinetic_equation.idv[376] (nonlinear_gyrokinetic_
equation375x.png)
 [139]
l. 3835 Writing nonlinear_gyrokinetic_equation.idv[377] (nonlinear_gyrokinetic_
equation376x.png)
l. 3854 Writing nonlinear_gyrokinetic_equation.idv[378] (nonlinear_gyrokinetic_
equation377x.png)
l. 3864 Writing nonlinear_gyrokinetic_equation.idv[379] (nonlinear_gyrokinetic_
equation378x.png)
 [140]
l. 3875 Writing nonlinear_gyrokinetic_equation.idv[380] (nonlinear_gyrokinetic_
equation379x.png)
l. 3887 Writing nonlinear_gyrokinetic_equation.idv[381] (nonlinear_gyrokinetic_
equation380x.png)
l. 3893 Writing nonlinear_gyrokinetic_equation.idv[382] (nonlinear_gyrokinetic_
equation381x.png)
 [141]
l. 3907 Writing nonlinear_gyrokinetic_equation.idv[383] (nonlinear_gyrokinetic_
equation382x.png)
l. 3913 Writing nonlinear_gyrokinetic_equation.idv[384] (nonlinear_gyrokinetic_
equation383x.png)
 [142]
l. 3926 Writing nonlinear_gyrokinetic_equation.idv[385] (nonlinear_gyrokinetic_
equation384x.png)
l. 3943 Writing nonlinear_gyrokinetic_equation.idv[386] (nonlinear_gyrokinetic_
equation385x.png)
l. 3961 Writing nonlinear_gyrokinetic_equation.idv[387] (nonlinear_gyrokinetic_
equation386x.png)
 [143]
l. 3979 Writing nonlinear_gyrokinetic_equation.idv[388] (nonlinear_gyrokinetic_
equation387x.png)
l. 4003 Writing nonlinear_gyrokinetic_equation.idv[389] (nonlinear_gyrokinetic_
equation388x.png)
 [144]
l. 4012 Writing nonlinear_gyrokinetic_equation.idv[390] (nonlinear_gyrokinetic_
equation389x.png)
l. 4026 Writing nonlinear_gyrokinetic_equation.idv[391] (nonlinear_gyrokinetic_
equation390x.png)
l. 4036 Writing nonlinear_gyrokinetic_equation.idv[392] (nonlinear_gyrokinetic_
equation391x.png)
 [145]
l. 4054 Writing nonlinear_gyrokinetic_equation.idv[393] (nonlinear_gyrokinetic_
equation392x.png)
l. 4090 Writing nonlinear_gyrokinetic_equation.idv[394] (nonlinear_gyrokinetic_
equation393x.png)
 [146]
l. 4115 Writing nonlinear_gyrokinetic_equation.idv[395] (nonlinear_gyrokinetic_
equation394x.png)
l. 4133 Writing nonlinear_gyrokinetic_equation.idv[396] (nonlinear_gyrokinetic_
equation395x.png)

[147]
l. 4141 Writing nonlinear_gyrokinetic_equation.idv[397] (nonlinear_gyrokinetic_
equation396x.png)
l. 4164 Writing nonlinear_gyrokinetic_equation.idv[398] (nonlinear_gyrokinetic_
equation397x.png)
 [148]
l. 4185 Writing nonlinear_gyrokinetic_equation.idv[399] (nonlinear_gyrokinetic_
equation398x.png)
l. 4202 Writing nonlinear_gyrokinetic_equation.idv[400] (nonlinear_gyrokinetic_
equation399x.png)
l. 4218 Writing nonlinear_gyrokinetic_equation.idv[401] (nonlinear_gyrokinetic_
equation400x.png)
l. 4219 Writing nonlinear_gyrokinetic_equation.idv[402] (nonlinear_gyrokinetic_
equation401x.png)
 [149]
l. 4223 Writing nonlinear_gyrokinetic_equation.idv[403] (nonlinear_gyrokinetic_
equation402x.png)
l. 4229 Writing nonlinear_gyrokinetic_equation.idv[404] (nonlinear_gyrokinetic_
equation403x.png)
l. 4236 Writing nonlinear_gyrokinetic_equation.idv[405] (nonlinear_gyrokinetic_
equation404x.png)
 [150]
l. 4258 Writing nonlinear_gyrokinetic_equation.idv[406] (nonlinear_gyrokinetic_
equation405x.png)
 [151] [152] [153

]
l.4305 --- TeX4ht warning --- File `"/home/yj/theory/figures/my_grids_and_gem_g
rids/poloidal_grids/a-1.xbb"' not found ---
l.4305 --- TeX4ht warning --- Cannot determine size of graphic in "/home/yj/the
ory/figures/my_grids_and_gem_grids/poloidal_grids/a-1.xbb" (no BoundingBox) ---

l. 4305 --- needs --- /home/yj/theory/figures/my_grids_and_gem_grids/poloidal_g
rids/a-1-.png ---
[154

] [155

] [156

]
l. 4351 --- needs --- my_figure/home/yj/theory/figures/my_grids_and_gem_grids/t
oroidal_grids/a-1.png ---
 [157

] [158

] [159

]
l. 4366 --- needs --- my_figure/home/yj/theory/figures/my_grids_and_gem_grids/r
adial_grids/a-1.png ---
 [160

] [161

]
l. 4509 Writing nonlinear_gyrokinetic_equation.idv[407] (nonlinear_gyrokinetic_
equation406x.png)
 [162]
l. 4518 Writing nonlinear_gyrokinetic_equation.idv[408] (nonlinear_gyrokinetic_
equation407x.png)
l. 4527 Writing nonlinear_gyrokinetic_equation.idv[409] (nonlinear_gyrokinetic_
equation408x.png)
 [163]
l. 4534 Writing nonlinear_gyrokinetic_equation.idv[410] (nonlinear_gyrokinetic_
equation409x.png)
l. 4542 Writing nonlinear_gyrokinetic_equation.idv[411] (nonlinear_gyrokinetic_
equation410x.png)
l. 4562 Writing nonlinear_gyrokinetic_equation.idv[412] (nonlinear_gyrokinetic_
equation411x.png)
 [164] [165]
[166

]
l. 4592 --- needs --- my_figure/home/yj/theory/figures/grids_cells/grids-3.png 
---
 [167

] [168

]
l. 4691 Writing nonlinear_gyrokinetic_equation.idv[413] (nonlinear_gyrokinetic_
equation412x.png)
l. 4701 Writing nonlinear_gyrokinetic_equation.idv[414] (nonlinear_gyrokinetic_
equation413x.png)
l. 4713 Writing nonlinear_gyrokinetic_equation.idv[415] (nonlinear_gyrokinetic_
equation414x.png)
 [169]
l. 4726 Writing nonlinear_gyrokinetic_equation.idv[416] (nonlinear_gyrokinetic_
equation415x.png)
l. 4737 Writing nonlinear_gyrokinetic_equation.idv[417] (nonlinear_gyrokinetic_
equation416x.png)
 [170]
l. 4752 Writing nonlinear_gyrokinetic_equation.idv[418] (nonlinear_gyrokinetic_
equation417x.png)
l. 4774 Writing nonlinear_gyrokinetic_equation.idv[419] (nonlinear_gyrokinetic_
equation418x.png)
 [171]
l. 4782 Writing nonlinear_gyrokinetic_equation.idv[420] (nonlinear_gyrokinetic_
equation419x.png)
l. 4790 Writing nonlinear_gyrokinetic_equation.idv[421] (nonlinear_gyrokinetic_
equation420x.png)
 [172]
l. 4796 Writing nonlinear_gyrokinetic_equation.idv[422] (nonlinear_gyrokinetic_
equation421x.png)
l. 4802 Writing nonlinear_gyrokinetic_equation.idv[423] (nonlinear_gyrokinetic_
equation422x.png)
l. 4810 Writing nonlinear_gyrokinetic_equation.idv[424] (nonlinear_gyrokinetic_
equation423x.png)
l. 4816 Writing nonlinear_gyrokinetic_equation.idv[425] (nonlinear_gyrokinetic_
equation424x.png)
l. 4826 Writing nonlinear_gyrokinetic_equation.idv[426] (nonlinear_gyrokinetic_
equation425x.png)
 [173]
l. 4833 Writing nonlinear_gyrokinetic_equation.idv[427] (nonlinear_gyrokinetic_
equation426x.png)
l. 4837 Writing nonlinear_gyrokinetic_equation.idv[428] (nonlinear_gyrokinetic_
equation427x.png)
l. 4837 Writing nonlinear_gyrokinetic_equation.idv[429] (nonlinear_gyrokinetic_
equation428x.png)
l. 4840 Writing nonlinear_gyrokinetic_equation.idv[430] (nonlinear_gyrokinetic_
equation429x.png)
 [174]
l. 4845 Writing nonlinear_gyrokinetic_equation.idv[431] (nonlinear_gyrokinetic_
equation430x.png)
l. 4855 Writing nonlinear_gyrokinetic_equation.idv[432] (nonlinear_gyrokinetic_
equation431x.png)
l. 4879 Writing nonlinear_gyrokinetic_equation.idv[433] (nonlinear_gyrokinetic_
equation432x.png)
 [175]
l. 4900 Writing nonlinear_gyrokinetic_equation.idv[434] (nonlinear_gyrokinetic_
equation433x.png)
l. 4910 Writing nonlinear_gyrokinetic_equation.idv[435] (nonlinear_gyrokinetic_
equation434x.png)
 [176]
l. 4923 Writing nonlinear_gyrokinetic_equation.idv[436] (nonlinear_gyrokinetic_
equation435x.png)
l. 4935 Writing nonlinear_gyrokinetic_equation.idv[437] (nonlinear_gyrokinetic_
equation436x.png)
l. 4951 Writing nonlinear_gyrokinetic_equation.idv[438] (nonlinear_gyrokinetic_
equation437x.png)
 [177]
l. 4973 Writing nonlinear_gyrokinetic_equation.idv[439] (nonlinear_gyrokinetic_
equation438x.png)
l. 4986 Writing nonlinear_gyrokinetic_equation.idv[440] (nonlinear_gyrokinetic_
equation439x.png)

[178]
l. 5004 Writing nonlinear_gyrokinetic_equation.idv[441] (nonlinear_gyrokinetic_
equation440x.png)
l. 5024 Writing nonlinear_gyrokinetic_equation.idv[442] (nonlinear_gyrokinetic_
equation441x.png)
 [179]
l. 5030 Writing nonlinear_gyrokinetic_equation.idv[443] (nonlinear_gyrokinetic_
equation442x.png)
l. 5030 Writing nonlinear_gyrokinetic_equation.idv[444] (nonlinear_gyrokinetic_
equation443x.png)
l. 5035 Writing nonlinear_gyrokinetic_equation.idv[445] (nonlinear_gyrokinetic_
equation444x.png)
l. 5037 Writing nonlinear_gyrokinetic_equation.idv[446] (nonlinear_gyrokinetic_
equation445x.png)
l. 5037 Writing nonlinear_gyrokinetic_equation.idv[447] (nonlinear_gyrokinetic_
equation446x.png)
l. 5041 Writing nonlinear_gyrokinetic_equation.idv[448] (nonlinear_gyrokinetic_
equation447x.png)
l. 5050 Writing nonlinear_gyrokinetic_equation.idv[449] (nonlinear_gyrokinetic_
equation448x.png)
 [180]
l. 5057 Writing nonlinear_gyrokinetic_equation.idv[450] (nonlinear_gyrokinetic_
equation449x.png)
l. 5061 Writing nonlinear_gyrokinetic_equation.idv[451] (nonlinear_gyrokinetic_
equation450x.png)
l. 5068 Writing nonlinear_gyrokinetic_equation.idv[452] (nonlinear_gyrokinetic_
equation451x.png)
 [181]
l. 5079 Writing nonlinear_gyrokinetic_equation.idv[453] (nonlinear_gyrokinetic_
equation452x.png)
l. 5085 Writing nonlinear_gyrokinetic_equation.idv[454] (nonlinear_gyrokinetic_
equation453x.png)
l. 5109 Writing nonlinear_gyrokinetic_equation.idv[455] (nonlinear_gyrokinetic_
equation454x.png)
 [182]
l. 5141 Writing nonlinear_gyrokinetic_equation.idv[456] (nonlinear_gyrokinetic_
equation455x.png)
 [183]
l. 5157 Writing nonlinear_gyrokinetic_equation.idv[457] (nonlinear_gyrokinetic_
equation456x.png)
l. 5170 Writing nonlinear_gyrokinetic_equation.idv[458] (nonlinear_gyrokinetic_
equation457x.png)
 [184]
l. 5197 Writing nonlinear_gyrokinetic_equation.idv[459] (nonlinear_gyrokinetic_
equation458x.png)
l. 5200 Writing nonlinear_gyrokinetic_equation.idv[460] (nonlinear_gyrokinetic_
equation459x.png)
l. 5204 Writing nonlinear_gyrokinetic_equation.idv[461] (nonlinear_gyrokinetic_
equation460x.png)
 [185]
l. 5209 Writing nonlinear_gyrokinetic_equation.idv[462] (nonlinear_gyrokinetic_
equation461x.png)
l. 5222 Writing nonlinear_gyrokinetic_equation.idv[463] (nonlinear_gyrokinetic_
equation462x.png)
l. 5234 Writing nonlinear_gyrokinetic_equation.idv[464] (nonlinear_gyrokinetic_
equation463x.png)
 [186]
l. 5254 Writing nonlinear_gyrokinetic_equation.idv[465] (nonlinear_gyrokinetic_
equation464x.png)
l. 5276 Writing nonlinear_gyrokinetic_equation.idv[466] (nonlinear_gyrokinetic_
equation465x.png)
 [187]
l. 5284 Writing nonlinear_gyrokinetic_equation.idv[467] (nonlinear_gyrokinetic_
equation466x.png)
l. 5300 Writing nonlinear_gyrokinetic_equation.idv[468] (nonlinear_gyrokinetic_
equation467x.png)
 [188]
l. 5322 Writing nonlinear_gyrokinetic_equation.idv[469] (nonlinear_gyrokinetic_
equation468x.png)
l. 5336 Writing nonlinear_gyrokinetic_equation.idv[470] (nonlinear_gyrokinetic_
equation469x.png)
l. 5350 Writing nonlinear_gyrokinetic_equation.idv[471] (nonlinear_gyrokinetic_
equation470x.png)
l. 5363 Writing nonlinear_gyrokinetic_equation.idv[472] (nonlinear_gyrokinetic_
equation471x.png)
 [189]
l. 5366 Writing nonlinear_gyrokinetic_equation.idv[473] (nonlinear_gyrokinetic_
equation472x.png)
l. 5383 Writing nonlinear_gyrokinetic_equation.idv[474] (nonlinear_gyrokinetic_
equation473x.png)

[190]
l. 5388 Writing nonlinear_gyrokinetic_equation.idv[475] (nonlinear_gyrokinetic_
equation474x.png)
l. 5392 Writing nonlinear_gyrokinetic_equation.idv[476] (nonlinear_gyrokinetic_
equation475x.png)
l. 5393 Writing nonlinear_gyrokinetic_equation.idv[477] (nonlinear_gyrokinetic_
equation476x.png)
l. 5397 Writing nonlinear_gyrokinetic_equation.idv[478] (nonlinear_gyrokinetic_
equation477x.png)
 [191]
l. 5419 Writing nonlinear_gyrokinetic_equation.idv[479] (nonlinear_gyrokinetic_
equation478x.png)
l. 5433 Writing nonlinear_gyrokinetic_equation.idv[480] (nonlinear_gyrokinetic_
equation479x.png)
l. 5439 Writing nonlinear_gyrokinetic_equation.idv[481] (nonlinear_gyrokinetic_
equation480x.png)
 [192]
l. 5443 Writing nonlinear_gyrokinetic_equation.idv[482] (nonlinear_gyrokinetic_
equation481x.png)
l. 5461 Writing nonlinear_gyrokinetic_equation.idv[483] (nonlinear_gyrokinetic_
equation482x.png)
 [193]
l. 5473 Writing nonlinear_gyrokinetic_equation.idv[484] (nonlinear_gyrokinetic_
equation483x.png)
l. 5489 Writing nonlinear_gyrokinetic_equation.idv[485] (nonlinear_gyrokinetic_
equation484x.png)
l. 5497 Writing nonlinear_gyrokinetic_equation.idv[486] (nonlinear_gyrokinetic_
equation485x.png)
 [194]
l. 5508 Writing nonlinear_gyrokinetic_equation.idv[487] (nonlinear_gyrokinetic_
equation486x.png)
l. 5517 Writing nonlinear_gyrokinetic_equation.idv[488] (nonlinear_gyrokinetic_
equation487x.png)
l. 5527 Writing nonlinear_gyrokinetic_equation.idv[489] (nonlinear_gyrokinetic_
equation488x.png)
 [195]
l. 5554 Writing nonlinear_gyrokinetic_equation.idv[490] (nonlinear_gyrokinetic_
equation489x.png)
 [196]
l. 5581 Writing nonlinear_gyrokinetic_equation.idv[491] (nonlinear_gyrokinetic_
equation490x.png)
l. 5587 Writing nonlinear_gyrokinetic_equation.idv[492] (nonlinear_gyrokinetic_
equation491x.png)
 [197]
l. 5604 Writing nonlinear_gyrokinetic_equation.idv[493] (nonlinear_gyrokinetic_
equation492x.png)
l. 5615 Writing nonlinear_gyrokinetic_equation.idv[494] (nonlinear_gyrokinetic_
equation493x.png)
 [198]
l. 5668 Writing nonlinear_gyrokinetic_equation.idv[495] (nonlinear_gyrokinetic_
equation494x.png)
 [199]
l. 5677 Writing nonlinear_gyrokinetic_equation.idv[496] (nonlinear_gyrokinetic_
equation495x.png)
l. 5684 Writing nonlinear_gyrokinetic_equation.idv[497] (nonlinear_gyrokinetic_
equation496x.png)
l. 5691 Writing nonlinear_gyrokinetic_equation.idv[498] (nonlinear_gyrokinetic_
equation497x.png)
 [200]
l. 5701 Writing nonlinear_gyrokinetic_equation.idv[499] (nonlinear_gyrokinetic_
equation498x.png)
l. 5710 Writing nonlinear_gyrokinetic_equation.idv[500] (nonlinear_gyrokinetic_
equation499x.png)
 [201]
l. 5747 Writing nonlinear_gyrokinetic_equation.idv[501] (nonlinear_gyrokinetic_
equation500x.png)
l. 5753 Writing nonlinear_gyrokinetic_equation.idv[502] (nonlinear_gyrokinetic_
equation501x.png)

[202]
l. 5759 Writing nonlinear_gyrokinetic_equation.idv[503] (nonlinear_gyrokinetic_
equation502x.png)
 [203] [204] (./nonlinear_gyrokinetic_equation.aux) ) 
Here is how much of TeX's memory you used:
 12488 strings out of 481240
 176866 string characters out of 5920403
 581926 words of memory out of 5000000
 27450 multiletter control sequences out of 15000+600000
 541039 words of font info for 54 fonts, out of 8000000 for 9000
 1141 hyphenation exceptions out of 8191
 42i,23n,41p,2393b,605s stack positions out of 5000i,500n,10000p,200000b,80000s

Output written on nonlinear_gyrokinetic_equation.dvi (204 pages, 766252 bytes).

