\BOOKMARK [1][-]{section.1}{Introduction}{}% 1
\BOOKMARK [1][-]{section.2}{Fourier series}{}% 2
\BOOKMARK [2][-]{subsection.2.1}{Fourier series in terms of trigonometric functions}{section.2}% 3
\BOOKMARK [2][-]{subsection.2.2}{Fourier series in terms of basis functions ei n x / L}{section.2}% 4
\BOOKMARK [2][-]{subsection.2.3}{Numerical computation of Fourier expansion coefficient}{section.2}% 5
\BOOKMARK [1][-]{section.3}{Discrete Fourier transformation \(DFT\)}{}% 6
\BOOKMARK [2][-]{subsection.3.1}{Definition of DFT}{section.3}% 7
\BOOKMARK [2][-]{subsection.3.2}{Periodic property of Discrete Fourier transformation}{section.3}% 8
\BOOKMARK [2][-]{subsection.3.3}{Frequency resolution and bandwidth}{section.3}% 9
\BOOKMARK [1][-]{section.4}{Inverse transform}{}% 10
\BOOKMARK [2][-]{subsection.4.1}{Reconstruct the original function using DFT}{section.4}% 11
\BOOKMARK [2][-]{subsection.4.2}{Evaluate the reconstructed function at discrete points}{section.4}% 12
\BOOKMARK [2][-]{subsection.4.3}{Inverse Discrete Fourier transformation}{section.4}% 13
\BOOKMARK [2][-]{subsection.4.4}{Proof of the inverse DFT}{section.4}% 14
\BOOKMARK [1][-]{section.5}{About using the FFT library}{}% 15
\BOOKMARK [1][-]{section.6}{Sine transform and Cosine transform}{}% 16
\BOOKMARK [2][-]{subsection.6.1}{Definition of the Discrete Sine Transform \(DST\)}{section.6}% 17
\BOOKMARK [2][-]{subsection.6.2}{Define DST via DFT}{section.6}% 18
\BOOKMARK [2][-]{subsection.6.3}{Reconstruct original function using DST}{section.6}% 19
\BOOKMARK [3][-]{subsubsection.6.3.1}{Inverse DST}{subsection.6.3}% 20
\BOOKMARK [2][-]{subsection.6.4}{Discrete Cosine transform}{section.6}% 21
\BOOKMARK [1][-]{section.7}{Misc content}{}% 22
\BOOKMARK [2][-]{subsection.7.1}{Nonlinear process}{section.7}% 23
\BOOKMARK [2][-]{subsection.7.2}{Aliasing errors}{section.7}% 24
\BOOKMARK [2][-]{subsection.7.3}{Relation between Fourier series coefficients and DFTs}{section.7}% 25
\BOOKMARK [1][-]{appendix.A}{Efficient method of computing DFT: Fast Fourier Transformation \(FFT\) algorithm \(not finished\)}{}% 26
\BOOKMARK [1][-]{appendix.B}{Fourier seriesFourier transformation}{}% 27
\BOOKMARK [2][-]{subsection.B.1}{From discrete spectrum to continuous spectrum}{appendix.B}% 28
\BOOKMARK [2][-]{subsection.B.2}{Fourier transformation}{appendix.B}% 29
\BOOKMARK [2][-]{subsection.B.3}{Numerical computation of Fourier transformation}{appendix.B}% 30
\BOOKMARK [2][-]{subsection.B.4}{Sampling theorem}{appendix.B}% 31
\BOOKMARK [1][-]{appendix.C}{Multi-dimensional Fourier series}{}% 32
\BOOKMARK [2][-]{subsection.C.1}{2D Fourier series in terms of complex basis functions}{appendix.C}% 33
\BOOKMARK [2][-]{subsection.C.2}{2D Fourier series using trigonometric functions cosine and sine}{appendix.C}% 34
\BOOKMARK [2][-]{subsection.C.3}{Details on FFT codes provided by the Numerical recipes bookpress1992}{appendix.C}% 35
\BOOKMARK [2][-]{subsection.C.4}{Computing Fourier integrals using FFT \(not finished, to be deleted\)}{appendix.C}% 36
