This is pdfTeX, Version 3.14159265-2.6-1.40.20 (TeX Live 2019/Debian) (preloaded format=latex 2021.4.15)  2 JAN 2024 14:15
entering extended mode
 restricted \write18 enabled.
 %&-line parsing enabled.
**\makeatletter\def\HCode{\futurelet\HCode\HChar}\def\HChar{\ifx"\HCode\def\HCo
de"##1"{\Link##1}\expandafter\HCode\else\expandafter\Link\fi}\def\Link#1.a.b.c.
{\g@addto@macro\@documentclasshook{\RequirePackage[#1,html]{tex4ht}}\let\HCode\
documentstyle\def\documentstyle{\let\documentstyle\HCode\expandafter\def\csname
 tex4ht\endcsname{#1,html}\def\HCode####1{\documentstyle[tex4ht,}\@ifnextchar[{
\HCode}{\documentstyle[tex4ht]}}}\makeatother\HCode myconfig, xhtml,3, charset=
utf-8.a.b.c.\input  fourier_analysis.tex
 (./fourier_analysis.tex
(/usr/share/texlive/texmf-dist/tex/latex/base/article.cls
Document Class: article 2019/12/20 v1.4l Standard LaTeX document class
(/usr/share/texlive/texmf-dist/tex/latex/base/size10.clo
File: size10.clo 2019/12/20 v1.4l Standard LaTeX file (size option)
)
\c@part=\count167
\c@section=\count168
\c@subsection=\count169
\c@subsubsection=\count170
\c@paragraph=\count171
\c@subparagraph=\count172
\c@figure=\count173
\c@table=\count174
\abovecaptionskip=\skip47
\belowcaptionskip=\skip48
\bibindent=\dimen134
)
(/usr/share/texlive/texmf-dist/tex/generic/tex4ht/tex4ht.sty
version 2019-03-18-15:24
Package: tex4ht 
--------------------------------------
--- Note --- for _ at preamble, use the command line option `early_'
--------------------------------------
--------------------------------------
--- Note --- for ^ at preamble, use the command line option `early^'
--------------------------------------
\tmp:toks=\toks14
)
(/usr/share/texlive/texmf-dist/tex/generic/tex4ht/usepackage.4ht
version 2019-12-19-14:27
)
(/usr/share/texlive/texmf-dist/tex/generic/babel/babel.sty
Package: babel 2020/02/14 3.40 The Babel package

(/usr/share/texlive/texmf-dist/tex/generic/babel/switch.def
File: switch.def 2020/02/14 3.40 Babel switching mechanism
)
(/usr/share/texlive/texmf-dist/tex/generic/babel-english/english.ldf
Language: english 2017/06/06 v3.3r English support from the babel system

(/usr/share/texlive/texmf-dist/tex/generic/babel/babel.def
File: babel.def 2020/02/14 3.40 Babel common definitions
\babel@savecnt=\count175
\U@D=\dimen135

(/usr/share/texlive/texmf-dist/tex/generic/babel/txtbabel.def)
\bbl@readstream=\read2
\bbl@dirlevel=\count176
)
Package babel Info: \l@canadian = using hyphenrules for english
(babel)             (\language0) on input line 102.
Package babel Info: \l@australian = using hyphenrules for ukenglish
(babel)             (\language32) on input line 105.
Package babel Info: \l@newzealand = using hyphenrules for ukenglish
(babel)             (\language32) on input line 108.
))
(/usr/share/texlive/texmf-dist/tex/latex/amsmath/amsmath.sty
Package: amsmath 2020/01/20 v2.17e AMS math features
\@mathmargin=\skip49

For additional information on amsmath, use the `?' option.
(/usr/share/texlive/texmf-dist/tex/latex/amsmath/amstext.sty
Package: amstext 2000/06/29 v2.01 AMS text

(/usr/share/texlive/texmf-dist/tex/latex/amsmath/amsgen.sty
File: amsgen.sty 1999/11/30 v2.0 generic functions
\@emptytoks=\toks15
\ex@=\dimen136
))
(/usr/share/texlive/texmf-dist/tex/latex/amsmath/amsbsy.sty
Package: amsbsy 1999/11/29 v1.2d Bold Symbols
\pmbraise@=\dimen137
)
(/usr/share/texlive/texmf-dist/tex/latex/amsmath/amsopn.sty
Package: amsopn 2016/03/08 v2.02 operator names
)
\inf@bad=\count177
LaTeX Info: Redefining \frac on input line 227.
\uproot@=\count178
\leftroot@=\count179
LaTeX Info: Redefining \overline on input line 389.
\classnum@=\count180
\DOTSCASE@=\count181
LaTeX Info: Redefining \ldots on input line 486.
LaTeX Info: Redefining \dots on input line 489.
LaTeX Info: Redefining \cdots on input line 610.
\Mathstrutbox@=\box45
\strutbox@=\box46
\big@size=\dimen138
LaTeX Font Info:    Redeclaring font encoding OML on input line 733.
LaTeX Font Info:    Redeclaring font encoding OMS on input line 734.
\macc@depth=\count182
\c@MaxMatrixCols=\count183
\dotsspace@=\muskip16
\c@parentequation=\count184
\dspbrk@lvl=\count185
\tag@help=\toks16
\row@=\count186
\column@=\count187
\maxfields@=\count188
\andhelp@=\toks17
\eqnshift@=\dimen139
\alignsep@=\dimen140
\tagshift@=\dimen141
\tagwidth@=\dimen142
\totwidth@=\dimen143
\lineht@=\dimen144
\@envbody=\toks18
\multlinegap=\skip50
\multlinetaggap=\skip51
\mathdisplay@stack=\toks19
LaTeX Info: Redefining \[ on input line 2859.
LaTeX Info: Redefining \] on input line 2860.
)
(/usr/share/texlive/texmf-dist/tex/latex/amsfonts/amssymb.sty
Package: amssymb 2013/01/14 v3.01 AMS font symbols

(/usr/share/texlive/texmf-dist/tex/latex/amsfonts/amsfonts.sty
Package: amsfonts 2013/01/14 v3.01 Basic AMSFonts support
\symAMSa=\mathgroup4
\symAMSb=\mathgroup5
LaTeX Font Info:    Redeclaring math symbol \hbar on input line 98.
LaTeX Font Info:    Overwriting math alphabet `\mathfrak' in version `bold'
(Font)                  U/euf/m/n --> U/euf/b/n on input line 106.
))
(/usr/share/texlive/texmf-dist/tex/latex/graphics/graphicx.sty
Package: graphicx 2019/11/30 v1.2a Enhanced LaTeX Graphics (DPC,SPQR)

(/usr/share/texlive/texmf-dist/tex/latex/graphics/keyval.sty
Package: keyval 2014/10/28 v1.15 key=value parser (DPC)
\KV@toks@=\toks20
)
(/usr/share/texlive/texmf-dist/tex/generic/tex4ht/usepackage.4ht
version 2019-12-19-14:27
)
(/usr/share/texlive/texmf-dist/tex/latex/graphics/graphics.sty
Package: graphics 2019/11/30 v1.4a Standard LaTeX Graphics (DPC,SPQR)

(/usr/share/texlive/texmf-dist/tex/latex/graphics/trig.sty
Package: trig 2016/01/03 v1.10 sin cos tan (DPC)
)
(/usr/share/texlive/texmf-dist/tex/latex/graphics-cfg/graphics.cfg
File: graphics.cfg 2016/06/04 v1.11 sample graphics configuration
)
Package graphics Info: Driver file: dvips.def on input line 105.

(/usr/share/texlive/texmf-dist/tex/latex/graphics-def/dvips.def
File: dvips.def 2017/06/20 v3.1d Graphics/color driver for dvips
))
\Gin@req@height=\dimen145
\Gin@req@width=\dimen146
)
(/usr/share/texlive/texmf-dist/tex/latex/hyperref/hyperref.sty
Package: hyperref 2020/01/14 v7.00d Hypertext links for LaTeX

(/usr/share/texlive/texmf-dist/tex/generic/ltxcmds/ltxcmds.sty
Package: ltxcmds 2019/12/15 v1.24 LaTeX kernel commands for general use (HO)
)
(/usr/share/texlive/texmf-dist/tex/generic/iftex/iftex.sty
Package: iftex 2019/11/07 v1.0c TeX engine tests
)
(/usr/share/texlive/texmf-dist/tex/latex/pdftexcmds/pdftexcmds.sty
Package: pdftexcmds 2019/11/24 v0.31 Utility functions of pdfTeX for LuaTeX (HO
)

(/usr/share/texlive/texmf-dist/tex/generic/infwarerr/infwarerr.sty
Package: infwarerr 2019/12/03 v1.5 Providing info/warning/error messages (HO)
)
Package pdftexcmds Info: \pdf@primitive is available.
Package pdftexcmds Info: \pdf@ifprimitive is available.
Package pdftexcmds Info: \pdfdraftmode is ignored in DVI mode.
)
(/usr/share/texlive/texmf-dist/tex/generic/kvsetkeys/kvsetkeys.sty
Package: kvsetkeys 2019/12/15 v1.18 Key value parser (HO)
)
(/usr/share/texlive/texmf-dist/tex/generic/kvdefinekeys/kvdefinekeys.sty
Package: kvdefinekeys 2019-12-19 v1.6 Define keys (HO)
)
(/usr/share/texlive/texmf-dist/tex/generic/pdfescape/pdfescape.sty
Package: pdfescape 2019/12/09 v1.15 Implements pdfTeX's escape features (HO)
)
(/usr/share/texlive/texmf-dist/tex/latex/hycolor/hycolor.sty
Package: hycolor 2020-01-27 v1.10 Color options for hyperref/bookmark (HO)
)
(/usr/share/texlive/texmf-dist/tex/latex/letltxmacro/letltxmacro.sty
Package: letltxmacro 2019/12/03 v1.6 Let assignment for LaTeX macros (HO)
)
(/usr/share/texlive/texmf-dist/tex/latex/auxhook/auxhook.sty
Package: auxhook 2019-12-17 v1.6 Hooks for auxiliary files (HO)


Package auxhook Warning: Cannot patch \document,
(auxhook)                using \AtBeginDocument instead.

) (/usr/share/texlive/texmf-dist/tex/latex/kvoptions/kvoptions.sty
Package: kvoptions 2019/11/29 v3.13 Key value format for package options (HO)
)
\@linkdim=\dimen147
\Hy@linkcounter=\count189
\Hy@pagecounter=\count190

(/usr/share/texlive/texmf-dist/tex/latex/hyperref/pd1enc.def
File: pd1enc.def 2020/01/14 v7.00d Hyperref: PDFDocEncoding definition (HO)
Now handling font encoding PD1 ...
... no UTF-8 mapping file for font encoding PD1
)
(/usr/share/texlive/texmf-dist/tex/generic/intcalc/intcalc.sty
Package: intcalc 2019/12/15 v1.3 Expandable calculations with integers (HO)
)
(/usr/share/texlive/texmf-dist/tex/generic/etexcmds/etexcmds.sty
Package: etexcmds 2019/12/15 v1.7 Avoid name clashes with e-TeX commands (HO)
)
\Hy@SavedSpaceFactor=\count191
\pdfmajorversion=\count192
Package hyperref Info: Option `colorlinks' set `true' on input line 4421.
Package hyperref Info: Hyper figures OFF on input line 4547.
Package hyperref Info: Link nesting OFF on input line 4552.
Package hyperref Info: Hyper index ON on input line 4555.
Package hyperref Info: Plain pages OFF on input line 4562.
Package hyperref Info: Backreferencing OFF on input line 4567.
Package hyperref Info: Implicit mode ON; LaTeX internals redefined.
Package hyperref Info: Bookmarks ON on input line 4800.
\c@Hy@tempcnt=\count193

(/usr/share/texlive/texmf-dist/tex/latex/url/url.sty
\Urlmuskip=\muskip17
Package: url 2013/09/16  ver 3.4  Verb mode for urls, etc.
)
LaTeX Info: Redefining \url on input line 5159.
\XeTeXLinkMargin=\dimen148

(/usr/share/texlive/texmf-dist/tex/generic/bitset/bitset.sty
Package: bitset 2019/12/09 v1.3 Handle bit-vector datatype (HO)

(/usr/share/texlive/texmf-dist/tex/generic/bigintcalc/bigintcalc.sty
Package: bigintcalc 2019/12/15 v1.5 Expandable calculations on big integers (HO
)
))
\Fld@menulength=\count194
\Field@Width=\dimen149
\Fld@charsize=\dimen150
\Field@toks=\toks21
Package hyperref Info: Hyper figures OFF on input line 6430.
Package hyperref Info: Link nesting OFF on input line 6435.
Package hyperref Info: Hyper index ON on input line 6438.
Package hyperref Info: backreferencing OFF on input line 6445.
Package hyperref Info: Link coloring ON on input line 6448.
Package hyperref Info: Link coloring with OCG OFF on input line 6455.
Package hyperref Info: PDF/A mode OFF on input line 6460.
LaTeX Info: Redefining \ref on input line 6500.
LaTeX Info: Redefining \pageref on input line 6504.

(/usr/share/texlive/texmf-dist/tex/generic/atbegshi/atbegshi.sty
Package: atbegshi 2019/12/05 v1.19 At begin shipout hook (HO)
)
\Hy@abspage=\count195


Package hyperref Message: Stopped early.

)
Package hyperref Info: Driver: htex4ht.
 (/usr/share/texlive/texmf-dist/tex/latex/hyperref/htex4ht.def
File: htex4ht.def 2020/01/14 v7.00d Hyperref driver for TeX4ht
Package hyperref Info: tex4ht is already loaded.
)
(/usr/share/texlive/texmf-dist/tex/generic/tex4ht/usepackage.4ht
version 2019-12-19-14:27
)
(/usr/share/texlive/texmf-dist/tex/latex/xcolor/xcolor.sty
Package: xcolor 2016/05/11 v2.12 LaTeX color extensions (UK)

(/usr/share/texlive/texmf-dist/tex/latex/graphics-cfg/color.cfg
File: color.cfg 2016/01/02 v1.6 sample color configuration
)
Package xcolor Info: Driver file: dvips.def on input line 225.
Package xcolor Info: Model `cmy' substituted by `cmy0' on input line 1348.
Package xcolor Info: Model `RGB' extended on input line 1364.
Package xcolor Info: Model `HTML' substituted by `rgb' on input line 1366.
Package xcolor Info: Model `Hsb' substituted by `hsb' on input line 1367.
Package xcolor Info: Model `tHsb' substituted by `hsb' on input line 1368.
Package xcolor Info: Model `HSB' substituted by `hsb' on input line 1369.
Package xcolor Info: Model `Gray' substituted by `gray' on input line 1370.
Package xcolor Info: Model `wave' substituted by `hsb' on input line 1371.
)
(/usr/share/texlive/texmf-dist/tex/latex/base/alltt.sty
Package: alltt 1997/06/16 v2.0g defines alltt environment
) (./myconfig.cfg
(/usr/share/texlive/texmf-dist/tex/generic/tex4ht/tex4ht.4ht
version 2018-12-30-09:29
--------------------------------------
--- Note --- for additional information, use the command line option `info'
--------------------------------------

::::::::::::::::::::::::::::::::::::::::::
 TeX4ht info is available in the log file 
::::::::::::::::::::::::::::::::::::::::::
) (/usr/share/texlive/texmf-dist/tex/generic/tex4ht/tex4ht.sty
version 2019-03-18-15:24

--- needs --- tex4ht fourier_analysis ---
\tmp:cnt=\count196
\openout15 = `fourier_analysis.tmp'.

(./fourier_analysis.tmp)
\tmp:dim=\skip52
 (./fourier_analysis.xref)
\:refout=\write3
\openout3 = `fourier_analysis.xref'.


(/usr/share/texlive/texmf-dist/tex/generic/tex4ht/html4.4ht
version 2020-02-14-14:21
--------------------------------------
--- Note --- to remove the <?xml version=...?> processing instruction use the c
ommand line option `no-VERSION'
--------------------------------------
--------------------------------------
--- Note --- to remove the DOCTYPE declaration use the command line option `no-
DOCTYPE'
--------------------------------------
)
(/usr/share/texlive/texmf-dist/tex/generic/tex4ht/html4-math.4ht
version 2019-12-16-15:21
)
--------------------------------------
--- Note --- for marking of the base font, use the command line option `fonts+'

--------------------------------------
--------------------------------------
--- Note --- for non active _, use the command line option `no_'
--------------------------------------
--------------------------------------
--- Note --- for _ of catcode 13, use the command line option `_13'
--------------------------------------
--------------------------------------
--- Note --- for non active ^, use the command line option `no^'
--------------------------------------
--------------------------------------
--- Note --- for ^ of catcode 13, use the command line option `^13'
--------------------------------------

(/usr/share/texlive/texmf-dist/tex/generic/tex4ht/html4.4ht
version 2020-02-14-14:21
--------------------------------------
--- Note --- For section filenames that reflect on their titles use the command
 line option `sec-filename'
--------------------------------------
--------------------------------------
--- Note --- to ignore CSS font decoration, use the `NoFonts' command line opti
on
--------------------------------------
--------------------------------------
--- Note --- for jpg bitmaps of pictures, use the `jpg' command line option. (C
haracter bitmaps are controled only by `g' records of tex4ht.env and `-g' switc
hes of tex4ht.c) 
--------------------------------------
--------------------------------------
--- Note --- for gif bitmaps of pictures, use the `gif' command line option. (C
haracter bitmaps are controled only by `g' records of tex4ht.env and `-g' switc
hes of tex4ht.c) 
--------------------------------------
--------------------------------------
--- Note --- for content and toc in 2 frames, use the command line option `fram
es'
--------------------------------------
--------------------------------------
--- Note --- for content, toc, and footnotes in 3 frames, use the command line 
option `frames-fn'
--------------------------------------
--------------------------------------
--- Note --- for file extension name xht, use the command line option `xht'
--------------------------------------
TeX4ht package options: xhtml,3,charset=utf-8,html
--------------------------------------
--- Note --- To print a timestamp, use the command line option timestamp
--------------------------------------
--------------------------------------
--- Note --- to ignore CSS code, use the command line option `-css
--------------------------------------
--------------------------------------
--- Note --- for inline CSS code, use the command line option `css-in'
--------------------------------------
--------------------------------------
--- Note --- for pop ups on mouse over, use the command line option `mouseover'

--------------------------------------
--------------------------------------
--- Note --- for addressing images in a subdirectory, use the command line opti
on `imgdir:.../'
--------------------------------------
)
(/usr/share/texlive/texmf-dist/tex/generic/tex4ht/html4-math.4ht
version 2019-12-16-15:21
)
\:tokwrite=\toks22
\:tokpage=\toks23
--------------------------------------
--- Note --- for back links to toc, use the command line option `sections+'
--------------------------------------
--------------------------------------
--- Note --- for linear crosslinks of pages, use the command line option `next'

--------------------------------------
\openout15 = `fourier_analysis.4ct'.

\:tocout=\write4
\openout4 = `fourier_analysis.4tc'.


(/usr/share/texlive/texmf-dist/tex/generic/tex4ht/html4.4ht
version 2020-02-14-14:21
)
(/usr/share/texlive/texmf-dist/tex/generic/tex4ht/html4-math.4ht
version 2019-12-16-15:21
)
(/usr/share/texlive/texmf-dist/tex/generic/tex4ht/latex.4ht
version 2019-08-26-14:22
LaTeX Info: Redefining \_ on input line 168.
--------------------------------------
--- Note --- for links into captions, instead of float heads, use the command l
ine option `refcaption'
--------------------------------------

(/usr/share/texlive/texmf-dist/tex/generic/tex4ht/html4.4ht
version 2020-02-14-14:21
)
(/usr/share/texlive/texmf-dist/tex/generic/tex4ht/html4-math.4ht
version 2019-12-16-15:21
)
(/usr/share/texlive/texmf-dist/tex/generic/tex4ht/html4.4ht
version 2020-02-14-14:21
--------------------------------------
--- Note --- For mini tocs immediately aftter the header use the command line o
ption `minitoc<'
--------------------------------------
--------------------------------------
--- Note --- for enumerated list elements with valued data, use the command lin
e option `enumerate+'
--------------------------------------
--------------------------------------
--- Note --- for enumerated list elements li's with value attributes, use the c
ommand line option `enumerate-'
--------------------------------------
--------------------------------------
--- Note --- for CSS2 code, use the command line option `css2'
--------------------------------------
--------------------------------------
--- Note --- for pictorial tabular, use the command line option `pic-tabular'
--------------------------------------
--------------------------------------
--- Note --- for bitmap fbox'es, use the command line option `pic-fbox'
--------------------------------------
--------------------------------------
--- Note --- for bitmap framebox'es, use the command line option `pic-framebox'

--------------------------------------
--------------------------------------
--- Note --- for inline footnotes use command line option `fn-in'
--------------------------------------
--------------------------------------
--- Note --- for tracing of latex font commands, use the command line option `f
onts'
--------------------------------------
--------------------------------------
--- Note --- for width specifications of tabular p entries, use the `p-width' c
ommand line option or a configuration similar to \Configure{HColWidth}{\HCode{ 
style="width:\HColWidth"}}
--------------------------------------
)
(/usr/share/texlive/texmf-dist/tex/generic/tex4ht/html4-math.4ht
version 2019-12-16-15:21
--------------------------------------
--- Note --- for pictorial eqnarray, use the command line option `pic-eqnarray'

--------------------------------------
--------------------------------------
--- Note --- for pictorial array, use the command line option `pic-array'
--------------------------------------
--------------------------------------
--- Note --- for pictorial $...$ environments, use the command line option `pic
-m' (not recommended!!)
--------------------------------------
--------------------------------------
--- Note --- for pictorial $...$ and $$...$$ environments with latex alt, use t
he command line option `pic-m+' (not safe!!)
--------------------------------------
--------------------------------------
--- Note --- for pictorial array, use the command line option `pic-array'
--------------------------------------
))
(/usr/share/texlive/texmf-dist/tex/generic/tex4ht/fontmath.4ht
version 2018-11-06-15:55

(/usr/share/texlive/texmf-dist/tex/generic/tex4ht/html4.4ht
version 2020-02-14-14:21
)
(/usr/share/texlive/texmf-dist/tex/generic/tex4ht/html4-math.4ht
version 2019-12-16-15:21
))
(/usr/share/texlive/texmf-dist/tex/generic/tex4ht/article.4ht
(/usr/share/texlive/texmf-dist/tex/generic/tex4ht/html4.4ht
version 2020-02-14-14:21
--------------------------------------
--- Note --- for tocs without * entries, use command line option `notoc*'
--------------------------------------
--------------------------------------
--- Note --- for tocs without * entries, use command line option `notoc*'
--------------------------------------
--------------------------------------
--- Note --- for tocs without * entries, use command line option `notoc*'
--------------------------------------
--------------------------------------
--- Note --- to eliminate mini tables of contents, use the command line option 
`nominitoc'
--------------------------------------
--------------------------------------
--- Note --- to eliminate mini tables of contents, use the command line option 
`nominitoc'
--------------------------------------
--------------------------------------
--- Note --- for frames-like object-based table of contents, use the command li
ne option `obj-toc'
--------------------------------------
--------------------------------------
--- Note --- for files named derived from section titles, use the command line 
option `sec-filename'
--------------------------------------
--------------------------------------
--- Note --- for i-columns index, use the command line option `index=i' (e.g., 
index=2)
--------------------------------------
)
(/usr/share/texlive/texmf-dist/tex/generic/tex4ht/html4-math.4ht
version 2019-12-16-15:21
))
(/usr/share/texlive/texmf-dist/tex/generic/tex4ht/babel.4ht
(/usr/share/texlive/texmf-dist/tex/generic/tex4ht/html4.4ht
version 2020-02-14-14:21
)
(/usr/share/texlive/texmf-dist/tex/generic/tex4ht/html4-math.4ht
version 2019-12-16-15:21
))
(/usr/share/texlive/texmf-dist/tex/generic/tex4ht/english.4ht
version 2009-05-21-09:32

(/usr/share/texlive/texmf-dist/tex/generic/tex4ht/html4.4ht
version 2020-02-14-14:21
)
(/usr/share/texlive/texmf-dist/tex/generic/tex4ht/html4-math.4ht
version 2019-12-16-15:21
))
(/usr/share/texlive/texmf-dist/tex/generic/tex4ht/amsmath.4ht
version 2019-12-29-14:17
\tmp:muskip=\muskip18

(/usr/share/texlive/texmf-dist/tex/generic/tex4ht/html4.4ht
version 2020-02-14-14:21
)
(/usr/share/texlive/texmf-dist/tex/generic/tex4ht/html4-math.4ht
version 2019-12-16-15:21
))
(/usr/share/texlive/texmf-dist/tex/generic/tex4ht/amstext.4ht
version 2009-05-21-09:32

(/usr/share/texlive/texmf-dist/tex/generic/tex4ht/html4.4ht
version 2020-02-14-14:21
)
(/usr/share/texlive/texmf-dist/tex/generic/tex4ht/html4-math.4ht
version 2019-12-16-15:21
))
(/usr/share/texlive/texmf-dist/tex/generic/tex4ht/amsbsy.4ht
version 2009-05-21-09:32

(/usr/share/texlive/texmf-dist/tex/generic/tex4ht/html4.4ht
version 2020-02-14-14:21
)
(/usr/share/texlive/texmf-dist/tex/generic/tex4ht/html4-math.4ht
version 2019-12-16-15:21
))
(/usr/share/texlive/texmf-dist/tex/generic/tex4ht/amsopn.4ht
version 2009-05-21-09:32

(/usr/share/texlive/texmf-dist/tex/generic/tex4ht/html4.4ht
version 2020-02-14-14:21
)
(/usr/share/texlive/texmf-dist/tex/generic/tex4ht/html4-math.4ht
version 2019-12-16-15:21
))
(/usr/share/texlive/texmf-dist/tex/generic/tex4ht/amssymb.4ht
version 2009-05-21-09:32

(/usr/share/texlive/texmf-dist/tex/generic/tex4ht/html4.4ht
version 2020-02-14-14:21
)
(/usr/share/texlive/texmf-dist/tex/generic/tex4ht/html4-math.4ht
version 2019-12-16-15:21
))
(/usr/share/texlive/texmf-dist/tex/generic/tex4ht/amsfonts.4ht
version 2009-05-21-09:32

(/usr/share/texlive/texmf-dist/tex/generic/tex4ht/html4.4ht
version 2020-02-14-14:21
)
(/usr/share/texlive/texmf-dist/tex/generic/tex4ht/html4-math.4ht
version 2019-12-16-15:21
))
(/usr/share/texlive/texmf-dist/tex/generic/tex4ht/graphicx.4ht
version 2018-10-01-14:24

(/usr/share/texlive/texmf-dist/tex/generic/tex4ht/html4.4ht
version 2020-02-14-14:21
)
(/usr/share/texlive/texmf-dist/tex/generic/tex4ht/html4-math.4ht
version 2019-12-16-15:21
))
(/usr/share/texlive/texmf-dist/tex/generic/tex4ht/graphics.4ht
(/usr/share/texlive/texmf-dist/tex/generic/tex4ht/html4.4ht
version 2020-02-14-14:21
--------------------------------------
--- Note --- if included graphics are of degraded quality, try the command line
 options `graphics-num' or `graphics-'. The `num' should provide the density of
 pixels in the bitmaps (e.g., 110). 
--------------------------------------
--------------------------------------
--- Note --- for key dimensions try the option `Gin-dim'; for key dimensions wh
en bounding box is unavailable try `Gin-dim+'; neither is recommended
--------------------------------------
)
(/usr/share/texlive/texmf-dist/tex/generic/tex4ht/html4-math.4ht
version 2019-12-16-15:21
))
(/usr/share/texlive/texmf-dist/tex/generic/tex4ht/dvips.4ht
version 2009-05-21-09:32

(/usr/share/texlive/texmf-dist/tex/generic/tex4ht/html4.4ht
version 2020-02-14-14:21
)
(/usr/share/texlive/texmf-dist/tex/generic/tex4ht/html4-math.4ht
version 2019-12-16-15:21
))
(/usr/share/texlive/texmf-dist/tex/generic/tex4ht/hyperref.4ht
version 2019-09-14-15:17

(/usr/share/texlive/texmf-dist/tex/latex/hyperref/nameref.sty
Package: nameref 2019/09/16 v2.46 Cross-referencing by name of section

(/usr/share/texlive/texmf-dist/tex/latex/refcount/refcount.sty
Package: refcount 2019/12/15 v3.6 Data extraction from label references (HO)
)
(/usr/share/texlive/texmf-dist/tex/generic/gettitlestring/gettitlestring.sty
Package: gettitlestring 2019/12/15 v1.6 Cleanup title references (HO)
)
\c@section@level=\count197
)
(/usr/share/texlive/texmf-dist/tex/generic/tex4ht/nameref.4ht
version 2019-12-23-13:36

(/usr/share/texlive/texmf-dist/tex/generic/tex4ht/html4.4ht
version 2020-02-14-14:21
)
(/usr/share/texlive/texmf-dist/tex/generic/tex4ht/html4-math.4ht
version 2019-12-16-15:21
))
LaTeX Info: Redefining \autoref on input line 95.
\Hy@SectionHShift=\skip53

(/usr/share/texlive/texmf-dist/tex/generic/tex4ht/html4.4ht
version 2020-02-14-14:21
)
(/usr/share/texlive/texmf-dist/tex/generic/tex4ht/html4-math.4ht
version 2019-12-16-15:21
))
(/usr/share/texlive/texmf-dist/tex/generic/tex4ht/pd1enc.4ht
version 2009-05-21-09:32

(/usr/share/texlive/texmf-dist/tex/generic/tex4ht/html4.4ht
version 2020-02-14-14:21
)
(/usr/share/texlive/texmf-dist/tex/generic/tex4ht/html4-math.4ht
version 2019-12-16-15:21
))
(/usr/share/texlive/texmf-dist/tex/generic/tex4ht/url.4ht
version 2009-05-21-09:32

(/usr/share/texlive/texmf-dist/tex/generic/tex4ht/html4.4ht
version 2020-02-14-14:21
--------------------------------------
--- Note --- for URL encoding within href use the command line option `url-enc'

--------------------------------------
)
(/usr/share/texlive/texmf-dist/tex/generic/tex4ht/html4-math.4ht
version 2019-12-16-15:21
))
(/usr/share/texlive/texmf-dist/tex/generic/tex4ht/xcolor.4ht
version 2019-04-09-10:06

(/usr/share/texlive/texmf-dist/tex/generic/tex4ht/color.4ht
(/usr/share/texlive/texmf-dist/tex/generic/tex4ht/html4.4ht
version 2020-02-14-14:21
)
(/usr/share/texlive/texmf-dist/tex/generic/tex4ht/html4-math.4ht
version 2019-12-16-15:21
))
(/usr/share/texlive/texmf-dist/tex/generic/tex4ht/html4.4ht
version 2020-02-14-14:21
)
(/usr/share/texlive/texmf-dist/tex/generic/tex4ht/html4-math.4ht
version 2019-12-16-15:21
))
(/usr/share/texlive/texmf-dist/tex/generic/tex4ht/color.4ht)
(/usr/share/texlive/texmf-dist/tex/generic/tex4ht/alltt.4ht
version 2009-05-21-09:32

(/usr/share/texlive/texmf-dist/tex/generic/tex4ht/html4.4ht
version 2020-02-14-14:21
)
(/usr/share/texlive/texmf-dist/tex/generic/tex4ht/html4-math.4ht
version 2019-12-16-15:21
))
(/usr/share/texlive/texmf-dist/tex/generic/tex4ht/html4.4ht
version 2020-02-14-14:21
)
(/usr/share/texlive/texmf-dist/tex/generic/tex4ht/html4-math.4ht
version 2019-12-16-15:21
))
(/usr/share/texlive/texmf-dist/tex/latex/l3backend/l3backend-dvips.def
File: l3backend-dvips.def 2020-02-03 L3 backend support: dvips
\l__pdf_internal_box=\box47
\g__pdf_backend_object_int=\count198
\l__pdf_backend_content_box=\box48
\l__pdf_backend_model_box=\box49
\g__pdf_backend_annotation_int=\count199
\g__pdf_backend_link_int=\count266
\g__pdf_backend_link_sf_int=\count267
)
(./fourier_analysis.aux)
\openout1 = `fourier_analysis.aux'.

LaTeX Font Info:    Checking defaults for OML/cmm/m/it on input line 18.
LaTeX Font Info:    ... okay on input line 18.
LaTeX Font Info:    Checking defaults for OMS/cmsy/m/n on input line 18.
LaTeX Font Info:    ... okay on input line 18.
LaTeX Font Info:    Checking defaults for OT1/cmr/m/n on input line 18.
LaTeX Font Info:    ... okay on input line 18.
LaTeX Font Info:    Checking defaults for T1/cmr/m/n on input line 18.
LaTeX Font Info:    ... okay on input line 18.
LaTeX Font Info:    Checking defaults for TS1/cmr/m/n on input line 18.
LaTeX Font Info:    ... okay on input line 18.
LaTeX Font Info:    Checking defaults for OMX/cmex/m/n on input line 18.
LaTeX Font Info:    ... okay on input line 18.
LaTeX Font Info:    Checking defaults for U/cmr/m/n on input line 18.
LaTeX Font Info:    ... okay on input line 18.
LaTeX Font Info:    Checking defaults for PD1/pdf/m/n on input line 18.
LaTeX Font Info:    ... okay on input line 18.
\AtBeginShipoutBox=\box50
Package hyperref Info: Link coloring ON on input line 18.
LaTeX Info: Redefining \ref on input line 18.
LaTeX Info: Redefining \pageref on input line 18.
LaTeX Info: Redefining \nameref on input line 18.
--- file fourier_analysis.css ---
) [1

] [2]
LaTeX Font Info:    Trying to load font information for U+msa on input line 30.


(/usr/share/texlive/texmf-dist/tex/latex/amsfonts/umsa.fd
File: umsa.fd 2013/01/14 v3.01 AMS symbols A
)
LaTeX Font Info:    Trying to load font information for U+msb on input line 30.


(/usr/share/texlive/texmf-dist/tex/latex/amsfonts/umsb.fd
File: umsb.fd 2013/01/14 v3.01 AMS symbols B
)
(./fourier_analysis.4ct [3])
--- file fourier_analysisse1.html ---
 [4]
--- file fourier_analysisse2.html ---
 (./fourier_analysis.4ct)
--- file fourier_analysissu1.html ---
l. 62 Writing fourier_analysis.idv[1] (fourier_analysis0x.png)
 [5

]
l. 76 Writing fourier_analysis.idv[2] (fourier_analysis1x.png)
l. 80 Writing fourier_analysis.idv[3] (fourier_analysis2x.png)
l. 85 Writing fourier_analysis.idv[4] (fourier_analysis3x.png)
 [6]
l. 91 Writing fourier_analysis.idv[5] (fourier_analysis4x.png)
l. 97 Writing fourier_analysis.idv[6] (fourier_analysis5x.png)
 [7]
l. 112 Writing fourier_analysis.idv[7] (fourier_analysis6x.png)
l. 117 Writing fourier_analysis.idv[8] (fourier_analysis7x.png)
l. 121 Writing fourier_analysis.idv[9] (fourier_analysis8x.png)
 [8]
[9]
--- file fourier_analysissu2.html ---
l. 144 Writing fourier_analysis.idv[10] (fourier_analysis9x.png)
l. 149 Writing fourier_analysis.idv[11] (fourier_analysis10x.png)
 [10

]
l. 154 Writing fourier_analysis.idv[12] (fourier_analysis11x.png)
l. 160 Writing fourier_analysis.idv[13] (fourier_analysis12x.png)
l. 164 Writing fourier_analysis.idv[14] (fourier_analysis13x.png)
 [11]
l. 168 Writing fourier_analysis.idv[15] (fourier_analysis14x.png)
l. 173 Writing fourier_analysis.idv[16] (fourier_analysis15x.png)
 [12]
l. 252 Writing fourier_analysis.idv[17] (fourier_analysis16x.png)
l. 252 Writing fourier_analysis.idv[18] (fourier_analysis17x.png)
 [13]
l. 252 Writing fourier_analysis.idv[19] (fourier_analysis18x.png)
l. 252 Writing fourier_analysis.idv[20] (fourier_analysis19x.png)
l. 252 Writing fourier_analysis.idv[21] (fourier_analysis20x.png)
 [14]
l. 252 Writing fourier_analysis.idv[22] (fourier_analysis21x.png)
l. 252 Writing fourier_analysis.idv[23] (fourier_analysis22x.png)
 [15]
l. 256 Writing fourier_analysis.idv[24] (fourier_analysis23x.png)
l. 259 Writing fourier_analysis.idv[25] (fourier_analysis24x.png)
l. 266 Writing fourier_analysis.idv[26] (fourier_analysis25x.png)
 [16]
l. 269 Writing fourier_analysis.idv[27] (fourier_analysis26x.png)
l. 277 Writing fourier_analysis.idv[28] (fourier_analysis27x.png)
l. 281 Writing fourier_analysis.idv[29] (fourier_analysis28x.png)
 [17]
l. 286 Writing fourier_analysis.idv[30] (fourier_analysis29x.png)
l. 289 Writing fourier_analysis.idv[31] (fourier_analysis30x.png)
 [18]
--- file fourier_analysissu3.html ---
l. 299 Writing fourier_analysis.idv[32] (fourier_analysis31x.png)
l. 304 Writing fourier_analysis.idv[33] (fourier_analysis32x.png)
 [19

]
l. 311 Writing fourier_analysis.idv[34] (fourier_analysis33x.png)
 [20] [21

]
l. 319 --- needs --- my_figure/home/yj/project_new/fft/fig2c/MyFigure.png ---
 [22

] [23

]
--- file fourier_analysisse3.html ---

(./fourier_analysis.4ct)
--- file fourier_analysissu4.html ---
l. 346 Writing fourier_analysis.idv[35] (fourier_analysis34x.png)
 [24

]
l. 372 Writing fourier_analysis.idv[36] (fourier_analysis35x.png)
l. 372 Writing fourier_analysis.idv[37] (fourier_analysis36x.png)
 [25]
--- file fourier_analysissu5.html ---
l. 382 Writing fourier_analysis.idv[38] (fourier_analysis37x.png)
l. 386 Writing fourier_analysis.idv[39] (fourier_analysis38x.png)
l. 390 Writing fourier_analysis.idv[40] (fourier_analysis39x.png)
l. 390 Writing fourier_analysis.idv[41] (fourier_analysis40x.png)
l. 393 Writing fourier_analysis.idv[42] (fourier_analysis41x.png)
 [26

] [27]
--- file fourier_analysissu6.html ---
 [28

]
--- file fourier_analysisse4.html ---
 (./fourier_analysis.4ct)
--- file fourier_analysissu7.html ---
l. 421 Writing fourier_analysis.idv[43] (fourier_analysis42x.png)
l. 426 Writing fourier_analysis.idv[44] (fourier_analysis43x.png)

[29

]
l. 431 Writing fourier_analysis.idv[45] (fourier_analysis44x.png)
l. 440 Writing fourier_analysis.idv[46] (fourier_analysis45x.png)
 [30] [31]
--- file fourier_analysissu8.html ---
l. 452 Writing fourier_analysis.idv[47] (fourier_analysis46x.png)
l. 464 Writing fourier_analysis.idv[48] (fourier_analysis47x.png)
 [32

] [33]
--- file fourier_analysissu9.html ---
l. 474 Writing fourier_analysis.idv[49] (fourier_analysis48x.png)
l. 481 Writing fourier_analysis.idv[50] (fourier_analysis49x.png)
 [34

] [35]
--- file fourier_analysissu10.html ---
l. 501 Writing fourier_analysis.idv[51] (fourier_analysis50x.png)
l. 504 Writing fourier_analysis.idv[52] (fourier_analysis51x.png)
l. 511 Writing fourier_analysis.idv[53] (fourier_analysis52x.png)
 [36

]
l. 517 Writing fourier_analysis.idv[54] (fourier_analysis53x.png)
l. 523 Writing fourier_analysis.idv[55] (fourier_analysis54x.png)
l. 528 Writing fourier_analysis.idv[56] (fourier_analysis55x.png)
 [37]
l. 533 Writing fourier_analysis.idv[57] (fourier_analysis56x.png)
 [38]
--- file fourier_analysisse5.html ---
l. 544 Writing fourier_analysis.idv[58] (fourier_analysis57x.png)
l. 549 Writing fourier_analysis.idv[59] (fourier_analysis58x.png)
 [39

]
LaTeX Font Info:    Trying to load font information for OMS+cmtt on input line 
565.

(/usr/share/texmf/tex/latex/R/tex/latex/omscmtt.fd
File: omscmtt.fd 
)
LaTeX Font Info:    Font shape `OMS/cmtt/m/n' in size <10> not available
(Font)              Font shape `OMS/cmsy/m/n' tried instead on input line 565.
 [40] [41]
--- file fourier_analysisse6.html ---
 [42

] [43

]
l. 640 --- needs --- my_figure/home/yj/project_new/test_space/sin_transform/f.p
ng ---

[44

] [45

] [46

]
l. 665 --- needs --- my_figure/home/yj/project_new/test_space/sin_transform/fig
2/p.png ---
l. 665 --- needs --- my_figure/home/yj/project_new/test_space/sin_transform/fig
3/p.png ---
l. 672 Writing fourier_analysis.idv[60] (fourier_analysis59x.png)
l. 672 Writing fourier_analysis.idv[61] (fourier_analysis60x.png)
 [47

] [48

] [49

]
l. 686 --- needs --- my_figure/home/yj/theory/figures/sin_expansion/grids-2.png
 ---
 [50

] (./fourier_analysis.4ct)
--- file fourier_analysissu11.html ---
l. 695 Writing fourier_analysis.idv[62] (fourier_analysis61x.png)
l. 705 Writing fourier_analysis.idv[63] (fourier_analysis62x.png)
 [51

]
l. 715 Writing fourier_analysis.idv[64] (fourier_analysis63x.png)
 [52]
--- file fourier_analysissu12.html ---
 [53

]
[54

]
l. 738 --- needs --- my_figure/home/yj/theory/figures/odd_extension/t-1.png ---

 [55

]
l. 753 Writing fourier_analysis.idv[65] (fourier_analysis64x.png)
l. 759 Writing fourier_analysis.idv[66] (fourier_analysis65x.png)
l. 763 Writing fourier_analysis.idv[67] (fourier_analysis66x.png)
 [56

]
l. 768 Writing fourier_analysis.idv[68] (fourier_analysis67x.png)
l. 774 Writing fourier_analysis.idv[69] (fourier_analysis68x.png)
 [57]
l. 781 Writing fourier_analysis.idv[70] (fourier_analysis69x.png)
l. 788 Writing fourier_analysis.idv[71] (fourier_analysis70x.png)
l. 789 Writing fourier_analysis.idv[72] (fourier_analysis71x.png)
l. 793 Writing fourier_analysis.idv[73] (fourier_analysis72x.png)
 [58]
l. 808 Writing fourier_analysis.idv[74] (fourier_analysis73x.png)
 [59]
l. 818 Writing fourier_analysis.idv[75] (fourier_analysis74x.png)
l. 825 Writing fourier_analysis.idv[76] (fourier_analysis75x.png)
 [60]
--- file fourier_analysissu13.html ---
l. 841 Writing fourier_analysis.idv[77] (fourier_analysis76x.png)
l. 850 Writing fourier_analysis.idv[78] (fourier_analysis77x.png)
 [61

]
l. 857 Writing fourier_analysis.idv[79] (fourier_analysis78x.png)
l. 864 Writing fourier_analysis.idv[80] (fourier_analysis79x.png)
 [62]
l. 870 Writing fourier_analysis.idv[81] (fourier_analysis80x.png)
l. 876 Writing fourier_analysis.idv[82] (fourier_analysis81x.png)
l. 882 Writing fourier_analysis.idv[83] (fourier_analysis82x.png)
l. 882 Writing fourier_analysis.idv[84] (fourier_analysis83x.png)
 [63]
l. 886 Writing fourier_analysis.idv[85] (fourier_analysis84x.png)
l. 903 Writing fourier_analysis.idv[86] (fourier_analysis85x.png)
 [64] [65]
--- file fourier_analysissu14.html ---
 [66

]
--- file fourier_analysisse7.html ---

(./fourier_analysis.4ct)
--- file fourier_analysissu15.html ---
l. 924 Writing fourier_analysis.idv[87] (fourier_analysis86x.png)
 [67

]
--- file fourier_analysissu16.html ---
 [68

] [69]
--- file fourier_analysissu17.html ---
l. 995 Writing fourier_analysis.idv[88] (fourier_analysis87x.png)
l. 999 Writing fourier_analysis.idv[89] (fourier_analysis88x.png)
 [70

]
l. 1007 Writing fourier_analysis.idv[90] (fourier_analysis89x.png)
l. 1012 Writing fourier_analysis.idv[91] (fourier_analysis90x.png)
 [71] [72]
--- file fourier_analysisse8.html ---
l. 1033 Writing fourier_analysis.idv[92] (fourier_analysis91x.png)
l. 1040 Writing fourier_analysis.idv[93] (fourier_analysis92x.png)
 [73

]
l. 1082 Writing fourier_analysis.idv[94] (fourier_analysis93x.png)
l. 1086 Writing fourier_analysis.idv[95] (fourier_analysis94x.png)
 [74]
l. 1091 Writing fourier_analysis.idv[96] (fourier_analysis95x.png)
l. 1095 Writing fourier_analysis.idv[97] (fourier_analysis96x.png)
 [75]
l. 1099 Writing fourier_analysis.idv[98] (fourier_analysis97x.png)
l. 1105 Writing fourier_analysis.idv[99] (fourier_analysis98x.png)
l. 1109 Writing fourier_analysis.idv[100] (fourier_analysis99x.png)
 [76]
[77]
--- file fourier_analysisse9.html ---
 (./fourier_analysis.4ct)
--- file fourier_analysissu18.html ---
l. 1125 Writing fourier_analysis.idv[101] (fourier_analysis100x.png)
 [78

]
l. 1131 Writing fourier_analysis.idv[102] (fourier_analysis101x.png)
l. 1135 Writing fourier_analysis.idv[103] (fourier_analysis102x.png)
l. 1140 Writing fourier_analysis.idv[104] (fourier_analysis103x.png)
 [79]
l. 1145 Writing fourier_analysis.idv[105] (fourier_analysis104x.png)
l. 1157 Writing fourier_analysis.idv[106] (fourier_analysis105x.png)
l. 1163 Writing fourier_analysis.idv[107] (fourier_analysis106x.png)
 [80]
l. 1167 Writing fourier_analysis.idv[108] (fourier_analysis107x.png)
l. 1176 Writing fourier_analysis.idv[109] (fourier_analysis108x.png)
 [81]
l. 1180 Writing fourier_analysis.idv[110] (fourier_analysis109x.png)
l. 1183 Writing fourier_analysis.idv[111] (fourier_analysis110x.png)
 [82]
--- file fourier_analysissu19.html ---
l. 1194 Writing fourier_analysis.idv[112] (fourier_analysis111x.png)
l. 1199 Writing fourier_analysis.idv[113] (fourier_analysis112x.png)
 [83

]
l. 1210 Writing fourier_analysis.idv[114] (fourier_analysis113x.png)
l. 1217 Writing fourier_analysis.idv[115] (fourier_analysis114x.png)
l. 1223 Writing fourier_analysis.idv[116] (fourier_analysis115x.png)
 [84]
l. 1234 Writing fourier_analysis.idv[117] (fourier_analysis116x.png)
l. 1237 Writing fourier_analysis.idv[118] (fourier_analysis117x.png)
l. 1248 Writing fourier_analysis.idv[119] (fourier_analysis118x.png)
 [85]
l. 1254 Writing fourier_analysis.idv[120] (fourier_analysis119x.png)
 [86]
--- file fourier_analysissu20.html ---
l. 1268 Writing fourier_analysis.idv[121] (fourier_analysis120x.png)

[87

]
--- file fourier_analysissu21.html ---
l. 1288 Writing fourier_analysis.idv[122] (fourier_analysis121x.png)
l. 1294 Writing fourier_analysis.idv[123] (fourier_analysis122x.png)
 [88

]
l. 1300 Writing fourier_analysis.idv[124] (fourier_analysis123x.png)
l. 1309 Writing fourier_analysis.idv[125] (fourier_analysis124x.png)
 [89]
l. 1324 Writing fourier_analysis.idv[126] (fourier_analysis125x.png)
l. 1332 Writing fourier_analysis.idv[127] (fourier_analysis126x.png)
 [90]
--- file fourier_analysisse10.html ---
l. 1357 Writing fourier_analysis.idv[128] (fourier_analysis127x.png)
l. 1363 Writing fourier_analysis.idv[129] (fourier_analysis128x.png)
 [91

]
l. 1369 Writing fourier_analysis.idv[130] (fourier_analysis129x.png)
l. 1377 Writing fourier_analysis.idv[131] (fourier_analysis130x.png)
 (./fourier_analysis.4ct)
--- file fourier_analysissu22.html ---
 [92]
l. 1387 Writing fourier_analysis.idv[132] (fourier_analysis131x.png)
l. 1388 Writing fourier_analysis.idv[133] (fourier_analysis132x.png)
l. 1391 Writing fourier_analysis.idv[134] (fourier_analysis133x.png)
l. 1395 Writing fourier_analysis.idv[135] (fourier_analysis134x.png)
 [93]
l. 1408 Writing fourier_analysis.idv[136] (fourier_analysis135x.png)
l. 1420 Writing fourier_analysis.idv[137] (fourier_analysis136x.png)
l. 1425 Writing fourier_analysis.idv[138] (fourier_analysis137x.png)
 [94]
l. 1430 Writing fourier_analysis.idv[139] (fourier_analysis138x.png)
l. 1434 Writing fourier_analysis.idv[140] (fourier_analysis139x.png)
 [95]
--- file fourier_analysissu23.html ---
l. 1456 Writing fourier_analysis.idv[141] (fourier_analysis140x.png)
l. 1464 Writing fourier_analysis.idv[142] (fourier_analysis141x.png)
 [96

]
l. 1469 Writing fourier_analysis.idv[143] (fourier_analysis142x.png)
l. 1477 Writing fourier_analysis.idv[144] (fourier_analysis143x.png)

[97]
l. 1489 Writing fourier_analysis.idv[145] (fourier_analysis144x.png)
l. 1505 Writing fourier_analysis.idv[146] (fourier_analysis145x.png)
 [98]
l. 1520 Writing fourier_analysis.idv[147] (fourier_analysis146x.png)
l. 1524 Writing fourier_analysis.idv[148] (fourier_analysis147x.png)
l. 1529 Writing fourier_analysis.idv[149] (fourier_analysis148x.png)
 [99]
l. 1534 Writing fourier_analysis.idv[150] (fourier_analysis149x.png)
l. 1539 Writing fourier_analysis.idv[151] (fourier_analysis150x.png)
 [100]
l. 1544 Writing fourier_analysis.idv[152] (fourier_analysis151x.png)
l. 1551 Writing fourier_analysis.idv[153] (fourier_analysis152x.png)
l. 1562 Writing fourier_analysis.idv[154] (fourier_analysis153x.png)
 [101]
l. 1573 Writing fourier_analysis.idv[155] (fourier_analysis154x.png)
 [102]
--- file fourier_analysisse11.html ---


LaTeX Warning: Reference `3-25-e3' on page 103 undefined on input line 1613.

[103

] [104

]
l. 1622 --- needs --- my_figure/home/yj/project_new/fft/fig1/tmp.png ---


LaTeX Warning: Reference `3-25-e3' on page 105 undefined on input line 1628.

[105

] [106

] [107

]
l. 1636 --- needs --- my_figure/home/yj/project_new/fft/fig3/tmp.png ---
l. 1636 --- needs --- my_figure/home/yj/project_new/fft/fig3/tmp2.png ---
 [108

] (./fourier_analysis.4ct)
--- file fourier_analysissu24.html ---
l. 1653 Writing fourier_analysis.idv[156] (fourier_analysis155x.png)
l. 1657 Writing fourier_analysis.idv[157] (fourier_analysis156x.png)
 [109

]
l. 1662 Writing fourier_analysis.idv[158] (fourier_analysis157x.png)
l. 1669 Writing fourier_analysis.idv[159] (fourier_analysis158x.png)
 [110]
l. 1687 Writing fourier_analysis.idv[160] (fourier_analysis159x.png)
l. 1694 Writing fourier_analysis.idv[161] (fourier_analysis160x.png)
l. 1703 Writing fourier_analysis.idv[162] (fourier_analysis161x.png)
 [111]
l. 1711 Writing fourier_analysis.idv[163] (fourier_analysis162x.png)
l. 1718 Writing fourier_analysis.idv[164] (fourier_analysis163x.png)
 [112]
l. 1721 Writing fourier_analysis.idv[165] (fourier_analysis164x.png)
l. 1725 Writing fourier_analysis.idv[166] (fourier_analysis165x.png)

[113] [114

]
l. 1743 --- needs --- my_figure/home/yj/project_new/fft/fig2b/MyFigure.png ---


LaTeX Warning: Reference `4-16-1' on page 115 undefined on input line 1745.

[115

] [116

]
--- file fourier_analysisli1.html ---
 [117

] [118

] (./fourier_analysis.aux)

LaTeX Warning: There were undefined references.

 ) 
Here is how much of TeX's memory you used:
 11947 strings out of 481240
 167202 string characters out of 5920403
 561700 words of memory out of 5000000
 26896 multiletter control sequences out of 15000+600000
 541322 words of font info for 59 fonts, out of 8000000 for 9000
 1141 hyphenation exceptions out of 8191
 42i,11n,40p,1603b,518s stack positions out of 5000i,500n,10000p,200000b,80000s

Output written on fourier_analysis.dvi (118 pages, 361004 bytes).
